[3.313s] Invoking command in '/home/orangepi/AUV_ROS2/src/master_node_simulation': PYTHONPATH=/home/orangepi/AUV_ROS2/build/master_node_simulation/prefix_override:/home/orangepi/AUV_ROS2/install/master_node_simulation/lib/python3.10/site-packages:${PYTHONPATH} /usr/bin/python3 -W ignore:setup.py install is deprecated setup.py egg_info --egg-base ../../build/master_node_simulation build --build-base /home/orangepi/AUV_ROS2/build/master_node_simulation/build install --record /home/orangepi/AUV_ROS2/build/master_node_simulation/install.log --single-version-externally-managed install_data
[4.017s] running egg_info
[4.019s] writing ../../build/master_node_simulation/master_node_simulation.egg-info/PKG-INFO
[4.019s] writing dependency_links to ../../build/master_node_simulation/master_node_simulation.egg-info/dependency_links.txt
[4.020s] writing entry points to ../../build/master_node_simulation/master_node_simulation.egg-info/entry_points.txt
[4.020s] writing requirements to ../../build/master_node_simulation/master_node_simulation.egg-info/requires.txt
[4.020s] writing top-level names to ../../build/master_node_simulation/master_node_simulation.egg-info/top_level.txt
[4.024s] reading manifest file '../../build/master_node_simulation/master_node_simulation.egg-info/SOURCES.txt'
[4.025s] writing manifest file '../../build/master_node_simulation/master_node_simulation.egg-info/SOURCES.txt'
[4.025s] running build
[4.026s] running build_py
[4.026s] running install
[4.027s] running install_lib
[4.029s] running install_data
[4.030s] running install_egg_info
[4.033s] removing '/home/orangepi/AUV_ROS2/install/master_node_simulation/lib/python3.10/site-packages/master_node_simulation-0.0.0-py3.10.egg-info' (and everything under it)
[4.043s] Copying ../../build/master_node_simulation/master_node_simulation.egg-info to /home/orangepi/AUV_ROS2/install/master_node_simulation/lib/python3.10/site-packages/master_node_simulation-0.0.0-py3.10.egg-info
[4.048s] running install_scripts
[4.127s] Installing master_node script to /home/orangepi/AUV_ROS2/install/master_node_simulation/lib/master_node_simulation
[4.128s] writing list of installed files to '/home/orangepi/AUV_ROS2/build/master_node_simulation/install.log'
[4.263s] Invoked command in '/home/orangepi/AUV_ROS2/src/master_node_simulation' returned '0': PYTHONPATH=/home/orangepi/AUV_ROS2/build/master_node_simulation/prefix_override:/home/orangepi/AUV_ROS2/install/master_node_simulation/lib/python3.10/site-packages:${PYTHONPATH} /usr/bin/python3 -W ignore:setup.py install is deprecated setup.py egg_info --egg-base ../../build/master_node_simulation build --build-base /home/orangepi/AUV_ROS2/build/master_node_simulation/build install --record /home/orangepi/AUV_ROS2/build/master_node_simulation/install.log --single-version-externally-managed install_data
