[10.139s] Invoking command in '/home/orangepi/AUV_ROS2/src/facer_input': PYTHONPATH=/home/orangepi/AUV_ROS2/build/facer_input/prefix_override:/home/orangepi/AUV_ROS2/install/facer_input/lib/python3.10/site-packages:${PYTHONPATH} /usr/bin/python3 setup.py egg_info --egg-base ../../build/facer_input build --build-base /home/orangepi/AUV_ROS2/build/facer_input/build install --record /home/orangepi/AUV_ROS2/build/facer_input/install.log --single-version-externally-managed
[11.094s] running egg_info
[11.094s] writing ../../build/facer_input/facer_input.egg-info/PKG-INFO
[11.096s] writing dependency_links to ../../build/facer_input/facer_input.egg-info/dependency_links.txt
[11.097s] writing entry points to ../../build/facer_input/facer_input.egg-info/entry_points.txt
[11.098s] writing requirements to ../../build/facer_input/facer_input.egg-info/requires.txt
[11.099s] writing top-level names to ../../build/facer_input/facer_input.egg-info/top_level.txt
[11.118s] reading manifest file '../../build/facer_input/facer_input.egg-info/SOURCES.txt'
[11.118s] writing manifest file '../../build/facer_input/facer_input.egg-info/SOURCES.txt'
[11.139s] /usr/lib/python3/dist-packages/setuptools/command/install.py:34: SetuptoolsDeprecationWarning: setup.py install is deprecated. Use build and pip and other standards-based tools.
[11.140s]   warnings.warn(
[11.141s] running build
[11.141s] running build_py
[11.141s] running install
[11.141s] running install_lib
[11.141s] running install_data
[11.141s] running install_egg_info
[11.141s] removing '/home/orangepi/AUV_ROS2/install/facer_input/lib/python3.10/site-packages/facer_input-0.0.0-py3.10.egg-info' (and everything under it)
[11.161s] Copying ../../build/facer_input/facer_input.egg-info to /home/orangepi/AUV_ROS2/install/facer_input/lib/python3.10/site-packages/facer_input-0.0.0-py3.10.egg-info
[11.200s] running install_scripts
[11.339s] Installing capture_image script to /home/orangepi/AUV_ROS2/install/facer_input/lib/facer_input
[11.339s] writing list of installed files to '/home/orangepi/AUV_ROS2/build/facer_input/install.log'
[11.506s] Invoked command in '/home/orangepi/AUV_ROS2/src/facer_input' returned '0': PYTHONPATH=/home/orangepi/AUV_ROS2/build/facer_input/prefix_override:/home/orangepi/AUV_ROS2/install/facer_input/lib/python3.10/site-packages:${PYTHONPATH} /usr/bin/python3 setup.py egg_info --egg-base ../../build/facer_input build --build-base /home/orangepi/AUV_ROS2/build/facer_input/build install --record /home/orangepi/AUV_ROS2/build/facer_input/install.log --single-version-externally-managed
