[3.563s] Invoking command in '/home/orangepi/AUV_ROS2/src/task2_node': PYTHONPATH=/home/orangepi/AUV_ROS2/build/task2_node/prefix_override:/home/orangepi/AUV_ROS2/install/task2_node/lib/python3.10/site-packages:${PYTHONPATH} /usr/bin/python3 -W ignore:setup.py install is deprecated setup.py egg_info --egg-base ../../build/task2_node build --build-base /home/orangepi/AUV_ROS2/build/task2_node/build install --record /home/orangepi/AUV_ROS2/build/task2_node/install.log --single-version-externally-managed install_data
[4.365s] running egg_info
[4.366s] writing ../../build/task2_node/task2_node.egg-info/PKG-INFO
[4.367s] writing dependency_links to ../../build/task2_node/task2_node.egg-info/dependency_links.txt
[4.367s] writing entry points to ../../build/task2_node/task2_node.egg-info/entry_points.txt
[4.368s] writing requirements to ../../build/task2_node/task2_node.egg-info/requires.txt
[4.368s] writing top-level names to ../../build/task2_node/task2_node.egg-info/top_level.txt
[4.370s] reading manifest file '../../build/task2_node/task2_node.egg-info/SOURCES.txt'
[4.371s] adding license file 'LICENSE'
[4.371s] writing manifest file '../../build/task2_node/task2_node.egg-info/SOURCES.txt'
[4.372s] running build
[4.372s] running build_py
[4.373s] running install
[4.373s] running install_lib
[4.374s] running install_data
[4.375s] running install_egg_info
[4.378s] removing '/home/orangepi/AUV_ROS2/install/task2_node/lib/python3.10/site-packages/task2_node-0.0.0-py3.10.egg-info' (and everything under it)
[4.379s] Copying ../../build/task2_node/task2_node.egg-info to /home/orangepi/AUV_ROS2/install/task2_node/lib/python3.10/site-packages/task2_node-0.0.0-py3.10.egg-info
[4.379s] running install_scripts
[4.437s] Installing task2_node script to /home/orangepi/AUV_ROS2/install/task2_node/lib/task2_node
[4.439s] writing list of installed files to '/home/orangepi/AUV_ROS2/build/task2_node/install.log'
[4.495s] Invoked command in '/home/orangepi/AUV_ROS2/src/task2_node' returned '0': PYTHONPATH=/home/orangepi/AUV_ROS2/build/task2_node/prefix_override:/home/orangepi/AUV_ROS2/install/task2_node/lib/python3.10/site-packages:${PYTHONPATH} /usr/bin/python3 -W ignore:setup.py install is deprecated setup.py egg_info --egg-base ../../build/task2_node build --build-base /home/orangepi/AUV_ROS2/build/task2_node/build install --record /home/orangepi/AUV_ROS2/build/task2_node/install.log --single-version-externally-managed install_data
