[3.474s] Invoking command in '/home/orangepi/AUV_ROS2/src/start_auv': PYTHONPATH=/home/orangepi/AUV_ROS2/build/start_auv/prefix_override:/home/orangepi/AUV_ROS2/install/start_auv/lib/python3.10/site-packages:${PYTHONPATH} /usr/bin/python3 -W ignore:setup.py install is deprecated setup.py egg_info --egg-base ../../build/start_auv build --build-base /home/orangepi/AUV_ROS2/build/start_auv/build install --record /home/orangepi/AUV_ROS2/build/start_auv/install.log --single-version-externally-managed install_data
[3.907s] running egg_info
[3.908s] writing ../../build/start_auv/start_auv.egg-info/PKG-INFO
[3.910s] writing dependency_links to ../../build/start_auv/start_auv.egg-info/dependency_links.txt
[3.911s] writing entry points to ../../build/start_auv/start_auv.egg-info/entry_points.txt
[3.911s] writing requirements to ../../build/start_auv/start_auv.egg-info/requires.txt
[3.912s] writing top-level names to ../../build/start_auv/start_auv.egg-info/top_level.txt
[3.912s] reading manifest file '../../build/start_auv/start_auv.egg-info/SOURCES.txt'
[3.913s] writing manifest file '../../build/start_auv/start_auv.egg-info/SOURCES.txt'
[3.913s] running build
[3.913s] running build_py
[3.914s] running install
[3.914s] running install_lib
[3.915s] running install_data
[3.915s] running install_egg_info
[3.916s] removing '/home/orangepi/AUV_ROS2/install/start_auv/lib/python3.10/site-packages/start_auv-0.0.0-py3.10.egg-info' (and everything under it)
[3.916s] Copying ../../build/start_auv/start_auv.egg-info to /home/orangepi/AUV_ROS2/install/start_auv/lib/python3.10/site-packages/start_auv-0.0.0-py3.10.egg-info
[3.916s] running install_scripts
[3.948s] writing list of installed files to '/home/orangepi/AUV_ROS2/build/start_auv/install.log'
[4.564s] Invoked command in '/home/orangepi/AUV_ROS2/src/start_auv' returned '0': PYTHONPATH=/home/orangepi/AUV_ROS2/build/start_auv/prefix_override:/home/orangepi/AUV_ROS2/install/start_auv/lib/python3.10/site-packages:${PYTHONPATH} /usr/bin/python3 -W ignore:setup.py install is deprecated setup.py egg_info --egg-base ../../build/start_auv build --build-base /home/orangepi/AUV_ROS2/build/start_auv/build install --record /home/orangepi/AUV_ROS2/build/start_auv/install.log --single-version-externally-managed install_data
