[7.512s] Invoking command in '/home/orangepi/AUV_ROS2/src/task2_node': PYTHONPATH=/home/orangepi/AUV_ROS2/build/task2_node/prefix_override:/home/orangepi/AUV_ROS2/install/task2_node/lib/python3.10/site-packages:${PYTHONPATH} /usr/bin/python3 setup.py egg_info --egg-base ../../build/task2_node build --build-base /home/orangepi/AUV_ROS2/build/task2_node/build install --record /home/orangepi/AUV_ROS2/build/task2_node/install.log --single-version-externally-managed
[8.211s] running egg_info
[8.212s] writing ../../build/task2_node/task2_node.egg-info/PKG-INFO
[8.220s] writing dependency_links to ../../build/task2_node/task2_node.egg-info/dependency_links.txt
[8.225s] writing entry points to ../../build/task2_node/task2_node.egg-info/entry_points.txt
[8.244s] writing requirements to ../../build/task2_node/task2_node.egg-info/requires.txt
[8.248s] writing top-level names to ../../build/task2_node/task2_node.egg-info/top_level.txt
[8.248s] reading manifest file '../../build/task2_node/task2_node.egg-info/SOURCES.txt'
[8.249s] adding license file 'LICENSE'
[8.251s] writing manifest file '../../build/task2_node/task2_node.egg-info/SOURCES.txt'
[8.251s] running build
[8.252s] running build_py
[8.252s] running install
[8.253s] /usr/lib/python3/dist-packages/setuptools/command/install.py:34: SetuptoolsDeprecationWarning: setup.py install is deprecated. Use build and pip and other standards-based tools.
[8.253s]   warnings.warn(
[8.304s] running install_lib
[8.304s] running install_data
[8.304s] running install_egg_info
[8.304s] removing '/home/orangepi/AUV_ROS2/install/task2_node/lib/python3.10/site-packages/task2_node-0.0.0-py3.10.egg-info' (and everything under it)
[8.304s] Copying ../../build/task2_node/task2_node.egg-info to /home/orangepi/AUV_ROS2/install/task2_node/lib/python3.10/site-packages/task2_node-0.0.0-py3.10.egg-info
[8.304s] running install_scripts
[8.305s] Installing task2_node script to /home/orangepi/AUV_ROS2/install/task2_node/lib/task2_node
[8.305s] writing list of installed files to '/home/orangepi/AUV_ROS2/build/task2_node/install.log'
[8.428s] Invoked command in '/home/orangepi/AUV_ROS2/src/task2_node' returned '0': PYTHONPATH=/home/orangepi/AUV_ROS2/build/task2_node/prefix_override:/home/orangepi/AUV_ROS2/install/task2_node/lib/python3.10/site-packages:${PYTHONPATH} /usr/bin/python3 setup.py egg_info --egg-base ../../build/task2_node build --build-base /home/orangepi/AUV_ROS2/build/task2_node/build install --record /home/orangepi/AUV_ROS2/build/task2_node/install.log --single-version-externally-managed
