[3.508s] Invoking command in '/home/orangepi/AUV_ROS2/src/facer_input': PYTHONPATH=/home/orangepi/AUV_ROS2/build/facer_input/prefix_override:/home/orangepi/AUV_ROS2/install/facer_input/lib/python3.10/site-packages:${PYTHONPATH} /usr/bin/python3 -W ignore:setup.py install is deprecated setup.py egg_info --egg-base ../../build/facer_input build --build-base /home/orangepi/AUV_ROS2/build/facer_input/build install --record /home/orangepi/AUV_ROS2/build/facer_input/install.log --single-version-externally-managed install_data
[3.905s] running egg_info
[3.921s] writing ../../build/facer_input/facer_input.egg-info/PKG-INFO
[3.923s] writing dependency_links to ../../build/facer_input/facer_input.egg-info/dependency_links.txt
[3.924s] writing entry points to ../../build/facer_input/facer_input.egg-info/entry_points.txt
[3.925s] writing requirements to ../../build/facer_input/facer_input.egg-info/requires.txt
[3.927s] writing top-level names to ../../build/facer_input/facer_input.egg-info/top_level.txt
[3.928s] reading manifest file '../../build/facer_input/facer_input.egg-info/SOURCES.txt'
[3.928s] writing manifest file '../../build/facer_input/facer_input.egg-info/SOURCES.txt'
[3.929s] running build
[3.930s] running build_py
[3.930s] running install
[3.931s] running install_lib
[3.931s] running install_data
[3.932s] running install_egg_info
[3.947s] removing '/home/orangepi/AUV_ROS2/install/facer_input/lib/python3.10/site-packages/facer_input-0.0.0-py3.10.egg-info' (and everything under it)
[3.948s] Copying ../../build/facer_input/facer_input.egg-info to /home/orangepi/AUV_ROS2/install/facer_input/lib/python3.10/site-packages/facer_input-0.0.0-py3.10.egg-info
[3.949s] running install_scripts
[3.990s] Installing capture_image script to /home/orangepi/AUV_ROS2/install/facer_input/lib/facer_input
[3.991s] writing list of installed files to '/home/orangepi/AUV_ROS2/build/facer_input/install.log'
[4.068s] Invoked command in '/home/orangepi/AUV_ROS2/src/facer_input' returned '0': PYTHONPATH=/home/orangepi/AUV_ROS2/build/facer_input/prefix_override:/home/orangepi/AUV_ROS2/install/facer_input/lib/python3.10/site-packages:${PYTHONPATH} /usr/bin/python3 -W ignore:setup.py install is deprecated setup.py egg_info --egg-base ../../build/facer_input build --build-base /home/orangepi/AUV_ROS2/build/facer_input/build install --record /home/orangepi/AUV_ROS2/build/facer_input/install.log --single-version-externally-managed install_data
