[3.997s] Invoking command in '/home/orangepi/AUV_ROS2/src/facer_input': PYTHONPATH=/home/orangepi/AUV_ROS2/build/facer_input/prefix_override:/home/orangepi/AUV_ROS2/install/facer_input/lib/python3.10/site-packages:${PYTHONPATH} /usr/bin/python3 -W ignore:setup.py install is deprecated setup.py egg_info --egg-base ../../build/facer_input build --build-base /home/orangepi/AUV_ROS2/build/facer_input/build install --record /home/orangepi/AUV_ROS2/build/facer_input/install.log --single-version-externally-managed install_data
[4.426s] running egg_info
[4.428s] writing ../../build/facer_input/facer_input.egg-info/PKG-INFO
[4.429s] writing dependency_links to ../../build/facer_input/facer_input.egg-info/dependency_links.txt
[4.429s] writing entry points to ../../build/facer_input/facer_input.egg-info/entry_points.txt
[4.430s] writing requirements to ../../build/facer_input/facer_input.egg-info/requires.txt
[4.430s] writing top-level names to ../../build/facer_input/facer_input.egg-info/top_level.txt
[4.432s] reading manifest file '../../build/facer_input/facer_input.egg-info/SOURCES.txt'
[4.434s] writing manifest file '../../build/facer_input/facer_input.egg-info/SOURCES.txt'
[4.434s] running build
[4.435s] running build_py
[4.435s] running install
[4.436s] running install_lib
[4.437s] running install_data
[4.437s] running install_egg_info
[4.441s] removing '/home/orangepi/AUV_ROS2/install/facer_input/lib/python3.10/site-packages/facer_input-0.0.0-py3.10.egg-info' (and everything under it)
[4.442s] Copying ../../build/facer_input/facer_input.egg-info to /home/orangepi/AUV_ROS2/install/facer_input/lib/python3.10/site-packages/facer_input-0.0.0-py3.10.egg-info
[4.442s] running install_scripts
[4.483s] Installing capture_image script to /home/orangepi/AUV_ROS2/install/facer_input/lib/facer_input
[4.484s] writing list of installed files to '/home/orangepi/AUV_ROS2/build/facer_input/install.log'
[4.580s] Invoked command in '/home/orangepi/AUV_ROS2/src/facer_input' returned '0': PYTHONPATH=/home/orangepi/AUV_ROS2/build/facer_input/prefix_override:/home/orangepi/AUV_ROS2/install/facer_input/lib/python3.10/site-packages:${PYTHONPATH} /usr/bin/python3 -W ignore:setup.py install is deprecated setup.py egg_info --egg-base ../../build/facer_input build --build-base /home/orangepi/AUV_ROS2/build/facer_input/build install --record /home/orangepi/AUV_ROS2/build/facer_input/install.log --single-version-externally-managed install_data
