[5.673s] Invoking command in '/home/orangepi/AUV_ROS2/src/facer_input': PYTHONPATH=/home/orangepi/AUV_ROS2/build/facer_input/prefix_override:/home/orangepi/AUV_ROS2/install/facer_input/lib/python3.10/site-packages:${PYTHONPATH} /usr/bin/python3 setup.py egg_info --egg-base ../../build/facer_input build --build-base /home/orangepi/AUV_ROS2/build/facer_input/build install --record /home/orangepi/AUV_ROS2/build/facer_input/install.log --single-version-externally-managed
[6.055s] running egg_info
[6.061s] writing ../../build/facer_input/facer_input.egg-info/PKG-INFO
[6.061s] writing dependency_links to ../../build/facer_input/facer_input.egg-info/dependency_links.txt
[6.061s] writing entry points to ../../build/facer_input/facer_input.egg-info/entry_points.txt
[6.061s] writing requirements to ../../build/facer_input/facer_input.egg-info/requires.txt
[6.061s] writing top-level names to ../../build/facer_input/facer_input.egg-info/top_level.txt
[6.063s] reading manifest file '../../build/facer_input/facer_input.egg-info/SOURCES.txt'
[6.063s] writing manifest file '../../build/facer_input/facer_input.egg-info/SOURCES.txt'
[6.063s] running build
[6.063s] running build_py
[6.064s] running install
[6.064s] /usr/lib/python3/dist-packages/setuptools/command/install.py:34: SetuptoolsDeprecationWarning: setup.py install is deprecated. Use build and pip and other standards-based tools.
[6.065s]   warnings.warn(
[6.065s] running install_lib
[6.067s] running install_data
[6.068s] running install_egg_info
[6.072s] removing '/home/orangepi/AUV_ROS2/install/facer_input/lib/python3.10/site-packages/facer_input-0.0.0-py3.10.egg-info' (and everything under it)
[6.073s] Copying ../../build/facer_input/facer_input.egg-info to /home/orangepi/AUV_ROS2/install/facer_input/lib/python3.10/site-packages/facer_input-0.0.0-py3.10.egg-info
[6.074s] running install_scripts
[6.114s] Installing capture_image script to /home/orangepi/AUV_ROS2/install/facer_input/lib/facer_input
[6.114s] writing list of installed files to '/home/orangepi/AUV_ROS2/build/facer_input/install.log'
[6.195s] Invoked command in '/home/orangepi/AUV_ROS2/src/facer_input' returned '0': PYTHONPATH=/home/orangepi/AUV_ROS2/build/facer_input/prefix_override:/home/orangepi/AUV_ROS2/install/facer_input/lib/python3.10/site-packages:${PYTHONPATH} /usr/bin/python3 setup.py egg_info --egg-base ../../build/facer_input build --build-base /home/orangepi/AUV_ROS2/build/facer_input/build install --record /home/orangepi/AUV_ROS2/build/facer_input/install.log --single-version-externally-managed
