[7.517s] Invoking command in '/home/orangepi/AUV_ROS2/src/control_node': PYTHONPATH=/home/orangepi/AUV_ROS2/build/control_node/prefix_override:/home/orangepi/AUV_ROS2/install/control_node/lib/python3.10/site-packages:${PYTHONPATH} /usr/bin/python3 setup.py egg_info --egg-base ../../build/control_node build --build-base /home/orangepi/AUV_ROS2/build/control_node/build install --record /home/orangepi/AUV_ROS2/build/control_node/install.log --single-version-externally-managed
[8.296s] running egg_info
[8.297s] writing ../../build/control_node/control_node.egg-info/PKG-INFO
[8.298s] writing dependency_links to ../../build/control_node/control_node.egg-info/dependency_links.txt
[8.299s] writing entry points to ../../build/control_node/control_node.egg-info/entry_points.txt
[8.299s] writing requirements to ../../build/control_node/control_node.egg-info/requires.txt
[8.299s] writing top-level names to ../../build/control_node/control_node.egg-info/top_level.txt
[8.301s] package init file 'control_node/submodules/__init__.py' not found (or not a regular file)
[8.302s] reading manifest file '../../build/control_node/control_node.egg-info/SOURCES.txt'
[8.302s] adding license file 'LICENSE'
[8.304s] writing manifest file '../../build/control_node/control_node.egg-info/SOURCES.txt'
[8.304s] running build
[8.304s] running build_py
[8.304s] copying control_node/control_node.py -> /home/orangepi/AUV_ROS2/build/control_node/build/lib/control_node
[8.306s] running install
[8.306s] /usr/lib/python3/dist-packages/setuptools/command/install.py:34: SetuptoolsDeprecationWarning: setup.py install is deprecated. Use build and pip and other standards-based tools.
[8.306s]   warnings.warn(
[8.306s] running install_lib
[8.307s] copying /home/orangepi/AUV_ROS2/build/control_node/build/lib/control_node/control_node.py -> /home/orangepi/AUV_ROS2/install/control_node/lib/python3.10/site-packages/control_node
[8.310s] byte-compiling /home/orangepi/AUV_ROS2/install/control_node/lib/python3.10/site-packages/control_node/control_node.py to control_node.cpython-310.pyc
[8.310s] running install_data
[8.310s] running install_egg_info
[8.314s] removing '/home/orangepi/AUV_ROS2/install/control_node/lib/python3.10/site-packages/control_node-0.0.0-py3.10.egg-info' (and everything under it)
[8.315s] Copying ../../build/control_node/control_node.egg-info to /home/orangepi/AUV_ROS2/install/control_node/lib/python3.10/site-packages/control_node-0.0.0-py3.10.egg-info
[8.316s] running install_scripts
[8.352s] Installing control_node script to /home/orangepi/AUV_ROS2/install/control_node/lib/control_node
[8.353s] writing list of installed files to '/home/orangepi/AUV_ROS2/build/control_node/install.log'
[10.139s] Invoked command in '/home/orangepi/AUV_ROS2/src/control_node' returned '0': PYTHONPATH=/home/orangepi/AUV_ROS2/build/control_node/prefix_override:/home/orangepi/AUV_ROS2/install/control_node/lib/python3.10/site-packages:${PYTHONPATH} /usr/bin/python3 setup.py egg_info --egg-base ../../build/control_node build --build-base /home/orangepi/AUV_ROS2/build/control_node/build install --record /home/orangepi/AUV_ROS2/build/control_node/install.log --single-version-externally-managed
