[6.273s] Invoking command in '/home/orangepi/AUV_ROS2/src/control_node': PYTHONPATH=/home/orangepi/AUV_ROS2/build/control_node/prefix_override:/home/orangepi/AUV_ROS2/install/control_node/lib/python3.10/site-packages:${PYTHONPATH} /usr/bin/python3 setup.py egg_info --egg-base ../../build/control_node build --build-base /home/orangepi/AUV_ROS2/build/control_node/build install --record /home/orangepi/AUV_ROS2/build/control_node/install.log --single-version-externally-managed
[7.050s] running egg_info
[7.051s] writing ../../build/control_node/control_node.egg-info/PKG-INFO
[7.051s] writing dependency_links to ../../build/control_node/control_node.egg-info/dependency_links.txt
[7.058s] writing entry points to ../../build/control_node/control_node.egg-info/entry_points.txt
[7.058s] writing requirements to ../../build/control_node/control_node.egg-info/requires.txt
[7.059s] writing top-level names to ../../build/control_node/control_node.egg-info/top_level.txt
[7.060s] reading manifest file '../../build/control_node/control_node.egg-info/SOURCES.txt'
[7.060s] adding license file 'LICENSE'
[7.061s] writing manifest file '../../build/control_node/control_node.egg-info/SOURCES.txt'
[7.061s] running build
[7.062s] running build_py
[7.063s] package init file 'control_node/submodules/__init__.py' not found (or not a regular file)
[7.063s] /usr/lib/python3/dist-packages/setuptools/command/install.py:34: SetuptoolsDeprecationWarning: setup.py install is deprecated. Use build and pip and other standards-based tools.
[7.064s]   warnings.warn(
[7.064s] copying control_node/control_node.py -> /home/orangepi/AUV_ROS2/build/control_node/build/lib/control_node
[7.065s] copying control_node/submodules/auv_control_function.py -> /home/orangepi/AUV_ROS2/build/control_node/build/lib/control_node/submodules
[7.065s] running install
[7.065s] running install_lib
[7.065s] copying /home/orangepi/AUV_ROS2/build/control_node/build/lib/control_node/control_node.py -> /home/orangepi/AUV_ROS2/install/control_node/lib/python3.10/site-packages/control_node
[7.065s] copying /home/orangepi/AUV_ROS2/build/control_node/build/lib/control_node/submodules/auv_control_function.py -> /home/orangepi/AUV_ROS2/install/control_node/lib/python3.10/site-packages/control_node/submodules
[7.065s] byte-compiling /home/orangepi/AUV_ROS2/install/control_node/lib/python3.10/site-packages/control_node/control_node.py to control_node.cpython-310.pyc
[7.065s] byte-compiling /home/orangepi/AUV_ROS2/install/control_node/lib/python3.10/site-packages/control_node/submodules/auv_control_function.py to auv_control_function.cpython-310.pyc
[7.068s] running install_data
[7.069s] running install_egg_info
[7.072s] removing '/home/orangepi/AUV_ROS2/install/control_node/lib/python3.10/site-packages/control_node-0.0.0-py3.10.egg-info' (and everything under it)
[7.073s] Copying ../../build/control_node/control_node.egg-info to /home/orangepi/AUV_ROS2/install/control_node/lib/python3.10/site-packages/control_node-0.0.0-py3.10.egg-info
[7.075s] running install_scripts
[7.124s] Installing control_node script to /home/orangepi/AUV_ROS2/install/control_node/lib/control_node
[7.125s] writing list of installed files to '/home/orangepi/AUV_ROS2/build/control_node/install.log'
[8.973s] Invoked command in '/home/orangepi/AUV_ROS2/src/control_node' returned '0': PYTHONPATH=/home/orangepi/AUV_ROS2/build/control_node/prefix_override:/home/orangepi/AUV_ROS2/install/control_node/lib/python3.10/site-packages:${PYTHONPATH} /usr/bin/python3 setup.py egg_info --egg-base ../../build/control_node build --build-base /home/orangepi/AUV_ROS2/build/control_node/build install --record /home/orangepi/AUV_ROS2/build/control_node/install.log --single-version-externally-managed
