running egg_info
writing ../../build/master_node_simulation/master_node_simulation.egg-info/PKG-INFO
writing dependency_links to ../../build/master_node_simulation/master_node_simulation.egg-info/dependency_links.txt
writing entry points to ../../build/master_node_simulation/master_node_simulation.egg-info/entry_points.txt
writing requirements to ../../build/master_node_simulation/master_node_simulation.egg-info/requires.txt
writing top-level names to ../../build/master_node_simulation/master_node_simulation.egg-info/top_level.txt
reading manifest file '../../build/master_node_simulation/master_node_simulation.egg-info/SOURCES.txt'
writing manifest file '../../build/master_node_simulation/master_node_simulation.egg-info/SOURCES.txt'
running build
running build_py
running install
running install_lib
running install_data
running install_egg_info
/usr/lib/python3/dist-packages/setuptools/command/install.py:34: SetuptoolsDeprecationWarning: setup.py install is deprecated. Use build and pip and other standards-based tools.
  warnings.warn(
removing '/home/orangepi/AUV_ROS2/install/master_node_simulation/lib/python3.10/site-packages/master_node_simulation-0.0.0-py3.10.egg-info' (and everything under it)
Copying ../../build/master_node_simulation/master_node_simulation.egg-info to /home/orangepi/AUV_ROS2/install/master_node_simulation/lib/python3.10/site-packages/master_node_simulation-0.0.0-py3.10.egg-info
running install_scripts
Installing master_node script to /home/orangepi/AUV_ROS2/install/master_node_simulation/lib/master_node_simulation
writing list of installed files to '/home/orangepi/AUV_ROS2/build/master_node_simulation/install.log'
