[4.265s] Invoking command in '/home/orangepi/AUV_ROS2/src/q_gate_detection': PYTHONPATH=/home/orangepi/AUV_ROS2/build/q_gate_detection/prefix_override:/home/orangepi/AUV_ROS2/install/q_gate_detection/lib/python3.10/site-packages:${PYTHONPATH} /usr/bin/python3 -W ignore:setup.py install is deprecated setup.py egg_info --egg-base ../../build/q_gate_detection build --build-base /home/orangepi/AUV_ROS2/build/q_gate_detection/build install --record /home/orangepi/AUV_ROS2/build/q_gate_detection/install.log --single-version-externally-managed install_data
[4.993s] running egg_info
[4.997s] writing ../../build/q_gate_detection/q_gate_detection.egg-info/PKG-INFO
[5.000s] writing dependency_links to ../../build/q_gate_detection/q_gate_detection.egg-info/dependency_links.txt
[5.003s] writing entry points to ../../build/q_gate_detection/q_gate_detection.egg-info/entry_points.txt
[5.005s] writing requirements to ../../build/q_gate_detection/q_gate_detection.egg-info/requires.txt
[5.020s] writing top-level names to ../../build/q_gate_detection/q_gate_detection.egg-info/top_level.txt
[5.020s] reading manifest file '../../build/q_gate_detection/q_gate_detection.egg-info/SOURCES.txt'
[5.021s] writing manifest file '../../build/q_gate_detection/q_gate_detection.egg-info/SOURCES.txt'
[5.021s] running build
[5.022s] running build_py
[5.022s] running install
[5.023s] running install_lib
[5.023s] running install_data
[5.024s] running install_egg_info
[5.024s] removing '/home/orangepi/AUV_ROS2/install/q_gate_detection/lib/python3.10/site-packages/q_gate_detection-0.0.0-py3.10.egg-info' (and everything under it)
[5.024s] Copying ../../build/q_gate_detection/q_gate_detection.egg-info to /home/orangepi/AUV_ROS2/install/q_gate_detection/lib/python3.10/site-packages/q_gate_detection-0.0.0-py3.10.egg-info
[5.025s] running install_scripts
[5.049s] Installing q_gate_detect script to /home/orangepi/AUV_ROS2/install/q_gate_detection/lib/q_gate_detection
[5.049s] writing list of installed files to '/home/orangepi/AUV_ROS2/build/q_gate_detection/install.log'
[5.120s] Invoked command in '/home/orangepi/AUV_ROS2/src/q_gate_detection' returned '0': PYTHONPATH=/home/orangepi/AUV_ROS2/build/q_gate_detection/prefix_override:/home/orangepi/AUV_ROS2/install/q_gate_detection/lib/python3.10/site-packages:${PYTHONPATH} /usr/bin/python3 -W ignore:setup.py install is deprecated setup.py egg_info --egg-base ../../build/q_gate_detection build --build-base /home/orangepi/AUV_ROS2/build/q_gate_detection/build install --record /home/orangepi/AUV_ROS2/build/q_gate_detection/install.log --single-version-externally-managed install_data
