[7.114s] Invoking command in '/home/orangepi/AUV_ROS2/src/facer_input': PYTHONPATH=/home/orangepi/AUV_ROS2/build/facer_input/prefix_override:/home/orangepi/AUV_ROS2/install/facer_input/lib/python3.10/site-packages:${PYTHONPATH} /usr/bin/python3 setup.py egg_info --egg-base ../../build/facer_input build --build-base /home/orangepi/AUV_ROS2/build/facer_input/build install --record /home/orangepi/AUV_ROS2/build/facer_input/install.log --single-version-externally-managed
[8.163s] running egg_info
[8.166s] writing ../../build/facer_input/facer_input.egg-info/PKG-INFO
[8.168s] writing dependency_links to ../../build/facer_input/facer_input.egg-info/dependency_links.txt
[8.169s] writing entry points to ../../build/facer_input/facer_input.egg-info/entry_points.txt
[8.173s] writing requirements to ../../build/facer_input/facer_input.egg-info/requires.txt
[8.173s] writing top-level names to ../../build/facer_input/facer_input.egg-info/top_level.txt
[8.173s] reading manifest file '../../build/facer_input/facer_input.egg-info/SOURCES.txt'
[8.173s] writing manifest file '../../build/facer_input/facer_input.egg-info/SOURCES.txt'
[8.174s] running build
[8.174s] running build_py
[8.174s] running install
[8.174s] /usr/lib/python3/dist-packages/setuptools/command/install.py:34: SetuptoolsDeprecationWarning: setup.py install is deprecated. Use build and pip and other standards-based tools.
[8.174s]   warnings.warn(
[8.174s] running install_lib
[8.176s] running install_data
[8.178s] running install_egg_info
[8.182s] removing '/home/orangepi/AUV_ROS2/install/facer_input/lib/python3.10/site-packages/facer_input-0.0.0-py3.10.egg-info' (and everything under it)
[8.182s] Copying ../../build/facer_input/facer_input.egg-info to /home/orangepi/AUV_ROS2/install/facer_input/lib/python3.10/site-packages/facer_input-0.0.0-py3.10.egg-info
[8.187s] running install_scripts
[8.264s] Installing capture_image script to /home/orangepi/AUV_ROS2/install/facer_input/lib/facer_input
[8.265s] writing list of installed files to '/home/orangepi/AUV_ROS2/build/facer_input/install.log'
[8.613s] Invoked command in '/home/orangepi/AUV_ROS2/src/facer_input' returned '0': PYTHONPATH=/home/orangepi/AUV_ROS2/build/facer_input/prefix_override:/home/orangepi/AUV_ROS2/install/facer_input/lib/python3.10/site-packages:${PYTHONPATH} /usr/bin/python3 setup.py egg_info --egg-base ../../build/facer_input build --build-base /home/orangepi/AUV_ROS2/build/facer_input/build install --record /home/orangepi/AUV_ROS2/build/facer_input/install.log --single-version-externally-managed
