[3.468s] Invoking command in '/home/orangepi/AUV_ROS2/src/master_node': PYTHONPATH=/home/orangepi/AUV_ROS2/build/master_node/prefix_override:/home/orangepi/AUV_ROS2/install/master_node/lib/python3.10/site-packages:${PYTHONPATH} /usr/bin/python3 -W ignore:setup.py install is deprecated setup.py egg_info --egg-base ../../build/master_node build --build-base /home/orangepi/AUV_ROS2/build/master_node/build install --record /home/orangepi/AUV_ROS2/build/master_node/install.log --single-version-externally-managed install_data
[4.088s] running egg_info
[4.090s] writing ../../build/master_node/master_node.egg-info/PKG-INFO
[4.091s] writing dependency_links to ../../build/master_node/master_node.egg-info/dependency_links.txt
[4.092s] writing entry points to ../../build/master_node/master_node.egg-info/entry_points.txt
[4.092s] writing requirements to ../../build/master_node/master_node.egg-info/requires.txt
[4.093s] writing top-level names to ../../build/master_node/master_node.egg-info/top_level.txt
[4.097s] reading manifest file '../../build/master_node/master_node.egg-info/SOURCES.txt'
[4.097s] adding license file 'LICENSE'
[4.099s] writing manifest file '../../build/master_node/master_node.egg-info/SOURCES.txt'
[4.099s] running build
[4.099s] running build_py
[4.100s] copying master_node/master_node.py -> /home/orangepi/AUV_ROS2/build/master_node/build/lib/master_node
[4.101s] running install
[4.102s] running install_lib
[4.104s] copying /home/orangepi/AUV_ROS2/build/master_node/build/lib/master_node/master_node.py -> /home/orangepi/AUV_ROS2/install/master_node/lib/python3.10/site-packages/master_node
[4.105s] byte-compiling /home/orangepi/AUV_ROS2/install/master_node/lib/python3.10/site-packages/master_node/master_node.py to master_node.cpython-310.pyc
[4.108s] running install_data
[4.108s] running install_egg_info
[4.112s] removing '/home/orangepi/AUV_ROS2/install/master_node/lib/python3.10/site-packages/master_node-0.0.0-py3.10.egg-info' (and everything under it)
[4.115s] Copying ../../build/master_node/master_node.egg-info to /home/orangepi/AUV_ROS2/install/master_node/lib/python3.10/site-packages/master_node-0.0.0-py3.10.egg-info
[4.117s] running install_scripts
[4.156s] Installing master_node script to /home/orangepi/AUV_ROS2/install/master_node/lib/master_node
[4.157s] writing list of installed files to '/home/orangepi/AUV_ROS2/build/master_node/install.log'
[4.373s] Invoked command in '/home/orangepi/AUV_ROS2/src/master_node' returned '0': PYTHONPATH=/home/orangepi/AUV_ROS2/build/master_node/prefix_override:/home/orangepi/AUV_ROS2/install/master_node/lib/python3.10/site-packages:${PYTHONPATH} /usr/bin/python3 -W ignore:setup.py install is deprecated setup.py egg_info --egg-base ../../build/master_node build --build-base /home/orangepi/AUV_ROS2/build/master_node/build install --record /home/orangepi/AUV_ROS2/build/master_node/install.log --single-version-externally-managed install_data
