[4.770s] Invoking command in '/home/orangepi/AUV_ROS2/src/remote_node': PYTHONPATH=/home/orangepi/AUV_ROS2/build/remote_node/prefix_override:/home/orangepi/AUV_ROS2/install/remote_node/lib/python3.10/site-packages:${PYTHONPATH} /usr/bin/python3 setup.py egg_info --egg-base ../../build/remote_node build --build-base /home/orangepi/AUV_ROS2/build/remote_node/build install --record /home/orangepi/AUV_ROS2/build/remote_node/install.log --single-version-externally-managed
[5.515s] running egg_info
[5.516s] writing ../../build/remote_node/remote_node.egg-info/PKG-INFO
[5.519s] writing dependency_links to ../../build/remote_node/remote_node.egg-info/dependency_links.txt
[5.521s] writing entry points to ../../build/remote_node/remote_node.egg-info/entry_points.txt
[5.533s] writing requirements to ../../build/remote_node/remote_node.egg-info/requires.txt
[5.537s] writing top-level names to ../../build/remote_node/remote_node.egg-info/top_level.txt
[5.544s] /usr/lib/python3/dist-packages/setuptools/command/install.py:34: SetuptoolsDeprecationWarning: setup.py install is deprecated. Use build and pip and other standards-based tools.
[5.546s]   warnings.warn(
[5.547s] reading manifest file '../../build/remote_node/remote_node.egg-info/SOURCES.txt'
[5.548s] writing manifest file '../../build/remote_node/remote_node.egg-info/SOURCES.txt'
[5.548s] running build
[5.548s] running build_py
[5.549s] running install
[5.550s] running install_lib
[5.550s] running install_data
[5.551s] running install_egg_info
[5.552s] removing '/home/orangepi/AUV_ROS2/install/remote_node/lib/python3.10/site-packages/remote_node-0.0.0-py3.10.egg-info' (and everything under it)
[5.556s] Copying ../../build/remote_node/remote_node.egg-info to /home/orangepi/AUV_ROS2/install/remote_node/lib/python3.10/site-packages/remote_node-0.0.0-py3.10.egg-info
[5.556s] running install_scripts
[5.624s] writing list of installed files to '/home/orangepi/AUV_ROS2/build/remote_node/install.log'
[5.957s] Invoked command in '/home/orangepi/AUV_ROS2/src/remote_node' returned '0': PYTHONPATH=/home/orangepi/AUV_ROS2/build/remote_node/prefix_override:/home/orangepi/AUV_ROS2/install/remote_node/lib/python3.10/site-packages:${PYTHONPATH} /usr/bin/python3 setup.py egg_info --egg-base ../../build/remote_node build --build-base /home/orangepi/AUV_ROS2/build/remote_node/build install --record /home/orangepi/AUV_ROS2/build/remote_node/install.log --single-version-externally-managed
