[0.078s] Invoking command in '/home/orangepi/AUV_ROS2/build/facer_interfaces': CMAKE_PREFIX_PATH=${CMAKE_PREFIX_PATH}:/home/orangepi/AUV_ROS2/install/task2_node:/home/orangepi/AUV_ROS2/install/task2_drum_detection:/home/orangepi/AUV_ROS2/install/task1_node:/home/orangepi/AUV_ROS2/install/task1_gate_detection:/home/orangepi/AUV_ROS2/install/task1_flare_detection:/home/orangepi/AUV_ROS2/install/status_node:/home/orangepi/AUV_ROS2/install/start_auv:/home/orangepi/AUV_ROS2/install/remote_node:/home/orangepi/AUV_ROS2/install/q_gate_detection:/home/orangepi/AUV_ROS2/install/master_node_simulation:/home/orangepi/AUV_ROS2/install/master_node:/home/orangepi/AUV_ROS2/install/facer_input:/home/orangepi/AUV_ROS2/install/control_node:/home/orangepi/AUV_ROS2/install/buoyancy_node:/home/orangepi/opencv_ws/install/task2_drum_detection:/home/orangepi/opencv_ws/install/task1_gate_detection:/home/orangepi/opencv_ws/install/task1_flare_detection:/home/orangepi/opencv_ws/install/q_gate_detection:/home/orangepi/opencv_ws/install/master_node_simulation:/home/orangepi/opencv_ws/install/facer_input:/opt/ros/humble /usr/bin/cmake --build /home/orangepi/AUV_ROS2/build/facer_interfaces -- -j8 -l8
[2.343s] [  3%] Built target facer_interfaces__cpp
[2.346s] [ 12%] Built target facer_interfaces__rosidl_generator_c
[2.348s] [ 22%] Built target facer_interfaces__rosidl_typesupport_cpp
[2.350s] [ 22%] Built target ament_cmake_python_copy_facer_interfaces
[2.366s] [ 32%] Built target facer_interfaces__rosidl_typesupport_introspection_cpp
[2.371s] [ 41%] Built target facer_interfaces__rosidl_typesupport_fastrtps_cpp
[2.376s] [ 51%] Built target facer_interfaces__rosidl_typesupport_c
[2.376s] [ 61%] Built target facer_interfaces__rosidl_typesupport_introspection_c
[2.377s] [ 70%] Built target facer_interfaces__rosidl_typesupport_fastrtps_c
[2.377s] [ 70%] Built target facer_interfaces
[2.378s] [ 74%] Built target facer_interfaces__py
[2.378s] [ 80%] Built target facer_interfaces__rosidl_generator_py
[2.379s] [ 87%] Built target facer_interfaces__rosidl_typesupport_fastrtps_c__pyext
[2.379s] [ 93%] Built target facer_interfaces__rosidl_typesupport_introspection_c__pyext
[2.380s] [100%] Built target facer_interfaces__rosidl_typesupport_c__pyext
[2.380s] running egg_info
[2.380s] writing facer_interfaces.egg-info/PKG-INFO
[2.381s] writing dependency_links to facer_interfaces.egg-info/dependency_links.txt
[2.381s] writing top-level names to facer_interfaces.egg-info/top_level.txt
[2.382s] reading manifest file 'facer_interfaces.egg-info/SOURCES.txt'
[2.382s] writing manifest file 'facer_interfaces.egg-info/SOURCES.txt'
[2.384s] [100%] Built target ament_cmake_python_build_facer_interfaces_egg
[2.800s] Invoked command in '/home/orangepi/AUV_ROS2/build/facer_interfaces' returned '0': CMAKE_PREFIX_PATH=${CMAKE_PREFIX_PATH}:/home/orangepi/AUV_ROS2/install/task2_node:/home/orangepi/AUV_ROS2/install/task2_drum_detection:/home/orangepi/AUV_ROS2/install/task1_node:/home/orangepi/AUV_ROS2/install/task1_gate_detection:/home/orangepi/AUV_ROS2/install/task1_flare_detection:/home/orangepi/AUV_ROS2/install/status_node:/home/orangepi/AUV_ROS2/install/start_auv:/home/orangepi/AUV_ROS2/install/remote_node:/home/orangepi/AUV_ROS2/install/q_gate_detection:/home/orangepi/AUV_ROS2/install/master_node_simulation:/home/orangepi/AUV_ROS2/install/master_node:/home/orangepi/AUV_ROS2/install/facer_input:/home/orangepi/AUV_ROS2/install/control_node:/home/orangepi/AUV_ROS2/install/buoyancy_node:/home/orangepi/opencv_ws/install/task2_drum_detection:/home/orangepi/opencv_ws/install/task1_gate_detection:/home/orangepi/opencv_ws/install/task1_flare_detection:/home/orangepi/opencv_ws/install/q_gate_detection:/home/orangepi/opencv_ws/install/master_node_simulation:/home/orangepi/opencv_ws/install/facer_input:/opt/ros/humble /usr/bin/cmake --build /home/orangepi/AUV_ROS2/build/facer_interfaces -- -j8 -l8
[3.034s] Invoking command in '/home/orangepi/AUV_ROS2/build/facer_interfaces': CMAKE_PREFIX_PATH=${CMAKE_PREFIX_PATH}:/home/orangepi/AUV_ROS2/install/task2_node:/home/orangepi/AUV_ROS2/install/task2_drum_detection:/home/orangepi/AUV_ROS2/install/task1_node:/home/orangepi/AUV_ROS2/install/task1_gate_detection:/home/orangepi/AUV_ROS2/install/task1_flare_detection:/home/orangepi/AUV_ROS2/install/status_node:/home/orangepi/AUV_ROS2/install/start_auv:/home/orangepi/AUV_ROS2/install/remote_node:/home/orangepi/AUV_ROS2/install/q_gate_detection:/home/orangepi/AUV_ROS2/install/master_node_simulation:/home/orangepi/AUV_ROS2/install/master_node:/home/orangepi/AUV_ROS2/install/facer_input:/home/orangepi/AUV_ROS2/install/control_node:/home/orangepi/AUV_ROS2/install/buoyancy_node:/home/orangepi/opencv_ws/install/task2_drum_detection:/home/orangepi/opencv_ws/install/task1_gate_detection:/home/orangepi/opencv_ws/install/task1_flare_detection:/home/orangepi/opencv_ws/install/q_gate_detection:/home/orangepi/opencv_ws/install/master_node_simulation:/home/orangepi/opencv_ws/install/facer_input:/opt/ros/humble /usr/bin/cmake --install /home/orangepi/AUV_ROS2/build/facer_interfaces
[3.062s] -- Install configuration: ""
[3.063s] -- Up-to-date: /home/orangepi/AUV_ROS2/install/facer_interfaces/share/ament_index/resource_index/rosidl_interfaces/facer_interfaces
[3.064s] -- Up-to-date: /home/orangepi/AUV_ROS2/install/facer_interfaces/include/facer_interfaces/facer_interfaces
[3.064s] -- Up-to-date: /home/orangepi/AUV_ROS2/install/facer_interfaces/include/facer_interfaces/facer_interfaces/srv
[3.065s] -- Up-to-date: /home/orangepi/AUV_ROS2/install/facer_interfaces/include/facer_interfaces/facer_interfaces/srv/detection_result.h
[3.065s] -- Up-to-date: /home/orangepi/AUV_ROS2/install/facer_interfaces/include/facer_interfaces/facer_interfaces/srv/detail
[3.066s] -- Up-to-date: /home/orangepi/AUV_ROS2/install/facer_interfaces/include/facer_interfaces/facer_interfaces/srv/detail/detection_result__functions.c
[3.066s] -- Up-to-date: /home/orangepi/AUV_ROS2/install/facer_interfaces/include/facer_interfaces/facer_interfaces/srv/detail/detection_result__functions.h
[3.067s] -- Up-to-date: /home/orangepi/AUV_ROS2/install/facer_interfaces/include/facer_interfaces/facer_interfaces/srv/detail/detection_result__struct.h
[3.067s] -- Up-to-date: /home/orangepi/AUV_ROS2/install/facer_interfaces/include/facer_interfaces/facer_interfaces/srv/detail/detection_result__type_support.h
[3.068s] -- Up-to-date: /home/orangepi/AUV_ROS2/install/facer_interfaces/include/facer_interfaces/facer_interfaces/msg
[3.069s] -- Up-to-date: /home/orangepi/AUV_ROS2/install/facer_interfaces/include/facer_interfaces/facer_interfaces/msg/rosidl_generator_c__visibility_control.h
[3.069s] -- Up-to-date: /home/orangepi/AUV_ROS2/install/facer_interfaces/share/facer_interfaces/environment/library_path.sh
[3.070s] -- Up-to-date: /home/orangepi/AUV_ROS2/install/facer_interfaces/share/facer_interfaces/environment/library_path.dsv
[3.071s] -- Up-to-date: /home/orangepi/AUV_ROS2/install/facer_interfaces/lib/libfacer_interfaces__rosidl_generator_c.so
[3.083s] -- Up-to-date: /home/orangepi/AUV_ROS2/install/facer_interfaces/include/facer_interfaces/facer_interfaces
[3.084s] -- Up-to-date: /home/orangepi/AUV_ROS2/install/facer_interfaces/include/facer_interfaces/facer_interfaces/srv
[3.084s] -- Up-to-date: /home/orangepi/AUV_ROS2/install/facer_interfaces/include/facer_interfaces/facer_interfaces/srv/detail
[3.085s] -- Up-to-date: /home/orangepi/AUV_ROS2/install/facer_interfaces/include/facer_interfaces/facer_interfaces/srv/detail/detection_result__rosidl_typesupport_fastrtps_c.h
[3.085s] -- Up-to-date: /home/orangepi/AUV_ROS2/install/facer_interfaces/include/facer_interfaces/facer_interfaces/msg
[3.085s] -- Up-to-date: /home/orangepi/AUV_ROS2/install/facer_interfaces/include/facer_interfaces/facer_interfaces/msg/rosidl_typesupport_fastrtps_c__visibility_control.h
[3.086s] -- Up-to-date: /home/orangepi/AUV_ROS2/install/facer_interfaces/lib/libfacer_interfaces__rosidl_typesupport_fastrtps_c.so
[3.086s] -- Up-to-date: /home/orangepi/AUV_ROS2/install/facer_interfaces/include/facer_interfaces/facer_interfaces
[3.087s] -- Up-to-date: /home/orangepi/AUV_ROS2/install/facer_interfaces/include/facer_interfaces/facer_interfaces/srv
[3.087s] -- Up-to-date: /home/orangepi/AUV_ROS2/install/facer_interfaces/include/facer_interfaces/facer_interfaces/srv/detail
[3.087s] -- Up-to-date: /home/orangepi/AUV_ROS2/install/facer_interfaces/include/facer_interfaces/facer_interfaces/srv/detail/detection_result__rosidl_typesupport_introspection_c.h
[3.088s] -- Up-to-date: /home/orangepi/AUV_ROS2/install/facer_interfaces/include/facer_interfaces/facer_interfaces/srv/detail/detection_result__type_support.c
[3.088s] -- Up-to-date: /home/orangepi/AUV_ROS2/install/facer_interfaces/include/facer_interfaces/facer_interfaces/msg
[3.089s] -- Up-to-date: /home/orangepi/AUV_ROS2/install/facer_interfaces/include/facer_interfaces/facer_interfaces/msg/rosidl_typesupport_introspection_c__visibility_control.h
[3.089s] -- Up-to-date: /home/orangepi/AUV_ROS2/install/facer_interfaces/lib/libfacer_interfaces__rosidl_typesupport_introspection_c.so
[3.090s] -- Up-to-date: /home/orangepi/AUV_ROS2/install/facer_interfaces/lib/libfacer_interfaces__rosidl_typesupport_c.so
[3.090s] -- Up-to-date: /home/orangepi/AUV_ROS2/install/facer_interfaces/include/facer_interfaces/facer_interfaces
[3.090s] -- Up-to-date: /home/orangepi/AUV_ROS2/install/facer_interfaces/include/facer_interfaces/facer_interfaces/srv
[3.091s] -- Up-to-date: /home/orangepi/AUV_ROS2/install/facer_interfaces/include/facer_interfaces/facer_interfaces/srv/detection_result.hpp
[3.091s] -- Up-to-date: /home/orangepi/AUV_ROS2/install/facer_interfaces/include/facer_interfaces/facer_interfaces/srv/detail
[3.092s] -- Up-to-date: /home/orangepi/AUV_ROS2/install/facer_interfaces/include/facer_interfaces/facer_interfaces/srv/detail/detection_result__builder.hpp
[3.092s] -- Up-to-date: /home/orangepi/AUV_ROS2/install/facer_interfaces/include/facer_interfaces/facer_interfaces/srv/detail/detection_result__struct.hpp
[3.092s] -- Up-to-date: /home/orangepi/AUV_ROS2/install/facer_interfaces/include/facer_interfaces/facer_interfaces/srv/detail/detection_result__traits.hpp
[3.093s] -- Up-to-date: /home/orangepi/AUV_ROS2/install/facer_interfaces/include/facer_interfaces/facer_interfaces
[3.093s] -- Up-to-date: /home/orangepi/AUV_ROS2/install/facer_interfaces/include/facer_interfaces/facer_interfaces/srv
[3.094s] -- Up-to-date: /home/orangepi/AUV_ROS2/install/facer_interfaces/include/facer_interfaces/facer_interfaces/srv/detail
[3.094s] -- Up-to-date: /home/orangepi/AUV_ROS2/install/facer_interfaces/include/facer_interfaces/facer_interfaces/srv/detail/detection_result__rosidl_typesupport_fastrtps_cpp.hpp
[3.094s] -- Up-to-date: /home/orangepi/AUV_ROS2/install/facer_interfaces/include/facer_interfaces/facer_interfaces/srv/detail/dds_fastrtps
[3.095s] -- Up-to-date: /home/orangepi/AUV_ROS2/install/facer_interfaces/include/facer_interfaces/facer_interfaces/msg
[3.095s] -- Up-to-date: /home/orangepi/AUV_ROS2/install/facer_interfaces/include/facer_interfaces/facer_interfaces/msg/rosidl_typesupport_fastrtps_cpp__visibility_control.h
[3.096s] -- Up-to-date: /home/orangepi/AUV_ROS2/install/facer_interfaces/lib/libfacer_interfaces__rosidl_typesupport_fastrtps_cpp.so
[3.096s] -- Up-to-date: /home/orangepi/AUV_ROS2/install/facer_interfaces/include/facer_interfaces/facer_interfaces
[3.096s] -- Up-to-date: /home/orangepi/AUV_ROS2/install/facer_interfaces/include/facer_interfaces/facer_interfaces/srv
[3.097s] -- Up-to-date: /home/orangepi/AUV_ROS2/install/facer_interfaces/include/facer_interfaces/facer_interfaces/srv/detail
[3.097s] -- Up-to-date: /home/orangepi/AUV_ROS2/install/facer_interfaces/include/facer_interfaces/facer_interfaces/srv/detail/detection_result__rosidl_typesupport_introspection_cpp.hpp
[3.098s] -- Up-to-date: /home/orangepi/AUV_ROS2/install/facer_interfaces/include/facer_interfaces/facer_interfaces/srv/detail/detection_result__type_support.cpp
[3.098s] -- Up-to-date: /home/orangepi/AUV_ROS2/install/facer_interfaces/lib/libfacer_interfaces__rosidl_typesupport_introspection_cpp.so
[3.098s] -- Up-to-date: /home/orangepi/AUV_ROS2/install/facer_interfaces/lib/libfacer_interfaces__rosidl_typesupport_cpp.so
[3.099s] -- Up-to-date: /home/orangepi/AUV_ROS2/install/facer_interfaces/share/facer_interfaces/environment/pythonpath.sh
[3.099s] -- Up-to-date: /home/orangepi/AUV_ROS2/install/facer_interfaces/share/facer_interfaces/environment/pythonpath.dsv
[3.100s] -- Up-to-date: /home/orangepi/AUV_ROS2/install/facer_interfaces/local/lib/python3.10/dist-packages/facer_interfaces-0.0.0-py3.10.egg-info
[3.100s] -- Installing: /home/orangepi/AUV_ROS2/install/facer_interfaces/local/lib/python3.10/dist-packages/facer_interfaces-0.0.0-py3.10.egg-info/SOURCES.txt
[3.100s] -- Installing: /home/orangepi/AUV_ROS2/install/facer_interfaces/local/lib/python3.10/dist-packages/facer_interfaces-0.0.0-py3.10.egg-info/top_level.txt
[3.101s] -- Installing: /home/orangepi/AUV_ROS2/install/facer_interfaces/local/lib/python3.10/dist-packages/facer_interfaces-0.0.0-py3.10.egg-info/dependency_links.txt
[3.101s] -- Installing: /home/orangepi/AUV_ROS2/install/facer_interfaces/local/lib/python3.10/dist-packages/facer_interfaces-0.0.0-py3.10.egg-info/PKG-INFO
[3.102s] -- Up-to-date: /home/orangepi/AUV_ROS2/install/facer_interfaces/local/lib/python3.10/dist-packages/facer_interfaces
[3.102s] -- Up-to-date: /home/orangepi/AUV_ROS2/install/facer_interfaces/local/lib/python3.10/dist-packages/facer_interfaces/libfacer_interfaces__rosidl_generator_py.so
[3.102s] -- Up-to-date: /home/orangepi/AUV_ROS2/install/facer_interfaces/local/lib/python3.10/dist-packages/facer_interfaces/__init__.py
[3.103s] -- Up-to-date: /home/orangepi/AUV_ROS2/install/facer_interfaces/local/lib/python3.10/dist-packages/facer_interfaces/_facer_interfaces_s.ep.rosidl_typesupport_c.c
[3.103s] -- Up-to-date: /home/orangepi/AUV_ROS2/install/facer_interfaces/local/lib/python3.10/dist-packages/facer_interfaces/_facer_interfaces_s.ep.rosidl_typesupport_fastrtps_c.c
[3.104s] -- Up-to-date: /home/orangepi/AUV_ROS2/install/facer_interfaces/local/lib/python3.10/dist-packages/facer_interfaces/facer_interfaces_s__rosidl_typesupport_fastrtps_c.cpython-310-aarch64-linux-gnu.so
[3.104s] -- Up-to-date: /home/orangepi/AUV_ROS2/install/facer_interfaces/local/lib/python3.10/dist-packages/facer_interfaces/facer_interfaces_s__rosidl_typesupport_introspection_c.cpython-310-aarch64-linux-gnu.so
[3.105s] -- Up-to-date: /home/orangepi/AUV_ROS2/install/facer_interfaces/local/lib/python3.10/dist-packages/facer_interfaces/facer_interfaces_s__rosidl_typesupport_c.cpython-310-aarch64-linux-gnu.so
[3.105s] -- Up-to-date: /home/orangepi/AUV_ROS2/install/facer_interfaces/local/lib/python3.10/dist-packages/facer_interfaces/_facer_interfaces_s.ep.rosidl_typesupport_introspection_c.c
[3.105s] -- Up-to-date: /home/orangepi/AUV_ROS2/install/facer_interfaces/local/lib/python3.10/dist-packages/facer_interfaces/srv
[3.106s] -- Up-to-date: /home/orangepi/AUV_ROS2/install/facer_interfaces/local/lib/python3.10/dist-packages/facer_interfaces/srv/_detection_result_s.c
[3.106s] -- Up-to-date: /home/orangepi/AUV_ROS2/install/facer_interfaces/local/lib/python3.10/dist-packages/facer_interfaces/srv/__init__.py
[3.107s] -- Up-to-date: /home/orangepi/AUV_ROS2/install/facer_interfaces/local/lib/python3.10/dist-packages/facer_interfaces/srv/_detection_result.py
[3.320s] Listing '/home/orangepi/AUV_ROS2/install/facer_interfaces/local/lib/python3.10/dist-packages/facer_interfaces'...
[3.321s] Listing '/home/orangepi/AUV_ROS2/install/facer_interfaces/local/lib/python3.10/dist-packages/facer_interfaces/srv'...
[3.358s] -- Up-to-date: /home/orangepi/AUV_ROS2/install/facer_interfaces/local/lib/python3.10/dist-packages/facer_interfaces/facer_interfaces_s__rosidl_typesupport_fastrtps_c.cpython-310-aarch64-linux-gnu.so
[3.360s] -- Up-to-date: /home/orangepi/AUV_ROS2/install/facer_interfaces/local/lib/python3.10/dist-packages/facer_interfaces/facer_interfaces_s__rosidl_typesupport_introspection_c.cpython-310-aarch64-linux-gnu.so
[3.361s] -- Up-to-date: /home/orangepi/AUV_ROS2/install/facer_interfaces/local/lib/python3.10/dist-packages/facer_interfaces/facer_interfaces_s__rosidl_typesupport_c.cpython-310-aarch64-linux-gnu.so
[3.368s] -- Up-to-date: /home/orangepi/AUV_ROS2/install/facer_interfaces/lib/libfacer_interfaces__rosidl_generator_py.so
[3.368s] -- Up-to-date: /home/orangepi/AUV_ROS2/install/facer_interfaces/share/facer_interfaces/srv/DetectionResult.idl
[3.368s] -- Up-to-date: /home/orangepi/AUV_ROS2/install/facer_interfaces/share/facer_interfaces/srv/DetectionResult.srv
[3.368s] -- Up-to-date: /home/orangepi/AUV_ROS2/install/facer_interfaces/share/facer_interfaces/srv/DetectionResult_Request.msg
[3.368s] -- Up-to-date: /home/orangepi/AUV_ROS2/install/facer_interfaces/share/facer_interfaces/srv/DetectionResult_Response.msg
[3.368s] -- Up-to-date: /home/orangepi/AUV_ROS2/install/facer_interfaces/share/ament_index/resource_index/package_run_dependencies/facer_interfaces
[3.368s] -- Up-to-date: /home/orangepi/AUV_ROS2/install/facer_interfaces/share/ament_index/resource_index/parent_prefix_path/facer_interfaces
[3.368s] -- Up-to-date: /home/orangepi/AUV_ROS2/install/facer_interfaces/share/facer_interfaces/environment/ament_prefix_path.sh
[3.368s] -- Up-to-date: /home/orangepi/AUV_ROS2/install/facer_interfaces/share/facer_interfaces/environment/ament_prefix_path.dsv
[3.369s] -- Up-to-date: /home/orangepi/AUV_ROS2/install/facer_interfaces/share/facer_interfaces/environment/path.sh
[3.369s] -- Up-to-date: /home/orangepi/AUV_ROS2/install/facer_interfaces/share/facer_interfaces/environment/path.dsv
[3.369s] -- Up-to-date: /home/orangepi/AUV_ROS2/install/facer_interfaces/share/facer_interfaces/local_setup.bash
[3.369s] -- Up-to-date: /home/orangepi/AUV_ROS2/install/facer_interfaces/share/facer_interfaces/local_setup.sh
[3.369s] -- Up-to-date: /home/orangepi/AUV_ROS2/install/facer_interfaces/share/facer_interfaces/local_setup.zsh
[3.369s] -- Up-to-date: /home/orangepi/AUV_ROS2/install/facer_interfaces/share/facer_interfaces/local_setup.dsv
[3.369s] -- Installing: /home/orangepi/AUV_ROS2/install/facer_interfaces/share/facer_interfaces/package.dsv
[3.370s] -- Up-to-date: /home/orangepi/AUV_ROS2/install/facer_interfaces/share/ament_index/resource_index/packages/facer_interfaces
[3.371s] -- Up-to-date: /home/orangepi/AUV_ROS2/install/facer_interfaces/share/facer_interfaces/cmake/export_facer_interfaces__rosidl_generator_cExport.cmake
[3.371s] -- Up-to-date: /home/orangepi/AUV_ROS2/install/facer_interfaces/share/facer_interfaces/cmake/export_facer_interfaces__rosidl_generator_cExport-noconfig.cmake
[3.371s] -- Up-to-date: /home/orangepi/AUV_ROS2/install/facer_interfaces/share/facer_interfaces/cmake/export_facer_interfaces__rosidl_typesupport_fastrtps_cExport.cmake
[3.373s] -- Up-to-date: /home/orangepi/AUV_ROS2/install/facer_interfaces/share/facer_interfaces/cmake/export_facer_interfaces__rosidl_typesupport_fastrtps_cExport-noconfig.cmake
[3.374s] -- Up-to-date: /home/orangepi/AUV_ROS2/install/facer_interfaces/share/facer_interfaces/cmake/facer_interfaces__rosidl_typesupport_introspection_cExport.cmake
[3.374s] -- Up-to-date: /home/orangepi/AUV_ROS2/install/facer_interfaces/share/facer_interfaces/cmake/facer_interfaces__rosidl_typesupport_introspection_cExport-noconfig.cmake
[3.375s] -- Up-to-date: /home/orangepi/AUV_ROS2/install/facer_interfaces/share/facer_interfaces/cmake/facer_interfaces__rosidl_typesupport_cExport.cmake
[3.375s] -- Up-to-date: /home/orangepi/AUV_ROS2/install/facer_interfaces/share/facer_interfaces/cmake/facer_interfaces__rosidl_typesupport_cExport-noconfig.cmake
[3.376s] -- Up-to-date: /home/orangepi/AUV_ROS2/install/facer_interfaces/share/facer_interfaces/cmake/export_facer_interfaces__rosidl_generator_cppExport.cmake
[3.376s] -- Up-to-date: /home/orangepi/AUV_ROS2/install/facer_interfaces/share/facer_interfaces/cmake/export_facer_interfaces__rosidl_typesupport_fastrtps_cppExport.cmake
[3.376s] -- Up-to-date: /home/orangepi/AUV_ROS2/install/facer_interfaces/share/facer_interfaces/cmake/export_facer_interfaces__rosidl_typesupport_fastrtps_cppExport-noconfig.cmake
[3.377s] -- Up-to-date: /home/orangepi/AUV_ROS2/install/facer_interfaces/share/facer_interfaces/cmake/facer_interfaces__rosidl_typesupport_introspection_cppExport.cmake
[3.377s] -- Up-to-date: /home/orangepi/AUV_ROS2/install/facer_interfaces/share/facer_interfaces/cmake/facer_interfaces__rosidl_typesupport_introspection_cppExport-noconfig.cmake
[3.377s] -- Up-to-date: /home/orangepi/AUV_ROS2/install/facer_interfaces/share/facer_interfaces/cmake/facer_interfaces__rosidl_typesupport_cppExport.cmake
[3.378s] -- Up-to-date: /home/orangepi/AUV_ROS2/install/facer_interfaces/share/facer_interfaces/cmake/facer_interfaces__rosidl_typesupport_cppExport-noconfig.cmake
[3.378s] -- Up-to-date: /home/orangepi/AUV_ROS2/install/facer_interfaces/share/facer_interfaces/cmake/export_facer_interfaces__rosidl_generator_pyExport.cmake
[3.378s] -- Up-to-date: /home/orangepi/AUV_ROS2/install/facer_interfaces/share/facer_interfaces/cmake/export_facer_interfaces__rosidl_generator_pyExport-noconfig.cmake
[3.379s] -- Up-to-date: /home/orangepi/AUV_ROS2/install/facer_interfaces/share/facer_interfaces/cmake/rosidl_cmake-extras.cmake
[3.379s] -- Up-to-date: /home/orangepi/AUV_ROS2/install/facer_interfaces/share/facer_interfaces/cmake/ament_cmake_export_include_directories-extras.cmake
[3.379s] -- Up-to-date: /home/orangepi/AUV_ROS2/install/facer_interfaces/share/facer_interfaces/cmake/ament_cmake_export_libraries-extras.cmake
[3.379s] -- Up-to-date: /home/orangepi/AUV_ROS2/install/facer_interfaces/share/facer_interfaces/cmake/ament_cmake_export_targets-extras.cmake
[3.380s] -- Up-to-date: /home/orangepi/AUV_ROS2/install/facer_interfaces/share/facer_interfaces/cmake/rosidl_cmake_export_typesupport_targets-extras.cmake
[3.380s] -- Up-to-date: /home/orangepi/AUV_ROS2/install/facer_interfaces/share/facer_interfaces/cmake/ament_cmake_export_dependencies-extras.cmake
[3.380s] -- Up-to-date: /home/orangepi/AUV_ROS2/install/facer_interfaces/share/facer_interfaces/cmake/rosidl_cmake_export_typesupport_libraries-extras.cmake
[3.380s] -- Up-to-date: /home/orangepi/AUV_ROS2/install/facer_interfaces/share/facer_interfaces/cmake/facer_interfacesConfig.cmake
[3.380s] -- Up-to-date: /home/orangepi/AUV_ROS2/install/facer_interfaces/share/facer_interfaces/cmake/facer_interfacesConfig-version.cmake
[3.381s] -- Up-to-date: /home/orangepi/AUV_ROS2/install/facer_interfaces/share/facer_interfaces/package.xml
[3.390s] Invoked command in '/home/orangepi/AUV_ROS2/build/facer_interfaces' returned '0': CMAKE_PREFIX_PATH=${CMAKE_PREFIX_PATH}:/home/orangepi/AUV_ROS2/install/task2_node:/home/orangepi/AUV_ROS2/install/task2_drum_detection:/home/orangepi/AUV_ROS2/install/task1_node:/home/orangepi/AUV_ROS2/install/task1_gate_detection:/home/orangepi/AUV_ROS2/install/task1_flare_detection:/home/orangepi/AUV_ROS2/install/status_node:/home/orangepi/AUV_ROS2/install/start_auv:/home/orangepi/AUV_ROS2/install/remote_node:/home/orangepi/AUV_ROS2/install/q_gate_detection:/home/orangepi/AUV_ROS2/install/master_node_simulation:/home/orangepi/AUV_ROS2/install/master_node:/home/orangepi/AUV_ROS2/install/facer_input:/home/orangepi/AUV_ROS2/install/control_node:/home/orangepi/AUV_ROS2/install/buoyancy_node:/home/orangepi/opencv_ws/install/task2_drum_detection:/home/orangepi/opencv_ws/install/task1_gate_detection:/home/orangepi/opencv_ws/install/task1_flare_detection:/home/orangepi/opencv_ws/install/q_gate_detection:/home/orangepi/opencv_ws/install/master_node_simulation:/home/orangepi/opencv_ws/install/facer_input:/opt/ros/humble /usr/bin/cmake --install /home/orangepi/AUV_ROS2/build/facer_interfaces
