[9.038s] Invoking command in '/home/orangepi/AUV_ROS2/src/control_node': PYTHONPATH=/home/orangepi/AUV_ROS2/build/control_node/prefix_override:/home/orangepi/AUV_ROS2/install/control_node/lib/python3.10/site-packages:${PYTHONPATH} /usr/bin/python3 setup.py egg_info --egg-base ../../build/control_node build --build-base /home/orangepi/AUV_ROS2/build/control_node/build install --record /home/orangepi/AUV_ROS2/build/control_node/install.log --single-version-externally-managed
[10.195s] running egg_info
[10.198s] writing ../../build/control_node/control_node.egg-info/PKG-INFO
[10.198s] writing dependency_links to ../../build/control_node/control_node.egg-info/dependency_links.txt
[10.204s] writing entry points to ../../build/control_node/control_node.egg-info/entry_points.txt
[10.205s] writing requirements to ../../build/control_node/control_node.egg-info/requires.txt
[10.205s] writing top-level names to ../../build/control_node/control_node.egg-info/top_level.txt
[10.206s] package init file 'control_node/submodules/__init__.py' not found (or not a regular file)
[10.210s] reading manifest file '../../build/control_node/control_node.egg-info/SOURCES.txt'
[10.210s] adding license file 'LICENSE'
[10.215s] writing manifest file '../../build/control_node/control_node.egg-info/SOURCES.txt'
[10.215s] running build
[10.215s] running build_py
[10.215s] copying control_node/control_node.py -> /home/orangepi/AUV_ROS2/build/control_node/build/lib/control_node
[10.218s] /usr/lib/python3/dist-packages/setuptools/command/install.py:34: SetuptoolsDeprecationWarning: setup.py install is deprecated. Use build and pip and other standards-based tools.
[10.218s]   warnings.warn(
[10.218s] running install
[10.219s] running install_lib
[10.232s] copying /home/orangepi/AUV_ROS2/build/control_node/build/lib/control_node/control_node.py -> /home/orangepi/AUV_ROS2/install/control_node/lib/python3.10/site-packages/control_node
[10.232s] byte-compiling /home/orangepi/AUV_ROS2/install/control_node/lib/python3.10/site-packages/control_node/control_node.py to control_node.cpython-310.pyc
[10.232s] running install_data
[10.235s] running install_egg_info
[10.248s] removing '/home/orangepi/AUV_ROS2/install/control_node/lib/python3.10/site-packages/control_node-0.0.0-py3.10.egg-info' (and everything under it)
[10.266s] Copying ../../build/control_node/control_node.egg-info to /home/orangepi/AUV_ROS2/install/control_node/lib/python3.10/site-packages/control_node-0.0.0-py3.10.egg-info
[10.266s] running install_scripts
[10.407s] Installing control_node script to /home/orangepi/AUV_ROS2/install/control_node/lib/control_node
[10.407s] writing list of installed files to '/home/orangepi/AUV_ROS2/build/control_node/install.log'
[12.547s] Invoked command in '/home/orangepi/AUV_ROS2/src/control_node' returned '0': PYTHONPATH=/home/orangepi/AUV_ROS2/build/control_node/prefix_override:/home/orangepi/AUV_ROS2/install/control_node/lib/python3.10/site-packages:${PYTHONPATH} /usr/bin/python3 setup.py egg_info --egg-base ../../build/control_node build --build-base /home/orangepi/AUV_ROS2/build/control_node/build install --record /home/orangepi/AUV_ROS2/build/control_node/install.log --single-version-externally-managed
