[5.343s] Invoking command in '/home/orangepi/AUV_ROS2/src/remote_node': PYTHONPATH=/home/orangepi/AUV_ROS2/build/remote_node/prefix_override:/home/orangepi/AUV_ROS2/install/remote_node/lib/python3.10/site-packages:${PYTHONPATH} /usr/bin/python3 -W ignore:setup.py install is deprecated setup.py egg_info --egg-base ../../build/remote_node build --build-base /home/orangepi/AUV_ROS2/build/remote_node/build install --record /home/orangepi/AUV_ROS2/build/remote_node/install.log --single-version-externally-managed install_data
[5.788s] running egg_info
[5.793s] writing ../../build/remote_node/remote_node.egg-info/PKG-INFO
[5.794s] writing dependency_links to ../../build/remote_node/remote_node.egg-info/dependency_links.txt
[5.794s] writing entry points to ../../build/remote_node/remote_node.egg-info/entry_points.txt
[5.799s] writing requirements to ../../build/remote_node/remote_node.egg-info/requires.txt
[5.799s] writing top-level names to ../../build/remote_node/remote_node.egg-info/top_level.txt
[5.799s] reading manifest file '../../build/remote_node/remote_node.egg-info/SOURCES.txt'
[5.799s] writing manifest file '../../build/remote_node/remote_node.egg-info/SOURCES.txt'
[5.800s] running build
[5.800s] running build_py
[5.800s] running install
[5.800s] running install_lib
[5.800s] running install_data
[5.800s] running install_egg_info
[5.802s] removing '/home/orangepi/AUV_ROS2/install/remote_node/lib/python3.10/site-packages/remote_node-0.0.0-py3.10.egg-info' (and everything under it)
[5.802s] Copying ../../build/remote_node/remote_node.egg-info to /home/orangepi/AUV_ROS2/install/remote_node/lib/python3.10/site-packages/remote_node-0.0.0-py3.10.egg-info
[5.803s] running install_scripts
[5.841s] writing list of installed files to '/home/orangepi/AUV_ROS2/build/remote_node/install.log'
[7.306s] Invoked command in '/home/orangepi/AUV_ROS2/src/remote_node' returned '0': PYTHONPATH=/home/orangepi/AUV_ROS2/build/remote_node/prefix_override:/home/orangepi/AUV_ROS2/install/remote_node/lib/python3.10/site-packages:${PYTHONPATH} /usr/bin/python3 -W ignore:setup.py install is deprecated setup.py egg_info --egg-base ../../build/remote_node build --build-base /home/orangepi/AUV_ROS2/build/remote_node/build install --record /home/orangepi/AUV_ROS2/build/remote_node/install.log --single-version-externally-managed install_data
