[5.033s] Invoking command in '/home/orangepi/AUV_ROS2/src/control_node': PYTHONPATH=/home/orangepi/AUV_ROS2/build/control_node/prefix_override:/home/orangepi/AUV_ROS2/install/control_node/lib/python3.10/site-packages:${PYTHONPATH} /usr/bin/python3 setup.py egg_info --egg-base ../../build/control_node build --build-base /home/orangepi/AUV_ROS2/build/control_node/build install --record /home/orangepi/AUV_ROS2/build/control_node/install.log --single-version-externally-managed
[5.507s] running egg_info
[5.509s] writing ../../build/control_node/control_node.egg-info/PKG-INFO
[5.509s] writing dependency_links to ../../build/control_node/control_node.egg-info/dependency_links.txt
[5.510s] writing entry points to ../../build/control_node/control_node.egg-info/entry_points.txt
[5.510s] writing requirements to ../../build/control_node/control_node.egg-info/requires.txt
[5.510s] writing top-level names to ../../build/control_node/control_node.egg-info/top_level.txt
[5.514s] package init file 'control_node/submodules/__init__.py' not found (or not a regular file)
[5.515s] reading manifest file '../../build/control_node/control_node.egg-info/SOURCES.txt'
[5.515s] adding license file 'LICENSE'
[5.517s] writing manifest file '../../build/control_node/control_node.egg-info/SOURCES.txt'
[5.517s] running build
[5.517s] running build_py
[5.517s] running install
[5.517s] /usr/lib/python3/dist-packages/setuptools/command/install.py:34: SetuptoolsDeprecationWarning: setup.py install is deprecated. Use build and pip and other standards-based tools.
[5.518s]   warnings.warn(
[5.518s] running install_lib
[5.520s] running install_data
[5.522s] running install_egg_info
[5.526s] removing '/home/orangepi/AUV_ROS2/install/control_node/lib/python3.10/site-packages/control_node-0.0.0-py3.10.egg-info' (and everything under it)
[5.534s] Copying ../../build/control_node/control_node.egg-info to /home/orangepi/AUV_ROS2/install/control_node/lib/python3.10/site-packages/control_node-0.0.0-py3.10.egg-info
[5.535s] running install_scripts
[5.586s] Installing control_node script to /home/orangepi/AUV_ROS2/install/control_node/lib/control_node
[5.604s] writing list of installed files to '/home/orangepi/AUV_ROS2/build/control_node/install.log'
[6.125s] Invoked command in '/home/orangepi/AUV_ROS2/src/control_node' returned '0': PYTHONPATH=/home/orangepi/AUV_ROS2/build/control_node/prefix_override:/home/orangepi/AUV_ROS2/install/control_node/lib/python3.10/site-packages:${PYTHONPATH} /usr/bin/python3 setup.py egg_info --egg-base ../../build/control_node build --build-base /home/orangepi/AUV_ROS2/build/control_node/build install --record /home/orangepi/AUV_ROS2/build/control_node/install.log --single-version-externally-managed
