[3.791s] Invoking command in '/home/orangepi/AUV_ROS2/src/master_node': PYTHONPATH=/home/orangepi/AUV_ROS2/build/master_node/prefix_override:/home/orangepi/AUV_ROS2/install/master_node/lib/python3.10/site-packages:${PYTHONPATH} /usr/bin/python3 -W ignore:setup.py install is deprecated setup.py egg_info --egg-base ../../build/master_node build --build-base /home/orangepi/AUV_ROS2/build/master_node/build install --record /home/orangepi/AUV_ROS2/build/master_node/install.log --single-version-externally-managed install_data
[4.176s] running egg_info
[4.177s] writing ../../build/master_node/master_node.egg-info/PKG-INFO
[4.177s] writing dependency_links to ../../build/master_node/master_node.egg-info/dependency_links.txt
[4.177s] writing entry points to ../../build/master_node/master_node.egg-info/entry_points.txt
[4.178s] writing requirements to ../../build/master_node/master_node.egg-info/requires.txt
[4.179s] writing top-level names to ../../build/master_node/master_node.egg-info/top_level.txt
[4.184s] reading manifest file '../../build/master_node/master_node.egg-info/SOURCES.txt'
[4.185s] adding license file 'LICENSE'
[4.185s] writing manifest file '../../build/master_node/master_node.egg-info/SOURCES.txt'
[4.186s] running build
[4.190s] running build_py
[4.190s] running install
[4.193s] running install_lib
[4.193s] running install_data
[4.194s] running install_egg_info
[4.198s] removing '/home/orangepi/AUV_ROS2/install/master_node/lib/python3.10/site-packages/master_node-0.0.0-py3.10.egg-info' (and everything under it)
[4.199s] Copying ../../build/master_node/master_node.egg-info to /home/orangepi/AUV_ROS2/install/master_node/lib/python3.10/site-packages/master_node-0.0.0-py3.10.egg-info
[4.200s] running install_scripts
[4.228s] Installing master_node script to /home/orangepi/AUV_ROS2/install/master_node/lib/master_node
[4.229s] writing list of installed files to '/home/orangepi/AUV_ROS2/build/master_node/install.log'
[5.128s] Invoked command in '/home/orangepi/AUV_ROS2/src/master_node' returned '0': PYTHONPATH=/home/orangepi/AUV_ROS2/build/master_node/prefix_override:/home/orangepi/AUV_ROS2/install/master_node/lib/python3.10/site-packages:${PYTHONPATH} /usr/bin/python3 -W ignore:setup.py install is deprecated setup.py egg_info --egg-base ../../build/master_node build --build-base /home/orangepi/AUV_ROS2/build/master_node/build install --record /home/orangepi/AUV_ROS2/build/master_node/install.log --single-version-externally-managed install_data
