[5.991s] Invoking command in '/home/orangepi/AUV_ROS2/src/task1_node': PYTHONPATH=/home/orangepi/AUV_ROS2/build/task1_node/prefix_override:/home/orangepi/AUV_ROS2/install/task1_node/lib/python3.10/site-packages:${PYTHONPATH} /usr/bin/python3 setup.py egg_info --egg-base ../../build/task1_node build --build-base /home/orangepi/AUV_ROS2/build/task1_node/build install --record /home/orangepi/AUV_ROS2/build/task1_node/install.log --single-version-externally-managed
[6.358s] running egg_info
[6.359s] writing ../../build/task1_node/task1_node.egg-info/PKG-INFO
[6.359s] writing dependency_links to ../../build/task1_node/task1_node.egg-info/dependency_links.txt
[6.359s] writing entry points to ../../build/task1_node/task1_node.egg-info/entry_points.txt
[6.360s] writing requirements to ../../build/task1_node/task1_node.egg-info/requires.txt
[6.360s] writing top-level names to ../../build/task1_node/task1_node.egg-info/top_level.txt
[6.363s] reading manifest file '../../build/task1_node/task1_node.egg-info/SOURCES.txt'
[6.363s] adding license file 'LICENSE'
[6.364s] writing manifest file '../../build/task1_node/task1_node.egg-info/SOURCES.txt'
[6.364s] running build
[6.365s] running build_py
[6.365s] running install
[6.365s] /usr/lib/python3/dist-packages/setuptools/command/install.py:34: SetuptoolsDeprecationWarning: setup.py install is deprecated. Use build and pip and other standards-based tools.
[6.365s]   warnings.warn(
[6.365s] running install_lib
[6.368s] running install_data
[6.369s] running install_egg_info
[6.372s] removing '/home/orangepi/AUV_ROS2/install/task1_node/lib/python3.10/site-packages/task1_node-0.0.0-py3.10.egg-info' (and everything under it)
[6.372s] Copying ../../build/task1_node/task1_node.egg-info to /home/orangepi/AUV_ROS2/install/task1_node/lib/python3.10/site-packages/task1_node-0.0.0-py3.10.egg-info
[6.373s] running install_scripts
[6.410s] Installing task1_node script to /home/orangepi/AUV_ROS2/install/task1_node/lib/task1_node
[6.410s] writing list of installed files to '/home/orangepi/AUV_ROS2/build/task1_node/install.log'
[6.501s] Invoked command in '/home/orangepi/AUV_ROS2/src/task1_node' returned '0': PYTHONPATH=/home/orangepi/AUV_ROS2/build/task1_node/prefix_override:/home/orangepi/AUV_ROS2/install/task1_node/lib/python3.10/site-packages:${PYTHONPATH} /usr/bin/python3 setup.py egg_info --egg-base ../../build/task1_node build --build-base /home/orangepi/AUV_ROS2/build/task1_node/build install --record /home/orangepi/AUV_ROS2/build/task1_node/install.log --single-version-externally-managed
