[5.379s] Invoking command in '/home/orangepi/AUV_ROS2/src/master_node': PYTHONPATH=/home/orangepi/AUV_ROS2/build/master_node/prefix_override:/home/orangepi/AUV_ROS2/install/master_node/lib/python3.10/site-packages:${PYTHONPATH} /usr/bin/python3 setup.py egg_info --egg-base ../../build/master_node build --build-base /home/orangepi/AUV_ROS2/build/master_node/build install --record /home/orangepi/AUV_ROS2/build/master_node/install.log --single-version-externally-managed
[5.921s] running egg_info
[5.922s] writing ../../build/master_node/master_node.egg-info/PKG-INFO
[5.927s] writing dependency_links to ../../build/master_node/master_node.egg-info/dependency_links.txt
[5.927s] writing entry points to ../../build/master_node/master_node.egg-info/entry_points.txt
[5.928s] writing requirements to ../../build/master_node/master_node.egg-info/requires.txt
[5.928s] writing top-level names to ../../build/master_node/master_node.egg-info/top_level.txt
[5.929s] reading manifest file '../../build/master_node/master_node.egg-info/SOURCES.txt'
[5.929s] adding license file 'LICENSE'
[5.929s] writing manifest file '../../build/master_node/master_node.egg-info/SOURCES.txt'
[5.930s] /usr/lib/python3/dist-packages/setuptools/command/install.py:34: SetuptoolsDeprecationWarning: setup.py install is deprecated. Use build and pip and other standards-based tools.
[5.930s]   warnings.warn(
[5.931s] running build
[5.931s] running build_py
[5.932s] running install
[5.932s] running install_lib
[5.932s] running install_data
[5.933s] running install_egg_info
[5.935s] removing '/home/orangepi/AUV_ROS2/install/master_node/lib/python3.10/site-packages/master_node-0.0.0-py3.10.egg-info' (and everything under it)
[5.936s] Copying ../../build/master_node/master_node.egg-info to /home/orangepi/AUV_ROS2/install/master_node/lib/python3.10/site-packages/master_node-0.0.0-py3.10.egg-info
[5.936s] running install_scripts
[5.973s] Installing master_node script to /home/orangepi/AUV_ROS2/install/master_node/lib/master_node
[5.977s] writing list of installed files to '/home/orangepi/AUV_ROS2/build/master_node/install.log'
[6.214s] Invoked command in '/home/orangepi/AUV_ROS2/src/master_node' returned '0': PYTHONPATH=/home/orangepi/AUV_ROS2/build/master_node/prefix_override:/home/orangepi/AUV_ROS2/install/master_node/lib/python3.10/site-packages:${PYTHONPATH} /usr/bin/python3 setup.py egg_info --egg-base ../../build/master_node build --build-base /home/orangepi/AUV_ROS2/build/master_node/build install --record /home/orangepi/AUV_ROS2/build/master_node/install.log --single-version-externally-managed
