[3.590s] Invoking command in '/home/orangepi/AUV_ROS2/src/task1_node': PYTHONPATH=/home/orangepi/AUV_ROS2/build/task1_node/prefix_override:/home/orangepi/AUV_ROS2/install/task1_node/lib/python3.10/site-packages:${PYTHONPATH} /usr/bin/python3 -W ignore:setup.py install is deprecated setup.py egg_info --egg-base ../../build/task1_node build --build-base /home/orangepi/AUV_ROS2/build/task1_node/build install --record /home/orangepi/AUV_ROS2/build/task1_node/install.log --single-version-externally-managed install_data
[4.430s] running egg_info
[4.433s] writing ../../build/task1_node/task1_node.egg-info/PKG-INFO
[4.433s] writing dependency_links to ../../build/task1_node/task1_node.egg-info/dependency_links.txt
[4.434s] writing entry points to ../../build/task1_node/task1_node.egg-info/entry_points.txt
[4.434s] writing requirements to ../../build/task1_node/task1_node.egg-info/requires.txt
[4.434s] writing top-level names to ../../build/task1_node/task1_node.egg-info/top_level.txt
[4.436s] reading manifest file '../../build/task1_node/task1_node.egg-info/SOURCES.txt'
[4.437s] adding license file 'LICENSE'
[4.437s] writing manifest file '../../build/task1_node/task1_node.egg-info/SOURCES.txt'
[4.438s] running build
[4.438s] running build_py
[4.439s] running install
[4.439s] running install_lib
[4.441s] running install_data
[4.441s] running install_egg_info
[4.444s] removing '/home/orangepi/AUV_ROS2/install/task1_node/lib/python3.10/site-packages/task1_node-0.0.0-py3.10.egg-info' (and everything under it)
[4.445s] Copying ../../build/task1_node/task1_node.egg-info to /home/orangepi/AUV_ROS2/install/task1_node/lib/python3.10/site-packages/task1_node-0.0.0-py3.10.egg-info
[4.463s] running install_scripts
[4.503s] Installing task1_node script to /home/orangepi/AUV_ROS2/install/task1_node/lib/task1_node
[4.503s] writing list of installed files to '/home/orangepi/AUV_ROS2/build/task1_node/install.log'
[4.593s] Invoked command in '/home/orangepi/AUV_ROS2/src/task1_node' returned '0': PYTHONPATH=/home/orangepi/AUV_ROS2/build/task1_node/prefix_override:/home/orangepi/AUV_ROS2/install/task1_node/lib/python3.10/site-packages:${PYTHONPATH} /usr/bin/python3 -W ignore:setup.py install is deprecated setup.py egg_info --egg-base ../../build/task1_node build --build-base /home/orangepi/AUV_ROS2/build/task1_node/build install --record /home/orangepi/AUV_ROS2/build/task1_node/install.log --single-version-externally-managed install_data
