[3.877s] Invoking command in '/home/orangepi/AUV_ROS2/src/remote_node': PYTHONPATH=/home/orangepi/AUV_ROS2/build/remote_node/prefix_override:/home/orangepi/AUV_ROS2/install/remote_node/lib/python3.10/site-packages:${PYTHONPATH} /usr/bin/python3 setup.py egg_info --egg-base ../../build/remote_node build --build-base /home/orangepi/AUV_ROS2/build/remote_node/build install --record /home/orangepi/AUV_ROS2/build/remote_node/install.log --single-version-externally-managed
[4.391s] running egg_info
[4.398s] writing ../../build/remote_node/remote_node.egg-info/PKG-INFO
[4.401s] writing dependency_links to ../../build/remote_node/remote_node.egg-info/dependency_links.txt
[4.402s] writing entry points to ../../build/remote_node/remote_node.egg-info/entry_points.txt
[4.402s] writing requirements to ../../build/remote_node/remote_node.egg-info/requires.txt
[4.403s] writing top-level names to ../../build/remote_node/remote_node.egg-info/top_level.txt
[4.408s] reading manifest file '../../build/remote_node/remote_node.egg-info/SOURCES.txt'
[4.414s] writing manifest file '../../build/remote_node/remote_node.egg-info/SOURCES.txt'
[4.414s] running build
[4.415s] running build_py
[4.415s] running install
[4.416s] /usr/lib/python3/dist-packages/setuptools/command/install.py:34: SetuptoolsDeprecationWarning: setup.py install is deprecated. Use build and pip and other standards-based tools.
[4.416s]   warnings.warn(
[4.417s] running install_lib
[4.418s] running install_data
[4.419s] running install_egg_info
[4.420s] removing '/home/orangepi/AUV_ROS2/install/remote_node/lib/python3.10/site-packages/remote_node-0.0.0-py3.10.egg-info' (and everything under it)
[4.421s] Copying ../../build/remote_node/remote_node.egg-info to /home/orangepi/AUV_ROS2/install/remote_node/lib/python3.10/site-packages/remote_node-0.0.0-py3.10.egg-info
[4.421s] running install_scripts
[4.440s] writing list of installed files to '/home/orangepi/AUV_ROS2/build/remote_node/install.log'
[4.725s] Invoked command in '/home/orangepi/AUV_ROS2/src/remote_node' returned '0': PYTHONPATH=/home/orangepi/AUV_ROS2/build/remote_node/prefix_override:/home/orangepi/AUV_ROS2/install/remote_node/lib/python3.10/site-packages:${PYTHONPATH} /usr/bin/python3 setup.py egg_info --egg-base ../../build/remote_node build --build-base /home/orangepi/AUV_ROS2/build/remote_node/build install --record /home/orangepi/AUV_ROS2/build/remote_node/install.log --single-version-externally-managed
