[3.926s] Invoking command in '/home/orangepi/AUV_ROS2/src/facer_input': PYTHONPATH=/home/orangepi/AUV_ROS2/build/facer_input/prefix_override:/home/orangepi/AUV_ROS2/install/facer_input/lib/python3.10/site-packages:${PYTHONPATH} /usr/bin/python3 -W ignore:setup.py install is deprecated setup.py egg_info --egg-base ../../build/facer_input build --build-base /home/orangepi/AUV_ROS2/build/facer_input/build install --record /home/orangepi/AUV_ROS2/build/facer_input/install.log --single-version-externally-managed install_data
[4.400s] running egg_info
[4.402s] writing ../../build/facer_input/facer_input.egg-info/PKG-INFO
[4.403s] writing dependency_links to ../../build/facer_input/facer_input.egg-info/dependency_links.txt
[4.403s] writing entry points to ../../build/facer_input/facer_input.egg-info/entry_points.txt
[4.403s] writing requirements to ../../build/facer_input/facer_input.egg-info/requires.txt
[4.404s] writing top-level names to ../../build/facer_input/facer_input.egg-info/top_level.txt
[4.406s] reading manifest file '../../build/facer_input/facer_input.egg-info/SOURCES.txt'
[4.407s] writing manifest file '../../build/facer_input/facer_input.egg-info/SOURCES.txt'
[4.408s] running build
[4.408s] running build_py
[4.409s] running install
[4.409s] running install_lib
[4.410s] running install_data
[4.410s] running install_egg_info
[4.413s] removing '/home/orangepi/AUV_ROS2/install/facer_input/lib/python3.10/site-packages/facer_input-0.0.0-py3.10.egg-info' (and everything under it)
[4.414s] Copying ../../build/facer_input/facer_input.egg-info to /home/orangepi/AUV_ROS2/install/facer_input/lib/python3.10/site-packages/facer_input-0.0.0-py3.10.egg-info
[4.415s] running install_scripts
[4.448s] Installing capture_image script to /home/orangepi/AUV_ROS2/install/facer_input/lib/facer_input
[4.449s] writing list of installed files to '/home/orangepi/AUV_ROS2/build/facer_input/install.log'
[4.515s] Invoked command in '/home/orangepi/AUV_ROS2/src/facer_input' returned '0': PYTHONPATH=/home/orangepi/AUV_ROS2/build/facer_input/prefix_override:/home/orangepi/AUV_ROS2/install/facer_input/lib/python3.10/site-packages:${PYTHONPATH} /usr/bin/python3 -W ignore:setup.py install is deprecated setup.py egg_info --egg-base ../../build/facer_input build --build-base /home/orangepi/AUV_ROS2/build/facer_input/build install --record /home/orangepi/AUV_ROS2/build/facer_input/install.log --single-version-externally-managed install_data
