[0.949s] Invoking command in '/home/orangepi/AUV_ROS2/build/facer_interfaces': CMAKE_PREFIX_PATH=${CMAKE_PREFIX_PATH}:/home/orangepi/AUV_ROS2/install/task2_node:/home/orangepi/AUV_ROS2/install/task2_drum_detection:/home/orangepi/AUV_ROS2/install/task1_node:/home/orangepi/AUV_ROS2/install/task1_gate_detection:/home/orangepi/AUV_ROS2/install/task1_flare_detection:/home/orangepi/AUV_ROS2/install/start_auv:/home/orangepi/AUV_ROS2/install/remote_node:/home/orangepi/AUV_ROS2/install/q_gate_detection:/home/orangepi/AUV_ROS2/install/master_node_simulation:/home/orangepi/AUV_ROS2/install/master_node:/home/orangepi/AUV_ROS2/install/facer_input:/home/orangepi/AUV_ROS2/install/control_node:/home/orangepi/AUV_ROS2/install/buoyancy_node:/home/orangepi/opencv_ws/install/task2_drum_detection:/home/orangepi/opencv_ws/install/task1_gate_detection:/home/orangepi/opencv_ws/install/task1_flare_detection:/home/orangepi/opencv_ws/install/q_gate_detection:/home/orangepi/opencv_ws/install/master_node_simulation:/home/orangepi/opencv_ws/install/facer_input:/opt/ros/humble /usr/bin/cmake --build /home/orangepi/AUV_ROS2/build/facer_interfaces -- -j8 -l8
[3.564s] [  3%] Built target facer_interfaces__cpp
[3.564s] [ 12%] Built target facer_interfaces__rosidl_generator_c
[3.564s] [ 32%] Built target facer_interfaces__rosidl_typesupport_fastrtps_cpp
[3.564s] [ 32%] Built target facer_interfaces__rosidl_typesupport_introspection_cpp
[3.564s] [ 32%] Built target ament_cmake_python_copy_facer_interfaces
[3.564s] [ 41%] Built target facer_interfaces__rosidl_typesupport_c
[3.565s] [ 51%] Built target facer_interfaces__rosidl_typesupport_cpp
[3.565s] [ 61%] Built target facer_interfaces__rosidl_typesupport_introspection_c
[3.565s] [ 70%] Built target facer_interfaces__rosidl_typesupport_fastrtps_c
[3.565s] [ 70%] Built target facer_interfaces
[3.565s] [ 74%] Built target facer_interfaces__py
[3.565s] [ 80%] Built target facer_interfaces__rosidl_generator_py
[3.565s] [ 87%] Built target facer_interfaces__rosidl_typesupport_c__pyext
[3.565s] [100%] Built target facer_interfaces__rosidl_typesupport_fastrtps_c__pyext
[3.565s] [100%] Built target facer_interfaces__rosidl_typesupport_introspection_c__pyext
[3.566s] running egg_info
[3.566s] writing facer_interfaces.egg-info/PKG-INFO
[3.566s] writing dependency_links to facer_interfaces.egg-info/dependency_links.txt
[3.566s] writing top-level names to facer_interfaces.egg-info/top_level.txt
[3.566s] reading manifest file 'facer_interfaces.egg-info/SOURCES.txt'
[3.566s] writing manifest file 'facer_interfaces.egg-info/SOURCES.txt'
[3.566s] [100%] Built target ament_cmake_python_build_facer_interfaces_egg
[3.567s] Invoked command in '/home/orangepi/AUV_ROS2/build/facer_interfaces' returned '0': CMAKE_PREFIX_PATH=${CMAKE_PREFIX_PATH}:/home/orangepi/AUV_ROS2/install/task2_node:/home/orangepi/AUV_ROS2/install/task2_drum_detection:/home/orangepi/AUV_ROS2/install/task1_node:/home/orangepi/AUV_ROS2/install/task1_gate_detection:/home/orangepi/AUV_ROS2/install/task1_flare_detection:/home/orangepi/AUV_ROS2/install/start_auv:/home/orangepi/AUV_ROS2/install/remote_node:/home/orangepi/AUV_ROS2/install/q_gate_detection:/home/orangepi/AUV_ROS2/install/master_node_simulation:/home/orangepi/AUV_ROS2/install/master_node:/home/orangepi/AUV_ROS2/install/facer_input:/home/orangepi/AUV_ROS2/install/control_node:/home/orangepi/AUV_ROS2/install/buoyancy_node:/home/orangepi/opencv_ws/install/task2_drum_detection:/home/orangepi/opencv_ws/install/task1_gate_detection:/home/orangepi/opencv_ws/install/task1_flare_detection:/home/orangepi/opencv_ws/install/q_gate_detection:/home/orangepi/opencv_ws/install/master_node_simulation:/home/orangepi/opencv_ws/install/facer_input:/opt/ros/humble /usr/bin/cmake --build /home/orangepi/AUV_ROS2/build/facer_interfaces -- -j8 -l8
[4.112s] Invoking command in '/home/orangepi/AUV_ROS2/build/facer_interfaces': CMAKE_PREFIX_PATH=${CMAKE_PREFIX_PATH}:/home/orangepi/AUV_ROS2/install/task2_node:/home/orangepi/AUV_ROS2/install/task2_drum_detection:/home/orangepi/AUV_ROS2/install/task1_node:/home/orangepi/AUV_ROS2/install/task1_gate_detection:/home/orangepi/AUV_ROS2/install/task1_flare_detection:/home/orangepi/AUV_ROS2/install/start_auv:/home/orangepi/AUV_ROS2/install/remote_node:/home/orangepi/AUV_ROS2/install/q_gate_detection:/home/orangepi/AUV_ROS2/install/master_node_simulation:/home/orangepi/AUV_ROS2/install/master_node:/home/orangepi/AUV_ROS2/install/facer_input:/home/orangepi/AUV_ROS2/install/control_node:/home/orangepi/AUV_ROS2/install/buoyancy_node:/home/orangepi/opencv_ws/install/task2_drum_detection:/home/orangepi/opencv_ws/install/task1_gate_detection:/home/orangepi/opencv_ws/install/task1_flare_detection:/home/orangepi/opencv_ws/install/q_gate_detection:/home/orangepi/opencv_ws/install/master_node_simulation:/home/orangepi/opencv_ws/install/facer_input:/opt/ros/humble /usr/bin/cmake --install /home/orangepi/AUV_ROS2/build/facer_interfaces
[4.169s] -- Install configuration: ""
[4.170s] -- Up-to-date: /home/orangepi/AUV_ROS2/install/facer_interfaces/share/ament_index/resource_index/rosidl_interfaces/facer_interfaces
[4.170s] -- Up-to-date: /home/orangepi/AUV_ROS2/install/facer_interfaces/include/facer_interfaces/facer_interfaces
[4.171s] -- Up-to-date: /home/orangepi/AUV_ROS2/install/facer_interfaces/include/facer_interfaces/facer_interfaces/srv
[4.171s] -- Up-to-date: /home/orangepi/AUV_ROS2/install/facer_interfaces/include/facer_interfaces/facer_interfaces/srv/detection_result.h
[4.171s] -- Up-to-date: /home/orangepi/AUV_ROS2/install/facer_interfaces/include/facer_interfaces/facer_interfaces/srv/detail
[4.172s] -- Up-to-date: /home/orangepi/AUV_ROS2/install/facer_interfaces/include/facer_interfaces/facer_interfaces/srv/detail/detection_result__functions.c
[4.172s] -- Up-to-date: /home/orangepi/AUV_ROS2/install/facer_interfaces/include/facer_interfaces/facer_interfaces/srv/detail/detection_result__functions.h
[4.172s] -- Up-to-date: /home/orangepi/AUV_ROS2/install/facer_interfaces/include/facer_interfaces/facer_interfaces/srv/detail/detection_result__struct.h
[4.172s] -- Up-to-date: /home/orangepi/AUV_ROS2/install/facer_interfaces/include/facer_interfaces/facer_interfaces/srv/detail/detection_result__type_support.h
[4.173s] -- Up-to-date: /home/orangepi/AUV_ROS2/install/facer_interfaces/include/facer_interfaces/facer_interfaces/msg
[4.173s] -- Up-to-date: /home/orangepi/AUV_ROS2/install/facer_interfaces/include/facer_interfaces/facer_interfaces/msg/rosidl_generator_c__visibility_control.h
[4.173s] -- Up-to-date: /home/orangepi/AUV_ROS2/install/facer_interfaces/share/facer_interfaces/environment/library_path.sh
[4.173s] -- Up-to-date: /home/orangepi/AUV_ROS2/install/facer_interfaces/share/facer_interfaces/environment/library_path.dsv
[4.173s] -- Up-to-date: /home/orangepi/AUV_ROS2/install/facer_interfaces/lib/libfacer_interfaces__rosidl_generator_c.so
[4.173s] -- Up-to-date: /home/orangepi/AUV_ROS2/install/facer_interfaces/include/facer_interfaces/facer_interfaces
[4.173s] -- Up-to-date: /home/orangepi/AUV_ROS2/install/facer_interfaces/include/facer_interfaces/facer_interfaces/srv
[4.173s] -- Up-to-date: /home/orangepi/AUV_ROS2/install/facer_interfaces/include/facer_interfaces/facer_interfaces/srv/detail
[4.174s] -- Up-to-date: /home/orangepi/AUV_ROS2/install/facer_interfaces/include/facer_interfaces/facer_interfaces/srv/detail/detection_result__rosidl_typesupport_fastrtps_c.h
[4.174s] -- Up-to-date: /home/orangepi/AUV_ROS2/install/facer_interfaces/include/facer_interfaces/facer_interfaces/msg
[4.174s] -- Up-to-date: /home/orangepi/AUV_ROS2/install/facer_interfaces/include/facer_interfaces/facer_interfaces/msg/rosidl_typesupport_fastrtps_c__visibility_control.h
[4.175s] -- Up-to-date: /home/orangepi/AUV_ROS2/install/facer_interfaces/lib/libfacer_interfaces__rosidl_typesupport_fastrtps_c.so
[4.175s] -- Up-to-date: /home/orangepi/AUV_ROS2/install/facer_interfaces/include/facer_interfaces/facer_interfaces
[4.175s] -- Up-to-date: /home/orangepi/AUV_ROS2/install/facer_interfaces/include/facer_interfaces/facer_interfaces/srv
[4.175s] -- Up-to-date: /home/orangepi/AUV_ROS2/install/facer_interfaces/include/facer_interfaces/facer_interfaces/srv/detail
[4.175s] -- Up-to-date: /home/orangepi/AUV_ROS2/install/facer_interfaces/include/facer_interfaces/facer_interfaces/srv/detail/detection_result__rosidl_typesupport_introspection_c.h
[4.175s] -- Up-to-date: /home/orangepi/AUV_ROS2/install/facer_interfaces/include/facer_interfaces/facer_interfaces/srv/detail/detection_result__type_support.c
[4.176s] -- Up-to-date: /home/orangepi/AUV_ROS2/install/facer_interfaces/include/facer_interfaces/facer_interfaces/msg
[4.176s] -- Up-to-date: /home/orangepi/AUV_ROS2/install/facer_interfaces/include/facer_interfaces/facer_interfaces/msg/rosidl_typesupport_introspection_c__visibility_control.h
[4.176s] -- Up-to-date: /home/orangepi/AUV_ROS2/install/facer_interfaces/lib/libfacer_interfaces__rosidl_typesupport_introspection_c.so
[4.176s] -- Up-to-date: /home/orangepi/AUV_ROS2/install/facer_interfaces/lib/libfacer_interfaces__rosidl_typesupport_c.so
[4.176s] -- Up-to-date: /home/orangepi/AUV_ROS2/install/facer_interfaces/include/facer_interfaces/facer_interfaces
[4.176s] -- Up-to-date: /home/orangepi/AUV_ROS2/install/facer_interfaces/include/facer_interfaces/facer_interfaces/srv
[4.176s] -- Up-to-date: /home/orangepi/AUV_ROS2/install/facer_interfaces/include/facer_interfaces/facer_interfaces/srv/detection_result.hpp
[4.176s] -- Up-to-date: /home/orangepi/AUV_ROS2/install/facer_interfaces/include/facer_interfaces/facer_interfaces/srv/detail
[4.176s] -- Up-to-date: /home/orangepi/AUV_ROS2/install/facer_interfaces/include/facer_interfaces/facer_interfaces/srv/detail/detection_result__builder.hpp
[4.176s] -- Up-to-date: /home/orangepi/AUV_ROS2/install/facer_interfaces/include/facer_interfaces/facer_interfaces/srv/detail/detection_result__struct.hpp
[4.176s] -- Up-to-date: /home/orangepi/AUV_ROS2/install/facer_interfaces/include/facer_interfaces/facer_interfaces/srv/detail/detection_result__traits.hpp
[4.176s] -- Up-to-date: /home/orangepi/AUV_ROS2/install/facer_interfaces/include/facer_interfaces/facer_interfaces
[4.177s] -- Up-to-date: /home/orangepi/AUV_ROS2/install/facer_interfaces/include/facer_interfaces/facer_interfaces/srv
[4.177s] -- Up-to-date: /home/orangepi/AUV_ROS2/install/facer_interfaces/include/facer_interfaces/facer_interfaces/srv/detail
[4.177s] -- Up-to-date: /home/orangepi/AUV_ROS2/install/facer_interfaces/include/facer_interfaces/facer_interfaces/srv/detail/detection_result__rosidl_typesupport_fastrtps_cpp.hpp
[4.177s] -- Up-to-date: /home/orangepi/AUV_ROS2/install/facer_interfaces/include/facer_interfaces/facer_interfaces/srv/detail/dds_fastrtps
[4.177s] -- Up-to-date: /home/orangepi/AUV_ROS2/install/facer_interfaces/include/facer_interfaces/facer_interfaces/msg
[4.177s] -- Up-to-date: /home/orangepi/AUV_ROS2/install/facer_interfaces/include/facer_interfaces/facer_interfaces/msg/rosidl_typesupport_fastrtps_cpp__visibility_control.h
[4.177s] -- Up-to-date: /home/orangepi/AUV_ROS2/install/facer_interfaces/lib/libfacer_interfaces__rosidl_typesupport_fastrtps_cpp.so
[4.177s] -- Up-to-date: /home/orangepi/AUV_ROS2/install/facer_interfaces/include/facer_interfaces/facer_interfaces
[4.177s] -- Up-to-date: /home/orangepi/AUV_ROS2/install/facer_interfaces/include/facer_interfaces/facer_interfaces/srv
[4.177s] -- Up-to-date: /home/orangepi/AUV_ROS2/install/facer_interfaces/include/facer_interfaces/facer_interfaces/srv/detail
[4.177s] -- Up-to-date: /home/orangepi/AUV_ROS2/install/facer_interfaces/include/facer_interfaces/facer_interfaces/srv/detail/detection_result__rosidl_typesupport_introspection_cpp.hpp
[4.178s] -- Up-to-date: /home/orangepi/AUV_ROS2/install/facer_interfaces/include/facer_interfaces/facer_interfaces/srv/detail/detection_result__type_support.cpp
[4.178s] -- Up-to-date: /home/orangepi/AUV_ROS2/install/facer_interfaces/lib/libfacer_interfaces__rosidl_typesupport_introspection_cpp.so
[4.178s] -- Up-to-date: /home/orangepi/AUV_ROS2/install/facer_interfaces/lib/libfacer_interfaces__rosidl_typesupport_cpp.so
[4.178s] -- Up-to-date: /home/orangepi/AUV_ROS2/install/facer_interfaces/share/facer_interfaces/environment/pythonpath.sh
[4.178s] -- Up-to-date: /home/orangepi/AUV_ROS2/install/facer_interfaces/share/facer_interfaces/environment/pythonpath.dsv
[4.178s] -- Up-to-date: /home/orangepi/AUV_ROS2/install/facer_interfaces/local/lib/python3.10/dist-packages/facer_interfaces-0.0.0-py3.10.egg-info
[4.178s] -- Installing: /home/orangepi/AUV_ROS2/install/facer_interfaces/local/lib/python3.10/dist-packages/facer_interfaces-0.0.0-py3.10.egg-info/SOURCES.txt
[4.178s] -- Installing: /home/orangepi/AUV_ROS2/install/facer_interfaces/local/lib/python3.10/dist-packages/facer_interfaces-0.0.0-py3.10.egg-info/top_level.txt
[4.178s] -- Installing: /home/orangepi/AUV_ROS2/install/facer_interfaces/local/lib/python3.10/dist-packages/facer_interfaces-0.0.0-py3.10.egg-info/dependency_links.txt
[4.178s] -- Installing: /home/orangepi/AUV_ROS2/install/facer_interfaces/local/lib/python3.10/dist-packages/facer_interfaces-0.0.0-py3.10.egg-info/PKG-INFO
[4.178s] -- Up-to-date: /home/orangepi/AUV_ROS2/install/facer_interfaces/local/lib/python3.10/dist-packages/facer_interfaces
[4.178s] -- Up-to-date: /home/orangepi/AUV_ROS2/install/facer_interfaces/local/lib/python3.10/dist-packages/facer_interfaces/libfacer_interfaces__rosidl_generator_py.so
[4.179s] -- Up-to-date: /home/orangepi/AUV_ROS2/install/facer_interfaces/local/lib/python3.10/dist-packages/facer_interfaces/__init__.py
[4.179s] -- Up-to-date: /home/orangepi/AUV_ROS2/install/facer_interfaces/local/lib/python3.10/dist-packages/facer_interfaces/_facer_interfaces_s.ep.rosidl_typesupport_c.c
[4.179s] -- Up-to-date: /home/orangepi/AUV_ROS2/install/facer_interfaces/local/lib/python3.10/dist-packages/facer_interfaces/_facer_interfaces_s.ep.rosidl_typesupport_fastrtps_c.c
[4.179s] -- Up-to-date: /home/orangepi/AUV_ROS2/install/facer_interfaces/local/lib/python3.10/dist-packages/facer_interfaces/facer_interfaces_s__rosidl_typesupport_fastrtps_c.cpython-310-aarch64-linux-gnu.so
[4.179s] -- Up-to-date: /home/orangepi/AUV_ROS2/install/facer_interfaces/local/lib/python3.10/dist-packages/facer_interfaces/facer_interfaces_s__rosidl_typesupport_introspection_c.cpython-310-aarch64-linux-gnu.so
[4.179s] -- Up-to-date: /home/orangepi/AUV_ROS2/install/facer_interfaces/local/lib/python3.10/dist-packages/facer_interfaces/facer_interfaces_s__rosidl_typesupport_c.cpython-310-aarch64-linux-gnu.so
[4.179s] -- Up-to-date: /home/orangepi/AUV_ROS2/install/facer_interfaces/local/lib/python3.10/dist-packages/facer_interfaces/_facer_interfaces_s.ep.rosidl_typesupport_introspection_c.c
[4.179s] -- Up-to-date: /home/orangepi/AUV_ROS2/install/facer_interfaces/local/lib/python3.10/dist-packages/facer_interfaces/srv
[4.179s] -- Up-to-date: /home/orangepi/AUV_ROS2/install/facer_interfaces/local/lib/python3.10/dist-packages/facer_interfaces/srv/_detection_result_s.c
[4.179s] -- Up-to-date: /home/orangepi/AUV_ROS2/install/facer_interfaces/local/lib/python3.10/dist-packages/facer_interfaces/srv/__init__.py
[4.179s] -- Up-to-date: /home/orangepi/AUV_ROS2/install/facer_interfaces/local/lib/python3.10/dist-packages/facer_interfaces/srv/_detection_result.py
[4.397s] Listing '/home/orangepi/AUV_ROS2/install/facer_interfaces/local/lib/python3.10/dist-packages/facer_interfaces'...
[4.397s] Listing '/home/orangepi/AUV_ROS2/install/facer_interfaces/local/lib/python3.10/dist-packages/facer_interfaces/srv'...
[4.429s] -- Up-to-date: /home/orangepi/AUV_ROS2/install/facer_interfaces/local/lib/python3.10/dist-packages/facer_interfaces/facer_interfaces_s__rosidl_typesupport_fastrtps_c.cpython-310-aarch64-linux-gnu.so
[4.431s] -- Up-to-date: /home/orangepi/AUV_ROS2/install/facer_interfaces/local/lib/python3.10/dist-packages/facer_interfaces/facer_interfaces_s__rosidl_typesupport_introspection_c.cpython-310-aarch64-linux-gnu.so
[4.432s] -- Up-to-date: /home/orangepi/AUV_ROS2/install/facer_interfaces/local/lib/python3.10/dist-packages/facer_interfaces/facer_interfaces_s__rosidl_typesupport_c.cpython-310-aarch64-linux-gnu.so
[4.433s] -- Up-to-date: /home/orangepi/AUV_ROS2/install/facer_interfaces/lib/libfacer_interfaces__rosidl_generator_py.so
[4.434s] -- Up-to-date: /home/orangepi/AUV_ROS2/install/facer_interfaces/share/facer_interfaces/srv/DetectionResult.idl
[4.434s] -- Up-to-date: /home/orangepi/AUV_ROS2/install/facer_interfaces/share/facer_interfaces/srv/DetectionResult.srv
[4.435s] -- Up-to-date: /home/orangepi/AUV_ROS2/install/facer_interfaces/share/facer_interfaces/srv/DetectionResult_Request.msg
[4.435s] -- Up-to-date: /home/orangepi/AUV_ROS2/install/facer_interfaces/share/facer_interfaces/srv/DetectionResult_Response.msg
[4.435s] -- Up-to-date: /home/orangepi/AUV_ROS2/install/facer_interfaces/share/ament_index/resource_index/package_run_dependencies/facer_interfaces
[4.436s] -- Up-to-date: /home/orangepi/AUV_ROS2/install/facer_interfaces/share/ament_index/resource_index/parent_prefix_path/facer_interfaces
[4.436s] -- Up-to-date: /home/orangepi/AUV_ROS2/install/facer_interfaces/share/facer_interfaces/environment/ament_prefix_path.sh
[4.437s] -- Up-to-date: /home/orangepi/AUV_ROS2/install/facer_interfaces/share/facer_interfaces/environment/ament_prefix_path.dsv
[4.437s] -- Up-to-date: /home/orangepi/AUV_ROS2/install/facer_interfaces/share/facer_interfaces/environment/path.sh
[4.438s] -- Up-to-date: /home/orangepi/AUV_ROS2/install/facer_interfaces/share/facer_interfaces/environment/path.dsv
[4.438s] -- Up-to-date: /home/orangepi/AUV_ROS2/install/facer_interfaces/share/facer_interfaces/local_setup.bash
[4.438s] -- Up-to-date: /home/orangepi/AUV_ROS2/install/facer_interfaces/share/facer_interfaces/local_setup.sh
[4.439s] -- Up-to-date: /home/orangepi/AUV_ROS2/install/facer_interfaces/share/facer_interfaces/local_setup.zsh
[4.439s] -- Up-to-date: /home/orangepi/AUV_ROS2/install/facer_interfaces/share/facer_interfaces/local_setup.dsv
[4.440s] -- Installing: /home/orangepi/AUV_ROS2/install/facer_interfaces/share/facer_interfaces/package.dsv
[4.440s] -- Up-to-date: /home/orangepi/AUV_ROS2/install/facer_interfaces/share/ament_index/resource_index/packages/facer_interfaces
[4.443s] -- Up-to-date: /home/orangepi/AUV_ROS2/install/facer_interfaces/share/facer_interfaces/cmake/export_facer_interfaces__rosidl_generator_cExport.cmake
[4.444s] -- Up-to-date: /home/orangepi/AUV_ROS2/install/facer_interfaces/share/facer_interfaces/cmake/export_facer_interfaces__rosidl_generator_cExport-noconfig.cmake
[4.445s] -- Up-to-date: /home/orangepi/AUV_ROS2/install/facer_interfaces/share/facer_interfaces/cmake/export_facer_interfaces__rosidl_typesupport_fastrtps_cExport.cmake
[4.445s] -- Up-to-date: /home/orangepi/AUV_ROS2/install/facer_interfaces/share/facer_interfaces/cmake/export_facer_interfaces__rosidl_typesupport_fastrtps_cExport-noconfig.cmake
[4.445s] -- Up-to-date: /home/orangepi/AUV_ROS2/install/facer_interfaces/share/facer_interfaces/cmake/facer_interfaces__rosidl_typesupport_introspection_cExport.cmake
[4.446s] -- Up-to-date: /home/orangepi/AUV_ROS2/install/facer_interfaces/share/facer_interfaces/cmake/facer_interfaces__rosidl_typesupport_introspection_cExport-noconfig.cmake
[4.446s] -- Up-to-date: /home/orangepi/AUV_ROS2/install/facer_interfaces/share/facer_interfaces/cmake/facer_interfaces__rosidl_typesupport_cExport.cmake
[4.447s] -- Up-to-date: /home/orangepi/AUV_ROS2/install/facer_interfaces/share/facer_interfaces/cmake/facer_interfaces__rosidl_typesupport_cExport-noconfig.cmake
[4.448s] -- Up-to-date: /home/orangepi/AUV_ROS2/install/facer_interfaces/share/facer_interfaces/cmake/export_facer_interfaces__rosidl_generator_cppExport.cmake
[4.448s] -- Up-to-date: /home/orangepi/AUV_ROS2/install/facer_interfaces/share/facer_interfaces/cmake/export_facer_interfaces__rosidl_typesupport_fastrtps_cppExport.cmake
[4.449s] -- Up-to-date: /home/orangepi/AUV_ROS2/install/facer_interfaces/share/facer_interfaces/cmake/export_facer_interfaces__rosidl_typesupport_fastrtps_cppExport-noconfig.cmake
[4.449s] -- Up-to-date: /home/orangepi/AUV_ROS2/install/facer_interfaces/share/facer_interfaces/cmake/facer_interfaces__rosidl_typesupport_introspection_cppExport.cmake
[4.454s] -- Up-to-date: /home/orangepi/AUV_ROS2/install/facer_interfaces/share/facer_interfaces/cmake/facer_interfaces__rosidl_typesupport_introspection_cppExport-noconfig.cmake
[4.454s] -- Up-to-date: /home/orangepi/AUV_ROS2/install/facer_interfaces/share/facer_interfaces/cmake/facer_interfaces__rosidl_typesupport_cppExport.cmake
[4.454s] -- Up-to-date: /home/orangepi/AUV_ROS2/install/facer_interfaces/share/facer_interfaces/cmake/facer_interfaces__rosidl_typesupport_cppExport-noconfig.cmake
[4.456s] -- Up-to-date: /home/orangepi/AUV_ROS2/install/facer_interfaces/share/facer_interfaces/cmake/export_facer_interfaces__rosidl_generator_pyExport.cmake
[4.456s] -- Up-to-date: /home/orangepi/AUV_ROS2/install/facer_interfaces/share/facer_interfaces/cmake/export_facer_interfaces__rosidl_generator_pyExport-noconfig.cmake
[4.456s] -- Up-to-date: /home/orangepi/AUV_ROS2/install/facer_interfaces/share/facer_interfaces/cmake/rosidl_cmake-extras.cmake
[4.456s] -- Up-to-date: /home/orangepi/AUV_ROS2/install/facer_interfaces/share/facer_interfaces/cmake/ament_cmake_export_include_directories-extras.cmake
[4.456s] -- Up-to-date: /home/orangepi/AUV_ROS2/install/facer_interfaces/share/facer_interfaces/cmake/ament_cmake_export_libraries-extras.cmake
[4.456s] -- Up-to-date: /home/orangepi/AUV_ROS2/install/facer_interfaces/share/facer_interfaces/cmake/ament_cmake_export_targets-extras.cmake
[4.456s] -- Up-to-date: /home/orangepi/AUV_ROS2/install/facer_interfaces/share/facer_interfaces/cmake/rosidl_cmake_export_typesupport_targets-extras.cmake
[4.456s] -- Up-to-date: /home/orangepi/AUV_ROS2/install/facer_interfaces/share/facer_interfaces/cmake/ament_cmake_export_dependencies-extras.cmake
[4.456s] -- Up-to-date: /home/orangepi/AUV_ROS2/install/facer_interfaces/share/facer_interfaces/cmake/rosidl_cmake_export_typesupport_libraries-extras.cmake
[4.457s] -- Up-to-date: /home/orangepi/AUV_ROS2/install/facer_interfaces/share/facer_interfaces/cmake/facer_interfacesConfig.cmake
[4.457s] -- Up-to-date: /home/orangepi/AUV_ROS2/install/facer_interfaces/share/facer_interfaces/cmake/facer_interfacesConfig-version.cmake
[4.457s] -- Up-to-date: /home/orangepi/AUV_ROS2/install/facer_interfaces/share/facer_interfaces/package.xml
[4.484s] Invoked command in '/home/orangepi/AUV_ROS2/build/facer_interfaces' returned '0': CMAKE_PREFIX_PATH=${CMAKE_PREFIX_PATH}:/home/orangepi/AUV_ROS2/install/task2_node:/home/orangepi/AUV_ROS2/install/task2_drum_detection:/home/orangepi/AUV_ROS2/install/task1_node:/home/orangepi/AUV_ROS2/install/task1_gate_detection:/home/orangepi/AUV_ROS2/install/task1_flare_detection:/home/orangepi/AUV_ROS2/install/start_auv:/home/orangepi/AUV_ROS2/install/remote_node:/home/orangepi/AUV_ROS2/install/q_gate_detection:/home/orangepi/AUV_ROS2/install/master_node_simulation:/home/orangepi/AUV_ROS2/install/master_node:/home/orangepi/AUV_ROS2/install/facer_input:/home/orangepi/AUV_ROS2/install/control_node:/home/orangepi/AUV_ROS2/install/buoyancy_node:/home/orangepi/opencv_ws/install/task2_drum_detection:/home/orangepi/opencv_ws/install/task1_gate_detection:/home/orangepi/opencv_ws/install/task1_flare_detection:/home/orangepi/opencv_ws/install/q_gate_detection:/home/orangepi/opencv_ws/install/master_node_simulation:/home/orangepi/opencv_ws/install/facer_input:/opt/ros/humble /usr/bin/cmake --install /home/orangepi/AUV_ROS2/build/facer_interfaces
