[5.593s] Invoking command in '/home/orangepi/AUV_ROS2/src/task2_node': PYTHONPATH=/home/orangepi/AUV_ROS2/build/task2_node/prefix_override:/home/orangepi/AUV_ROS2/install/task2_node/lib/python3.10/site-packages:${PYTHONPATH} /usr/bin/python3 setup.py egg_info --egg-base ../../build/task2_node build --build-base /home/orangepi/AUV_ROS2/build/task2_node/build install --record /home/orangepi/AUV_ROS2/build/task2_node/install.log --single-version-externally-managed
[5.959s] running egg_info
[5.959s] writing ../../build/task2_node/task2_node.egg-info/PKG-INFO
[5.960s] writing dependency_links to ../../build/task2_node/task2_node.egg-info/dependency_links.txt
[5.960s] writing entry points to ../../build/task2_node/task2_node.egg-info/entry_points.txt
[5.960s] writing requirements to ../../build/task2_node/task2_node.egg-info/requires.txt
[5.961s] writing top-level names to ../../build/task2_node/task2_node.egg-info/top_level.txt
[5.964s] reading manifest file '../../build/task2_node/task2_node.egg-info/SOURCES.txt'
[5.964s] adding license file 'LICENSE'
[5.965s] writing manifest file '../../build/task2_node/task2_node.egg-info/SOURCES.txt'
[5.966s] running build
[5.966s] running build_py
[5.966s] running install
[5.966s] /usr/lib/python3/dist-packages/setuptools/command/install.py:34: SetuptoolsDeprecationWarning: setup.py install is deprecated. Use build and pip and other standards-based tools.
[5.967s]   warnings.warn(
[5.967s] running install_lib
[5.969s] running install_data
[5.970s] running install_egg_info
[5.974s] removing '/home/orangepi/AUV_ROS2/install/task2_node/lib/python3.10/site-packages/task2_node-0.0.0-py3.10.egg-info' (and everything under it)
[5.974s] Copying ../../build/task2_node/task2_node.egg-info to /home/orangepi/AUV_ROS2/install/task2_node/lib/python3.10/site-packages/task2_node-0.0.0-py3.10.egg-info
[5.975s] running install_scripts
[6.012s] Installing task2_node script to /home/orangepi/AUV_ROS2/install/task2_node/lib/task2_node
[6.013s] writing list of installed files to '/home/orangepi/AUV_ROS2/build/task2_node/install.log'
[6.091s] Invoked command in '/home/orangepi/AUV_ROS2/src/task2_node' returned '0': PYTHONPATH=/home/orangepi/AUV_ROS2/build/task2_node/prefix_override:/home/orangepi/AUV_ROS2/install/task2_node/lib/python3.10/site-packages:${PYTHONPATH} /usr/bin/python3 setup.py egg_info --egg-base ../../build/task2_node build --build-base /home/orangepi/AUV_ROS2/build/task2_node/build install --record /home/orangepi/AUV_ROS2/build/task2_node/install.log --single-version-externally-managed
