[4.047s] Invoking command in '/home/orangepi/AUV_ROS2/src/task1_node': PYTHONPATH=/home/orangepi/AUV_ROS2/build/task1_node/prefix_override:/home/orangepi/AUV_ROS2/install/task1_node/lib/python3.10/site-packages:${PYTHONPATH} /usr/bin/python3 setup.py egg_info --egg-base ../../build/task1_node build --build-base /home/orangepi/AUV_ROS2/build/task1_node/build install --record /home/orangepi/AUV_ROS2/build/task1_node/install.log --single-version-externally-managed
[4.486s] running egg_info
[4.486s] writing ../../build/task1_node/task1_node.egg-info/PKG-INFO
[4.487s] writing dependency_links to ../../build/task1_node/task1_node.egg-info/dependency_links.txt
[4.489s] writing entry points to ../../build/task1_node/task1_node.egg-info/entry_points.txt
[4.491s] writing requirements to ../../build/task1_node/task1_node.egg-info/requires.txt
[4.491s] writing top-level names to ../../build/task1_node/task1_node.egg-info/top_level.txt
[4.495s] reading manifest file '../../build/task1_node/task1_node.egg-info/SOURCES.txt'
[4.497s] adding license file 'LICENSE'
[4.497s] writing manifest file '../../build/task1_node/task1_node.egg-info/SOURCES.txt'
[4.498s] running build
[4.498s] running build_py
[4.499s] copying task1_node/task1_node.py -> /home/orangepi/AUV_ROS2/build/task1_node/build/lib/task1_node
[4.499s] running install
[4.500s] /usr/lib/python3/dist-packages/setuptools/command/install.py:34: SetuptoolsDeprecationWarning: setup.py install is deprecated. Use build and pip and other standards-based tools.
[4.501s]   warnings.warn(
[4.506s] running install_lib
[4.507s] copying /home/orangepi/AUV_ROS2/build/task1_node/build/lib/task1_node/task1_node.py -> /home/orangepi/AUV_ROS2/install/task1_node/lib/python3.10/site-packages/task1_node
[4.509s] byte-compiling /home/orangepi/AUV_ROS2/install/task1_node/lib/python3.10/site-packages/task1_node/task1_node.py to task1_node.cpython-310.pyc
[4.510s] running install_data
[4.510s] running install_egg_info
[4.511s] removing '/home/orangepi/AUV_ROS2/install/task1_node/lib/python3.10/site-packages/task1_node-0.0.0-py3.10.egg-info' (and everything under it)
[4.511s] Copying ../../build/task1_node/task1_node.egg-info to /home/orangepi/AUV_ROS2/install/task1_node/lib/python3.10/site-packages/task1_node-0.0.0-py3.10.egg-info
[4.512s] running install_scripts
[4.537s] Installing task1_node script to /home/orangepi/AUV_ROS2/install/task1_node/lib/task1_node
[4.538s] writing list of installed files to '/home/orangepi/AUV_ROS2/build/task1_node/install.log'
[4.940s] Invoked command in '/home/orangepi/AUV_ROS2/src/task1_node' returned '0': PYTHONPATH=/home/orangepi/AUV_ROS2/build/task1_node/prefix_override:/home/orangepi/AUV_ROS2/install/task1_node/lib/python3.10/site-packages:${PYTHONPATH} /usr/bin/python3 setup.py egg_info --egg-base ../../build/task1_node build --build-base /home/orangepi/AUV_ROS2/build/task1_node/build install --record /home/orangepi/AUV_ROS2/build/task1_node/install.log --single-version-externally-managed
