[3.935s] Invoking command in '/home/orangepi/AUV_ROS2/src/task1_flare_detection': PYTHONPATH=/home/orangepi/AUV_ROS2/build/task1_flare_detection/prefix_override:/home/orangepi/AUV_ROS2/install/task1_flare_detection/lib/python3.10/site-packages:${PYTHONPATH} /usr/bin/python3 -W ignore:setup.py install is deprecated setup.py egg_info --egg-base ../../build/task1_flare_detection build --build-base /home/orangepi/AUV_ROS2/build/task1_flare_detection/build install --record /home/orangepi/AUV_ROS2/build/task1_flare_detection/install.log --single-version-externally-managed install_data
[4.437s] running egg_info
[4.438s] writing ../../build/task1_flare_detection/task1_flare_detection.egg-info/PKG-INFO
[4.439s] writing dependency_links to ../../build/task1_flare_detection/task1_flare_detection.egg-info/dependency_links.txt
[4.439s] writing entry points to ../../build/task1_flare_detection/task1_flare_detection.egg-info/entry_points.txt
[4.440s] writing requirements to ../../build/task1_flare_detection/task1_flare_detection.egg-info/requires.txt
[4.440s] writing top-level names to ../../build/task1_flare_detection/task1_flare_detection.egg-info/top_level.txt
[4.442s] reading manifest file '../../build/task1_flare_detection/task1_flare_detection.egg-info/SOURCES.txt'
[4.445s] writing manifest file '../../build/task1_flare_detection/task1_flare_detection.egg-info/SOURCES.txt'
[4.447s] running build
[4.448s] running build_py
[4.449s] running install
[4.450s] running install_lib
[4.450s] running install_data
[4.452s] running install_egg_info
[4.453s] removing '/home/orangepi/AUV_ROS2/install/task1_flare_detection/lib/python3.10/site-packages/task1_flare_detection-0.0.0-py3.10.egg-info' (and everything under it)
[4.453s] Copying ../../build/task1_flare_detection/task1_flare_detection.egg-info to /home/orangepi/AUV_ROS2/install/task1_flare_detection/lib/python3.10/site-packages/task1_flare_detection-0.0.0-py3.10.egg-info
[4.457s] running install_scripts
[4.487s] Installing flare_detection script to /home/orangepi/AUV_ROS2/install/task1_flare_detection/lib/task1_flare_detection
[4.487s] writing list of installed files to '/home/orangepi/AUV_ROS2/build/task1_flare_detection/install.log'
[4.562s] Invoked command in '/home/orangepi/AUV_ROS2/src/task1_flare_detection' returned '0': PYTHONPATH=/home/orangepi/AUV_ROS2/build/task1_flare_detection/prefix_override:/home/orangepi/AUV_ROS2/install/task1_flare_detection/lib/python3.10/site-packages:${PYTHONPATH} /usr/bin/python3 -W ignore:setup.py install is deprecated setup.py egg_info --egg-base ../../build/task1_flare_detection build --build-base /home/orangepi/AUV_ROS2/build/task1_flare_detection/build install --record /home/orangepi/AUV_ROS2/build/task1_flare_detection/install.log --single-version-externally-managed install_data
