[3.510s] Invoking command in '/home/orangepi/AUV_ROS2/src/master_node': PYTHONPATH=/home/orangepi/AUV_ROS2/build/master_node/prefix_override:/home/orangepi/AUV_ROS2/install/master_node/lib/python3.10/site-packages:${PYTHONPATH} /usr/bin/python3 -W ignore:setup.py install is deprecated setup.py egg_info --egg-base ../../build/master_node build --build-base /home/orangepi/AUV_ROS2/build/master_node/build install --record /home/orangepi/AUV_ROS2/build/master_node/install.log --single-version-externally-managed install_data
[3.905s] running egg_info
[3.907s] writing ../../build/master_node/master_node.egg-info/PKG-INFO
[3.907s] writing dependency_links to ../../build/master_node/master_node.egg-info/dependency_links.txt
[3.908s] writing entry points to ../../build/master_node/master_node.egg-info/entry_points.txt
[3.909s] writing requirements to ../../build/master_node/master_node.egg-info/requires.txt
[3.909s] writing top-level names to ../../build/master_node/master_node.egg-info/top_level.txt
[3.912s] reading manifest file '../../build/master_node/master_node.egg-info/SOURCES.txt'
[3.913s] adding license file 'LICENSE'
[3.914s] writing manifest file '../../build/master_node/master_node.egg-info/SOURCES.txt'
[3.915s] running build
[3.916s] running build_py
[3.917s] copying master_node/master_node.py -> /home/orangepi/AUV_ROS2/build/master_node/build/lib/master_node
[3.917s] running install
[3.918s] running install_lib
[3.918s] copying /home/orangepi/AUV_ROS2/build/master_node/build/lib/master_node/master_node.py -> /home/orangepi/AUV_ROS2/install/master_node/lib/python3.10/site-packages/master_node
[3.918s] byte-compiling /home/orangepi/AUV_ROS2/install/master_node/lib/python3.10/site-packages/master_node/master_node.py to master_node.cpython-310.pyc
[3.921s] running install_data
[3.922s] running install_egg_info
[3.923s] removing '/home/orangepi/AUV_ROS2/install/master_node/lib/python3.10/site-packages/master_node-0.0.0-py3.10.egg-info' (and everything under it)
[3.924s] Copying ../../build/master_node/master_node.egg-info to /home/orangepi/AUV_ROS2/install/master_node/lib/python3.10/site-packages/master_node-0.0.0-py3.10.egg-info
[3.925s] running install_scripts
[3.961s] Installing master_node script to /home/orangepi/AUV_ROS2/install/master_node/lib/master_node
[3.961s] writing list of installed files to '/home/orangepi/AUV_ROS2/build/master_node/install.log'
[4.278s] Invoked command in '/home/orangepi/AUV_ROS2/src/master_node' returned '0': PYTHONPATH=/home/orangepi/AUV_ROS2/build/master_node/prefix_override:/home/orangepi/AUV_ROS2/install/master_node/lib/python3.10/site-packages:${PYTHONPATH} /usr/bin/python3 -W ignore:setup.py install is deprecated setup.py egg_info --egg-base ../../build/master_node build --build-base /home/orangepi/AUV_ROS2/build/master_node/build install --record /home/orangepi/AUV_ROS2/build/master_node/install.log --single-version-externally-managed install_data
