[3.707s] Invoking command in '/home/orangepi/AUV_ROS2/src/master_node': PYTHONPATH=/home/orangepi/AUV_ROS2/build/master_node/prefix_override:/home/orangepi/AUV_ROS2/install/master_node/lib/python3.10/site-packages:${PYTHONPATH} /usr/bin/python3 -W ignore:setup.py install is deprecated setup.py egg_info --egg-base ../../build/master_node build --build-base /home/orangepi/AUV_ROS2/build/master_node/build install --record /home/orangepi/AUV_ROS2/build/master_node/install.log --single-version-externally-managed install_data
[4.152s] running egg_info
[4.154s] writing ../../build/master_node/master_node.egg-info/PKG-INFO
[4.155s] writing dependency_links to ../../build/master_node/master_node.egg-info/dependency_links.txt
[4.155s] writing entry points to ../../build/master_node/master_node.egg-info/entry_points.txt
[4.156s] writing requirements to ../../build/master_node/master_node.egg-info/requires.txt
[4.156s] writing top-level names to ../../build/master_node/master_node.egg-info/top_level.txt
[4.159s] reading manifest file '../../build/master_node/master_node.egg-info/SOURCES.txt'
[4.160s] adding license file 'LICENSE'
[4.160s] writing manifest file '../../build/master_node/master_node.egg-info/SOURCES.txt'
[4.161s] running build
[4.162s] running build_py
[4.163s] copying master_node/master_node.py -> /home/orangepi/AUV_ROS2/build/master_node/build/lib/master_node
[4.163s] running install
[4.164s] running install_lib
[4.164s] copying /home/orangepi/AUV_ROS2/build/master_node/build/lib/master_node/master_node.py -> /home/orangepi/AUV_ROS2/install/master_node/lib/python3.10/site-packages/master_node
[4.165s] byte-compiling /home/orangepi/AUV_ROS2/install/master_node/lib/python3.10/site-packages/master_node/master_node.py to master_node.cpython-310.pyc
[4.167s] running install_data
[4.168s] running install_egg_info
[4.175s] removing '/home/orangepi/AUV_ROS2/install/master_node/lib/python3.10/site-packages/master_node-0.0.0-py3.10.egg-info' (and everything under it)
[4.176s] Copying ../../build/master_node/master_node.egg-info to /home/orangepi/AUV_ROS2/install/master_node/lib/python3.10/site-packages/master_node-0.0.0-py3.10.egg-info
[4.177s] running install_scripts
[4.220s] Installing master_node script to /home/orangepi/AUV_ROS2/install/master_node/lib/master_node
[4.227s] writing list of installed files to '/home/orangepi/AUV_ROS2/build/master_node/install.log'
[4.327s] Invoked command in '/home/orangepi/AUV_ROS2/src/master_node' returned '0': PYTHONPATH=/home/orangepi/AUV_ROS2/build/master_node/prefix_override:/home/orangepi/AUV_ROS2/install/master_node/lib/python3.10/site-packages:${PYTHONPATH} /usr/bin/python3 -W ignore:setup.py install is deprecated setup.py egg_info --egg-base ../../build/master_node build --build-base /home/orangepi/AUV_ROS2/build/master_node/build install --record /home/orangepi/AUV_ROS2/build/master_node/install.log --single-version-externally-managed install_data
