[3.725s] Invoking command in '/home/orangepi/AUV_ROS2/src/task2_node': PYTHONPATH=/home/orangepi/AUV_ROS2/build/task2_node/prefix_override:/home/orangepi/AUV_ROS2/install/task2_node/lib/python3.10/site-packages:${PYTHONPATH} /usr/bin/python3 setup.py egg_info --egg-base ../../build/task2_node build --build-base /home/orangepi/AUV_ROS2/build/task2_node/build install --record /home/orangepi/AUV_ROS2/build/task2_node/install.log --single-version-externally-managed
[4.086s] running egg_info
[4.087s] writing ../../build/task2_node/task2_node.egg-info/PKG-INFO
[4.087s] writing dependency_links to ../../build/task2_node/task2_node.egg-info/dependency_links.txt
[4.088s] writing entry points to ../../build/task2_node/task2_node.egg-info/entry_points.txt
[4.088s] writing requirements to ../../build/task2_node/task2_node.egg-info/requires.txt
[4.088s] writing top-level names to ../../build/task2_node/task2_node.egg-info/top_level.txt
[4.092s] reading manifest file '../../build/task2_node/task2_node.egg-info/SOURCES.txt'
[4.094s] adding license file 'LICENSE'
[4.095s] writing manifest file '../../build/task2_node/task2_node.egg-info/SOURCES.txt'
[4.095s] running build
[4.095s] running build_py
[4.095s] copying task2_node/task2_node.py -> /home/orangepi/AUV_ROS2/build/task2_node/build/lib/task2_node
[4.096s] running install
[4.096s] /usr/lib/python3/dist-packages/setuptools/command/install.py:34: SetuptoolsDeprecationWarning: setup.py install is deprecated. Use build and pip and other standards-based tools.
[4.096s]   warnings.warn(
[4.096s] running install_lib
[4.098s] copying /home/orangepi/AUV_ROS2/build/task2_node/build/lib/task2_node/task2_node.py -> /home/orangepi/AUV_ROS2/install/task2_node/lib/python3.10/site-packages/task2_node
[4.099s] byte-compiling /home/orangepi/AUV_ROS2/install/task2_node/lib/python3.10/site-packages/task2_node/task2_node.py to task2_node.cpython-310.pyc
[4.100s] running install_data
[4.101s] running install_egg_info
[4.104s] removing '/home/orangepi/AUV_ROS2/install/task2_node/lib/python3.10/site-packages/task2_node-0.0.0-py3.10.egg-info' (and everything under it)
[4.104s] Copying ../../build/task2_node/task2_node.egg-info to /home/orangepi/AUV_ROS2/install/task2_node/lib/python3.10/site-packages/task2_node-0.0.0-py3.10.egg-info
[4.106s] running install_scripts
[4.149s] Installing task2_node script to /home/orangepi/AUV_ROS2/install/task2_node/lib/task2_node
[4.149s] writing list of installed files to '/home/orangepi/AUV_ROS2/build/task2_node/install.log'
[4.537s] Invoked command in '/home/orangepi/AUV_ROS2/src/task2_node' returned '0': PYTHONPATH=/home/orangepi/AUV_ROS2/build/task2_node/prefix_override:/home/orangepi/AUV_ROS2/install/task2_node/lib/python3.10/site-packages:${PYTHONPATH} /usr/bin/python3 setup.py egg_info --egg-base ../../build/task2_node build --build-base /home/orangepi/AUV_ROS2/build/task2_node/build install --record /home/orangepi/AUV_ROS2/build/task2_node/install.log --single-version-externally-managed
