[5.781s] Invoking command in '/home/orangepi/AUV_ROS2/src/remote_node': PYTHONPATH=/home/orangepi/AUV_ROS2/build/remote_node/prefix_override:/home/orangepi/AUV_ROS2/install/remote_node/lib/python3.10/site-packages:${PYTHONPATH} /usr/bin/python3 setup.py egg_info --egg-base ../../build/remote_node build --build-base /home/orangepi/AUV_ROS2/build/remote_node/build install --record /home/orangepi/AUV_ROS2/build/remote_node/install.log --single-version-externally-managed
[6.327s] running egg_info
[6.329s] writing ../../build/remote_node/remote_node.egg-info/PKG-INFO
[6.330s] writing dependency_links to ../../build/remote_node/remote_node.egg-info/dependency_links.txt
[6.331s] writing entry points to ../../build/remote_node/remote_node.egg-info/entry_points.txt
[6.331s] writing requirements to ../../build/remote_node/remote_node.egg-info/requires.txt
[6.333s] writing top-level names to ../../build/remote_node/remote_node.egg-info/top_level.txt
[6.334s] reading manifest file '../../build/remote_node/remote_node.egg-info/SOURCES.txt'
[6.335s] writing manifest file '../../build/remote_node/remote_node.egg-info/SOURCES.txt'
[6.335s] running build
[6.336s] running build_py
[6.337s] running install
[6.338s] running install_lib
[6.339s] running install_data
[6.342s] running install_egg_info
[6.344s] removing '/home/orangepi/AUV_ROS2/install/remote_node/lib/python3.10/site-packages/remote_node-0.0.0-py3.10.egg-info' (and everything under it)
[6.345s] Copying ../../build/remote_node/remote_node.egg-info to /home/orangepi/AUV_ROS2/install/remote_node/lib/python3.10/site-packages/remote_node-0.0.0-py3.10.egg-info
[6.346s] running install_scripts
[6.348s] writing list of installed files to '/home/orangepi/AUV_ROS2/build/remote_node/install.log'
[6.349s] /usr/lib/python3/dist-packages/setuptools/command/install.py:34: SetuptoolsDeprecationWarning: setup.py install is deprecated. Use build and pip and other standards-based tools.
[6.350s]   warnings.warn(
[8.251s] Invoked command in '/home/orangepi/AUV_ROS2/src/remote_node' returned '0': PYTHONPATH=/home/orangepi/AUV_ROS2/build/remote_node/prefix_override:/home/orangepi/AUV_ROS2/install/remote_node/lib/python3.10/site-packages:${PYTHONPATH} /usr/bin/python3 setup.py egg_info --egg-base ../../build/remote_node build --build-base /home/orangepi/AUV_ROS2/build/remote_node/build install --record /home/orangepi/AUV_ROS2/build/remote_node/install.log --single-version-externally-managed
