running egg_info
creating ../../build/master_node/master_node.egg-info
writing ../../build/master_node/master_node.egg-info/PKG-INFO
writing dependency_links to ../../build/master_node/master_node.egg-info/dependency_links.txt
writing entry points to ../../build/master_node/master_node.egg-info/entry_points.txt
writing requirements to ../../build/master_node/master_node.egg-info/requires.txt
writing top-level names to ../../build/master_node/master_node.egg-info/top_level.txt
writing manifest file '../../build/master_node/master_node.egg-info/SOURCES.txt'
reading manifest file '../../build/master_node/master_node.egg-info/SOURCES.txt'
adding license file 'LICENSE'
writing manifest file '../../build/master_node/master_node.egg-info/SOURCES.txt'
running build
running build_py
creating /home/orangepi/AUV_ROS2/build/master_node/build
creating /home/orangepi/AUV_ROS2/build/master_node/build/lib
creating /home/orangepi/AUV_ROS2/build/master_node/build/lib/master_node
copying master_node/master_node_old.py -> /home/orangepi/AUV_ROS2/build/master_node/build/lib/master_node
copying master_node/__init__.py -> /home/orangepi/AUV_ROS2/build/master_node/build/lib/master_node
copying master_node/master_node.py -> /home/orangepi/AUV_ROS2/build/master_node/build/lib/master_node
copying master_node/master_node_ok_backup.py -> /home/orangepi/AUV_ROS2/build/master_node/build/lib/master_node
/usr/lib/python3/dist-packages/setuptools/command/install.py:34: SetuptoolsDeprecationWarning: setup.py install is deprecated. Use build and pip and other standards-based tools.
  warnings.warn(
running install
running install_lib
creating /home/orangepi/AUV_ROS2/install/master_node/lib/python3.10/site-packages/master_node
copying /home/orangepi/AUV_ROS2/build/master_node/build/lib/master_node/master_node_old.py -> /home/orangepi/AUV_ROS2/install/master_node/lib/python3.10/site-packages/master_node
copying /home/orangepi/AUV_ROS2/build/master_node/build/lib/master_node/__init__.py -> /home/orangepi/AUV_ROS2/install/master_node/lib/python3.10/site-packages/master_node
copying /home/orangepi/AUV_ROS2/build/master_node/build/lib/master_node/master_node.py -> /home/orangepi/AUV_ROS2/install/master_node/lib/python3.10/site-packages/master_node
copying /home/orangepi/AUV_ROS2/build/master_node/build/lib/master_node/master_node_ok_backup.py -> /home/orangepi/AUV_ROS2/install/master_node/lib/python3.10/site-packages/master_node
byte-compiling /home/orangepi/AUV_ROS2/install/master_node/lib/python3.10/site-packages/master_node/master_node_old.py to master_node_old.cpython-310.pyc
byte-compiling /home/orangepi/AUV_ROS2/install/master_node/lib/python3.10/site-packages/master_node/__init__.py to __init__.cpython-310.pyc
byte-compiling /home/orangepi/AUV_ROS2/install/master_node/lib/python3.10/site-packages/master_node/master_node.py to master_node.cpython-310.pyc
byte-compiling /home/orangepi/AUV_ROS2/install/master_node/lib/python3.10/site-packages/master_node/master_node_ok_backup.py to master_node_ok_backup.cpython-310.pyc
running install_data
creating /home/orangepi/AUV_ROS2/install/master_node/share/ament_index
creating /home/orangepi/AUV_ROS2/install/master_node/share/ament_index/resource_index
creating /home/orangepi/AUV_ROS2/install/master_node/share/ament_index/resource_index/packages
copying resource/master_node -> /home/orangepi/AUV_ROS2/install/master_node/share/ament_index/resource_index/packages
copying package.xml -> /home/orangepi/AUV_ROS2/install/master_node/share/master_node
running install_egg_info
Copying ../../build/master_node/master_node.egg-info to /home/orangepi/AUV_ROS2/install/master_node/lib/python3.10/site-packages/master_node-0.0.0-py3.10.egg-info
running install_scripts
Installing master_node script to /home/orangepi/AUV_ROS2/install/master_node/lib/master_node
writing list of installed files to '/home/orangepi/AUV_ROS2/build/master_node/install.log'
