[5.426s] Invoking command in '/home/orangepi/AUV_ROS2/src/control_node': PYTHONPATH=/home/orangepi/AUV_ROS2/build/control_node/prefix_override:/home/orangepi/AUV_ROS2/install/control_node/lib/python3.10/site-packages:${PYTHONPATH} /usr/bin/python3 setup.py egg_info --egg-base ../../build/control_node build --build-base /home/orangepi/AUV_ROS2/build/control_node/build install --record /home/orangepi/AUV_ROS2/build/control_node/install.log --single-version-externally-managed
[5.812s] running egg_info
[5.814s] writing ../../build/control_node/control_node.egg-info/PKG-INFO
[5.814s] writing dependency_links to ../../build/control_node/control_node.egg-info/dependency_links.txt
[5.815s] writing entry points to ../../build/control_node/control_node.egg-info/entry_points.txt
[5.815s] writing requirements to ../../build/control_node/control_node.egg-info/requires.txt
[5.816s] writing top-level names to ../../build/control_node/control_node.egg-info/top_level.txt
[5.816s] package init file 'control_node/submodules/__init__.py' not found (or not a regular file)
[5.818s] reading manifest file '../../build/control_node/control_node.egg-info/SOURCES.txt'
[5.819s] adding license file 'LICENSE'
[5.822s] writing manifest file '../../build/control_node/control_node.egg-info/SOURCES.txt'
[5.822s] running build
[5.823s] running build_py
[5.823s] copying control_node/control_node.py -> /home/orangepi/AUV_ROS2/build/control_node/build/lib/control_node
[5.824s] /usr/lib/python3/dist-packages/setuptools/command/install.py:34: SetuptoolsDeprecationWarning: setup.py install is deprecated. Use build and pip and other standards-based tools.
[5.825s]   warnings.warn(
[5.825s] running install
[5.825s] running install_lib
[5.825s] copying /home/orangepi/AUV_ROS2/build/control_node/build/lib/control_node/control_node.py -> /home/orangepi/AUV_ROS2/install/control_node/lib/python3.10/site-packages/control_node
[5.828s] byte-compiling /home/orangepi/AUV_ROS2/install/control_node/lib/python3.10/site-packages/control_node/control_node.py to control_node.cpython-310.pyc
[5.828s] running install_data
[5.828s] running install_egg_info
[5.832s] removing '/home/orangepi/AUV_ROS2/install/control_node/lib/python3.10/site-packages/control_node-0.0.0-py3.10.egg-info' (and everything under it)
[5.832s] Copying ../../build/control_node/control_node.egg-info to /home/orangepi/AUV_ROS2/install/control_node/lib/python3.10/site-packages/control_node-0.0.0-py3.10.egg-info
[5.833s] running install_scripts
[5.871s] Installing control_node script to /home/orangepi/AUV_ROS2/install/control_node/lib/control_node
[5.872s] writing list of installed files to '/home/orangepi/AUV_ROS2/build/control_node/install.log'
[6.243s] Invoked command in '/home/orangepi/AUV_ROS2/src/control_node' returned '0': PYTHONPATH=/home/orangepi/AUV_ROS2/build/control_node/prefix_override:/home/orangepi/AUV_ROS2/install/control_node/lib/python3.10/site-packages:${PYTHONPATH} /usr/bin/python3 setup.py egg_info --egg-base ../../build/control_node build --build-base /home/orangepi/AUV_ROS2/build/control_node/build install --record /home/orangepi/AUV_ROS2/build/control_node/install.log --single-version-externally-managed
