[6.323s] Invoking command in '/home/orangepi/AUV_ROS2/src/task1_node': PYTHONPATH=/home/orangepi/AUV_ROS2/build/task1_node/prefix_override:/home/orangepi/AUV_ROS2/install/task1_node/lib/python3.10/site-packages:${PYTHONPATH} /usr/bin/python3 setup.py egg_info --egg-base ../../build/task1_node build --build-base /home/orangepi/AUV_ROS2/build/task1_node/build install --record /home/orangepi/AUV_ROS2/build/task1_node/install.log --single-version-externally-managed
[7.232s] running egg_info
[7.233s] writing ../../build/task1_node/task1_node.egg-info/PKG-INFO
[7.234s] writing dependency_links to ../../build/task1_node/task1_node.egg-info/dependency_links.txt
[7.236s] writing entry points to ../../build/task1_node/task1_node.egg-info/entry_points.txt
[7.239s] writing requirements to ../../build/task1_node/task1_node.egg-info/requires.txt
[7.241s] writing top-level names to ../../build/task1_node/task1_node.egg-info/top_level.txt
[7.242s] reading manifest file '../../build/task1_node/task1_node.egg-info/SOURCES.txt'
[7.244s] adding license file 'LICENSE'
[7.245s] writing manifest file '../../build/task1_node/task1_node.egg-info/SOURCES.txt'
[7.247s] running build
[7.248s] /usr/lib/python3/dist-packages/setuptools/command/install.py:34: SetuptoolsDeprecationWarning: setup.py install is deprecated. Use build and pip and other standards-based tools.
[7.250s]   warnings.warn(
[7.252s] running build_py
[7.254s] running install
[7.255s] running install_lib
[7.257s] running install_data
[7.258s] running install_egg_info
[7.261s] removing '/home/orangepi/AUV_ROS2/install/task1_node/lib/python3.10/site-packages/task1_node-0.0.0-py3.10.egg-info' (and everything under it)
[7.263s] Copying ../../build/task1_node/task1_node.egg-info to /home/orangepi/AUV_ROS2/install/task1_node/lib/python3.10/site-packages/task1_node-0.0.0-py3.10.egg-info
[7.266s] running install_scripts
[7.292s] Installing task1_node script to /home/orangepi/AUV_ROS2/install/task1_node/lib/task1_node
[7.296s] writing list of installed files to '/home/orangepi/AUV_ROS2/build/task1_node/install.log'
[7.422s] Invoked command in '/home/orangepi/AUV_ROS2/src/task1_node' returned '0': PYTHONPATH=/home/orangepi/AUV_ROS2/build/task1_node/prefix_override:/home/orangepi/AUV_ROS2/install/task1_node/lib/python3.10/site-packages:${PYTHONPATH} /usr/bin/python3 setup.py egg_info --egg-base ../../build/task1_node build --build-base /home/orangepi/AUV_ROS2/build/task1_node/build install --record /home/orangepi/AUV_ROS2/build/task1_node/install.log --single-version-externally-managed
