[4.491s] Invoking command in '/home/orangepi/AUV_ROS2/src/start_auv': PYTHONPATH=/home/orangepi/AUV_ROS2/build/start_auv/prefix_override:/home/orangepi/AUV_ROS2/install/start_auv/lib/python3.10/site-packages:${PYTHONPATH} /usr/bin/python3 setup.py egg_info --egg-base ../../build/start_auv build --build-base /home/orangepi/AUV_ROS2/build/start_auv/build install --record /home/orangepi/AUV_ROS2/build/start_auv/install.log --single-version-externally-managed
[4.922s] running egg_info
[4.923s] creating ../../build/start_auv/start_auv.egg-info
[4.924s] writing ../../build/start_auv/start_auv.egg-info/PKG-INFO
[4.924s] writing dependency_links to ../../build/start_auv/start_auv.egg-info/dependency_links.txt
[4.924s] writing entry points to ../../build/start_auv/start_auv.egg-info/entry_points.txt
[4.924s] writing requirements to ../../build/start_auv/start_auv.egg-info/requires.txt
[4.924s] writing top-level names to ../../build/start_auv/start_auv.egg-info/top_level.txt
[4.925s] writing manifest file '../../build/start_auv/start_auv.egg-info/SOURCES.txt'
[4.928s] reading manifest file '../../build/start_auv/start_auv.egg-info/SOURCES.txt'
[4.929s] writing manifest file '../../build/start_auv/start_auv.egg-info/SOURCES.txt'
[4.930s] running build
[4.930s] running build_py
[4.930s] creating /home/orangepi/AUV_ROS2/build/start_auv/build
[4.930s] creating /home/orangepi/AUV_ROS2/build/start_auv/build/lib
[4.930s] creating /home/orangepi/AUV_ROS2/build/start_auv/build/lib/start_auv
[4.930s] copying start_auv/__init__.py -> /home/orangepi/AUV_ROS2/build/start_auv/build/lib/start_auv
[4.930s] /usr/lib/python3/dist-packages/setuptools/command/install.py:34: SetuptoolsDeprecationWarning: setup.py install is deprecated. Use build and pip and other standards-based tools.
[4.931s]   warnings.warn(
[4.931s] running install
[4.931s] running install_lib
[4.932s] creating /home/orangepi/AUV_ROS2/install/start_auv/lib/python3.10/site-packages/start_auv
[4.932s] copying /home/orangepi/AUV_ROS2/build/start_auv/build/lib/start_auv/__init__.py -> /home/orangepi/AUV_ROS2/install/start_auv/lib/python3.10/site-packages/start_auv
[4.933s] byte-compiling /home/orangepi/AUV_ROS2/install/start_auv/lib/python3.10/site-packages/start_auv/__init__.py to __init__.cpython-310.pyc
[4.933s] running install_data
[4.934s] creating /home/orangepi/AUV_ROS2/install/start_auv/share/ament_index
[4.934s] creating /home/orangepi/AUV_ROS2/install/start_auv/share/ament_index/resource_index
[4.935s] creating /home/orangepi/AUV_ROS2/install/start_auv/share/ament_index/resource_index/packages
[4.935s] copying resource/start_auv -> /home/orangepi/AUV_ROS2/install/start_auv/share/ament_index/resource_index/packages
[4.935s] copying package.xml -> /home/orangepi/AUV_ROS2/install/start_auv/share/start_auv
[4.935s] running install_egg_info
[4.938s] Copying ../../build/start_auv/start_auv.egg-info to /home/orangepi/AUV_ROS2/install/start_auv/lib/python3.10/site-packages/start_auv-0.0.0-py3.10.egg-info
[4.939s] running install_scripts
[4.974s] writing list of installed files to '/home/orangepi/AUV_ROS2/build/start_auv/install.log'
[5.042s] Invoked command in '/home/orangepi/AUV_ROS2/src/start_auv' returned '0': PYTHONPATH=/home/orangepi/AUV_ROS2/build/start_auv/prefix_override:/home/orangepi/AUV_ROS2/install/start_auv/lib/python3.10/site-packages:${PYTHONPATH} /usr/bin/python3 setup.py egg_info --egg-base ../../build/start_auv build --build-base /home/orangepi/AUV_ROS2/build/start_auv/build install --record /home/orangepi/AUV_ROS2/build/start_auv/install.log --single-version-externally-managed
