[4.569s] Invoking command in '/home/orangepi/AUV_ROS2/src/start_auv': PYTHONPATH=/home/orangepi/AUV_ROS2/build/start_auv/prefix_override:/home/orangepi/AUV_ROS2/install/start_auv/lib/python3.10/site-packages:${PYTHONPATH} /usr/bin/python3 -W ignore:setup.py install is deprecated setup.py egg_info --egg-base ../../build/start_auv build --build-base /home/orangepi/AUV_ROS2/build/start_auv/build install --record /home/orangepi/AUV_ROS2/build/start_auv/install.log --single-version-externally-managed install_data
[4.969s] running egg_info
[4.969s] writing ../../build/start_auv/start_auv.egg-info/PKG-INFO
[4.969s] writing dependency_links to ../../build/start_auv/start_auv.egg-info/dependency_links.txt
[4.970s] writing entry points to ../../build/start_auv/start_auv.egg-info/entry_points.txt
[4.970s] writing requirements to ../../build/start_auv/start_auv.egg-info/requires.txt
[4.971s] writing top-level names to ../../build/start_auv/start_auv.egg-info/top_level.txt
[4.971s] reading manifest file '../../build/start_auv/start_auv.egg-info/SOURCES.txt'
[4.972s] writing manifest file '../../build/start_auv/start_auv.egg-info/SOURCES.txt'
[4.972s] running build
[4.973s] running build_py
[4.973s] running install
[4.974s] running install_lib
[4.975s] running install_data
[4.976s] running install_egg_info
[4.979s] removing '/home/orangepi/AUV_ROS2/install/start_auv/lib/python3.10/site-packages/start_auv-0.0.0-py3.10.egg-info' (and everything under it)
[4.979s] Copying ../../build/start_auv/start_auv.egg-info to /home/orangepi/AUV_ROS2/install/start_auv/lib/python3.10/site-packages/start_auv-0.0.0-py3.10.egg-info
[4.980s] running install_scripts
[5.018s] writing list of installed files to '/home/orangepi/AUV_ROS2/build/start_auv/install.log'
[6.355s] Invoked command in '/home/orangepi/AUV_ROS2/src/start_auv' returned '0': PYTHONPATH=/home/orangepi/AUV_ROS2/build/start_auv/prefix_override:/home/orangepi/AUV_ROS2/install/start_auv/lib/python3.10/site-packages:${PYTHONPATH} /usr/bin/python3 -W ignore:setup.py install is deprecated setup.py egg_info --egg-base ../../build/start_auv build --build-base /home/orangepi/AUV_ROS2/build/start_auv/build install --record /home/orangepi/AUV_ROS2/build/start_auv/install.log --single-version-externally-managed install_data
