[3.415s] Invoking command in '/home/orangepi/AUV_ROS2/src/master_node': PYTHONPATH=/home/orangepi/AUV_ROS2/build/master_node/prefix_override:/home/orangepi/AUV_ROS2/install/master_node/lib/python3.10/site-packages:${PYTHONPATH} /usr/bin/python3 -W ignore:setup.py install is deprecated setup.py egg_info --egg-base ../../build/master_node build --build-base /home/orangepi/AUV_ROS2/build/master_node/build install --record /home/orangepi/AUV_ROS2/build/master_node/install.log --single-version-externally-managed install_data
[3.888s] running egg_info
[3.918s] writing ../../build/master_node/master_node.egg-info/PKG-INFO
[3.919s] writing dependency_links to ../../build/master_node/master_node.egg-info/dependency_links.txt
[3.920s] writing entry points to ../../build/master_node/master_node.egg-info/entry_points.txt
[3.922s] writing requirements to ../../build/master_node/master_node.egg-info/requires.txt
[3.922s] writing top-level names to ../../build/master_node/master_node.egg-info/top_level.txt
[3.923s] reading manifest file '../../build/master_node/master_node.egg-info/SOURCES.txt'
[3.924s] adding license file 'LICENSE'
[3.926s] writing manifest file '../../build/master_node/master_node.egg-info/SOURCES.txt'
[3.927s] running build
[3.928s] running build_py
[3.930s] copying master_node/master_node.py -> /home/orangepi/AUV_ROS2/build/master_node/build/lib/master_node
[3.931s] running install
[3.932s] running install_lib
[3.936s] copying /home/orangepi/AUV_ROS2/build/master_node/build/lib/master_node/master_node.py -> /home/orangepi/AUV_ROS2/install/master_node/lib/python3.10/site-packages/master_node
[3.939s] byte-compiling /home/orangepi/AUV_ROS2/install/master_node/lib/python3.10/site-packages/master_node/master_node.py to master_node.cpython-310.pyc
[3.942s] running install_data
[3.945s] running install_egg_info
[3.956s] removing '/home/orangepi/AUV_ROS2/install/master_node/lib/python3.10/site-packages/master_node-0.0.0-py3.10.egg-info' (and everything under it)
[3.957s] Copying ../../build/master_node/master_node.egg-info to /home/orangepi/AUV_ROS2/install/master_node/lib/python3.10/site-packages/master_node-0.0.0-py3.10.egg-info
[3.966s] running install_scripts
[4.059s] Installing master_node script to /home/orangepi/AUV_ROS2/install/master_node/lib/master_node
[4.060s] writing list of installed files to '/home/orangepi/AUV_ROS2/build/master_node/install.log'
[4.642s] Invoked command in '/home/orangepi/AUV_ROS2/src/master_node' returned '0': PYTHONPATH=/home/orangepi/AUV_ROS2/build/master_node/prefix_override:/home/orangepi/AUV_ROS2/install/master_node/lib/python3.10/site-packages:${PYTHONPATH} /usr/bin/python3 -W ignore:setup.py install is deprecated setup.py egg_info --egg-base ../../build/master_node build --build-base /home/orangepi/AUV_ROS2/build/master_node/build install --record /home/orangepi/AUV_ROS2/build/master_node/install.log --single-version-externally-managed install_data
