[4.615s] Invoking command in '/home/orangepi/AUV_ROS2/src/remote_node': PYTHONPATH=/home/orangepi/AUV_ROS2/build/remote_node/prefix_override:/home/orangepi/AUV_ROS2/install/remote_node/lib/python3.10/site-packages:${PYTHONPATH} /usr/bin/python3 setup.py egg_info --egg-base ../../build/remote_node build --build-base /home/orangepi/AUV_ROS2/build/remote_node/build install --record /home/orangepi/AUV_ROS2/build/remote_node/install.log --single-version-externally-managed
[4.976s] running egg_info
[4.978s] writing ../../build/remote_node/remote_node.egg-info/PKG-INFO
[4.978s] writing dependency_links to ../../build/remote_node/remote_node.egg-info/dependency_links.txt
[4.978s] writing entry points to ../../build/remote_node/remote_node.egg-info/entry_points.txt
[4.978s] writing requirements to ../../build/remote_node/remote_node.egg-info/requires.txt
[4.979s] writing top-level names to ../../build/remote_node/remote_node.egg-info/top_level.txt
[4.982s] reading manifest file '../../build/remote_node/remote_node.egg-info/SOURCES.txt'
[4.983s] writing manifest file '../../build/remote_node/remote_node.egg-info/SOURCES.txt'
[4.984s] running build
[4.984s] running build_py
[4.985s] running install
[4.985s] /usr/lib/python3/dist-packages/setuptools/command/install.py:34: SetuptoolsDeprecationWarning: setup.py install is deprecated. Use build and pip and other standards-based tools.
[4.985s]   warnings.warn(
[4.985s] running install_lib
[4.987s] running install_data
[4.988s] running install_egg_info
[4.991s] removing '/home/orangepi/AUV_ROS2/install/remote_node/lib/python3.10/site-packages/remote_node-0.0.0-py3.10.egg-info' (and everything under it)
[5.013s] Copying ../../build/remote_node/remote_node.egg-info to /home/orangepi/AUV_ROS2/install/remote_node/lib/python3.10/site-packages/remote_node-0.0.0-py3.10.egg-info
[5.019s] running install_scripts
[5.094s] writing list of installed files to '/home/orangepi/AUV_ROS2/build/remote_node/install.log'
[5.171s] Invoked command in '/home/orangepi/AUV_ROS2/src/remote_node' returned '0': PYTHONPATH=/home/orangepi/AUV_ROS2/build/remote_node/prefix_override:/home/orangepi/AUV_ROS2/install/remote_node/lib/python3.10/site-packages:${PYTHONPATH} /usr/bin/python3 setup.py egg_info --egg-base ../../build/remote_node build --build-base /home/orangepi/AUV_ROS2/build/remote_node/build install --record /home/orangepi/AUV_ROS2/build/remote_node/install.log --single-version-externally-managed
