[8.455s] Invoking command in '/home/orangepi/AUV_ROS2/src/task2_node': PYTHONPATH=/home/orangepi/AUV_ROS2/build/task2_node/prefix_override:/home/orangepi/AUV_ROS2/install/task2_node/lib/python3.10/site-packages:${PYTHONPATH} /usr/bin/python3 setup.py egg_info --egg-base ../../build/task2_node build --build-base /home/orangepi/AUV_ROS2/build/task2_node/build install --record /home/orangepi/AUV_ROS2/build/task2_node/install.log --single-version-externally-managed
[9.314s] running egg_info
[9.319s] writing ../../build/task2_node/task2_node.egg-info/PKG-INFO
[9.319s] writing dependency_links to ../../build/task2_node/task2_node.egg-info/dependency_links.txt
[9.320s] writing entry points to ../../build/task2_node/task2_node.egg-info/entry_points.txt
[9.320s] writing requirements to ../../build/task2_node/task2_node.egg-info/requires.txt
[9.320s] writing top-level names to ../../build/task2_node/task2_node.egg-info/top_level.txt
[9.330s] reading manifest file '../../build/task2_node/task2_node.egg-info/SOURCES.txt'
[9.331s] adding license file 'LICENSE'
[9.333s] writing manifest file '../../build/task2_node/task2_node.egg-info/SOURCES.txt'
[9.335s] running build
[9.335s] running build_py
[9.335s] running install
[9.336s] /usr/lib/python3/dist-packages/setuptools/command/install.py:34: SetuptoolsDeprecationWarning: setup.py install is deprecated. Use build and pip and other standards-based tools.
[9.336s]   warnings.warn(
[9.336s] running install_lib
[9.345s] running install_data
[9.346s] running install_egg_info
[9.349s] removing '/home/orangepi/AUV_ROS2/install/task2_node/lib/python3.10/site-packages/task2_node-0.0.0-py3.10.egg-info' (and everything under it)
[9.349s] Copying ../../build/task2_node/task2_node.egg-info to /home/orangepi/AUV_ROS2/install/task2_node/lib/python3.10/site-packages/task2_node-0.0.0-py3.10.egg-info
[9.350s] running install_scripts
[9.443s] Installing task2_node script to /home/orangepi/AUV_ROS2/install/task2_node/lib/task2_node
[9.458s] writing list of installed files to '/home/orangepi/AUV_ROS2/build/task2_node/install.log'
[9.765s] Invoked command in '/home/orangepi/AUV_ROS2/src/task2_node' returned '0': PYTHONPATH=/home/orangepi/AUV_ROS2/build/task2_node/prefix_override:/home/orangepi/AUV_ROS2/install/task2_node/lib/python3.10/site-packages:${PYTHONPATH} /usr/bin/python3 setup.py egg_info --egg-base ../../build/task2_node build --build-base /home/orangepi/AUV_ROS2/build/task2_node/build install --record /home/orangepi/AUV_ROS2/build/task2_node/install.log --single-version-externally-managed
