[1.229s] DEBUG:colcon:Command line arguments: ['/usr/bin/colcon', 'build']
[1.229s] DEBUG:colcon:Parsed command line arguments: Namespace(log_base=None, log_level=None, verb_name='build', build_base='build', install_base='install', merge_install=False, symlink_install=False, test_result_base=None, continue_on_error=False, executor='parallel', parallel_workers=8, event_handlers=None, ignore_user_meta=False, metas=['./colcon.meta'], base_paths=['.'], packages_ignore=None, packages_ignore_regex=None, paths=None, packages_up_to=None, packages_up_to_regex=None, packages_above=None, packages_above_and_dependencies=None, packages_above_depth=None, packages_select_by_dep=None, packages_skip_by_dep=None, packages_skip_up_to=None, packages_select_build_failed=False, packages_skip_build_finished=False, packages_select_test_failures=False, packages_skip_test_passed=False, packages_select=None, packages_skip=None, packages_select_regex=None, packages_skip_regex=None, packages_start=None, packages_end=None, cmake_args=None, cmake_target=None, cmake_target_skip_unavailable=False, cmake_clean_cache=False, cmake_clean_first=False, cmake_force_configure=False, ament_cmake_args=None, catkin_cmake_args=None, catkin_skip_building_tests=False, verb_parser=<colcon_defaults.argument_parser.defaults.DefaultArgumentsDecorator object at 0x7f800af6d0>, verb_extension=<colcon_core.verb.build.BuildVerb object at 0x7f8055b2e0>, main=<bound method BuildVerb.main of <colcon_core.verb.build.BuildVerb object at 0x7f8055b2e0>>)
[1.290s] Level 1:colcon.colcon_core.package_discovery:discover_packages(colcon_meta) check parameters
[1.290s] Level 1:colcon.colcon_core.package_discovery:discover_packages(recursive) check parameters
[1.290s] Level 1:colcon.colcon_core.package_discovery:discover_packages(ignore) check parameters
[1.290s] Level 1:colcon.colcon_core.package_discovery:discover_packages(path) check parameters
[1.290s] Level 1:colcon.colcon_core.package_discovery:discover_packages(colcon_meta) discover
[1.291s] Level 1:colcon.colcon_core.package_discovery:discover_packages(recursive) discover
[1.291s] INFO:colcon.colcon_core.package_discovery:Crawling recursively for packages in '/home/orangepi/AUV_ROS2'
[1.291s] Level 1:colcon.colcon_core.package_identification:_identify(.) by extensions ['ignore', 'ignore_ament_install']
[1.291s] Level 1:colcon.colcon_core.package_identification:_identify(.) by extension 'ignore'
[1.291s] Level 1:colcon.colcon_core.package_identification:_identify(.) by extension 'ignore_ament_install'
[1.291s] Level 1:colcon.colcon_core.package_identification:_identify(.) by extensions ['colcon_pkg']
[1.291s] Level 1:colcon.colcon_core.package_identification:_identify(.) by extension 'colcon_pkg'
[1.291s] Level 1:colcon.colcon_core.package_identification:_identify(.) by extensions ['colcon_meta']
[1.291s] Level 1:colcon.colcon_core.package_identification:_identify(.) by extension 'colcon_meta'
[1.291s] Level 1:colcon.colcon_core.package_identification:_identify(.) by extensions ['ros']
[1.291s] Level 1:colcon.colcon_core.package_identification:_identify(.) by extension 'ros'
[1.307s] Level 1:colcon.colcon_core.package_identification:_identify(.) by extensions ['cmake', 'python']
[1.307s] Level 1:colcon.colcon_core.package_identification:_identify(.) by extension 'cmake'
[1.307s] Level 1:colcon.colcon_core.package_identification:_identify(.) by extension 'python'
[1.308s] Level 1:colcon.colcon_core.package_identification:_identify(.) by extensions ['python_setup_py']
[1.308s] Level 1:colcon.colcon_core.package_identification:_identify(.) by extension 'python_setup_py'
[1.308s] Level 1:colcon.colcon_core.package_identification:_identify(build) by extensions ['ignore', 'ignore_ament_install']
[1.308s] Level 1:colcon.colcon_core.package_identification:_identify(build) by extension 'ignore'
[1.308s] Level 1:colcon.colcon_core.package_identification:_identify(build) ignored
[1.308s] Level 1:colcon.colcon_core.package_identification:_identify(install) by extensions ['ignore', 'ignore_ament_install']
[1.308s] Level 1:colcon.colcon_core.package_identification:_identify(install) by extension 'ignore'
[1.309s] Level 1:colcon.colcon_core.package_identification:_identify(install) ignored
[1.309s] Level 1:colcon.colcon_core.package_identification:_identify(log) by extensions ['ignore', 'ignore_ament_install']
[1.309s] Level 1:colcon.colcon_core.package_identification:_identify(log) by extension 'ignore'
[1.309s] Level 1:colcon.colcon_core.package_identification:_identify(log) ignored
[1.309s] Level 1:colcon.colcon_core.package_identification:_identify(src) by extensions ['ignore', 'ignore_ament_install']
[1.309s] Level 1:colcon.colcon_core.package_identification:_identify(src) by extension 'ignore'
[1.309s] Level 1:colcon.colcon_core.package_identification:_identify(src) by extension 'ignore_ament_install'
[1.309s] Level 1:colcon.colcon_core.package_identification:_identify(src) by extensions ['colcon_pkg']
[1.309s] Level 1:colcon.colcon_core.package_identification:_identify(src) by extension 'colcon_pkg'
[1.309s] Level 1:colcon.colcon_core.package_identification:_identify(src) by extensions ['colcon_meta']
[1.309s] Level 1:colcon.colcon_core.package_identification:_identify(src) by extension 'colcon_meta'
[1.309s] Level 1:colcon.colcon_core.package_identification:_identify(src) by extensions ['ros']
[1.309s] Level 1:colcon.colcon_core.package_identification:_identify(src) by extension 'ros'
[1.309s] Level 1:colcon.colcon_core.package_identification:_identify(src) by extensions ['cmake', 'python']
[1.310s] Level 1:colcon.colcon_core.package_identification:_identify(src) by extension 'cmake'
[1.310s] Level 1:colcon.colcon_core.package_identification:_identify(src) by extension 'python'
[1.310s] Level 1:colcon.colcon_core.package_identification:_identify(src) by extensions ['python_setup_py']
[1.310s] Level 1:colcon.colcon_core.package_identification:_identify(src) by extension 'python_setup_py'
[1.310s] Level 1:colcon.colcon_core.package_identification:_identify(src/buoyancy_node) by extensions ['ignore', 'ignore_ament_install']
[1.310s] Level 1:colcon.colcon_core.package_identification:_identify(src/buoyancy_node) by extension 'ignore'
[1.310s] Level 1:colcon.colcon_core.package_identification:_identify(src/buoyancy_node) by extension 'ignore_ament_install'
[1.310s] Level 1:colcon.colcon_core.package_identification:_identify(src/buoyancy_node) by extensions ['colcon_pkg']
[1.310s] Level 1:colcon.colcon_core.package_identification:_identify(src/buoyancy_node) by extension 'colcon_pkg'
[1.310s] Level 1:colcon.colcon_core.package_identification:_identify(src/buoyancy_node) by extensions ['colcon_meta']
[1.310s] Level 1:colcon.colcon_core.package_identification:_identify(src/buoyancy_node) by extension 'colcon_meta'
[1.310s] Level 1:colcon.colcon_core.package_identification:_identify(src/buoyancy_node) by extensions ['ros']
[1.310s] Level 1:colcon.colcon_core.package_identification:_identify(src/buoyancy_node) by extension 'ros'
[1.313s] DEBUG:colcon.colcon_core.package_identification:Package 'src/buoyancy_node' with type 'ros.ament_python' and name 'buoyancy_node'
[1.314s] Level 1:colcon.colcon_core.package_identification:_identify(src/control_interfaces) by extensions ['ignore', 'ignore_ament_install']
[1.314s] Level 1:colcon.colcon_core.package_identification:_identify(src/control_interfaces) by extension 'ignore'
[1.314s] Level 1:colcon.colcon_core.package_identification:_identify(src/control_interfaces) by extension 'ignore_ament_install'
[1.314s] Level 1:colcon.colcon_core.package_identification:_identify(src/control_interfaces) by extensions ['colcon_pkg']
[1.314s] Level 1:colcon.colcon_core.package_identification:_identify(src/control_interfaces) by extension 'colcon_pkg'
[1.314s] Level 1:colcon.colcon_core.package_identification:_identify(src/control_interfaces) by extensions ['colcon_meta']
[1.314s] Level 1:colcon.colcon_core.package_identification:_identify(src/control_interfaces) by extension 'colcon_meta'
[1.314s] Level 1:colcon.colcon_core.package_identification:_identify(src/control_interfaces) by extensions ['ros']
[1.314s] Level 1:colcon.colcon_core.package_identification:_identify(src/control_interfaces) by extension 'ros'
[1.315s] DEBUG:colcon.colcon_core.package_identification:Package 'src/control_interfaces' with type 'ros.ament_cmake' and name 'control_interfaces'
[1.315s] Level 1:colcon.colcon_core.package_identification:_identify(src/control_node) by extensions ['ignore', 'ignore_ament_install']
[1.315s] Level 1:colcon.colcon_core.package_identification:_identify(src/control_node) by extension 'ignore'
[1.315s] Level 1:colcon.colcon_core.package_identification:_identify(src/control_node) by extension 'ignore_ament_install'
[1.315s] Level 1:colcon.colcon_core.package_identification:_identify(src/control_node) by extensions ['colcon_pkg']
[1.315s] Level 1:colcon.colcon_core.package_identification:_identify(src/control_node) by extension 'colcon_pkg'
[1.315s] Level 1:colcon.colcon_core.package_identification:_identify(src/control_node) by extensions ['colcon_meta']
[1.315s] Level 1:colcon.colcon_core.package_identification:_identify(src/control_node) by extension 'colcon_meta'
[1.315s] Level 1:colcon.colcon_core.package_identification:_identify(src/control_node) by extensions ['ros']
[1.315s] Level 1:colcon.colcon_core.package_identification:_identify(src/control_node) by extension 'ros'
[1.316s] DEBUG:colcon.colcon_core.package_identification:Package 'src/control_node' with type 'ros.ament_python' and name 'control_node'
[1.316s] Level 1:colcon.colcon_core.package_identification:_identify(src/master_node) by extensions ['ignore', 'ignore_ament_install']
[1.316s] Level 1:colcon.colcon_core.package_identification:_identify(src/master_node) by extension 'ignore'
[1.316s] Level 1:colcon.colcon_core.package_identification:_identify(src/master_node) by extension 'ignore_ament_install'
[1.316s] Level 1:colcon.colcon_core.package_identification:_identify(src/master_node) by extensions ['colcon_pkg']
[1.316s] Level 1:colcon.colcon_core.package_identification:_identify(src/master_node) by extension 'colcon_pkg'
[1.316s] Level 1:colcon.colcon_core.package_identification:_identify(src/master_node) by extensions ['colcon_meta']
[1.316s] Level 1:colcon.colcon_core.package_identification:_identify(src/master_node) by extension 'colcon_meta'
[1.316s] Level 1:colcon.colcon_core.package_identification:_identify(src/master_node) by extensions ['ros']
[1.316s] Level 1:colcon.colcon_core.package_identification:_identify(src/master_node) by extension 'ros'
[1.317s] DEBUG:colcon.colcon_core.package_identification:Package 'src/master_node' with type 'ros.ament_python' and name 'master_node'
[1.317s] Level 1:colcon.colcon_core.package_identification:_identify(src/remote_node) by extensions ['ignore', 'ignore_ament_install']
[1.317s] Level 1:colcon.colcon_core.package_identification:_identify(src/remote_node) by extension 'ignore'
[1.317s] Level 1:colcon.colcon_core.package_identification:_identify(src/remote_node) by extension 'ignore_ament_install'
[1.317s] Level 1:colcon.colcon_core.package_identification:_identify(src/remote_node) by extensions ['colcon_pkg']
[1.317s] Level 1:colcon.colcon_core.package_identification:_identify(src/remote_node) by extension 'colcon_pkg'
[1.317s] Level 1:colcon.colcon_core.package_identification:_identify(src/remote_node) by extensions ['colcon_meta']
[1.317s] Level 1:colcon.colcon_core.package_identification:_identify(src/remote_node) by extension 'colcon_meta'
[1.317s] Level 1:colcon.colcon_core.package_identification:_identify(src/remote_node) by extensions ['ros']
[1.317s] Level 1:colcon.colcon_core.package_identification:_identify(src/remote_node) by extension 'ros'
[1.318s] DEBUG:colcon.colcon_core.package_identification:Package 'src/remote_node' with type 'ros.ament_python' and name 'remote_node'
[1.318s] Level 1:colcon.colcon_core.package_identification:_identify(src/start_auv) by extensions ['ignore', 'ignore_ament_install']
[1.318s] Level 1:colcon.colcon_core.package_identification:_identify(src/start_auv) by extension 'ignore'
[1.318s] Level 1:colcon.colcon_core.package_identification:_identify(src/start_auv) by extension 'ignore_ament_install'
[1.318s] Level 1:colcon.colcon_core.package_identification:_identify(src/start_auv) by extensions ['colcon_pkg']
[1.318s] Level 1:colcon.colcon_core.package_identification:_identify(src/start_auv) by extension 'colcon_pkg'
[1.318s] Level 1:colcon.colcon_core.package_identification:_identify(src/start_auv) by extensions ['colcon_meta']
[1.319s] Level 1:colcon.colcon_core.package_identification:_identify(src/start_auv) by extension 'colcon_meta'
[1.319s] Level 1:colcon.colcon_core.package_identification:_identify(src/start_auv) by extensions ['ros']
[1.319s] Level 1:colcon.colcon_core.package_identification:_identify(src/start_auv) by extension 'ros'
[1.319s] DEBUG:colcon.colcon_core.package_identification:Package 'src/start_auv' with type 'ros.ament_python' and name 'start_auv'
[1.319s] Level 1:colcon.colcon_core.package_identification:_identify(src/task1_node) by extensions ['ignore', 'ignore_ament_install']
[1.319s] Level 1:colcon.colcon_core.package_identification:_identify(src/task1_node) by extension 'ignore'
[1.319s] Level 1:colcon.colcon_core.package_identification:_identify(src/task1_node) by extension 'ignore_ament_install'
[1.319s] Level 1:colcon.colcon_core.package_identification:_identify(src/task1_node) by extensions ['colcon_pkg']
[1.320s] Level 1:colcon.colcon_core.package_identification:_identify(src/task1_node) by extension 'colcon_pkg'
[1.320s] Level 1:colcon.colcon_core.package_identification:_identify(src/task1_node) by extensions ['colcon_meta']
[1.320s] Level 1:colcon.colcon_core.package_identification:_identify(src/task1_node) by extension 'colcon_meta'
[1.320s] Level 1:colcon.colcon_core.package_identification:_identify(src/task1_node) by extensions ['ros']
[1.320s] Level 1:colcon.colcon_core.package_identification:_identify(src/task1_node) by extension 'ros'
[1.320s] DEBUG:colcon.colcon_core.package_identification:Package 'src/task1_node' with type 'ros.ament_python' and name 'task1_node'
[1.320s] Level 1:colcon.colcon_core.package_identification:_identify(src/task2_node) by extensions ['ignore', 'ignore_ament_install']
[1.321s] Level 1:colcon.colcon_core.package_identification:_identify(src/task2_node) by extension 'ignore'
[1.321s] Level 1:colcon.colcon_core.package_identification:_identify(src/task2_node) by extension 'ignore_ament_install'
[1.321s] Level 1:colcon.colcon_core.package_identification:_identify(src/task2_node) by extensions ['colcon_pkg']
[1.321s] Level 1:colcon.colcon_core.package_identification:_identify(src/task2_node) by extension 'colcon_pkg'
[1.321s] Level 1:colcon.colcon_core.package_identification:_identify(src/task2_node) by extensions ['colcon_meta']
[1.321s] Level 1:colcon.colcon_core.package_identification:_identify(src/task2_node) by extension 'colcon_meta'
[1.321s] Level 1:colcon.colcon_core.package_identification:_identify(src/task2_node) by extensions ['ros']
[1.321s] Level 1:colcon.colcon_core.package_identification:_identify(src/task2_node) by extension 'ros'
[1.321s] DEBUG:colcon.colcon_core.package_identification:Package 'src/task2_node' with type 'ros.ament_python' and name 'task2_node'
[1.321s] Level 1:colcon.colcon_core.package_discovery:discover_packages(recursive) using defaults
[1.322s] Level 1:colcon.colcon_core.package_discovery:discover_packages(ignore) discover
[1.322s] Level 1:colcon.colcon_core.package_discovery:discover_packages(ignore) using defaults
[1.322s] Level 1:colcon.colcon_core.package_discovery:discover_packages(path) discover
[1.322s] Level 1:colcon.colcon_core.package_discovery:discover_packages(path) using defaults
[1.426s] Level 5:colcon.colcon_core.verb:set package 'buoyancy_node' build argument 'cmake_args' from command line to 'None'
[1.426s] Level 5:colcon.colcon_core.verb:set package 'buoyancy_node' build argument 'cmake_target' from command line to 'None'
[1.426s] Level 5:colcon.colcon_core.verb:set package 'buoyancy_node' build argument 'cmake_target_skip_unavailable' from command line to 'False'
[1.426s] Level 5:colcon.colcon_core.verb:set package 'buoyancy_node' build argument 'cmake_clean_cache' from command line to 'False'
[1.426s] Level 5:colcon.colcon_core.verb:set package 'buoyancy_node' build argument 'cmake_clean_first' from command line to 'False'
[1.426s] Level 5:colcon.colcon_core.verb:set package 'buoyancy_node' build argument 'cmake_force_configure' from command line to 'False'
[1.426s] Level 5:colcon.colcon_core.verb:set package 'buoyancy_node' build argument 'ament_cmake_args' from command line to 'None'
[1.426s] Level 5:colcon.colcon_core.verb:set package 'buoyancy_node' build argument 'catkin_cmake_args' from command line to 'None'
[1.426s] Level 5:colcon.colcon_core.verb:set package 'buoyancy_node' build argument 'catkin_skip_building_tests' from command line to 'False'
[1.426s] DEBUG:colcon.colcon_core.verb:Building package 'buoyancy_node' with the following arguments: {'ament_cmake_args': None, 'build_base': '/home/orangepi/AUV_ROS2/build/buoyancy_node', 'catkin_cmake_args': None, 'catkin_skip_building_tests': False, 'cmake_args': None, 'cmake_clean_cache': False, 'cmake_clean_first': False, 'cmake_force_configure': False, 'cmake_target': None, 'cmake_target_skip_unavailable': False, 'install_base': '/home/orangepi/AUV_ROS2/install/buoyancy_node', 'merge_install': False, 'path': '/home/orangepi/AUV_ROS2/src/buoyancy_node', 'symlink_install': False, 'test_result_base': None}
[1.445s] Level 5:colcon.colcon_core.verb:set package 'control_interfaces' build argument 'cmake_args' from command line to 'None'
[1.445s] Level 5:colcon.colcon_core.verb:set package 'control_interfaces' build argument 'cmake_target' from command line to 'None'
[1.445s] Level 5:colcon.colcon_core.verb:set package 'control_interfaces' build argument 'cmake_target_skip_unavailable' from command line to 'False'
[1.445s] Level 5:colcon.colcon_core.verb:set package 'control_interfaces' build argument 'cmake_clean_cache' from command line to 'False'
[1.445s] Level 5:colcon.colcon_core.verb:set package 'control_interfaces' build argument 'cmake_clean_first' from command line to 'False'
[1.445s] Level 5:colcon.colcon_core.verb:set package 'control_interfaces' build argument 'cmake_force_configure' from command line to 'False'
[1.445s] Level 5:colcon.colcon_core.verb:set package 'control_interfaces' build argument 'ament_cmake_args' from command line to 'None'
[1.445s] Level 5:colcon.colcon_core.verb:set package 'control_interfaces' build argument 'catkin_cmake_args' from command line to 'None'
[1.445s] Level 5:colcon.colcon_core.verb:set package 'control_interfaces' build argument 'catkin_skip_building_tests' from command line to 'False'
[1.445s] DEBUG:colcon.colcon_core.verb:Building package 'control_interfaces' with the following arguments: {'ament_cmake_args': None, 'build_base': '/home/orangepi/AUV_ROS2/build/control_interfaces', 'catkin_cmake_args': None, 'catkin_skip_building_tests': False, 'cmake_args': None, 'cmake_clean_cache': False, 'cmake_clean_first': False, 'cmake_force_configure': False, 'cmake_target': None, 'cmake_target_skip_unavailable': False, 'install_base': '/home/orangepi/AUV_ROS2/install/control_interfaces', 'merge_install': False, 'path': '/home/orangepi/AUV_ROS2/src/control_interfaces', 'symlink_install': False, 'test_result_base': None}
[1.464s] Level 5:colcon.colcon_core.verb:set package 'control_node' build argument 'cmake_args' from command line to 'None'
[1.464s] Level 5:colcon.colcon_core.verb:set package 'control_node' build argument 'cmake_target' from command line to 'None'
[1.464s] Level 5:colcon.colcon_core.verb:set package 'control_node' build argument 'cmake_target_skip_unavailable' from command line to 'False'
[1.464s] Level 5:colcon.colcon_core.verb:set package 'control_node' build argument 'cmake_clean_cache' from command line to 'False'
[1.464s] Level 5:colcon.colcon_core.verb:set package 'control_node' build argument 'cmake_clean_first' from command line to 'False'
[1.464s] Level 5:colcon.colcon_core.verb:set package 'control_node' build argument 'cmake_force_configure' from command line to 'False'
[1.464s] Level 5:colcon.colcon_core.verb:set package 'control_node' build argument 'ament_cmake_args' from command line to 'None'
[1.464s] Level 5:colcon.colcon_core.verb:set package 'control_node' build argument 'catkin_cmake_args' from command line to 'None'
[1.464s] Level 5:colcon.colcon_core.verb:set package 'control_node' build argument 'catkin_skip_building_tests' from command line to 'False'
[1.464s] DEBUG:colcon.colcon_core.verb:Building package 'control_node' with the following arguments: {'ament_cmake_args': None, 'build_base': '/home/orangepi/AUV_ROS2/build/control_node', 'catkin_cmake_args': None, 'catkin_skip_building_tests': False, 'cmake_args': None, 'cmake_clean_cache': False, 'cmake_clean_first': False, 'cmake_force_configure': False, 'cmake_target': None, 'cmake_target_skip_unavailable': False, 'install_base': '/home/orangepi/AUV_ROS2/install/control_node', 'merge_install': False, 'path': '/home/orangepi/AUV_ROS2/src/control_node', 'symlink_install': False, 'test_result_base': None}
[1.482s] Level 5:colcon.colcon_core.verb:set package 'master_node' build argument 'cmake_args' from command line to 'None'
[1.482s] Level 5:colcon.colcon_core.verb:set package 'master_node' build argument 'cmake_target' from command line to 'None'
[1.483s] Level 5:colcon.colcon_core.verb:set package 'master_node' build argument 'cmake_target_skip_unavailable' from command line to 'False'
[1.483s] Level 5:colcon.colcon_core.verb:set package 'master_node' build argument 'cmake_clean_cache' from command line to 'False'
[1.483s] Level 5:colcon.colcon_core.verb:set package 'master_node' build argument 'cmake_clean_first' from command line to 'False'
[1.483s] Level 5:colcon.colcon_core.verb:set package 'master_node' build argument 'cmake_force_configure' from command line to 'False'
[1.483s] Level 5:colcon.colcon_core.verb:set package 'master_node' build argument 'ament_cmake_args' from command line to 'None'
[1.483s] Level 5:colcon.colcon_core.verb:set package 'master_node' build argument 'catkin_cmake_args' from command line to 'None'
[1.483s] Level 5:colcon.colcon_core.verb:set package 'master_node' build argument 'catkin_skip_building_tests' from command line to 'False'
[1.483s] DEBUG:colcon.colcon_core.verb:Building package 'master_node' with the following arguments: {'ament_cmake_args': None, 'build_base': '/home/orangepi/AUV_ROS2/build/master_node', 'catkin_cmake_args': None, 'catkin_skip_building_tests': False, 'cmake_args': None, 'cmake_clean_cache': False, 'cmake_clean_first': False, 'cmake_force_configure': False, 'cmake_target': None, 'cmake_target_skip_unavailable': False, 'install_base': '/home/orangepi/AUV_ROS2/install/master_node', 'merge_install': False, 'path': '/home/orangepi/AUV_ROS2/src/master_node', 'symlink_install': False, 'test_result_base': None}
[1.501s] Level 5:colcon.colcon_core.verb:set package 'remote_node' build argument 'cmake_args' from command line to 'None'
[1.501s] Level 5:colcon.colcon_core.verb:set package 'remote_node' build argument 'cmake_target' from command line to 'None'
[1.501s] Level 5:colcon.colcon_core.verb:set package 'remote_node' build argument 'cmake_target_skip_unavailable' from command line to 'False'
[1.501s] Level 5:colcon.colcon_core.verb:set package 'remote_node' build argument 'cmake_clean_cache' from command line to 'False'
[1.501s] Level 5:colcon.colcon_core.verb:set package 'remote_node' build argument 'cmake_clean_first' from command line to 'False'
[1.501s] Level 5:colcon.colcon_core.verb:set package 'remote_node' build argument 'cmake_force_configure' from command line to 'False'
[1.501s] Level 5:colcon.colcon_core.verb:set package 'remote_node' build argument 'ament_cmake_args' from command line to 'None'
[1.501s] Level 5:colcon.colcon_core.verb:set package 'remote_node' build argument 'catkin_cmake_args' from command line to 'None'
[1.501s] Level 5:colcon.colcon_core.verb:set package 'remote_node' build argument 'catkin_skip_building_tests' from command line to 'False'
[1.501s] DEBUG:colcon.colcon_core.verb:Building package 'remote_node' with the following arguments: {'ament_cmake_args': None, 'build_base': '/home/orangepi/AUV_ROS2/build/remote_node', 'catkin_cmake_args': None, 'catkin_skip_building_tests': False, 'cmake_args': None, 'cmake_clean_cache': False, 'cmake_clean_first': False, 'cmake_force_configure': False, 'cmake_target': None, 'cmake_target_skip_unavailable': False, 'install_base': '/home/orangepi/AUV_ROS2/install/remote_node', 'merge_install': False, 'path': '/home/orangepi/AUV_ROS2/src/remote_node', 'symlink_install': False, 'test_result_base': None}
[1.519s] Level 5:colcon.colcon_core.verb:set package 'start_auv' build argument 'cmake_args' from command line to 'None'
[1.519s] Level 5:colcon.colcon_core.verb:set package 'start_auv' build argument 'cmake_target' from command line to 'None'
[1.519s] Level 5:colcon.colcon_core.verb:set package 'start_auv' build argument 'cmake_target_skip_unavailable' from command line to 'False'
[1.519s] Level 5:colcon.colcon_core.verb:set package 'start_auv' build argument 'cmake_clean_cache' from command line to 'False'
[1.519s] Level 5:colcon.colcon_core.verb:set package 'start_auv' build argument 'cmake_clean_first' from command line to 'False'
[1.519s] Level 5:colcon.colcon_core.verb:set package 'start_auv' build argument 'cmake_force_configure' from command line to 'False'
[1.519s] Level 5:colcon.colcon_core.verb:set package 'start_auv' build argument 'ament_cmake_args' from command line to 'None'
[1.519s] Level 5:colcon.colcon_core.verb:set package 'start_auv' build argument 'catkin_cmake_args' from command line to 'None'
[1.519s] Level 5:colcon.colcon_core.verb:set package 'start_auv' build argument 'catkin_skip_building_tests' from command line to 'False'
[1.519s] DEBUG:colcon.colcon_core.verb:Building package 'start_auv' with the following arguments: {'ament_cmake_args': None, 'build_base': '/home/orangepi/AUV_ROS2/build/start_auv', 'catkin_cmake_args': None, 'catkin_skip_building_tests': False, 'cmake_args': None, 'cmake_clean_cache': False, 'cmake_clean_first': False, 'cmake_force_configure': False, 'cmake_target': None, 'cmake_target_skip_unavailable': False, 'install_base': '/home/orangepi/AUV_ROS2/install/start_auv', 'merge_install': False, 'path': '/home/orangepi/AUV_ROS2/src/start_auv', 'symlink_install': False, 'test_result_base': None}
[1.537s] Level 5:colcon.colcon_core.verb:set package 'task1_node' build argument 'cmake_args' from command line to 'None'
[1.537s] Level 5:colcon.colcon_core.verb:set package 'task1_node' build argument 'cmake_target' from command line to 'None'
[1.537s] Level 5:colcon.colcon_core.verb:set package 'task1_node' build argument 'cmake_target_skip_unavailable' from command line to 'False'
[1.537s] Level 5:colcon.colcon_core.verb:set package 'task1_node' build argument 'cmake_clean_cache' from command line to 'False'
[1.537s] Level 5:colcon.colcon_core.verb:set package 'task1_node' build argument 'cmake_clean_first' from command line to 'False'
[1.537s] Level 5:colcon.colcon_core.verb:set package 'task1_node' build argument 'cmake_force_configure' from command line to 'False'
[1.537s] Level 5:colcon.colcon_core.verb:set package 'task1_node' build argument 'ament_cmake_args' from command line to 'None'
[1.537s] Level 5:colcon.colcon_core.verb:set package 'task1_node' build argument 'catkin_cmake_args' from command line to 'None'
[1.537s] Level 5:colcon.colcon_core.verb:set package 'task1_node' build argument 'catkin_skip_building_tests' from command line to 'False'
[1.537s] DEBUG:colcon.colcon_core.verb:Building package 'task1_node' with the following arguments: {'ament_cmake_args': None, 'build_base': '/home/orangepi/AUV_ROS2/build/task1_node', 'catkin_cmake_args': None, 'catkin_skip_building_tests': False, 'cmake_args': None, 'cmake_clean_cache': False, 'cmake_clean_first': False, 'cmake_force_configure': False, 'cmake_target': None, 'cmake_target_skip_unavailable': False, 'install_base': '/home/orangepi/AUV_ROS2/install/task1_node', 'merge_install': False, 'path': '/home/orangepi/AUV_ROS2/src/task1_node', 'symlink_install': False, 'test_result_base': None}
[1.554s] Level 5:colcon.colcon_core.verb:set package 'task2_node' build argument 'cmake_args' from command line to 'None'
[1.554s] Level 5:colcon.colcon_core.verb:set package 'task2_node' build argument 'cmake_target' from command line to 'None'
[1.555s] Level 5:colcon.colcon_core.verb:set package 'task2_node' build argument 'cmake_target_skip_unavailable' from command line to 'False'
[1.555s] Level 5:colcon.colcon_core.verb:set package 'task2_node' build argument 'cmake_clean_cache' from command line to 'False'
[1.555s] Level 5:colcon.colcon_core.verb:set package 'task2_node' build argument 'cmake_clean_first' from command line to 'False'
[1.555s] Level 5:colcon.colcon_core.verb:set package 'task2_node' build argument 'cmake_force_configure' from command line to 'False'
[1.555s] Level 5:colcon.colcon_core.verb:set package 'task2_node' build argument 'ament_cmake_args' from command line to 'None'
[1.555s] Level 5:colcon.colcon_core.verb:set package 'task2_node' build argument 'catkin_cmake_args' from command line to 'None'
[1.555s] Level 5:colcon.colcon_core.verb:set package 'task2_node' build argument 'catkin_skip_building_tests' from command line to 'False'
[1.555s] DEBUG:colcon.colcon_core.verb:Building package 'task2_node' with the following arguments: {'ament_cmake_args': None, 'build_base': '/home/orangepi/AUV_ROS2/build/task2_node', 'catkin_cmake_args': None, 'catkin_skip_building_tests': False, 'cmake_args': None, 'cmake_clean_cache': False, 'cmake_clean_first': False, 'cmake_force_configure': False, 'cmake_target': None, 'cmake_target_skip_unavailable': False, 'install_base': '/home/orangepi/AUV_ROS2/install/task2_node', 'merge_install': False, 'path': '/home/orangepi/AUV_ROS2/src/task2_node', 'symlink_install': False, 'test_result_base': None}
[1.572s] INFO:colcon.colcon_core.executor:Executing jobs using 'parallel' executor
[1.590s] DEBUG:colcon.colcon_parallel_executor.executor.parallel:run_until_complete
[1.591s] INFO:colcon.colcon_ros.task.ament_python.build:Building ROS package in '/home/orangepi/AUV_ROS2/src/buoyancy_node' with build type 'ament_python'
[1.591s] Level 1:colcon.colcon_core.shell:create_environment_hook('buoyancy_node', 'ament_prefix_path')
[1.613s] INFO:colcon.colcon_core.plugin_system:Skipping extension 'colcon_core.shell.bat': Not used on non-Windows systems
[1.613s] INFO:colcon.colcon_core.shell:Creating environment hook '/home/orangepi/AUV_ROS2/install/buoyancy_node/share/buoyancy_node/hook/ament_prefix_path.ps1'
[1.614s] INFO:colcon.colcon_core.shell:Creating environment descriptor '/home/orangepi/AUV_ROS2/install/buoyancy_node/share/buoyancy_node/hook/ament_prefix_path.dsv'
[1.615s] INFO:colcon.colcon_core.shell:Creating environment hook '/home/orangepi/AUV_ROS2/install/buoyancy_node/share/buoyancy_node/hook/ament_prefix_path.sh'
[1.634s] INFO:colcon.colcon_core.shell:Skip shell extension 'powershell' for command environment: Not usable outside of PowerShell
[1.634s] DEBUG:colcon.colcon_core.shell:Skip shell extension 'dsv' for command environment
[1.711s] INFO:colcon.colcon_ros.task.ament_cmake.build:Building ROS package in '/home/orangepi/AUV_ROS2/src/control_interfaces' with build type 'ament_cmake'
[1.712s] INFO:colcon.colcon_cmake.task.cmake.build:Building CMake package in '/home/orangepi/AUV_ROS2/src/control_interfaces'
[1.732s] INFO:colcon.colcon_core.shell:Skip shell extension 'powershell' for command environment: Not usable outside of PowerShell
[1.732s] DEBUG:colcon.colcon_core.shell:Skip shell extension 'dsv' for command environment
[1.808s] INFO:colcon.colcon_ros.task.ament_python.build:Building ROS package in '/home/orangepi/AUV_ROS2/src/control_node' with build type 'ament_python'
[1.808s] Level 1:colcon.colcon_core.shell:create_environment_hook('control_node', 'ament_prefix_path')
[1.827s] INFO:colcon.colcon_core.shell:Creating environment hook '/home/orangepi/AUV_ROS2/install/control_node/share/control_node/hook/ament_prefix_path.ps1'
[1.827s] INFO:colcon.colcon_core.shell:Creating environment descriptor '/home/orangepi/AUV_ROS2/install/control_node/share/control_node/hook/ament_prefix_path.dsv'
[1.828s] INFO:colcon.colcon_core.shell:Creating environment hook '/home/orangepi/AUV_ROS2/install/control_node/share/control_node/hook/ament_prefix_path.sh'
[1.846s] INFO:colcon.colcon_core.shell:Skip shell extension 'powershell' for command environment: Not usable outside of PowerShell
[1.846s] DEBUG:colcon.colcon_core.shell:Skip shell extension 'dsv' for command environment
[1.920s] INFO:colcon.colcon_ros.task.ament_python.build:Building ROS package in '/home/orangepi/AUV_ROS2/src/master_node' with build type 'ament_python'
[1.920s] Level 1:colcon.colcon_core.shell:create_environment_hook('master_node', 'ament_prefix_path')
[1.939s] INFO:colcon.colcon_core.shell:Creating environment hook '/home/orangepi/AUV_ROS2/install/master_node/share/master_node/hook/ament_prefix_path.ps1'
[1.940s] INFO:colcon.colcon_core.shell:Creating environment descriptor '/home/orangepi/AUV_ROS2/install/master_node/share/master_node/hook/ament_prefix_path.dsv'
[1.940s] INFO:colcon.colcon_core.shell:Creating environment hook '/home/orangepi/AUV_ROS2/install/master_node/share/master_node/hook/ament_prefix_path.sh'
[1.958s] INFO:colcon.colcon_core.shell:Skip shell extension 'powershell' for command environment: Not usable outside of PowerShell
[1.958s] DEBUG:colcon.colcon_core.shell:Skip shell extension 'dsv' for command environment
[2.034s] INFO:colcon.colcon_ros.task.ament_python.build:Building ROS package in '/home/orangepi/AUV_ROS2/src/remote_node' with build type 'ament_python'
[2.034s] Level 1:colcon.colcon_core.shell:create_environment_hook('remote_node', 'ament_prefix_path')
[2.053s] INFO:colcon.colcon_core.shell:Creating environment hook '/home/orangepi/AUV_ROS2/install/remote_node/share/remote_node/hook/ament_prefix_path.ps1'
[2.054s] INFO:colcon.colcon_core.shell:Creating environment descriptor '/home/orangepi/AUV_ROS2/install/remote_node/share/remote_node/hook/ament_prefix_path.dsv'
[2.054s] INFO:colcon.colcon_core.shell:Creating environment hook '/home/orangepi/AUV_ROS2/install/remote_node/share/remote_node/hook/ament_prefix_path.sh'
[2.074s] INFO:colcon.colcon_core.shell:Skip shell extension 'powershell' for command environment: Not usable outside of PowerShell
[2.074s] DEBUG:colcon.colcon_core.shell:Skip shell extension 'dsv' for command environment
[2.153s] INFO:colcon.colcon_ros.task.ament_python.build:Building ROS package in '/home/orangepi/AUV_ROS2/src/start_auv' with build type 'ament_python'
[2.153s] Level 1:colcon.colcon_core.shell:create_environment_hook('start_auv', 'ament_prefix_path')
[2.173s] INFO:colcon.colcon_core.shell:Creating environment hook '/home/orangepi/AUV_ROS2/install/start_auv/share/start_auv/hook/ament_prefix_path.ps1'
[2.174s] INFO:colcon.colcon_core.shell:Creating environment descriptor '/home/orangepi/AUV_ROS2/install/start_auv/share/start_auv/hook/ament_prefix_path.dsv'
[2.174s] INFO:colcon.colcon_core.shell:Creating environment hook '/home/orangepi/AUV_ROS2/install/start_auv/share/start_auv/hook/ament_prefix_path.sh'
[2.194s] INFO:colcon.colcon_core.shell:Skip shell extension 'powershell' for command environment: Not usable outside of PowerShell
[2.194s] DEBUG:colcon.colcon_core.shell:Skip shell extension 'dsv' for command environment
[2.270s] INFO:colcon.colcon_ros.task.ament_python.build:Building ROS package in '/home/orangepi/AUV_ROS2/src/task1_node' with build type 'ament_python'
[2.270s] Level 1:colcon.colcon_core.shell:create_environment_hook('task1_node', 'ament_prefix_path')
[2.289s] INFO:colcon.colcon_core.shell:Creating environment hook '/home/orangepi/AUV_ROS2/install/task1_node/share/task1_node/hook/ament_prefix_path.ps1'
[2.290s] INFO:colcon.colcon_core.shell:Creating environment descriptor '/home/orangepi/AUV_ROS2/install/task1_node/share/task1_node/hook/ament_prefix_path.dsv'
[2.290s] INFO:colcon.colcon_core.shell:Creating environment hook '/home/orangepi/AUV_ROS2/install/task1_node/share/task1_node/hook/ament_prefix_path.sh'
[2.309s] INFO:colcon.colcon_core.shell:Skip shell extension 'powershell' for command environment: Not usable outside of PowerShell
[2.310s] DEBUG:colcon.colcon_core.shell:Skip shell extension 'dsv' for command environment
[2.411s] INFO:colcon.colcon_ros.task.ament_python.build:Building ROS package in '/home/orangepi/AUV_ROS2/src/task2_node' with build type 'ament_python'
[2.411s] Level 1:colcon.colcon_core.shell:create_environment_hook('task2_node', 'ament_prefix_path')
[2.430s] INFO:colcon.colcon_core.shell:Creating environment hook '/home/orangepi/AUV_ROS2/install/task2_node/share/task2_node/hook/ament_prefix_path.ps1'
[2.431s] INFO:colcon.colcon_core.shell:Creating environment descriptor '/home/orangepi/AUV_ROS2/install/task2_node/share/task2_node/hook/ament_prefix_path.dsv'
[2.431s] INFO:colcon.colcon_core.shell:Creating environment hook '/home/orangepi/AUV_ROS2/install/task2_node/share/task2_node/hook/ament_prefix_path.sh'
[2.449s] INFO:colcon.colcon_core.shell:Skip shell extension 'powershell' for command environment: Not usable outside of PowerShell
[2.449s] DEBUG:colcon.colcon_core.shell:Skip shell extension 'dsv' for command environment
[2.926s] INFO:colcon.colcon_core.task.python.build:Building Python package in '/home/orangepi/AUV_ROS2/src/buoyancy_node'
[2.945s] INFO:colcon.colcon_core.shell:Skip shell extension 'powershell' for command environment: Not usable outside of PowerShell
[2.945s] DEBUG:colcon.colcon_core.shell:Skip shell extension 'dsv' for command environment
[3.028s] DEBUG:colcon.colcon_core.event_handler.log_command:Invoking command in '/home/orangepi/AUV_ROS2/build/control_interfaces': CMAKE_PREFIX_PATH=${CMAKE_PREFIX_PATH}:/home/orangepi/AUV_ROS2/install/task2_node:/home/orangepi/AUV_ROS2/install/task1_node:/home/orangepi/AUV_ROS2/install/start_auv:/home/orangepi/AUV_ROS2/install/remote_node:/home/orangepi/AUV_ROS2/install/master_node:/home/orangepi/AUV_ROS2/install/control_node:/home/orangepi/AUV_ROS2/install/buoyancy_node:/home/orangepi/opencv_ws/install/task2_drum_detection:/home/orangepi/opencv_ws/install/task1_gate_detection:/home/orangepi/opencv_ws/install/task1_flare_detection:/home/orangepi/opencv_ws/install/q_gate_detection:/home/orangepi/opencv_ws/install/master_node_simulation:/home/orangepi/opencv_ws/install/facer_input:/opt/ros/humble /usr/bin/cmake --build /home/orangepi/AUV_ROS2/build/control_interfaces -- -j8 -l8
[3.464s] INFO:colcon.colcon_core.task.python.build:Building Python package in '/home/orangepi/AUV_ROS2/src/control_node'
[3.483s] INFO:colcon.colcon_core.shell:Skip shell extension 'powershell' for command environment: Not usable outside of PowerShell
[3.483s] DEBUG:colcon.colcon_core.shell:Skip shell extension 'dsv' for command environment
[3.960s] INFO:colcon.colcon_core.task.python.build:Building Python package in '/home/orangepi/AUV_ROS2/src/master_node'
[3.978s] INFO:colcon.colcon_core.shell:Skip shell extension 'powershell' for command environment: Not usable outside of PowerShell
[3.978s] DEBUG:colcon.colcon_core.shell:Skip shell extension 'dsv' for command environment
[4.421s] INFO:colcon.colcon_core.task.python.build:Building Python package in '/home/orangepi/AUV_ROS2/src/remote_node'
[4.453s] INFO:colcon.colcon_core.shell:Skip shell extension 'powershell' for command environment: Not usable outside of PowerShell
[4.453s] DEBUG:colcon.colcon_core.shell:Skip shell extension 'dsv' for command environment
[4.950s] INFO:colcon.colcon_core.task.python.build:Building Python package in '/home/orangepi/AUV_ROS2/src/start_auv'
[4.975s] INFO:colcon.colcon_core.shell:Skip shell extension 'powershell' for command environment: Not usable outside of PowerShell
[4.975s] DEBUG:colcon.colcon_core.shell:Skip shell extension 'dsv' for command environment
[5.445s] INFO:colcon.colcon_core.task.python.build:Building Python package in '/home/orangepi/AUV_ROS2/src/task1_node'
[5.467s] INFO:colcon.colcon_core.shell:Skip shell extension 'powershell' for command environment: Not usable outside of PowerShell
[5.467s] DEBUG:colcon.colcon_core.shell:Skip shell extension 'dsv' for command environment
[5.963s] INFO:colcon.colcon_core.task.python.build:Building Python package in '/home/orangepi/AUV_ROS2/src/task2_node'
[5.985s] INFO:colcon.colcon_core.shell:Skip shell extension 'powershell' for command environment: Not usable outside of PowerShell
[5.985s] DEBUG:colcon.colcon_core.shell:Skip shell extension 'dsv' for command environment
[6.100s] DEBUG:colcon.colcon_core.event_handler.log_command:Invoked command in '/home/orangepi/AUV_ROS2/build/control_interfaces' returned '0': CMAKE_PREFIX_PATH=${CMAKE_PREFIX_PATH}:/home/orangepi/AUV_ROS2/install/task2_node:/home/orangepi/AUV_ROS2/install/task1_node:/home/orangepi/AUV_ROS2/install/start_auv:/home/orangepi/AUV_ROS2/install/remote_node:/home/orangepi/AUV_ROS2/install/master_node:/home/orangepi/AUV_ROS2/install/control_node:/home/orangepi/AUV_ROS2/install/buoyancy_node:/home/orangepi/opencv_ws/install/task2_drum_detection:/home/orangepi/opencv_ws/install/task1_gate_detection:/home/orangepi/opencv_ws/install/task1_flare_detection:/home/orangepi/opencv_ws/install/q_gate_detection:/home/orangepi/opencv_ws/install/master_node_simulation:/home/orangepi/opencv_ws/install/facer_input:/opt/ros/humble /usr/bin/cmake --build /home/orangepi/AUV_ROS2/build/control_interfaces -- -j8 -l8
[6.692s] DEBUG:colcon.colcon_core.event_handler.log_command:Invoking command in '/home/orangepi/AUV_ROS2/src/master_node': PYTHONPATH=/home/orangepi/AUV_ROS2/build/master_node/prefix_override:/home/orangepi/AUV_ROS2/install/master_node/lib/python3.10/site-packages:${PYTHONPATH} /usr/bin/python3 setup.py egg_info --egg-base ../../build/master_node build --build-base /home/orangepi/AUV_ROS2/build/master_node/build install --record /home/orangepi/AUV_ROS2/build/master_node/install.log --single-version-externally-managed
[6.723s] DEBUG:colcon.colcon_core.event_handler.log_command:Invoking command in '/home/orangepi/AUV_ROS2/src/remote_node': PYTHONPATH=/home/orangepi/AUV_ROS2/build/remote_node/prefix_override:/home/orangepi/AUV_ROS2/install/remote_node/lib/python3.10/site-packages:${PYTHONPATH} /usr/bin/python3 setup.py egg_info --egg-base ../../build/remote_node build --build-base /home/orangepi/AUV_ROS2/build/remote_node/build install --record /home/orangepi/AUV_ROS2/build/remote_node/install.log --single-version-externally-managed
[6.770s] DEBUG:colcon.colcon_core.event_handler.log_command:Invoking command in '/home/orangepi/AUV_ROS2/src/task1_node': PYTHONPATH=/home/orangepi/AUV_ROS2/build/task1_node/prefix_override:/home/orangepi/AUV_ROS2/install/task1_node/lib/python3.10/site-packages:${PYTHONPATH} /usr/bin/python3 setup.py egg_info --egg-base ../../build/task1_node build --build-base /home/orangepi/AUV_ROS2/build/task1_node/build install --record /home/orangepi/AUV_ROS2/build/task1_node/install.log --single-version-externally-managed
[6.874s] DEBUG:colcon.colcon_core.event_handler.log_command:Invoking command in '/home/orangepi/AUV_ROS2/src/task2_node': PYTHONPATH=/home/orangepi/AUV_ROS2/build/task2_node/prefix_override:/home/orangepi/AUV_ROS2/install/task2_node/lib/python3.10/site-packages:${PYTHONPATH} /usr/bin/python3 setup.py egg_info --egg-base ../../build/task2_node build --build-base /home/orangepi/AUV_ROS2/build/task2_node/build install --record /home/orangepi/AUV_ROS2/build/task2_node/install.log --single-version-externally-managed
[6.929s] DEBUG:colcon.colcon_core.event_handler.log_command:Invoking command in '/home/orangepi/AUV_ROS2/build/control_interfaces': CMAKE_PREFIX_PATH=${CMAKE_PREFIX_PATH}:/home/orangepi/AUV_ROS2/install/task2_node:/home/orangepi/AUV_ROS2/install/task1_node:/home/orangepi/AUV_ROS2/install/start_auv:/home/orangepi/AUV_ROS2/install/remote_node:/home/orangepi/AUV_ROS2/install/master_node:/home/orangepi/AUV_ROS2/install/control_node:/home/orangepi/AUV_ROS2/install/buoyancy_node:/home/orangepi/opencv_ws/install/task2_drum_detection:/home/orangepi/opencv_ws/install/task1_gate_detection:/home/orangepi/opencv_ws/install/task1_flare_detection:/home/orangepi/opencv_ws/install/q_gate_detection:/home/orangepi/opencv_ws/install/master_node_simulation:/home/orangepi/opencv_ws/install/facer_input:/opt/ros/humble /usr/bin/cmake --install /home/orangepi/AUV_ROS2/build/control_interfaces
[7.107s] Level 1:colcon.colcon_core.environment:create_environment_scripts_only(control_interfaces)
[7.125s] DEBUG:colcon.colcon_core.event_handler.log_command:Invoked command in '/home/orangepi/AUV_ROS2/build/control_interfaces' returned '0': CMAKE_PREFIX_PATH=${CMAKE_PREFIX_PATH}:/home/orangepi/AUV_ROS2/install/task2_node:/home/orangepi/AUV_ROS2/install/task1_node:/home/orangepi/AUV_ROS2/install/start_auv:/home/orangepi/AUV_ROS2/install/remote_node:/home/orangepi/AUV_ROS2/install/master_node:/home/orangepi/AUV_ROS2/install/control_node:/home/orangepi/AUV_ROS2/install/buoyancy_node:/home/orangepi/opencv_ws/install/task2_drum_detection:/home/orangepi/opencv_ws/install/task1_gate_detection:/home/orangepi/opencv_ws/install/task1_flare_detection:/home/orangepi/opencv_ws/install/q_gate_detection:/home/orangepi/opencv_ws/install/master_node_simulation:/home/orangepi/opencv_ws/install/facer_input:/opt/ros/humble /usr/bin/cmake --install /home/orangepi/AUV_ROS2/build/control_interfaces
[7.140s] Level 1:colcon.colcon_core.environment:checking '/home/orangepi/AUV_ROS2/install/control_interfaces' for CMake module files
[7.141s] Level 1:colcon.colcon_core.environment:checking '/home/orangepi/AUV_ROS2/install/control_interfaces' for CMake config files
[7.142s] Level 1:colcon.colcon_core.shell:create_environment_hook('control_interfaces', 'cmake_prefix_path')
[7.163s] INFO:colcon.colcon_core.shell:Creating environment hook '/home/orangepi/AUV_ROS2/install/control_interfaces/share/control_interfaces/hook/cmake_prefix_path.ps1'
[7.164s] INFO:colcon.colcon_core.shell:Creating environment descriptor '/home/orangepi/AUV_ROS2/install/control_interfaces/share/control_interfaces/hook/cmake_prefix_path.dsv'
[7.164s] INFO:colcon.colcon_core.shell:Creating environment hook '/home/orangepi/AUV_ROS2/install/control_interfaces/share/control_interfaces/hook/cmake_prefix_path.sh'
[7.166s] Level 1:colcon.colcon_core.environment:checking '/home/orangepi/AUV_ROS2/install/control_interfaces/lib'
[7.166s] Level 1:colcon.colcon_core.shell:create_environment_hook('control_interfaces', 'ld_library_path_lib')
[7.185s] INFO:colcon.colcon_core.shell:Creating environment hook '/home/orangepi/AUV_ROS2/install/control_interfaces/share/control_interfaces/hook/ld_library_path_lib.ps1'
[7.186s] INFO:colcon.colcon_core.shell:Creating environment descriptor '/home/orangepi/AUV_ROS2/install/control_interfaces/share/control_interfaces/hook/ld_library_path_lib.dsv'
[7.187s] INFO:colcon.colcon_core.shell:Creating environment hook '/home/orangepi/AUV_ROS2/install/control_interfaces/share/control_interfaces/hook/ld_library_path_lib.sh'
[7.188s] Level 1:colcon.colcon_core.environment:checking '/home/orangepi/AUV_ROS2/install/control_interfaces/bin'
[7.188s] Level 1:colcon.colcon_core.environment:checking '/home/orangepi/AUV_ROS2/install/control_interfaces/lib/pkgconfig/control_interfaces.pc'
[7.188s] Level 1:colcon.colcon_core.environment:checking '/home/orangepi/AUV_ROS2/install/control_interfaces/lib/python3.10/site-packages'
[7.189s] Level 1:colcon.colcon_core.environment:checking '/home/orangepi/AUV_ROS2/install/control_interfaces/bin'
[7.209s] INFO:colcon.colcon_core.shell:Creating package script '/home/orangepi/AUV_ROS2/install/control_interfaces/share/control_interfaces/package.ps1'
[7.210s] INFO:colcon.colcon_core.shell:Creating package descriptor '/home/orangepi/AUV_ROS2/install/control_interfaces/share/control_interfaces/package.dsv'
[7.211s] INFO:colcon.colcon_core.shell:Creating package script '/home/orangepi/AUV_ROS2/install/control_interfaces/share/control_interfaces/package.sh'
[7.213s] INFO:colcon.colcon_core.shell:Creating package script '/home/orangepi/AUV_ROS2/install/control_interfaces/share/control_interfaces/package.bash'
[7.214s] INFO:colcon.colcon_core.shell:Creating package script '/home/orangepi/AUV_ROS2/install/control_interfaces/share/control_interfaces/package.zsh'
[7.215s] Level 1:colcon.colcon_core.environment:create_file_with_runtime_dependencies(/home/orangepi/AUV_ROS2/install/control_interfaces/share/colcon-core/packages/control_interfaces)
[7.232s] DEBUG:colcon.colcon_core.event_handler.log_command:Invoking command in '/home/orangepi/AUV_ROS2/src/start_auv': PYTHONPATH=/home/orangepi/AUV_ROS2/build/start_auv/prefix_override:/home/orangepi/AUV_ROS2/install/start_auv/lib/python3.10/site-packages:${PYTHONPATH} /usr/bin/python3 setup.py egg_info --egg-base ../../build/start_auv build --build-base /home/orangepi/AUV_ROS2/build/start_auv/build install --record /home/orangepi/AUV_ROS2/build/start_auv/install.log --single-version-externally-managed
[7.234s] DEBUG:colcon.colcon_core.event_handler.log_command:Invoking command in '/home/orangepi/AUV_ROS2/src/control_node': PYTHONPATH=/home/orangepi/AUV_ROS2/build/control_node/prefix_override:/home/orangepi/AUV_ROS2/install/control_node/lib/python3.10/site-packages:${PYTHONPATH} /usr/bin/python3 setup.py egg_info --egg-base ../../build/control_node build --build-base /home/orangepi/AUV_ROS2/build/control_node/build install --record /home/orangepi/AUV_ROS2/build/control_node/install.log --single-version-externally-managed
[7.365s] DEBUG:colcon.colcon_core.event_handler.log_command:Invoked command in '/home/orangepi/AUV_ROS2/src/task2_node' returned '0': PYTHONPATH=/home/orangepi/AUV_ROS2/build/task2_node/prefix_override:/home/orangepi/AUV_ROS2/install/task2_node/lib/python3.10/site-packages:${PYTHONPATH} /usr/bin/python3 setup.py egg_info --egg-base ../../build/task2_node build --build-base /home/orangepi/AUV_ROS2/build/task2_node/build install --record /home/orangepi/AUV_ROS2/build/task2_node/install.log --single-version-externally-managed
[7.473s] Level 1:colcon.colcon_core.environment:checking '/home/orangepi/AUV_ROS2/install/task2_node' for CMake module files
[7.475s] Level 1:colcon.colcon_core.environment:checking '/home/orangepi/AUV_ROS2/install/task2_node' for CMake config files
[7.478s] Level 1:colcon.colcon_core.environment:checking '/home/orangepi/AUV_ROS2/install/task2_node/lib'
[7.479s] Level 1:colcon.colcon_core.environment:checking '/home/orangepi/AUV_ROS2/install/task2_node/bin'
[7.479s] Level 1:colcon.colcon_core.environment:checking '/home/orangepi/AUV_ROS2/install/task2_node/lib/pkgconfig/task2_node.pc'
[7.481s] Level 1:colcon.colcon_core.environment:checking '/home/orangepi/AUV_ROS2/install/task2_node/lib/python3.10/site-packages'
[7.481s] Level 1:colcon.colcon_core.shell:create_environment_hook('task2_node', 'pythonpath')
[7.595s] INFO:colcon.colcon_core.shell:Creating environment hook '/home/orangepi/AUV_ROS2/install/task2_node/share/task2_node/hook/pythonpath.ps1'
[7.597s] INFO:colcon.colcon_core.shell:Creating environment descriptor '/home/orangepi/AUV_ROS2/install/task2_node/share/task2_node/hook/pythonpath.dsv'
[7.599s] INFO:colcon.colcon_core.shell:Creating environment hook '/home/orangepi/AUV_ROS2/install/task2_node/share/task2_node/hook/pythonpath.sh'
[7.602s] Level 1:colcon.colcon_core.environment:checking '/home/orangepi/AUV_ROS2/install/task2_node/bin'
[7.602s] Level 1:colcon.colcon_core.environment:create_environment_scripts_only(task2_node)
[7.716s] INFO:colcon.colcon_core.shell:Creating package script '/home/orangepi/AUV_ROS2/install/task2_node/share/task2_node/package.ps1'
[7.719s] INFO:colcon.colcon_core.shell:Creating package descriptor '/home/orangepi/AUV_ROS2/install/task2_node/share/task2_node/package.dsv'
[7.722s] INFO:colcon.colcon_core.shell:Creating package script '/home/orangepi/AUV_ROS2/install/task2_node/share/task2_node/package.sh'
[7.726s] INFO:colcon.colcon_core.shell:Creating package script '/home/orangepi/AUV_ROS2/install/task2_node/share/task2_node/package.bash'
[7.730s] INFO:colcon.colcon_core.shell:Creating package script '/home/orangepi/AUV_ROS2/install/task2_node/share/task2_node/package.zsh'
[7.734s] Level 1:colcon.colcon_core.environment:create_file_with_runtime_dependencies(/home/orangepi/AUV_ROS2/install/task2_node/share/colcon-core/packages/task2_node)
[7.765s] DEBUG:colcon.colcon_core.event_handler.log_command:Invoked command in '/home/orangepi/AUV_ROS2/src/remote_node' returned '0': PYTHONPATH=/home/orangepi/AUV_ROS2/build/remote_node/prefix_override:/home/orangepi/AUV_ROS2/install/remote_node/lib/python3.10/site-packages:${PYTHONPATH} /usr/bin/python3 setup.py egg_info --egg-base ../../build/remote_node build --build-base /home/orangepi/AUV_ROS2/build/remote_node/build install --record /home/orangepi/AUV_ROS2/build/remote_node/install.log --single-version-externally-managed
[7.790s] Level 1:colcon.colcon_core.environment:checking '/home/orangepi/AUV_ROS2/install/remote_node' for CMake module files
[7.792s] Level 1:colcon.colcon_core.environment:checking '/home/orangepi/AUV_ROS2/install/remote_node' for CMake config files
[7.793s] Level 1:colcon.colcon_core.environment:checking '/home/orangepi/AUV_ROS2/install/remote_node/lib'
[7.793s] Level 1:colcon.colcon_core.environment:checking '/home/orangepi/AUV_ROS2/install/remote_node/bin'
[7.793s] Level 1:colcon.colcon_core.environment:checking '/home/orangepi/AUV_ROS2/install/remote_node/lib/pkgconfig/remote_node.pc'
[7.794s] Level 1:colcon.colcon_core.environment:checking '/home/orangepi/AUV_ROS2/install/remote_node/lib/python3.10/site-packages'
[7.794s] Level 1:colcon.colcon_core.shell:create_environment_hook('remote_node', 'pythonpath')
[7.816s] INFO:colcon.colcon_core.shell:Creating environment hook '/home/orangepi/AUV_ROS2/install/remote_node/share/remote_node/hook/pythonpath.ps1'
[7.818s] INFO:colcon.colcon_core.shell:Creating environment descriptor '/home/orangepi/AUV_ROS2/install/remote_node/share/remote_node/hook/pythonpath.dsv'
[7.819s] INFO:colcon.colcon_core.shell:Creating environment hook '/home/orangepi/AUV_ROS2/install/remote_node/share/remote_node/hook/pythonpath.sh'
[7.820s] Level 1:colcon.colcon_core.environment:checking '/home/orangepi/AUV_ROS2/install/remote_node/bin'
[7.820s] Level 1:colcon.colcon_core.environment:create_environment_scripts_only(remote_node)
[7.845s] INFO:colcon.colcon_core.shell:Creating package script '/home/orangepi/AUV_ROS2/install/remote_node/share/remote_node/package.ps1'
[7.846s] INFO:colcon.colcon_core.shell:Creating package descriptor '/home/orangepi/AUV_ROS2/install/remote_node/share/remote_node/package.dsv'
[7.847s] INFO:colcon.colcon_core.shell:Creating package script '/home/orangepi/AUV_ROS2/install/remote_node/share/remote_node/package.sh'
[7.848s] INFO:colcon.colcon_core.shell:Creating package script '/home/orangepi/AUV_ROS2/install/remote_node/share/remote_node/package.bash'
[7.849s] INFO:colcon.colcon_core.shell:Creating package script '/home/orangepi/AUV_ROS2/install/remote_node/share/remote_node/package.zsh'
[7.849s] Level 1:colcon.colcon_core.environment:create_file_with_runtime_dependencies(/home/orangepi/AUV_ROS2/install/remote_node/share/colcon-core/packages/remote_node)
[7.883s] Level 1:colcon.colcon_core.environment:create_environment_scripts_only(control_interfaces)
[7.901s] Level 1:colcon.colcon_core.environment:checking '/home/orangepi/AUV_ROS2/install/control_interfaces' for CMake module files
[7.902s] Level 1:colcon.colcon_core.environment:checking '/home/orangepi/AUV_ROS2/install/control_interfaces' for CMake config files
[7.903s] Level 1:colcon.colcon_core.shell:create_environment_hook('control_interfaces', 'cmake_prefix_path')
[7.921s] INFO:colcon.colcon_core.shell:Creating environment hook '/home/orangepi/AUV_ROS2/install/control_interfaces/share/control_interfaces/hook/cmake_prefix_path.ps1'
[7.922s] INFO:colcon.colcon_core.shell:Creating environment descriptor '/home/orangepi/AUV_ROS2/install/control_interfaces/share/control_interfaces/hook/cmake_prefix_path.dsv'
[7.922s] INFO:colcon.colcon_core.shell:Creating environment hook '/home/orangepi/AUV_ROS2/install/control_interfaces/share/control_interfaces/hook/cmake_prefix_path.sh'
[7.923s] Level 1:colcon.colcon_core.environment:checking '/home/orangepi/AUV_ROS2/install/control_interfaces/lib'
[7.923s] Level 1:colcon.colcon_core.shell:create_environment_hook('control_interfaces', 'ld_library_path_lib')
[7.943s] INFO:colcon.colcon_core.shell:Creating environment hook '/home/orangepi/AUV_ROS2/install/control_interfaces/share/control_interfaces/hook/ld_library_path_lib.ps1'
[7.944s] INFO:colcon.colcon_core.shell:Creating environment descriptor '/home/orangepi/AUV_ROS2/install/control_interfaces/share/control_interfaces/hook/ld_library_path_lib.dsv'
[7.945s] INFO:colcon.colcon_core.shell:Creating environment hook '/home/orangepi/AUV_ROS2/install/control_interfaces/share/control_interfaces/hook/ld_library_path_lib.sh'
[7.945s] Level 1:colcon.colcon_core.environment:checking '/home/orangepi/AUV_ROS2/install/control_interfaces/bin'
[7.946s] Level 1:colcon.colcon_core.environment:checking '/home/orangepi/AUV_ROS2/install/control_interfaces/lib/pkgconfig/control_interfaces.pc'
[7.946s] Level 1:colcon.colcon_core.environment:checking '/home/orangepi/AUV_ROS2/install/control_interfaces/lib/python3.10/site-packages'
[7.947s] Level 1:colcon.colcon_core.environment:checking '/home/orangepi/AUV_ROS2/install/control_interfaces/bin'
[7.968s] INFO:colcon.colcon_core.shell:Creating package script '/home/orangepi/AUV_ROS2/install/control_interfaces/share/control_interfaces/package.ps1'
[7.969s] INFO:colcon.colcon_core.shell:Creating package descriptor '/home/orangepi/AUV_ROS2/install/control_interfaces/share/control_interfaces/package.dsv'
[7.970s] INFO:colcon.colcon_core.shell:Creating package script '/home/orangepi/AUV_ROS2/install/control_interfaces/share/control_interfaces/package.sh'
[7.971s] INFO:colcon.colcon_core.shell:Creating package script '/home/orangepi/AUV_ROS2/install/control_interfaces/share/control_interfaces/package.bash'
[7.971s] INFO:colcon.colcon_core.shell:Creating package script '/home/orangepi/AUV_ROS2/install/control_interfaces/share/control_interfaces/package.zsh'
[7.972s] Level 1:colcon.colcon_core.environment:create_file_with_runtime_dependencies(/home/orangepi/AUV_ROS2/install/control_interfaces/share/colcon-core/packages/control_interfaces)
[7.984s] DEBUG:colcon.colcon_core.event_handler.log_command:Invoking command in '/home/orangepi/AUV_ROS2/src/buoyancy_node': PYTHONPATH=/home/orangepi/AUV_ROS2/build/buoyancy_node/prefix_override:/home/orangepi/AUV_ROS2/install/buoyancy_node/lib/python3.10/site-packages:${PYTHONPATH} /usr/bin/python3 setup.py egg_info --egg-base ../../build/buoyancy_node build --build-base /home/orangepi/AUV_ROS2/build/buoyancy_node/build install --record /home/orangepi/AUV_ROS2/build/buoyancy_node/install.log --single-version-externally-managed
[7.985s] DEBUG:colcon.colcon_core.event_handler.log_command:Invoked command in '/home/orangepi/AUV_ROS2/src/master_node' returned '0': PYTHONPATH=/home/orangepi/AUV_ROS2/build/master_node/prefix_override:/home/orangepi/AUV_ROS2/install/master_node/lib/python3.10/site-packages:${PYTHONPATH} /usr/bin/python3 setup.py egg_info --egg-base ../../build/master_node build --build-base /home/orangepi/AUV_ROS2/build/master_node/build install --record /home/orangepi/AUV_ROS2/build/master_node/install.log --single-version-externally-managed
[8.000s] Level 1:colcon.colcon_core.environment:checking '/home/orangepi/AUV_ROS2/install/master_node' for CMake module files
[8.000s] Level 1:colcon.colcon_core.environment:checking '/home/orangepi/AUV_ROS2/install/master_node' for CMake config files
[8.001s] Level 1:colcon.colcon_core.environment:checking '/home/orangepi/AUV_ROS2/install/master_node/lib'
[8.001s] Level 1:colcon.colcon_core.environment:checking '/home/orangepi/AUV_ROS2/install/master_node/bin'
[8.001s] Level 1:colcon.colcon_core.environment:checking '/home/orangepi/AUV_ROS2/install/master_node/lib/pkgconfig/master_node.pc'
[8.002s] Level 1:colcon.colcon_core.environment:checking '/home/orangepi/AUV_ROS2/install/master_node/lib/python3.10/site-packages'
[8.002s] Level 1:colcon.colcon_core.shell:create_environment_hook('master_node', 'pythonpath')
[8.021s] INFO:colcon.colcon_core.shell:Creating environment hook '/home/orangepi/AUV_ROS2/install/master_node/share/master_node/hook/pythonpath.ps1'
[8.021s] INFO:colcon.colcon_core.shell:Creating environment descriptor '/home/orangepi/AUV_ROS2/install/master_node/share/master_node/hook/pythonpath.dsv'
[8.022s] INFO:colcon.colcon_core.shell:Creating environment hook '/home/orangepi/AUV_ROS2/install/master_node/share/master_node/hook/pythonpath.sh'
[8.023s] Level 1:colcon.colcon_core.environment:checking '/home/orangepi/AUV_ROS2/install/master_node/bin'
[8.023s] Level 1:colcon.colcon_core.environment:create_environment_scripts_only(master_node)
[8.043s] INFO:colcon.colcon_core.shell:Creating package script '/home/orangepi/AUV_ROS2/install/master_node/share/master_node/package.ps1'
[8.044s] INFO:colcon.colcon_core.shell:Creating package descriptor '/home/orangepi/AUV_ROS2/install/master_node/share/master_node/package.dsv'
[8.045s] INFO:colcon.colcon_core.shell:Creating package script '/home/orangepi/AUV_ROS2/install/master_node/share/master_node/package.sh'
[8.046s] INFO:colcon.colcon_core.shell:Creating package script '/home/orangepi/AUV_ROS2/install/master_node/share/master_node/package.bash'
[8.047s] INFO:colcon.colcon_core.shell:Creating package script '/home/orangepi/AUV_ROS2/install/master_node/share/master_node/package.zsh'
[8.047s] Level 1:colcon.colcon_core.environment:create_file_with_runtime_dependencies(/home/orangepi/AUV_ROS2/install/master_node/share/colcon-core/packages/master_node)
[8.051s] DEBUG:colcon.colcon_core.event_handler.log_command:Invoked command in '/home/orangepi/AUV_ROS2/src/control_node' returned '0': PYTHONPATH=/home/orangepi/AUV_ROS2/build/control_node/prefix_override:/home/orangepi/AUV_ROS2/install/control_node/lib/python3.10/site-packages:${PYTHONPATH} /usr/bin/python3 setup.py egg_info --egg-base ../../build/control_node build --build-base /home/orangepi/AUV_ROS2/build/control_node/build install --record /home/orangepi/AUV_ROS2/build/control_node/install.log --single-version-externally-managed
[8.071s] Level 1:colcon.colcon_core.environment:checking '/home/orangepi/AUV_ROS2/install/control_node' for CMake module files
[8.071s] Level 1:colcon.colcon_core.environment:checking '/home/orangepi/AUV_ROS2/install/control_node' for CMake config files
[8.072s] Level 1:colcon.colcon_core.environment:checking '/home/orangepi/AUV_ROS2/install/control_node/lib'
[8.072s] Level 1:colcon.colcon_core.environment:checking '/home/orangepi/AUV_ROS2/install/control_node/bin'
[8.073s] Level 1:colcon.colcon_core.environment:checking '/home/orangepi/AUV_ROS2/install/control_node/lib/pkgconfig/control_node.pc'
[8.073s] Level 1:colcon.colcon_core.environment:checking '/home/orangepi/AUV_ROS2/install/control_node/lib/python3.10/site-packages'
[8.073s] Level 1:colcon.colcon_core.shell:create_environment_hook('control_node', 'pythonpath')
[8.092s] INFO:colcon.colcon_core.shell:Creating environment hook '/home/orangepi/AUV_ROS2/install/control_node/share/control_node/hook/pythonpath.ps1'
[8.093s] INFO:colcon.colcon_core.shell:Creating environment descriptor '/home/orangepi/AUV_ROS2/install/control_node/share/control_node/hook/pythonpath.dsv'
[8.094s] INFO:colcon.colcon_core.shell:Creating environment hook '/home/orangepi/AUV_ROS2/install/control_node/share/control_node/hook/pythonpath.sh'
[8.095s] Level 1:colcon.colcon_core.environment:checking '/home/orangepi/AUV_ROS2/install/control_node/bin'
[8.096s] Level 1:colcon.colcon_core.environment:create_environment_scripts_only(control_node)
[8.115s] INFO:colcon.colcon_core.shell:Creating package script '/home/orangepi/AUV_ROS2/install/control_node/share/control_node/package.ps1'
[8.116s] INFO:colcon.colcon_core.shell:Creating package descriptor '/home/orangepi/AUV_ROS2/install/control_node/share/control_node/package.dsv'
[8.117s] INFO:colcon.colcon_core.shell:Creating package script '/home/orangepi/AUV_ROS2/install/control_node/share/control_node/package.sh'
[8.117s] INFO:colcon.colcon_core.shell:Creating package script '/home/orangepi/AUV_ROS2/install/control_node/share/control_node/package.bash'
[8.118s] INFO:colcon.colcon_core.shell:Creating package script '/home/orangepi/AUV_ROS2/install/control_node/share/control_node/package.zsh'
[8.118s] Level 1:colcon.colcon_core.environment:create_file_with_runtime_dependencies(/home/orangepi/AUV_ROS2/install/control_node/share/colcon-core/packages/control_node)
[8.124s] DEBUG:colcon.colcon_core.event_handler.log_command:Invoked command in '/home/orangepi/AUV_ROS2/src/start_auv' returned '0': PYTHONPATH=/home/orangepi/AUV_ROS2/build/start_auv/prefix_override:/home/orangepi/AUV_ROS2/install/start_auv/lib/python3.10/site-packages:${PYTHONPATH} /usr/bin/python3 setup.py egg_info --egg-base ../../build/start_auv build --build-base /home/orangepi/AUV_ROS2/build/start_auv/build install --record /home/orangepi/AUV_ROS2/build/start_auv/install.log --single-version-externally-managed
[8.156s] Level 1:colcon.colcon_core.environment:checking '/home/orangepi/AUV_ROS2/install/start_auv' for CMake module files
[8.156s] Level 1:colcon.colcon_core.environment:checking '/home/orangepi/AUV_ROS2/install/start_auv' for CMake config files
[8.157s] Level 1:colcon.colcon_core.environment:checking '/home/orangepi/AUV_ROS2/install/start_auv/lib'
[8.157s] Level 1:colcon.colcon_core.environment:checking '/home/orangepi/AUV_ROS2/install/start_auv/bin'
[8.157s] Level 1:colcon.colcon_core.environment:checking '/home/orangepi/AUV_ROS2/install/start_auv/lib/pkgconfig/start_auv.pc'
[8.158s] Level 1:colcon.colcon_core.environment:checking '/home/orangepi/AUV_ROS2/install/start_auv/lib/python3.10/site-packages'
[8.159s] Level 1:colcon.colcon_core.shell:create_environment_hook('start_auv', 'pythonpath')
[8.180s] INFO:colcon.colcon_core.shell:Creating environment hook '/home/orangepi/AUV_ROS2/install/start_auv/share/start_auv/hook/pythonpath.ps1'
[8.181s] INFO:colcon.colcon_core.shell:Creating environment descriptor '/home/orangepi/AUV_ROS2/install/start_auv/share/start_auv/hook/pythonpath.dsv'
[8.182s] INFO:colcon.colcon_core.shell:Creating environment hook '/home/orangepi/AUV_ROS2/install/start_auv/share/start_auv/hook/pythonpath.sh'
[8.183s] Level 1:colcon.colcon_core.environment:checking '/home/orangepi/AUV_ROS2/install/start_auv/bin'
[8.184s] Level 1:colcon.colcon_core.environment:create_environment_scripts_only(start_auv)
[8.204s] INFO:colcon.colcon_core.shell:Creating package script '/home/orangepi/AUV_ROS2/install/start_auv/share/start_auv/package.ps1'
[8.206s] INFO:colcon.colcon_core.shell:Creating package descriptor '/home/orangepi/AUV_ROS2/install/start_auv/share/start_auv/package.dsv'
[8.206s] INFO:colcon.colcon_core.shell:Creating package script '/home/orangepi/AUV_ROS2/install/start_auv/share/start_auv/package.sh'
[8.207s] INFO:colcon.colcon_core.shell:Creating package script '/home/orangepi/AUV_ROS2/install/start_auv/share/start_auv/package.bash'
[8.208s] INFO:colcon.colcon_core.shell:Creating package script '/home/orangepi/AUV_ROS2/install/start_auv/share/start_auv/package.zsh'
[8.209s] Level 1:colcon.colcon_core.environment:create_file_with_runtime_dependencies(/home/orangepi/AUV_ROS2/install/start_auv/share/colcon-core/packages/start_auv)
[8.210s] DEBUG:colcon.colcon_core.event_handler.log_command:Invoked command in '/home/orangepi/AUV_ROS2/src/task1_node' returned '0': PYTHONPATH=/home/orangepi/AUV_ROS2/build/task1_node/prefix_override:/home/orangepi/AUV_ROS2/install/task1_node/lib/python3.10/site-packages:${PYTHONPATH} /usr/bin/python3 setup.py egg_info --egg-base ../../build/task1_node build --build-base /home/orangepi/AUV_ROS2/build/task1_node/build install --record /home/orangepi/AUV_ROS2/build/task1_node/install.log --single-version-externally-managed
[8.237s] Level 1:colcon.colcon_core.environment:checking '/home/orangepi/AUV_ROS2/install/task1_node' for CMake module files
[8.238s] Level 1:colcon.colcon_core.environment:checking '/home/orangepi/AUV_ROS2/install/task1_node' for CMake config files
[8.239s] Level 1:colcon.colcon_core.environment:checking '/home/orangepi/AUV_ROS2/install/task1_node/lib'
[8.240s] Level 1:colcon.colcon_core.environment:checking '/home/orangepi/AUV_ROS2/install/task1_node/bin'
[8.240s] Level 1:colcon.colcon_core.environment:checking '/home/orangepi/AUV_ROS2/install/task1_node/lib/pkgconfig/task1_node.pc'
[8.240s] Level 1:colcon.colcon_core.environment:checking '/home/orangepi/AUV_ROS2/install/task1_node/lib/python3.10/site-packages'
[8.240s] Level 1:colcon.colcon_core.shell:create_environment_hook('task1_node', 'pythonpath')
[8.261s] INFO:colcon.colcon_core.shell:Creating environment hook '/home/orangepi/AUV_ROS2/install/task1_node/share/task1_node/hook/pythonpath.ps1'
[8.262s] INFO:colcon.colcon_core.shell:Creating environment descriptor '/home/orangepi/AUV_ROS2/install/task1_node/share/task1_node/hook/pythonpath.dsv'
[8.263s] INFO:colcon.colcon_core.shell:Creating environment hook '/home/orangepi/AUV_ROS2/install/task1_node/share/task1_node/hook/pythonpath.sh'
[8.264s] Level 1:colcon.colcon_core.environment:checking '/home/orangepi/AUV_ROS2/install/task1_node/bin'
[8.264s] Level 1:colcon.colcon_core.environment:create_environment_scripts_only(task1_node)
[8.285s] INFO:colcon.colcon_core.shell:Creating package script '/home/orangepi/AUV_ROS2/install/task1_node/share/task1_node/package.ps1'
[8.286s] INFO:colcon.colcon_core.shell:Creating package descriptor '/home/orangepi/AUV_ROS2/install/task1_node/share/task1_node/package.dsv'
[8.286s] INFO:colcon.colcon_core.shell:Creating package script '/home/orangepi/AUV_ROS2/install/task1_node/share/task1_node/package.sh'
[8.287s] INFO:colcon.colcon_core.shell:Creating package script '/home/orangepi/AUV_ROS2/install/task1_node/share/task1_node/package.bash'
[8.288s] INFO:colcon.colcon_core.shell:Creating package script '/home/orangepi/AUV_ROS2/install/task1_node/share/task1_node/package.zsh'
[8.288s] Level 1:colcon.colcon_core.environment:create_file_with_runtime_dependencies(/home/orangepi/AUV_ROS2/install/task1_node/share/colcon-core/packages/task1_node)
[8.471s] DEBUG:colcon.colcon_core.event_handler.log_command:Invoked command in '/home/orangepi/AUV_ROS2/src/buoyancy_node' returned '0': PYTHONPATH=/home/orangepi/AUV_ROS2/build/buoyancy_node/prefix_override:/home/orangepi/AUV_ROS2/install/buoyancy_node/lib/python3.10/site-packages:${PYTHONPATH} /usr/bin/python3 setup.py egg_info --egg-base ../../build/buoyancy_node build --build-base /home/orangepi/AUV_ROS2/build/buoyancy_node/build install --record /home/orangepi/AUV_ROS2/build/buoyancy_node/install.log --single-version-externally-managed
[8.490s] Level 1:colcon.colcon_core.environment:checking '/home/orangepi/AUV_ROS2/install/buoyancy_node' for CMake module files
[8.491s] Level 1:colcon.colcon_core.environment:checking '/home/orangepi/AUV_ROS2/install/buoyancy_node' for CMake config files
[8.491s] Level 1:colcon.colcon_core.environment:checking '/home/orangepi/AUV_ROS2/install/buoyancy_node/lib'
[8.492s] Level 1:colcon.colcon_core.environment:checking '/home/orangepi/AUV_ROS2/install/buoyancy_node/bin'
[8.492s] Level 1:colcon.colcon_core.environment:checking '/home/orangepi/AUV_ROS2/install/buoyancy_node/lib/pkgconfig/buoyancy_node.pc'
[8.492s] Level 1:colcon.colcon_core.environment:checking '/home/orangepi/AUV_ROS2/install/buoyancy_node/lib/python3.10/site-packages'
[8.492s] Level 1:colcon.colcon_core.shell:create_environment_hook('buoyancy_node', 'pythonpath')
[8.511s] INFO:colcon.colcon_core.shell:Creating environment hook '/home/orangepi/AUV_ROS2/install/buoyancy_node/share/buoyancy_node/hook/pythonpath.ps1'
[8.512s] INFO:colcon.colcon_core.shell:Creating environment descriptor '/home/orangepi/AUV_ROS2/install/buoyancy_node/share/buoyancy_node/hook/pythonpath.dsv'
[8.513s] INFO:colcon.colcon_core.shell:Creating environment hook '/home/orangepi/AUV_ROS2/install/buoyancy_node/share/buoyancy_node/hook/pythonpath.sh'
[8.514s] Level 1:colcon.colcon_core.environment:checking '/home/orangepi/AUV_ROS2/install/buoyancy_node/bin'
[8.514s] Level 1:colcon.colcon_core.environment:create_environment_scripts_only(buoyancy_node)
[8.533s] INFO:colcon.colcon_core.shell:Creating package script '/home/orangepi/AUV_ROS2/install/buoyancy_node/share/buoyancy_node/package.ps1'
[8.534s] INFO:colcon.colcon_core.shell:Creating package descriptor '/home/orangepi/AUV_ROS2/install/buoyancy_node/share/buoyancy_node/package.dsv'
[8.535s] INFO:colcon.colcon_core.shell:Creating package script '/home/orangepi/AUV_ROS2/install/buoyancy_node/share/buoyancy_node/package.sh'
[8.536s] INFO:colcon.colcon_core.shell:Creating package script '/home/orangepi/AUV_ROS2/install/buoyancy_node/share/buoyancy_node/package.bash'
[8.536s] INFO:colcon.colcon_core.shell:Creating package script '/home/orangepi/AUV_ROS2/install/buoyancy_node/share/buoyancy_node/package.zsh'
[8.537s] Level 1:colcon.colcon_core.environment:create_file_with_runtime_dependencies(/home/orangepi/AUV_ROS2/install/buoyancy_node/share/colcon-core/packages/buoyancy_node)
[8.537s] DEBUG:colcon.colcon_parallel_executor.executor.parallel:closing loop
[8.538s] DEBUG:colcon.colcon_parallel_executor.executor.parallel:loop closed
[8.538s] DEBUG:colcon.colcon_parallel_executor.executor.parallel:run_until_complete finished with '0'
[8.538s] DEBUG:colcon.colcon_core.event_reactor:joining thread
[8.596s] INFO:colcon.colcon_core.plugin_system:Skipping extension 'colcon_notification.desktop_notification.terminal_notifier': Not used on non-Darwin systems
[8.597s] INFO:colcon.colcon_core.plugin_system:Skipping extension 'colcon_notification.desktop_notification.win32': Not used on non-Windows systems
[8.597s] INFO:colcon.colcon_notification.desktop_notification:Sending desktop notification using 'notify2'
[8.600s] DEBUG:colcon.colcon_notification.desktop_notification.notify2:Failed to initialize notify2: org.freedesktop.DBus.Error.ServiceUnknown: The name org.freedesktop.Notifications was not provided by any .service files
[8.600s] DEBUG:colcon.colcon_core.event_reactor:joined thread
[8.620s] INFO:colcon.colcon_core.shell:Creating prefix script '/home/orangepi/AUV_ROS2/install/local_setup.ps1'
[8.621s] INFO:colcon.colcon_core.shell:Creating prefix util module '/home/orangepi/AUV_ROS2/install/_local_setup_util_ps1.py'
[8.623s] INFO:colcon.colcon_core.shell:Creating prefix chain script '/home/orangepi/AUV_ROS2/install/setup.ps1'
[8.645s] INFO:colcon.colcon_core.shell:Creating prefix script '/home/orangepi/AUV_ROS2/install/local_setup.sh'
[8.646s] INFO:colcon.colcon_core.shell:Creating prefix util module '/home/orangepi/AUV_ROS2/install/_local_setup_util_sh.py'
[8.646s] INFO:colcon.colcon_core.shell:Creating prefix chain script '/home/orangepi/AUV_ROS2/install/setup.sh'
[8.668s] INFO:colcon.colcon_core.shell:Creating prefix script '/home/orangepi/AUV_ROS2/install/local_setup.bash'
[8.669s] INFO:colcon.colcon_core.shell:Creating prefix chain script '/home/orangepi/AUV_ROS2/install/setup.bash'
[8.691s] INFO:colcon.colcon_core.shell:Creating prefix script '/home/orangepi/AUV_ROS2/install/local_setup.zsh'
[8.692s] INFO:colcon.colcon_core.shell:Creating prefix chain script '/home/orangepi/AUV_ROS2/install/setup.zsh'
