[4.177s] Invoking command in '/home/orangepi/AUV_ROS2/src/start_auv': PYTHONPATH=/home/orangepi/AUV_ROS2/build/start_auv/prefix_override:/home/orangepi/AUV_ROS2/install/start_auv/lib/python3.10/site-packages:${PYTHONPATH} /usr/bin/python3 setup.py egg_info --egg-base ../../build/start_auv build --build-base /home/orangepi/AUV_ROS2/build/start_auv/build install --record /home/orangepi/AUV_ROS2/build/start_auv/install.log --single-version-externally-managed
[4.558s] running egg_info
[4.559s] writing ../../build/start_auv/start_auv.egg-info/PKG-INFO
[4.560s] writing dependency_links to ../../build/start_auv/start_auv.egg-info/dependency_links.txt
[4.560s] writing entry points to ../../build/start_auv/start_auv.egg-info/entry_points.txt
[4.560s] writing requirements to ../../build/start_auv/start_auv.egg-info/requires.txt
[4.560s] writing top-level names to ../../build/start_auv/start_auv.egg-info/top_level.txt
[4.572s] reading manifest file '../../build/start_auv/start_auv.egg-info/SOURCES.txt'
[4.573s] writing manifest file '../../build/start_auv/start_auv.egg-info/SOURCES.txt'
[4.573s] running build
[4.573s] running build_py
[4.573s] running install
[4.573s] running install_lib
[4.573s] running install_data
[4.573s] running install_egg_info
[4.573s] removing '/home/orangepi/AUV_ROS2/install/start_auv/lib/python3.10/site-packages/start_auv-0.0.0-py3.10.egg-info' (and everything under it)
[4.573s] /usr/lib/python3/dist-packages/setuptools/command/install.py:34: SetuptoolsDeprecationWarning: setup.py install is deprecated. Use build and pip and other standards-based tools.
[4.573s]   warnings.warn(
[4.574s] Copying ../../build/start_auv/start_auv.egg-info to /home/orangepi/AUV_ROS2/install/start_auv/lib/python3.10/site-packages/start_auv-0.0.0-py3.10.egg-info
[4.574s] running install_scripts
[4.609s] writing list of installed files to '/home/orangepi/AUV_ROS2/build/start_auv/install.log'
[5.057s] Invoked command in '/home/orangepi/AUV_ROS2/src/start_auv' returned '0': PYTHONPATH=/home/orangepi/AUV_ROS2/build/start_auv/prefix_override:/home/orangepi/AUV_ROS2/install/start_auv/lib/python3.10/site-packages:${PYTHONPATH} /usr/bin/python3 setup.py egg_info --egg-base ../../build/start_auv build --build-base /home/orangepi/AUV_ROS2/build/start_auv/build install --record /home/orangepi/AUV_ROS2/build/start_auv/install.log --single-version-externally-managed
