[3.105s] Invoking command in '/home/orangepi/AUV_ROS2/src/task1_flare_detection': PYTHONPATH=/home/orangepi/AUV_ROS2/build/task1_flare_detection/prefix_override:/home/orangepi/AUV_ROS2/install/task1_flare_detection/lib/python3.10/site-packages:${PYTHONPATH} /usr/bin/python3 -W ignore:setup.py install is deprecated setup.py egg_info --egg-base ../../build/task1_flare_detection build --build-base /home/orangepi/AUV_ROS2/build/task1_flare_detection/build install --record /home/orangepi/AUV_ROS2/build/task1_flare_detection/install.log --single-version-externally-managed install_data
[3.472s] running egg_info
[3.479s] writing ../../build/task1_flare_detection/task1_flare_detection.egg-info/PKG-INFO
[3.481s] writing dependency_links to ../../build/task1_flare_detection/task1_flare_detection.egg-info/dependency_links.txt
[3.481s] writing entry points to ../../build/task1_flare_detection/task1_flare_detection.egg-info/entry_points.txt
[3.482s] writing requirements to ../../build/task1_flare_detection/task1_flare_detection.egg-info/requires.txt
[3.482s] writing top-level names to ../../build/task1_flare_detection/task1_flare_detection.egg-info/top_level.txt
[3.485s] reading manifest file '../../build/task1_flare_detection/task1_flare_detection.egg-info/SOURCES.txt'
[3.485s] writing manifest file '../../build/task1_flare_detection/task1_flare_detection.egg-info/SOURCES.txt'
[3.488s] running build
[3.489s] running build_py
[3.493s] running install
[3.494s] running install_lib
[3.495s] running install_data
[3.495s] running install_egg_info
[3.496s] removing '/home/orangepi/AUV_ROS2/install/task1_flare_detection/lib/python3.10/site-packages/task1_flare_detection-0.0.0-py3.10.egg-info' (and everything under it)
[3.496s] Copying ../../build/task1_flare_detection/task1_flare_detection.egg-info to /home/orangepi/AUV_ROS2/install/task1_flare_detection/lib/python3.10/site-packages/task1_flare_detection-0.0.0-py3.10.egg-info
[3.496s] running install_scripts
[3.527s] Installing flare_detection script to /home/orangepi/AUV_ROS2/install/task1_flare_detection/lib/task1_flare_detection
[3.528s] writing list of installed files to '/home/orangepi/AUV_ROS2/build/task1_flare_detection/install.log'
[3.598s] Invoked command in '/home/orangepi/AUV_ROS2/src/task1_flare_detection' returned '0': PYTHONPATH=/home/orangepi/AUV_ROS2/build/task1_flare_detection/prefix_override:/home/orangepi/AUV_ROS2/install/task1_flare_detection/lib/python3.10/site-packages:${PYTHONPATH} /usr/bin/python3 -W ignore:setup.py install is deprecated setup.py egg_info --egg-base ../../build/task1_flare_detection build --build-base /home/orangepi/AUV_ROS2/build/task1_flare_detection/build install --record /home/orangepi/AUV_ROS2/build/task1_flare_detection/install.log --single-version-externally-managed install_data
