[1.229s] DEBUG:colcon:Command line arguments: ['/usr/bin/colcon', 'build']
[1.230s] DEBUG:colcon:Parsed command line arguments: Namespace(log_base=None, log_level=None, verb_name='build', build_base='build', install_base='install', merge_install=False, symlink_install=False, test_result_base=None, continue_on_error=False, executor='parallel', parallel_workers=8, event_handlers=None, ignore_user_meta=False, metas=['./colcon.meta'], base_paths=['.'], packages_ignore=None, packages_ignore_regex=None, paths=None, packages_up_to=None, packages_up_to_regex=None, packages_above=None, packages_above_and_dependencies=None, packages_above_depth=None, packages_select_by_dep=None, packages_skip_by_dep=None, packages_skip_up_to=None, packages_select_build_failed=False, packages_skip_build_finished=False, packages_select_test_failures=False, packages_skip_test_passed=False, packages_select=None, packages_skip=None, packages_select_regex=None, packages_skip_regex=None, packages_start=None, packages_end=None, cmake_args=None, cmake_target=None, cmake_target_skip_unavailable=False, cmake_clean_cache=False, cmake_clean_first=False, cmake_force_configure=False, ament_cmake_args=None, catkin_cmake_args=None, catkin_skip_building_tests=False, verb_parser=<colcon_defaults.argument_parser.defaults.DefaultArgumentsDecorator object at 0x7f8e3cea70>, verb_extension=<colcon_core.verb.build.BuildVerb object at 0x7f8e87b2e0>, main=<bound method BuildVerb.main of <colcon_core.verb.build.BuildVerb object at 0x7f8e87b2e0>>)
[1.293s] Level 1:colcon.colcon_core.package_discovery:discover_packages(colcon_meta) check parameters
[1.293s] Level 1:colcon.colcon_core.package_discovery:discover_packages(recursive) check parameters
[1.293s] Level 1:colcon.colcon_core.package_discovery:discover_packages(ignore) check parameters
[1.293s] Level 1:colcon.colcon_core.package_discovery:discover_packages(path) check parameters
[1.293s] Level 1:colcon.colcon_core.package_discovery:discover_packages(colcon_meta) discover
[1.293s] Level 1:colcon.colcon_core.package_discovery:discover_packages(recursive) discover
[1.293s] INFO:colcon.colcon_core.package_discovery:Crawling recursively for packages in '/home/orangepi/AUV_ROS2'
[1.293s] Level 1:colcon.colcon_core.package_identification:_identify(.) by extensions ['ignore', 'ignore_ament_install']
[1.293s] Level 1:colcon.colcon_core.package_identification:_identify(.) by extension 'ignore'
[1.293s] Level 1:colcon.colcon_core.package_identification:_identify(.) by extension 'ignore_ament_install'
[1.293s] Level 1:colcon.colcon_core.package_identification:_identify(.) by extensions ['colcon_pkg']
[1.294s] Level 1:colcon.colcon_core.package_identification:_identify(.) by extension 'colcon_pkg'
[1.294s] Level 1:colcon.colcon_core.package_identification:_identify(.) by extensions ['colcon_meta']
[1.294s] Level 1:colcon.colcon_core.package_identification:_identify(.) by extension 'colcon_meta'
[1.294s] Level 1:colcon.colcon_core.package_identification:_identify(.) by extensions ['ros']
[1.294s] Level 1:colcon.colcon_core.package_identification:_identify(.) by extension 'ros'
[1.310s] Level 1:colcon.colcon_core.package_identification:_identify(.) by extensions ['cmake', 'python']
[1.310s] Level 1:colcon.colcon_core.package_identification:_identify(.) by extension 'cmake'
[1.310s] Level 1:colcon.colcon_core.package_identification:_identify(.) by extension 'python'
[1.311s] Level 1:colcon.colcon_core.package_identification:_identify(.) by extensions ['python_setup_py']
[1.311s] Level 1:colcon.colcon_core.package_identification:_identify(.) by extension 'python_setup_py'
[1.311s] Level 1:colcon.colcon_core.package_identification:_identify(build) by extensions ['ignore', 'ignore_ament_install']
[1.311s] Level 1:colcon.colcon_core.package_identification:_identify(build) by extension 'ignore'
[1.311s] Level 1:colcon.colcon_core.package_identification:_identify(build) ignored
[1.311s] Level 1:colcon.colcon_core.package_identification:_identify(install) by extensions ['ignore', 'ignore_ament_install']
[1.311s] Level 1:colcon.colcon_core.package_identification:_identify(install) by extension 'ignore'
[1.311s] Level 1:colcon.colcon_core.package_identification:_identify(install) ignored
[1.312s] Level 1:colcon.colcon_core.package_identification:_identify(log) by extensions ['ignore', 'ignore_ament_install']
[1.312s] Level 1:colcon.colcon_core.package_identification:_identify(log) by extension 'ignore'
[1.312s] Level 1:colcon.colcon_core.package_identification:_identify(log) ignored
[1.312s] Level 1:colcon.colcon_core.package_identification:_identify(src) by extensions ['ignore', 'ignore_ament_install']
[1.312s] Level 1:colcon.colcon_core.package_identification:_identify(src) by extension 'ignore'
[1.312s] Level 1:colcon.colcon_core.package_identification:_identify(src) by extension 'ignore_ament_install'
[1.312s] Level 1:colcon.colcon_core.package_identification:_identify(src) by extensions ['colcon_pkg']
[1.312s] Level 1:colcon.colcon_core.package_identification:_identify(src) by extension 'colcon_pkg'
[1.312s] Level 1:colcon.colcon_core.package_identification:_identify(src) by extensions ['colcon_meta']
[1.312s] Level 1:colcon.colcon_core.package_identification:_identify(src) by extension 'colcon_meta'
[1.312s] Level 1:colcon.colcon_core.package_identification:_identify(src) by extensions ['ros']
[1.312s] Level 1:colcon.colcon_core.package_identification:_identify(src) by extension 'ros'
[1.312s] Level 1:colcon.colcon_core.package_identification:_identify(src) by extensions ['cmake', 'python']
[1.312s] Level 1:colcon.colcon_core.package_identification:_identify(src) by extension 'cmake'
[1.312s] Level 1:colcon.colcon_core.package_identification:_identify(src) by extension 'python'
[1.312s] Level 1:colcon.colcon_core.package_identification:_identify(src) by extensions ['python_setup_py']
[1.313s] Level 1:colcon.colcon_core.package_identification:_identify(src) by extension 'python_setup_py'
[1.313s] Level 1:colcon.colcon_core.package_identification:_identify(src/buoyancy_node) by extensions ['ignore', 'ignore_ament_install']
[1.313s] Level 1:colcon.colcon_core.package_identification:_identify(src/buoyancy_node) by extension 'ignore'
[1.313s] Level 1:colcon.colcon_core.package_identification:_identify(src/buoyancy_node) by extension 'ignore_ament_install'
[1.313s] Level 1:colcon.colcon_core.package_identification:_identify(src/buoyancy_node) by extensions ['colcon_pkg']
[1.313s] Level 1:colcon.colcon_core.package_identification:_identify(src/buoyancy_node) by extension 'colcon_pkg'
[1.313s] Level 1:colcon.colcon_core.package_identification:_identify(src/buoyancy_node) by extensions ['colcon_meta']
[1.313s] Level 1:colcon.colcon_core.package_identification:_identify(src/buoyancy_node) by extension 'colcon_meta'
[1.313s] Level 1:colcon.colcon_core.package_identification:_identify(src/buoyancy_node) by extensions ['ros']
[1.313s] Level 1:colcon.colcon_core.package_identification:_identify(src/buoyancy_node) by extension 'ros'
[1.316s] DEBUG:colcon.colcon_core.package_identification:Package 'src/buoyancy_node' with type 'ros.ament_python' and name 'buoyancy_node'
[1.317s] Level 1:colcon.colcon_core.package_identification:_identify(src/control_interfaces) by extensions ['ignore', 'ignore_ament_install']
[1.317s] Level 1:colcon.colcon_core.package_identification:_identify(src/control_interfaces) by extension 'ignore'
[1.317s] Level 1:colcon.colcon_core.package_identification:_identify(src/control_interfaces) by extension 'ignore_ament_install'
[1.317s] Level 1:colcon.colcon_core.package_identification:_identify(src/control_interfaces) by extensions ['colcon_pkg']
[1.317s] Level 1:colcon.colcon_core.package_identification:_identify(src/control_interfaces) by extension 'colcon_pkg'
[1.317s] Level 1:colcon.colcon_core.package_identification:_identify(src/control_interfaces) by extensions ['colcon_meta']
[1.317s] Level 1:colcon.colcon_core.package_identification:_identify(src/control_interfaces) by extension 'colcon_meta'
[1.317s] Level 1:colcon.colcon_core.package_identification:_identify(src/control_interfaces) by extensions ['ros']
[1.317s] Level 1:colcon.colcon_core.package_identification:_identify(src/control_interfaces) by extension 'ros'
[1.318s] DEBUG:colcon.colcon_core.package_identification:Package 'src/control_interfaces' with type 'ros.ament_cmake' and name 'control_interfaces'
[1.318s] Level 1:colcon.colcon_core.package_identification:_identify(src/control_node) by extensions ['ignore', 'ignore_ament_install']
[1.318s] Level 1:colcon.colcon_core.package_identification:_identify(src/control_node) by extension 'ignore'
[1.318s] Level 1:colcon.colcon_core.package_identification:_identify(src/control_node) by extension 'ignore_ament_install'
[1.318s] Level 1:colcon.colcon_core.package_identification:_identify(src/control_node) by extensions ['colcon_pkg']
[1.318s] Level 1:colcon.colcon_core.package_identification:_identify(src/control_node) by extension 'colcon_pkg'
[1.318s] Level 1:colcon.colcon_core.package_identification:_identify(src/control_node) by extensions ['colcon_meta']
[1.318s] Level 1:colcon.colcon_core.package_identification:_identify(src/control_node) by extension 'colcon_meta'
[1.318s] Level 1:colcon.colcon_core.package_identification:_identify(src/control_node) by extensions ['ros']
[1.318s] Level 1:colcon.colcon_core.package_identification:_identify(src/control_node) by extension 'ros'
[1.319s] DEBUG:colcon.colcon_core.package_identification:Package 'src/control_node' with type 'ros.ament_python' and name 'control_node'
[1.319s] Level 1:colcon.colcon_core.package_identification:_identify(src/master_node) by extensions ['ignore', 'ignore_ament_install']
[1.319s] Level 1:colcon.colcon_core.package_identification:_identify(src/master_node) by extension 'ignore'
[1.319s] Level 1:colcon.colcon_core.package_identification:_identify(src/master_node) by extension 'ignore_ament_install'
[1.319s] Level 1:colcon.colcon_core.package_identification:_identify(src/master_node) by extensions ['colcon_pkg']
[1.319s] Level 1:colcon.colcon_core.package_identification:_identify(src/master_node) by extension 'colcon_pkg'
[1.319s] Level 1:colcon.colcon_core.package_identification:_identify(src/master_node) by extensions ['colcon_meta']
[1.319s] Level 1:colcon.colcon_core.package_identification:_identify(src/master_node) by extension 'colcon_meta'
[1.319s] Level 1:colcon.colcon_core.package_identification:_identify(src/master_node) by extensions ['ros']
[1.319s] Level 1:colcon.colcon_core.package_identification:_identify(src/master_node) by extension 'ros'
[1.320s] DEBUG:colcon.colcon_core.package_identification:Package 'src/master_node' with type 'ros.ament_python' and name 'master_node'
[1.320s] Level 1:colcon.colcon_core.package_identification:_identify(src/remote_node) by extensions ['ignore', 'ignore_ament_install']
[1.320s] Level 1:colcon.colcon_core.package_identification:_identify(src/remote_node) by extension 'ignore'
[1.320s] Level 1:colcon.colcon_core.package_identification:_identify(src/remote_node) by extension 'ignore_ament_install'
[1.320s] Level 1:colcon.colcon_core.package_identification:_identify(src/remote_node) by extensions ['colcon_pkg']
[1.320s] Level 1:colcon.colcon_core.package_identification:_identify(src/remote_node) by extension 'colcon_pkg'
[1.320s] Level 1:colcon.colcon_core.package_identification:_identify(src/remote_node) by extensions ['colcon_meta']
[1.320s] Level 1:colcon.colcon_core.package_identification:_identify(src/remote_node) by extension 'colcon_meta'
[1.320s] Level 1:colcon.colcon_core.package_identification:_identify(src/remote_node) by extensions ['ros']
[1.321s] Level 1:colcon.colcon_core.package_identification:_identify(src/remote_node) by extension 'ros'
[1.321s] DEBUG:colcon.colcon_core.package_identification:Package 'src/remote_node' with type 'ros.ament_python' and name 'remote_node'
[1.321s] Level 1:colcon.colcon_core.package_identification:_identify(src/start_auv) by extensions ['ignore', 'ignore_ament_install']
[1.321s] Level 1:colcon.colcon_core.package_identification:_identify(src/start_auv) by extension 'ignore'
[1.321s] Level 1:colcon.colcon_core.package_identification:_identify(src/start_auv) by extension 'ignore_ament_install'
[1.321s] Level 1:colcon.colcon_core.package_identification:_identify(src/start_auv) by extensions ['colcon_pkg']
[1.321s] Level 1:colcon.colcon_core.package_identification:_identify(src/start_auv) by extension 'colcon_pkg'
[1.322s] Level 1:colcon.colcon_core.package_identification:_identify(src/start_auv) by extensions ['colcon_meta']
[1.322s] Level 1:colcon.colcon_core.package_identification:_identify(src/start_auv) by extension 'colcon_meta'
[1.322s] Level 1:colcon.colcon_core.package_identification:_identify(src/start_auv) by extensions ['ros']
[1.322s] Level 1:colcon.colcon_core.package_identification:_identify(src/start_auv) by extension 'ros'
[1.322s] DEBUG:colcon.colcon_core.package_identification:Package 'src/start_auv' with type 'ros.ament_python' and name 'start_auv'
[1.322s] Level 1:colcon.colcon_core.package_identification:_identify(src/task1_node) by extensions ['ignore', 'ignore_ament_install']
[1.322s] Level 1:colcon.colcon_core.package_identification:_identify(src/task1_node) by extension 'ignore'
[1.322s] Level 1:colcon.colcon_core.package_identification:_identify(src/task1_node) by extension 'ignore_ament_install'
[1.322s] Level 1:colcon.colcon_core.package_identification:_identify(src/task1_node) by extensions ['colcon_pkg']
[1.323s] Level 1:colcon.colcon_core.package_identification:_identify(src/task1_node) by extension 'colcon_pkg'
[1.323s] Level 1:colcon.colcon_core.package_identification:_identify(src/task1_node) by extensions ['colcon_meta']
[1.323s] Level 1:colcon.colcon_core.package_identification:_identify(src/task1_node) by extension 'colcon_meta'
[1.323s] Level 1:colcon.colcon_core.package_identification:_identify(src/task1_node) by extensions ['ros']
[1.323s] Level 1:colcon.colcon_core.package_identification:_identify(src/task1_node) by extension 'ros'
[1.323s] DEBUG:colcon.colcon_core.package_identification:Package 'src/task1_node' with type 'ros.ament_python' and name 'task1_node'
[1.323s] Level 1:colcon.colcon_core.package_identification:_identify(src/task2_node) by extensions ['ignore', 'ignore_ament_install']
[1.324s] Level 1:colcon.colcon_core.package_identification:_identify(src/task2_node) by extension 'ignore'
[1.324s] Level 1:colcon.colcon_core.package_identification:_identify(src/task2_node) by extension 'ignore_ament_install'
[1.324s] Level 1:colcon.colcon_core.package_identification:_identify(src/task2_node) by extensions ['colcon_pkg']
[1.324s] Level 1:colcon.colcon_core.package_identification:_identify(src/task2_node) by extension 'colcon_pkg'
[1.324s] Level 1:colcon.colcon_core.package_identification:_identify(src/task2_node) by extensions ['colcon_meta']
[1.324s] Level 1:colcon.colcon_core.package_identification:_identify(src/task2_node) by extension 'colcon_meta'
[1.324s] Level 1:colcon.colcon_core.package_identification:_identify(src/task2_node) by extensions ['ros']
[1.324s] Level 1:colcon.colcon_core.package_identification:_identify(src/task2_node) by extension 'ros'
[1.324s] DEBUG:colcon.colcon_core.package_identification:Package 'src/task2_node' with type 'ros.ament_python' and name 'task2_node'
[1.324s] Level 1:colcon.colcon_core.package_discovery:discover_packages(recursive) using defaults
[1.325s] Level 1:colcon.colcon_core.package_discovery:discover_packages(ignore) discover
[1.325s] Level 1:colcon.colcon_core.package_discovery:discover_packages(ignore) using defaults
[1.325s] Level 1:colcon.colcon_core.package_discovery:discover_packages(path) discover
[1.325s] Level 1:colcon.colcon_core.package_discovery:discover_packages(path) using defaults
[1.424s] Level 5:colcon.colcon_core.verb:set package 'buoyancy_node' build argument 'cmake_args' from command line to 'None'
[1.424s] Level 5:colcon.colcon_core.verb:set package 'buoyancy_node' build argument 'cmake_target' from command line to 'None'
[1.424s] Level 5:colcon.colcon_core.verb:set package 'buoyancy_node' build argument 'cmake_target_skip_unavailable' from command line to 'False'
[1.424s] Level 5:colcon.colcon_core.verb:set package 'buoyancy_node' build argument 'cmake_clean_cache' from command line to 'False'
[1.424s] Level 5:colcon.colcon_core.verb:set package 'buoyancy_node' build argument 'cmake_clean_first' from command line to 'False'
[1.424s] Level 5:colcon.colcon_core.verb:set package 'buoyancy_node' build argument 'cmake_force_configure' from command line to 'False'
[1.424s] Level 5:colcon.colcon_core.verb:set package 'buoyancy_node' build argument 'ament_cmake_args' from command line to 'None'
[1.424s] Level 5:colcon.colcon_core.verb:set package 'buoyancy_node' build argument 'catkin_cmake_args' from command line to 'None'
[1.424s] Level 5:colcon.colcon_core.verb:set package 'buoyancy_node' build argument 'catkin_skip_building_tests' from command line to 'False'
[1.424s] DEBUG:colcon.colcon_core.verb:Building package 'buoyancy_node' with the following arguments: {'ament_cmake_args': None, 'build_base': '/home/orangepi/AUV_ROS2/build/buoyancy_node', 'catkin_cmake_args': None, 'catkin_skip_building_tests': False, 'cmake_args': None, 'cmake_clean_cache': False, 'cmake_clean_first': False, 'cmake_force_configure': False, 'cmake_target': None, 'cmake_target_skip_unavailable': False, 'install_base': '/home/orangepi/AUV_ROS2/install/buoyancy_node', 'merge_install': False, 'path': '/home/orangepi/AUV_ROS2/src/buoyancy_node', 'symlink_install': False, 'test_result_base': None}
[1.442s] Level 5:colcon.colcon_core.verb:set package 'control_interfaces' build argument 'cmake_args' from command line to 'None'
[1.442s] Level 5:colcon.colcon_core.verb:set package 'control_interfaces' build argument 'cmake_target' from command line to 'None'
[1.442s] Level 5:colcon.colcon_core.verb:set package 'control_interfaces' build argument 'cmake_target_skip_unavailable' from command line to 'False'
[1.442s] Level 5:colcon.colcon_core.verb:set package 'control_interfaces' build argument 'cmake_clean_cache' from command line to 'False'
[1.442s] Level 5:colcon.colcon_core.verb:set package 'control_interfaces' build argument 'cmake_clean_first' from command line to 'False'
[1.442s] Level 5:colcon.colcon_core.verb:set package 'control_interfaces' build argument 'cmake_force_configure' from command line to 'False'
[1.442s] Level 5:colcon.colcon_core.verb:set package 'control_interfaces' build argument 'ament_cmake_args' from command line to 'None'
[1.442s] Level 5:colcon.colcon_core.verb:set package 'control_interfaces' build argument 'catkin_cmake_args' from command line to 'None'
[1.442s] Level 5:colcon.colcon_core.verb:set package 'control_interfaces' build argument 'catkin_skip_building_tests' from command line to 'False'
[1.442s] DEBUG:colcon.colcon_core.verb:Building package 'control_interfaces' with the following arguments: {'ament_cmake_args': None, 'build_base': '/home/orangepi/AUV_ROS2/build/control_interfaces', 'catkin_cmake_args': None, 'catkin_skip_building_tests': False, 'cmake_args': None, 'cmake_clean_cache': False, 'cmake_clean_first': False, 'cmake_force_configure': False, 'cmake_target': None, 'cmake_target_skip_unavailable': False, 'install_base': '/home/orangepi/AUV_ROS2/install/control_interfaces', 'merge_install': False, 'path': '/home/orangepi/AUV_ROS2/src/control_interfaces', 'symlink_install': False, 'test_result_base': None}
[1.460s] Level 5:colcon.colcon_core.verb:set package 'control_node' build argument 'cmake_args' from command line to 'None'
[1.460s] Level 5:colcon.colcon_core.verb:set package 'control_node' build argument 'cmake_target' from command line to 'None'
[1.460s] Level 5:colcon.colcon_core.verb:set package 'control_node' build argument 'cmake_target_skip_unavailable' from command line to 'False'
[1.460s] Level 5:colcon.colcon_core.verb:set package 'control_node' build argument 'cmake_clean_cache' from command line to 'False'
[1.460s] Level 5:colcon.colcon_core.verb:set package 'control_node' build argument 'cmake_clean_first' from command line to 'False'
[1.460s] Level 5:colcon.colcon_core.verb:set package 'control_node' build argument 'cmake_force_configure' from command line to 'False'
[1.460s] Level 5:colcon.colcon_core.verb:set package 'control_node' build argument 'ament_cmake_args' from command line to 'None'
[1.460s] Level 5:colcon.colcon_core.verb:set package 'control_node' build argument 'catkin_cmake_args' from command line to 'None'
[1.460s] Level 5:colcon.colcon_core.verb:set package 'control_node' build argument 'catkin_skip_building_tests' from command line to 'False'
[1.460s] DEBUG:colcon.colcon_core.verb:Building package 'control_node' with the following arguments: {'ament_cmake_args': None, 'build_base': '/home/orangepi/AUV_ROS2/build/control_node', 'catkin_cmake_args': None, 'catkin_skip_building_tests': False, 'cmake_args': None, 'cmake_clean_cache': False, 'cmake_clean_first': False, 'cmake_force_configure': False, 'cmake_target': None, 'cmake_target_skip_unavailable': False, 'install_base': '/home/orangepi/AUV_ROS2/install/control_node', 'merge_install': False, 'path': '/home/orangepi/AUV_ROS2/src/control_node', 'symlink_install': False, 'test_result_base': None}
[1.478s] Level 5:colcon.colcon_core.verb:set package 'master_node' build argument 'cmake_args' from command line to 'None'
[1.478s] Level 5:colcon.colcon_core.verb:set package 'master_node' build argument 'cmake_target' from command line to 'None'
[1.478s] Level 5:colcon.colcon_core.verb:set package 'master_node' build argument 'cmake_target_skip_unavailable' from command line to 'False'
[1.478s] Level 5:colcon.colcon_core.verb:set package 'master_node' build argument 'cmake_clean_cache' from command line to 'False'
[1.478s] Level 5:colcon.colcon_core.verb:set package 'master_node' build argument 'cmake_clean_first' from command line to 'False'
[1.478s] Level 5:colcon.colcon_core.verb:set package 'master_node' build argument 'cmake_force_configure' from command line to 'False'
[1.478s] Level 5:colcon.colcon_core.verb:set package 'master_node' build argument 'ament_cmake_args' from command line to 'None'
[1.478s] Level 5:colcon.colcon_core.verb:set package 'master_node' build argument 'catkin_cmake_args' from command line to 'None'
[1.478s] Level 5:colcon.colcon_core.verb:set package 'master_node' build argument 'catkin_skip_building_tests' from command line to 'False'
[1.478s] DEBUG:colcon.colcon_core.verb:Building package 'master_node' with the following arguments: {'ament_cmake_args': None, 'build_base': '/home/orangepi/AUV_ROS2/build/master_node', 'catkin_cmake_args': None, 'catkin_skip_building_tests': False, 'cmake_args': None, 'cmake_clean_cache': False, 'cmake_clean_first': False, 'cmake_force_configure': False, 'cmake_target': None, 'cmake_target_skip_unavailable': False, 'install_base': '/home/orangepi/AUV_ROS2/install/master_node', 'merge_install': False, 'path': '/home/orangepi/AUV_ROS2/src/master_node', 'symlink_install': False, 'test_result_base': None}
[1.495s] Level 5:colcon.colcon_core.verb:set package 'remote_node' build argument 'cmake_args' from command line to 'None'
[1.496s] Level 5:colcon.colcon_core.verb:set package 'remote_node' build argument 'cmake_target' from command line to 'None'
[1.496s] Level 5:colcon.colcon_core.verb:set package 'remote_node' build argument 'cmake_target_skip_unavailable' from command line to 'False'
[1.496s] Level 5:colcon.colcon_core.verb:set package 'remote_node' build argument 'cmake_clean_cache' from command line to 'False'
[1.496s] Level 5:colcon.colcon_core.verb:set package 'remote_node' build argument 'cmake_clean_first' from command line to 'False'
[1.496s] Level 5:colcon.colcon_core.verb:set package 'remote_node' build argument 'cmake_force_configure' from command line to 'False'
[1.496s] Level 5:colcon.colcon_core.verb:set package 'remote_node' build argument 'ament_cmake_args' from command line to 'None'
[1.496s] Level 5:colcon.colcon_core.verb:set package 'remote_node' build argument 'catkin_cmake_args' from command line to 'None'
[1.496s] Level 5:colcon.colcon_core.verb:set package 'remote_node' build argument 'catkin_skip_building_tests' from command line to 'False'
[1.496s] DEBUG:colcon.colcon_core.verb:Building package 'remote_node' with the following arguments: {'ament_cmake_args': None, 'build_base': '/home/orangepi/AUV_ROS2/build/remote_node', 'catkin_cmake_args': None, 'catkin_skip_building_tests': False, 'cmake_args': None, 'cmake_clean_cache': False, 'cmake_clean_first': False, 'cmake_force_configure': False, 'cmake_target': None, 'cmake_target_skip_unavailable': False, 'install_base': '/home/orangepi/AUV_ROS2/install/remote_node', 'merge_install': False, 'path': '/home/orangepi/AUV_ROS2/src/remote_node', 'symlink_install': False, 'test_result_base': None}
[1.513s] Level 5:colcon.colcon_core.verb:set package 'start_auv' build argument 'cmake_args' from command line to 'None'
[1.513s] Level 5:colcon.colcon_core.verb:set package 'start_auv' build argument 'cmake_target' from command line to 'None'
[1.514s] Level 5:colcon.colcon_core.verb:set package 'start_auv' build argument 'cmake_target_skip_unavailable' from command line to 'False'
[1.514s] Level 5:colcon.colcon_core.verb:set package 'start_auv' build argument 'cmake_clean_cache' from command line to 'False'
[1.514s] Level 5:colcon.colcon_core.verb:set package 'start_auv' build argument 'cmake_clean_first' from command line to 'False'
[1.514s] Level 5:colcon.colcon_core.verb:set package 'start_auv' build argument 'cmake_force_configure' from command line to 'False'
[1.514s] Level 5:colcon.colcon_core.verb:set package 'start_auv' build argument 'ament_cmake_args' from command line to 'None'
[1.514s] Level 5:colcon.colcon_core.verb:set package 'start_auv' build argument 'catkin_cmake_args' from command line to 'None'
[1.514s] Level 5:colcon.colcon_core.verb:set package 'start_auv' build argument 'catkin_skip_building_tests' from command line to 'False'
[1.514s] DEBUG:colcon.colcon_core.verb:Building package 'start_auv' with the following arguments: {'ament_cmake_args': None, 'build_base': '/home/orangepi/AUV_ROS2/build/start_auv', 'catkin_cmake_args': None, 'catkin_skip_building_tests': False, 'cmake_args': None, 'cmake_clean_cache': False, 'cmake_clean_first': False, 'cmake_force_configure': False, 'cmake_target': None, 'cmake_target_skip_unavailable': False, 'install_base': '/home/orangepi/AUV_ROS2/install/start_auv', 'merge_install': False, 'path': '/home/orangepi/AUV_ROS2/src/start_auv', 'symlink_install': False, 'test_result_base': None}
[1.531s] Level 5:colcon.colcon_core.verb:set package 'task1_node' build argument 'cmake_args' from command line to 'None'
[1.531s] Level 5:colcon.colcon_core.verb:set package 'task1_node' build argument 'cmake_target' from command line to 'None'
[1.531s] Level 5:colcon.colcon_core.verb:set package 'task1_node' build argument 'cmake_target_skip_unavailable' from command line to 'False'
[1.531s] Level 5:colcon.colcon_core.verb:set package 'task1_node' build argument 'cmake_clean_cache' from command line to 'False'
[1.531s] Level 5:colcon.colcon_core.verb:set package 'task1_node' build argument 'cmake_clean_first' from command line to 'False'
[1.531s] Level 5:colcon.colcon_core.verb:set package 'task1_node' build argument 'cmake_force_configure' from command line to 'False'
[1.531s] Level 5:colcon.colcon_core.verb:set package 'task1_node' build argument 'ament_cmake_args' from command line to 'None'
[1.531s] Level 5:colcon.colcon_core.verb:set package 'task1_node' build argument 'catkin_cmake_args' from command line to 'None'
[1.531s] Level 5:colcon.colcon_core.verb:set package 'task1_node' build argument 'catkin_skip_building_tests' from command line to 'False'
[1.532s] DEBUG:colcon.colcon_core.verb:Building package 'task1_node' with the following arguments: {'ament_cmake_args': None, 'build_base': '/home/orangepi/AUV_ROS2/build/task1_node', 'catkin_cmake_args': None, 'catkin_skip_building_tests': False, 'cmake_args': None, 'cmake_clean_cache': False, 'cmake_clean_first': False, 'cmake_force_configure': False, 'cmake_target': None, 'cmake_target_skip_unavailable': False, 'install_base': '/home/orangepi/AUV_ROS2/install/task1_node', 'merge_install': False, 'path': '/home/orangepi/AUV_ROS2/src/task1_node', 'symlink_install': False, 'test_result_base': None}
[1.549s] Level 5:colcon.colcon_core.verb:set package 'task2_node' build argument 'cmake_args' from command line to 'None'
[1.549s] Level 5:colcon.colcon_core.verb:set package 'task2_node' build argument 'cmake_target' from command line to 'None'
[1.549s] Level 5:colcon.colcon_core.verb:set package 'task2_node' build argument 'cmake_target_skip_unavailable' from command line to 'False'
[1.549s] Level 5:colcon.colcon_core.verb:set package 'task2_node' build argument 'cmake_clean_cache' from command line to 'False'
[1.549s] Level 5:colcon.colcon_core.verb:set package 'task2_node' build argument 'cmake_clean_first' from command line to 'False'
[1.549s] Level 5:colcon.colcon_core.verb:set package 'task2_node' build argument 'cmake_force_configure' from command line to 'False'
[1.549s] Level 5:colcon.colcon_core.verb:set package 'task2_node' build argument 'ament_cmake_args' from command line to 'None'
[1.549s] Level 5:colcon.colcon_core.verb:set package 'task2_node' build argument 'catkin_cmake_args' from command line to 'None'
[1.549s] Level 5:colcon.colcon_core.verb:set package 'task2_node' build argument 'catkin_skip_building_tests' from command line to 'False'
[1.549s] DEBUG:colcon.colcon_core.verb:Building package 'task2_node' with the following arguments: {'ament_cmake_args': None, 'build_base': '/home/orangepi/AUV_ROS2/build/task2_node', 'catkin_cmake_args': None, 'catkin_skip_building_tests': False, 'cmake_args': None, 'cmake_clean_cache': False, 'cmake_clean_first': False, 'cmake_force_configure': False, 'cmake_target': None, 'cmake_target_skip_unavailable': False, 'install_base': '/home/orangepi/AUV_ROS2/install/task2_node', 'merge_install': False, 'path': '/home/orangepi/AUV_ROS2/src/task2_node', 'symlink_install': False, 'test_result_base': None}
[1.567s] INFO:colcon.colcon_core.executor:Executing jobs using 'parallel' executor
[1.586s] DEBUG:colcon.colcon_parallel_executor.executor.parallel:run_until_complete
[1.586s] INFO:colcon.colcon_ros.task.ament_python.build:Building ROS package in '/home/orangepi/AUV_ROS2/src/buoyancy_node' with build type 'ament_python'
[1.587s] Level 1:colcon.colcon_core.shell:create_environment_hook('buoyancy_node', 'ament_prefix_path')
[1.608s] INFO:colcon.colcon_core.plugin_system:Skipping extension 'colcon_core.shell.bat': Not used on non-Windows systems
[1.608s] INFO:colcon.colcon_core.shell:Creating environment hook '/home/orangepi/AUV_ROS2/install/buoyancy_node/share/buoyancy_node/hook/ament_prefix_path.ps1'
[1.609s] INFO:colcon.colcon_core.shell:Creating environment descriptor '/home/orangepi/AUV_ROS2/install/buoyancy_node/share/buoyancy_node/hook/ament_prefix_path.dsv'
[1.609s] INFO:colcon.colcon_core.shell:Creating environment hook '/home/orangepi/AUV_ROS2/install/buoyancy_node/share/buoyancy_node/hook/ament_prefix_path.sh'
[1.628s] INFO:colcon.colcon_core.shell:Skip shell extension 'powershell' for command environment: Not usable outside of PowerShell
[1.628s] DEBUG:colcon.colcon_core.shell:Skip shell extension 'dsv' for command environment
[1.705s] INFO:colcon.colcon_ros.task.ament_cmake.build:Building ROS package in '/home/orangepi/AUV_ROS2/src/control_interfaces' with build type 'ament_cmake'
[1.705s] INFO:colcon.colcon_cmake.task.cmake.build:Building CMake package in '/home/orangepi/AUV_ROS2/src/control_interfaces'
[1.724s] INFO:colcon.colcon_core.shell:Skip shell extension 'powershell' for command environment: Not usable outside of PowerShell
[1.724s] DEBUG:colcon.colcon_core.shell:Skip shell extension 'dsv' for command environment
[1.800s] INFO:colcon.colcon_ros.task.ament_python.build:Building ROS package in '/home/orangepi/AUV_ROS2/src/control_node' with build type 'ament_python'
[1.800s] Level 1:colcon.colcon_core.shell:create_environment_hook('control_node', 'ament_prefix_path')
[1.819s] INFO:colcon.colcon_core.shell:Creating environment hook '/home/orangepi/AUV_ROS2/install/control_node/share/control_node/hook/ament_prefix_path.ps1'
[1.820s] INFO:colcon.colcon_core.shell:Creating environment descriptor '/home/orangepi/AUV_ROS2/install/control_node/share/control_node/hook/ament_prefix_path.dsv'
[1.820s] INFO:colcon.colcon_core.shell:Creating environment hook '/home/orangepi/AUV_ROS2/install/control_node/share/control_node/hook/ament_prefix_path.sh'
[1.839s] INFO:colcon.colcon_core.shell:Skip shell extension 'powershell' for command environment: Not usable outside of PowerShell
[1.839s] DEBUG:colcon.colcon_core.shell:Skip shell extension 'dsv' for command environment
[1.914s] INFO:colcon.colcon_ros.task.ament_python.build:Building ROS package in '/home/orangepi/AUV_ROS2/src/master_node' with build type 'ament_python'
[1.914s] Level 1:colcon.colcon_core.shell:create_environment_hook('master_node', 'ament_prefix_path')
[1.933s] INFO:colcon.colcon_core.shell:Creating environment hook '/home/orangepi/AUV_ROS2/install/master_node/share/master_node/hook/ament_prefix_path.ps1'
[1.934s] INFO:colcon.colcon_core.shell:Creating environment descriptor '/home/orangepi/AUV_ROS2/install/master_node/share/master_node/hook/ament_prefix_path.dsv'
[1.934s] INFO:colcon.colcon_core.shell:Creating environment hook '/home/orangepi/AUV_ROS2/install/master_node/share/master_node/hook/ament_prefix_path.sh'
[1.952s] INFO:colcon.colcon_core.shell:Skip shell extension 'powershell' for command environment: Not usable outside of PowerShell
[1.952s] DEBUG:colcon.colcon_core.shell:Skip shell extension 'dsv' for command environment
[2.027s] INFO:colcon.colcon_ros.task.ament_python.build:Building ROS package in '/home/orangepi/AUV_ROS2/src/remote_node' with build type 'ament_python'
[2.028s] Level 1:colcon.colcon_core.shell:create_environment_hook('remote_node', 'ament_prefix_path')
[2.046s] INFO:colcon.colcon_core.shell:Creating environment hook '/home/orangepi/AUV_ROS2/install/remote_node/share/remote_node/hook/ament_prefix_path.ps1'
[2.047s] INFO:colcon.colcon_core.shell:Creating environment descriptor '/home/orangepi/AUV_ROS2/install/remote_node/share/remote_node/hook/ament_prefix_path.dsv'
[2.047s] INFO:colcon.colcon_core.shell:Creating environment hook '/home/orangepi/AUV_ROS2/install/remote_node/share/remote_node/hook/ament_prefix_path.sh'
[2.065s] INFO:colcon.colcon_core.shell:Skip shell extension 'powershell' for command environment: Not usable outside of PowerShell
[2.065s] DEBUG:colcon.colcon_core.shell:Skip shell extension 'dsv' for command environment
[2.141s] INFO:colcon.colcon_ros.task.ament_python.build:Building ROS package in '/home/orangepi/AUV_ROS2/src/start_auv' with build type 'ament_python'
[2.141s] Level 1:colcon.colcon_core.shell:create_environment_hook('start_auv', 'ament_prefix_path')
[2.160s] INFO:colcon.colcon_core.shell:Creating environment hook '/home/orangepi/AUV_ROS2/install/start_auv/share/start_auv/hook/ament_prefix_path.ps1'
[2.161s] INFO:colcon.colcon_core.shell:Creating environment descriptor '/home/orangepi/AUV_ROS2/install/start_auv/share/start_auv/hook/ament_prefix_path.dsv'
[2.161s] INFO:colcon.colcon_core.shell:Creating environment hook '/home/orangepi/AUV_ROS2/install/start_auv/share/start_auv/hook/ament_prefix_path.sh'
[2.179s] INFO:colcon.colcon_core.shell:Skip shell extension 'powershell' for command environment: Not usable outside of PowerShell
[2.179s] DEBUG:colcon.colcon_core.shell:Skip shell extension 'dsv' for command environment
[2.255s] INFO:colcon.colcon_ros.task.ament_python.build:Building ROS package in '/home/orangepi/AUV_ROS2/src/task1_node' with build type 'ament_python'
[2.255s] Level 1:colcon.colcon_core.shell:create_environment_hook('task1_node', 'ament_prefix_path')
[2.274s] INFO:colcon.colcon_core.shell:Creating environment hook '/home/orangepi/AUV_ROS2/install/task1_node/share/task1_node/hook/ament_prefix_path.ps1'
[2.274s] INFO:colcon.colcon_core.shell:Creating environment descriptor '/home/orangepi/AUV_ROS2/install/task1_node/share/task1_node/hook/ament_prefix_path.dsv'
[2.275s] INFO:colcon.colcon_core.shell:Creating environment hook '/home/orangepi/AUV_ROS2/install/task1_node/share/task1_node/hook/ament_prefix_path.sh'
[2.294s] INFO:colcon.colcon_core.shell:Skip shell extension 'powershell' for command environment: Not usable outside of PowerShell
[2.294s] DEBUG:colcon.colcon_core.shell:Skip shell extension 'dsv' for command environment
[2.394s] INFO:colcon.colcon_ros.task.ament_python.build:Building ROS package in '/home/orangepi/AUV_ROS2/src/task2_node' with build type 'ament_python'
[2.395s] Level 1:colcon.colcon_core.shell:create_environment_hook('task2_node', 'ament_prefix_path')
[2.414s] INFO:colcon.colcon_core.shell:Creating environment hook '/home/orangepi/AUV_ROS2/install/task2_node/share/task2_node/hook/ament_prefix_path.ps1'
[2.414s] INFO:colcon.colcon_core.shell:Creating environment descriptor '/home/orangepi/AUV_ROS2/install/task2_node/share/task2_node/hook/ament_prefix_path.dsv'
[2.415s] INFO:colcon.colcon_core.shell:Creating environment hook '/home/orangepi/AUV_ROS2/install/task2_node/share/task2_node/hook/ament_prefix_path.sh'
[2.433s] INFO:colcon.colcon_core.shell:Skip shell extension 'powershell' for command environment: Not usable outside of PowerShell
[2.433s] DEBUG:colcon.colcon_core.shell:Skip shell extension 'dsv' for command environment
[2.860s] INFO:colcon.colcon_core.task.python.build:Building Python package in '/home/orangepi/AUV_ROS2/src/buoyancy_node'
[2.879s] INFO:colcon.colcon_core.shell:Skip shell extension 'powershell' for command environment: Not usable outside of PowerShell
[2.879s] DEBUG:colcon.colcon_core.shell:Skip shell extension 'dsv' for command environment
[2.966s] DEBUG:colcon.colcon_core.event_handler.log_command:Invoking command in '/home/orangepi/AUV_ROS2/build/control_interfaces': CMAKE_PREFIX_PATH=${CMAKE_PREFIX_PATH}:/home/orangepi/AUV_ROS2/install/task2_node:/home/orangepi/AUV_ROS2/install/task1_node:/home/orangepi/AUV_ROS2/install/start_auv:/home/orangepi/AUV_ROS2/install/remote_node:/home/orangepi/AUV_ROS2/install/master_node:/home/orangepi/AUV_ROS2/install/control_node:/home/orangepi/AUV_ROS2/install/buoyancy_node:/home/orangepi/opencv_ws/install/task2_drum_detection:/home/orangepi/opencv_ws/install/task1_gate_detection:/home/orangepi/opencv_ws/install/task1_flare_detection:/home/orangepi/opencv_ws/install/q_gate_detection:/home/orangepi/opencv_ws/install/master_node_simulation:/home/orangepi/opencv_ws/install/facer_input:/opt/ros/humble /usr/bin/cmake --build /home/orangepi/AUV_ROS2/build/control_interfaces -- -j8 -l8
[3.365s] INFO:colcon.colcon_core.task.python.build:Building Python package in '/home/orangepi/AUV_ROS2/src/control_node'
[3.384s] INFO:colcon.colcon_core.shell:Skip shell extension 'powershell' for command environment: Not usable outside of PowerShell
[3.384s] DEBUG:colcon.colcon_core.shell:Skip shell extension 'dsv' for command environment
[3.862s] INFO:colcon.colcon_core.task.python.build:Building Python package in '/home/orangepi/AUV_ROS2/src/master_node'
[3.881s] INFO:colcon.colcon_core.shell:Skip shell extension 'powershell' for command environment: Not usable outside of PowerShell
[3.881s] DEBUG:colcon.colcon_core.shell:Skip shell extension 'dsv' for command environment
[4.313s] INFO:colcon.colcon_core.task.python.build:Building Python package in '/home/orangepi/AUV_ROS2/src/remote_node'
[4.333s] INFO:colcon.colcon_core.shell:Skip shell extension 'powershell' for command environment: Not usable outside of PowerShell
[4.333s] DEBUG:colcon.colcon_core.shell:Skip shell extension 'dsv' for command environment
[4.789s] INFO:colcon.colcon_core.task.python.build:Building Python package in '/home/orangepi/AUV_ROS2/src/start_auv'
[4.807s] INFO:colcon.colcon_core.shell:Skip shell extension 'powershell' for command environment: Not usable outside of PowerShell
[4.807s] DEBUG:colcon.colcon_core.shell:Skip shell extension 'dsv' for command environment
[5.264s] INFO:colcon.colcon_core.task.python.build:Building Python package in '/home/orangepi/AUV_ROS2/src/task1_node'
[5.283s] INFO:colcon.colcon_core.shell:Skip shell extension 'powershell' for command environment: Not usable outside of PowerShell
[5.283s] DEBUG:colcon.colcon_core.shell:Skip shell extension 'dsv' for command environment
[5.758s] INFO:colcon.colcon_core.task.python.build:Building Python package in '/home/orangepi/AUV_ROS2/src/task2_node'
[5.777s] INFO:colcon.colcon_core.shell:Skip shell extension 'powershell' for command environment: Not usable outside of PowerShell
[5.777s] DEBUG:colcon.colcon_core.shell:Skip shell extension 'dsv' for command environment
[5.871s] DEBUG:colcon.colcon_core.event_handler.log_command:Invoked command in '/home/orangepi/AUV_ROS2/build/control_interfaces' returned '0': CMAKE_PREFIX_PATH=${CMAKE_PREFIX_PATH}:/home/orangepi/AUV_ROS2/install/task2_node:/home/orangepi/AUV_ROS2/install/task1_node:/home/orangepi/AUV_ROS2/install/start_auv:/home/orangepi/AUV_ROS2/install/remote_node:/home/orangepi/AUV_ROS2/install/master_node:/home/orangepi/AUV_ROS2/install/control_node:/home/orangepi/AUV_ROS2/install/buoyancy_node:/home/orangepi/opencv_ws/install/task2_drum_detection:/home/orangepi/opencv_ws/install/task1_gate_detection:/home/orangepi/opencv_ws/install/task1_flare_detection:/home/orangepi/opencv_ws/install/q_gate_detection:/home/orangepi/opencv_ws/install/master_node_simulation:/home/orangepi/opencv_ws/install/facer_input:/opt/ros/humble /usr/bin/cmake --build /home/orangepi/AUV_ROS2/build/control_interfaces -- -j8 -l8
[6.422s] DEBUG:colcon.colcon_core.event_handler.log_command:Invoking command in '/home/orangepi/AUV_ROS2/src/task1_node': PYTHONPATH=/home/orangepi/AUV_ROS2/build/task1_node/prefix_override:/home/orangepi/AUV_ROS2/install/task1_node/lib/python3.10/site-packages:${PYTHONPATH} /usr/bin/python3 setup.py egg_info --egg-base ../../build/task1_node build --build-base /home/orangepi/AUV_ROS2/build/task1_node/build install --record /home/orangepi/AUV_ROS2/build/task1_node/install.log --single-version-externally-managed
[6.457s] DEBUG:colcon.colcon_core.event_handler.log_command:Invoking command in '/home/orangepi/AUV_ROS2/src/remote_node': PYTHONPATH=/home/orangepi/AUV_ROS2/build/remote_node/prefix_override:/home/orangepi/AUV_ROS2/install/remote_node/lib/python3.10/site-packages:${PYTHONPATH} /usr/bin/python3 setup.py egg_info --egg-base ../../build/remote_node build --build-base /home/orangepi/AUV_ROS2/build/remote_node/build install --record /home/orangepi/AUV_ROS2/build/remote_node/install.log --single-version-externally-managed
[6.559s] DEBUG:colcon.colcon_core.event_handler.log_command:Invoking command in '/home/orangepi/AUV_ROS2/src/task2_node': PYTHONPATH=/home/orangepi/AUV_ROS2/build/task2_node/prefix_override:/home/orangepi/AUV_ROS2/install/task2_node/lib/python3.10/site-packages:${PYTHONPATH} /usr/bin/python3 setup.py egg_info --egg-base ../../build/task2_node build --build-base /home/orangepi/AUV_ROS2/build/task2_node/build install --record /home/orangepi/AUV_ROS2/build/task2_node/install.log --single-version-externally-managed
[6.967s] DEBUG:colcon.colcon_core.event_handler.log_command:Invoked command in '/home/orangepi/AUV_ROS2/src/task1_node' returned '0': PYTHONPATH=/home/orangepi/AUV_ROS2/build/task1_node/prefix_override:/home/orangepi/AUV_ROS2/install/task1_node/lib/python3.10/site-packages:${PYTHONPATH} /usr/bin/python3 setup.py egg_info --egg-base ../../build/task1_node build --build-base /home/orangepi/AUV_ROS2/build/task1_node/build install --record /home/orangepi/AUV_ROS2/build/task1_node/install.log --single-version-externally-managed
[6.988s] Level 1:colcon.colcon_core.environment:checking '/home/orangepi/AUV_ROS2/install/task1_node' for CMake module files
[6.989s] Level 1:colcon.colcon_core.environment:checking '/home/orangepi/AUV_ROS2/install/task1_node' for CMake config files
[6.990s] Level 1:colcon.colcon_core.environment:checking '/home/orangepi/AUV_ROS2/install/task1_node/lib'
[6.990s] Level 1:colcon.colcon_core.environment:checking '/home/orangepi/AUV_ROS2/install/task1_node/bin'
[6.991s] Level 1:colcon.colcon_core.environment:checking '/home/orangepi/AUV_ROS2/install/task1_node/lib/pkgconfig/task1_node.pc'
[6.991s] Level 1:colcon.colcon_core.environment:checking '/home/orangepi/AUV_ROS2/install/task1_node/lib/python3.10/site-packages'
[6.991s] Level 1:colcon.colcon_core.shell:create_environment_hook('task1_node', 'pythonpath')
[7.017s] INFO:colcon.colcon_core.shell:Creating environment hook '/home/orangepi/AUV_ROS2/install/task1_node/share/task1_node/hook/pythonpath.ps1'
[7.021s] INFO:colcon.colcon_core.shell:Creating environment descriptor '/home/orangepi/AUV_ROS2/install/task1_node/share/task1_node/hook/pythonpath.dsv'
[7.022s] INFO:colcon.colcon_core.shell:Creating environment hook '/home/orangepi/AUV_ROS2/install/task1_node/share/task1_node/hook/pythonpath.sh'
[7.023s] Level 1:colcon.colcon_core.environment:checking '/home/orangepi/AUV_ROS2/install/task1_node/bin'
[7.024s] Level 1:colcon.colcon_core.environment:create_environment_scripts_only(task1_node)
[7.047s] INFO:colcon.colcon_core.shell:Creating package script '/home/orangepi/AUV_ROS2/install/task1_node/share/task1_node/package.ps1'
[7.049s] INFO:colcon.colcon_core.shell:Creating package descriptor '/home/orangepi/AUV_ROS2/install/task1_node/share/task1_node/package.dsv'
[7.050s] INFO:colcon.colcon_core.shell:Creating package script '/home/orangepi/AUV_ROS2/install/task1_node/share/task1_node/package.sh'
[7.051s] INFO:colcon.colcon_core.shell:Creating package script '/home/orangepi/AUV_ROS2/install/task1_node/share/task1_node/package.bash'
[7.053s] INFO:colcon.colcon_core.shell:Creating package script '/home/orangepi/AUV_ROS2/install/task1_node/share/task1_node/package.zsh'
[7.054s] Level 1:colcon.colcon_core.environment:create_file_with_runtime_dependencies(/home/orangepi/AUV_ROS2/install/task1_node/share/colcon-core/packages/task1_node)
[7.076s] DEBUG:colcon.colcon_core.event_handler.log_command:Invoking command in '/home/orangepi/AUV_ROS2/build/control_interfaces': CMAKE_PREFIX_PATH=${CMAKE_PREFIX_PATH}:/home/orangepi/AUV_ROS2/install/task2_node:/home/orangepi/AUV_ROS2/install/task1_node:/home/orangepi/AUV_ROS2/install/start_auv:/home/orangepi/AUV_ROS2/install/remote_node:/home/orangepi/AUV_ROS2/install/master_node:/home/orangepi/AUV_ROS2/install/control_node:/home/orangepi/AUV_ROS2/install/buoyancy_node:/home/orangepi/opencv_ws/install/task2_drum_detection:/home/orangepi/opencv_ws/install/task1_gate_detection:/home/orangepi/opencv_ws/install/task1_flare_detection:/home/orangepi/opencv_ws/install/q_gate_detection:/home/orangepi/opencv_ws/install/master_node_simulation:/home/orangepi/opencv_ws/install/facer_input:/opt/ros/humble /usr/bin/cmake --install /home/orangepi/AUV_ROS2/build/control_interfaces
[7.083s] DEBUG:colcon.colcon_core.event_handler.log_command:Invoked command in '/home/orangepi/AUV_ROS2/src/remote_node' returned '0': PYTHONPATH=/home/orangepi/AUV_ROS2/build/remote_node/prefix_override:/home/orangepi/AUV_ROS2/install/remote_node/lib/python3.10/site-packages:${PYTHONPATH} /usr/bin/python3 setup.py egg_info --egg-base ../../build/remote_node build --build-base /home/orangepi/AUV_ROS2/build/remote_node/build install --record /home/orangepi/AUV_ROS2/build/remote_node/install.log --single-version-externally-managed
[7.244s] Level 1:colcon.colcon_core.environment:checking '/home/orangepi/AUV_ROS2/install/remote_node' for CMake module files
[7.246s] Level 1:colcon.colcon_core.environment:checking '/home/orangepi/AUV_ROS2/install/remote_node' for CMake config files
[7.249s] Level 1:colcon.colcon_core.environment:checking '/home/orangepi/AUV_ROS2/install/remote_node/lib'
[7.249s] Level 1:colcon.colcon_core.environment:checking '/home/orangepi/AUV_ROS2/install/remote_node/bin'
[7.250s] Level 1:colcon.colcon_core.environment:checking '/home/orangepi/AUV_ROS2/install/remote_node/lib/pkgconfig/remote_node.pc'
[7.251s] Level 1:colcon.colcon_core.environment:checking '/home/orangepi/AUV_ROS2/install/remote_node/lib/python3.10/site-packages'
[7.251s] Level 1:colcon.colcon_core.shell:create_environment_hook('remote_node', 'pythonpath')
[7.364s] INFO:colcon.colcon_core.shell:Creating environment hook '/home/orangepi/AUV_ROS2/install/remote_node/share/remote_node/hook/pythonpath.ps1'
[7.365s] INFO:colcon.colcon_core.shell:Creating environment descriptor '/home/orangepi/AUV_ROS2/install/remote_node/share/remote_node/hook/pythonpath.dsv'
[7.366s] INFO:colcon.colcon_core.shell:Creating environment hook '/home/orangepi/AUV_ROS2/install/remote_node/share/remote_node/hook/pythonpath.sh'
[7.367s] Level 1:colcon.colcon_core.environment:checking '/home/orangepi/AUV_ROS2/install/remote_node/bin'
[7.367s] Level 1:colcon.colcon_core.environment:create_environment_scripts_only(remote_node)
[7.386s] INFO:colcon.colcon_core.shell:Creating package script '/home/orangepi/AUV_ROS2/install/remote_node/share/remote_node/package.ps1'
[7.387s] INFO:colcon.colcon_core.shell:Creating package descriptor '/home/orangepi/AUV_ROS2/install/remote_node/share/remote_node/package.dsv'
[7.388s] INFO:colcon.colcon_core.shell:Creating package script '/home/orangepi/AUV_ROS2/install/remote_node/share/remote_node/package.sh'
[7.389s] INFO:colcon.colcon_core.shell:Creating package script '/home/orangepi/AUV_ROS2/install/remote_node/share/remote_node/package.bash'
[7.390s] INFO:colcon.colcon_core.shell:Creating package script '/home/orangepi/AUV_ROS2/install/remote_node/share/remote_node/package.zsh'
[7.390s] Level 1:colcon.colcon_core.environment:create_file_with_runtime_dependencies(/home/orangepi/AUV_ROS2/install/remote_node/share/colcon-core/packages/remote_node)
[7.398s] DEBUG:colcon.colcon_core.event_handler.log_command:Invoked command in '/home/orangepi/AUV_ROS2/src/task2_node' returned '0': PYTHONPATH=/home/orangepi/AUV_ROS2/build/task2_node/prefix_override:/home/orangepi/AUV_ROS2/install/task2_node/lib/python3.10/site-packages:${PYTHONPATH} /usr/bin/python3 setup.py egg_info --egg-base ../../build/task2_node build --build-base /home/orangepi/AUV_ROS2/build/task2_node/build install --record /home/orangepi/AUV_ROS2/build/task2_node/install.log --single-version-externally-managed
[7.416s] Level 1:colcon.colcon_core.environment:checking '/home/orangepi/AUV_ROS2/install/task2_node' for CMake module files
[7.417s] Level 1:colcon.colcon_core.environment:checking '/home/orangepi/AUV_ROS2/install/task2_node' for CMake config files
[7.418s] Level 1:colcon.colcon_core.environment:checking '/home/orangepi/AUV_ROS2/install/task2_node/lib'
[7.418s] Level 1:colcon.colcon_core.environment:checking '/home/orangepi/AUV_ROS2/install/task2_node/bin'
[7.418s] Level 1:colcon.colcon_core.environment:checking '/home/orangepi/AUV_ROS2/install/task2_node/lib/pkgconfig/task2_node.pc'
[7.419s] Level 1:colcon.colcon_core.environment:checking '/home/orangepi/AUV_ROS2/install/task2_node/lib/python3.10/site-packages'
[7.419s] Level 1:colcon.colcon_core.shell:create_environment_hook('task2_node', 'pythonpath')
[7.439s] INFO:colcon.colcon_core.shell:Creating environment hook '/home/orangepi/AUV_ROS2/install/task2_node/share/task2_node/hook/pythonpath.ps1'
[7.440s] INFO:colcon.colcon_core.shell:Creating environment descriptor '/home/orangepi/AUV_ROS2/install/task2_node/share/task2_node/hook/pythonpath.dsv'
[7.440s] INFO:colcon.colcon_core.shell:Creating environment hook '/home/orangepi/AUV_ROS2/install/task2_node/share/task2_node/hook/pythonpath.sh'
[7.441s] Level 1:colcon.colcon_core.environment:checking '/home/orangepi/AUV_ROS2/install/task2_node/bin'
[7.441s] Level 1:colcon.colcon_core.environment:create_environment_scripts_only(task2_node)
[7.460s] INFO:colcon.colcon_core.shell:Creating package script '/home/orangepi/AUV_ROS2/install/task2_node/share/task2_node/package.ps1'
[7.461s] INFO:colcon.colcon_core.shell:Creating package descriptor '/home/orangepi/AUV_ROS2/install/task2_node/share/task2_node/package.dsv'
[7.462s] INFO:colcon.colcon_core.shell:Creating package script '/home/orangepi/AUV_ROS2/install/task2_node/share/task2_node/package.sh'
[7.462s] INFO:colcon.colcon_core.shell:Creating package script '/home/orangepi/AUV_ROS2/install/task2_node/share/task2_node/package.bash'
[7.463s] INFO:colcon.colcon_core.shell:Creating package script '/home/orangepi/AUV_ROS2/install/task2_node/share/task2_node/package.zsh'
[7.463s] Level 1:colcon.colcon_core.environment:create_file_with_runtime_dependencies(/home/orangepi/AUV_ROS2/install/task2_node/share/colcon-core/packages/task2_node)
[7.464s] Level 1:colcon.colcon_core.environment:create_environment_scripts_only(control_interfaces)
[7.471s] DEBUG:colcon.colcon_core.event_handler.log_command:Invoked command in '/home/orangepi/AUV_ROS2/build/control_interfaces' returned '0': CMAKE_PREFIX_PATH=${CMAKE_PREFIX_PATH}:/home/orangepi/AUV_ROS2/install/task2_node:/home/orangepi/AUV_ROS2/install/task1_node:/home/orangepi/AUV_ROS2/install/start_auv:/home/orangepi/AUV_ROS2/install/remote_node:/home/orangepi/AUV_ROS2/install/master_node:/home/orangepi/AUV_ROS2/install/control_node:/home/orangepi/AUV_ROS2/install/buoyancy_node:/home/orangepi/opencv_ws/install/task2_drum_detection:/home/orangepi/opencv_ws/install/task1_gate_detection:/home/orangepi/opencv_ws/install/task1_flare_detection:/home/orangepi/opencv_ws/install/q_gate_detection:/home/orangepi/opencv_ws/install/master_node_simulation:/home/orangepi/opencv_ws/install/facer_input:/opt/ros/humble /usr/bin/cmake --install /home/orangepi/AUV_ROS2/build/control_interfaces
[7.487s] Level 1:colcon.colcon_core.environment:checking '/home/orangepi/AUV_ROS2/install/control_interfaces' for CMake module files
[7.488s] Level 1:colcon.colcon_core.environment:checking '/home/orangepi/AUV_ROS2/install/control_interfaces' for CMake config files
[7.489s] Level 1:colcon.colcon_core.shell:create_environment_hook('control_interfaces', 'cmake_prefix_path')
[7.506s] INFO:colcon.colcon_core.shell:Creating environment hook '/home/orangepi/AUV_ROS2/install/control_interfaces/share/control_interfaces/hook/cmake_prefix_path.ps1'
[7.507s] INFO:colcon.colcon_core.shell:Creating environment descriptor '/home/orangepi/AUV_ROS2/install/control_interfaces/share/control_interfaces/hook/cmake_prefix_path.dsv'
[7.508s] INFO:colcon.colcon_core.shell:Creating environment hook '/home/orangepi/AUV_ROS2/install/control_interfaces/share/control_interfaces/hook/cmake_prefix_path.sh'
[7.508s] Level 1:colcon.colcon_core.environment:checking '/home/orangepi/AUV_ROS2/install/control_interfaces/lib'
[7.508s] Level 1:colcon.colcon_core.shell:create_environment_hook('control_interfaces', 'ld_library_path_lib')
[7.527s] INFO:colcon.colcon_core.shell:Creating environment hook '/home/orangepi/AUV_ROS2/install/control_interfaces/share/control_interfaces/hook/ld_library_path_lib.ps1'
[7.528s] INFO:colcon.colcon_core.shell:Creating environment descriptor '/home/orangepi/AUV_ROS2/install/control_interfaces/share/control_interfaces/hook/ld_library_path_lib.dsv'
[7.528s] INFO:colcon.colcon_core.shell:Creating environment hook '/home/orangepi/AUV_ROS2/install/control_interfaces/share/control_interfaces/hook/ld_library_path_lib.sh'
[7.529s] Level 1:colcon.colcon_core.environment:checking '/home/orangepi/AUV_ROS2/install/control_interfaces/bin'
[7.529s] Level 1:colcon.colcon_core.environment:checking '/home/orangepi/AUV_ROS2/install/control_interfaces/lib/pkgconfig/control_interfaces.pc'
[7.529s] Level 1:colcon.colcon_core.environment:checking '/home/orangepi/AUV_ROS2/install/control_interfaces/lib/python3.10/site-packages'
[7.530s] Level 1:colcon.colcon_core.environment:checking '/home/orangepi/AUV_ROS2/install/control_interfaces/bin'
[7.549s] INFO:colcon.colcon_core.shell:Creating package script '/home/orangepi/AUV_ROS2/install/control_interfaces/share/control_interfaces/package.ps1'
[7.550s] INFO:colcon.colcon_core.shell:Creating package descriptor '/home/orangepi/AUV_ROS2/install/control_interfaces/share/control_interfaces/package.dsv'
[7.551s] INFO:colcon.colcon_core.shell:Creating package script '/home/orangepi/AUV_ROS2/install/control_interfaces/share/control_interfaces/package.sh'
[7.552s] INFO:colcon.colcon_core.shell:Creating package script '/home/orangepi/AUV_ROS2/install/control_interfaces/share/control_interfaces/package.bash'
[7.552s] INFO:colcon.colcon_core.shell:Creating package script '/home/orangepi/AUV_ROS2/install/control_interfaces/share/control_interfaces/package.zsh'
[7.553s] Level 1:colcon.colcon_core.environment:create_file_with_runtime_dependencies(/home/orangepi/AUV_ROS2/install/control_interfaces/share/colcon-core/packages/control_interfaces)
[7.562s] DEBUG:colcon.colcon_core.event_handler.log_command:Invoking command in '/home/orangepi/AUV_ROS2/src/start_auv': PYTHONPATH=/home/orangepi/AUV_ROS2/build/start_auv/prefix_override:/home/orangepi/AUV_ROS2/install/start_auv/lib/python3.10/site-packages:${PYTHONPATH} /usr/bin/python3 setup.py egg_info --egg-base ../../build/start_auv build --build-base /home/orangepi/AUV_ROS2/build/start_auv/build install --record /home/orangepi/AUV_ROS2/build/start_auv/install.log --single-version-externally-managed
[7.563s] DEBUG:colcon.colcon_core.event_handler.log_command:Invoking command in '/home/orangepi/AUV_ROS2/src/master_node': PYTHONPATH=/home/orangepi/AUV_ROS2/build/master_node/prefix_override:/home/orangepi/AUV_ROS2/install/master_node/lib/python3.10/site-packages:${PYTHONPATH} /usr/bin/python3 setup.py egg_info --egg-base ../../build/master_node build --build-base /home/orangepi/AUV_ROS2/build/master_node/build install --record /home/orangepi/AUV_ROS2/build/master_node/install.log --single-version-externally-managed
[7.564s] DEBUG:colcon.colcon_core.event_handler.log_command:Invoking command in '/home/orangepi/AUV_ROS2/src/control_node': PYTHONPATH=/home/orangepi/AUV_ROS2/build/control_node/prefix_override:/home/orangepi/AUV_ROS2/install/control_node/lib/python3.10/site-packages:${PYTHONPATH} /usr/bin/python3 setup.py egg_info --egg-base ../../build/control_node build --build-base /home/orangepi/AUV_ROS2/build/control_node/build install --record /home/orangepi/AUV_ROS2/build/control_node/install.log --single-version-externally-managed
[7.569s] DEBUG:colcon.colcon_core.event_handler.log_command:Invoking command in '/home/orangepi/AUV_ROS2/src/buoyancy_node': PYTHONPATH=/home/orangepi/AUV_ROS2/build/buoyancy_node/prefix_override:/home/orangepi/AUV_ROS2/install/buoyancy_node/lib/python3.10/site-packages:${PYTHONPATH} /usr/bin/python3 setup.py egg_info --egg-base ../../build/buoyancy_node build --build-base /home/orangepi/AUV_ROS2/build/buoyancy_node/build install --record /home/orangepi/AUV_ROS2/build/buoyancy_node/install.log --single-version-externally-managed
[7.852s] Level 1:colcon.colcon_core.environment:create_environment_scripts_only(control_interfaces)
[7.973s] Level 1:colcon.colcon_core.environment:checking '/home/orangepi/AUV_ROS2/install/control_interfaces' for CMake module files
[7.980s] Level 1:colcon.colcon_core.environment:checking '/home/orangepi/AUV_ROS2/install/control_interfaces' for CMake config files
[7.982s] Level 1:colcon.colcon_core.shell:create_environment_hook('control_interfaces', 'cmake_prefix_path')
[8.074s] INFO:colcon.colcon_core.shell:Creating environment hook '/home/orangepi/AUV_ROS2/install/control_interfaces/share/control_interfaces/hook/cmake_prefix_path.ps1'
[8.075s] INFO:colcon.colcon_core.shell:Creating environment descriptor '/home/orangepi/AUV_ROS2/install/control_interfaces/share/control_interfaces/hook/cmake_prefix_path.dsv'
[8.076s] INFO:colcon.colcon_core.shell:Creating environment hook '/home/orangepi/AUV_ROS2/install/control_interfaces/share/control_interfaces/hook/cmake_prefix_path.sh'
[8.077s] Level 1:colcon.colcon_core.environment:checking '/home/orangepi/AUV_ROS2/install/control_interfaces/lib'
[8.077s] Level 1:colcon.colcon_core.shell:create_environment_hook('control_interfaces', 'ld_library_path_lib')
[8.102s] INFO:colcon.colcon_core.shell:Creating environment hook '/home/orangepi/AUV_ROS2/install/control_interfaces/share/control_interfaces/hook/ld_library_path_lib.ps1'
[8.103s] INFO:colcon.colcon_core.shell:Creating environment descriptor '/home/orangepi/AUV_ROS2/install/control_interfaces/share/control_interfaces/hook/ld_library_path_lib.dsv'
[8.104s] INFO:colcon.colcon_core.shell:Creating environment hook '/home/orangepi/AUV_ROS2/install/control_interfaces/share/control_interfaces/hook/ld_library_path_lib.sh'
[8.104s] Level 1:colcon.colcon_core.environment:checking '/home/orangepi/AUV_ROS2/install/control_interfaces/bin'
[8.104s] Level 1:colcon.colcon_core.environment:checking '/home/orangepi/AUV_ROS2/install/control_interfaces/lib/pkgconfig/control_interfaces.pc'
[8.105s] Level 1:colcon.colcon_core.environment:checking '/home/orangepi/AUV_ROS2/install/control_interfaces/lib/python3.10/site-packages'
[8.105s] Level 1:colcon.colcon_core.environment:checking '/home/orangepi/AUV_ROS2/install/control_interfaces/bin'
[8.125s] INFO:colcon.colcon_core.shell:Creating package script '/home/orangepi/AUV_ROS2/install/control_interfaces/share/control_interfaces/package.ps1'
[8.126s] INFO:colcon.colcon_core.shell:Creating package descriptor '/home/orangepi/AUV_ROS2/install/control_interfaces/share/control_interfaces/package.dsv'
[8.127s] INFO:colcon.colcon_core.shell:Creating package script '/home/orangepi/AUV_ROS2/install/control_interfaces/share/control_interfaces/package.sh'
[8.128s] INFO:colcon.colcon_core.shell:Creating package script '/home/orangepi/AUV_ROS2/install/control_interfaces/share/control_interfaces/package.bash'
[8.128s] INFO:colcon.colcon_core.shell:Creating package script '/home/orangepi/AUV_ROS2/install/control_interfaces/share/control_interfaces/package.zsh'
[8.128s] Level 1:colcon.colcon_core.environment:create_file_with_runtime_dependencies(/home/orangepi/AUV_ROS2/install/control_interfaces/share/colcon-core/packages/control_interfaces)
[8.133s] DEBUG:colcon.colcon_core.event_handler.log_command:Invoked command in '/home/orangepi/AUV_ROS2/src/start_auv' returned '0': PYTHONPATH=/home/orangepi/AUV_ROS2/build/start_auv/prefix_override:/home/orangepi/AUV_ROS2/install/start_auv/lib/python3.10/site-packages:${PYTHONPATH} /usr/bin/python3 setup.py egg_info --egg-base ../../build/start_auv build --build-base /home/orangepi/AUV_ROS2/build/start_auv/build install --record /home/orangepi/AUV_ROS2/build/start_auv/install.log --single-version-externally-managed
[8.155s] Level 1:colcon.colcon_core.environment:checking '/home/orangepi/AUV_ROS2/install/start_auv' for CMake module files
[8.156s] Level 1:colcon.colcon_core.environment:checking '/home/orangepi/AUV_ROS2/install/start_auv' for CMake config files
[8.156s] Level 1:colcon.colcon_core.environment:checking '/home/orangepi/AUV_ROS2/install/start_auv/lib'
[8.157s] Level 1:colcon.colcon_core.environment:checking '/home/orangepi/AUV_ROS2/install/start_auv/bin'
[8.157s] Level 1:colcon.colcon_core.environment:checking '/home/orangepi/AUV_ROS2/install/start_auv/lib/pkgconfig/start_auv.pc'
[8.157s] Level 1:colcon.colcon_core.environment:checking '/home/orangepi/AUV_ROS2/install/start_auv/lib/python3.10/site-packages'
[8.157s] Level 1:colcon.colcon_core.shell:create_environment_hook('start_auv', 'pythonpath')
[8.178s] INFO:colcon.colcon_core.shell:Creating environment hook '/home/orangepi/AUV_ROS2/install/start_auv/share/start_auv/hook/pythonpath.ps1'
[8.178s] INFO:colcon.colcon_core.shell:Creating environment descriptor '/home/orangepi/AUV_ROS2/install/start_auv/share/start_auv/hook/pythonpath.dsv'
[8.179s] INFO:colcon.colcon_core.shell:Creating environment hook '/home/orangepi/AUV_ROS2/install/start_auv/share/start_auv/hook/pythonpath.sh'
[8.180s] Level 1:colcon.colcon_core.environment:checking '/home/orangepi/AUV_ROS2/install/start_auv/bin'
[8.180s] Level 1:colcon.colcon_core.environment:create_environment_scripts_only(start_auv)
[8.199s] INFO:colcon.colcon_core.shell:Creating package script '/home/orangepi/AUV_ROS2/install/start_auv/share/start_auv/package.ps1'
[8.200s] INFO:colcon.colcon_core.shell:Creating package descriptor '/home/orangepi/AUV_ROS2/install/start_auv/share/start_auv/package.dsv'
[8.201s] INFO:colcon.colcon_core.shell:Creating package script '/home/orangepi/AUV_ROS2/install/start_auv/share/start_auv/package.sh'
[8.201s] INFO:colcon.colcon_core.shell:Creating package script '/home/orangepi/AUV_ROS2/install/start_auv/share/start_auv/package.bash'
[8.202s] INFO:colcon.colcon_core.shell:Creating package script '/home/orangepi/AUV_ROS2/install/start_auv/share/start_auv/package.zsh'
[8.202s] Level 1:colcon.colcon_core.environment:create_file_with_runtime_dependencies(/home/orangepi/AUV_ROS2/install/start_auv/share/colcon-core/packages/start_auv)
[8.208s] DEBUG:colcon.colcon_core.event_handler.log_command:Invoked command in '/home/orangepi/AUV_ROS2/src/control_node' returned '0': PYTHONPATH=/home/orangepi/AUV_ROS2/build/control_node/prefix_override:/home/orangepi/AUV_ROS2/install/control_node/lib/python3.10/site-packages:${PYTHONPATH} /usr/bin/python3 setup.py egg_info --egg-base ../../build/control_node build --build-base /home/orangepi/AUV_ROS2/build/control_node/build install --record /home/orangepi/AUV_ROS2/build/control_node/install.log --single-version-externally-managed
[8.225s] Level 1:colcon.colcon_core.environment:checking '/home/orangepi/AUV_ROS2/install/control_node' for CMake module files
[8.225s] Level 1:colcon.colcon_core.environment:checking '/home/orangepi/AUV_ROS2/install/control_node' for CMake config files
[8.226s] Level 1:colcon.colcon_core.environment:checking '/home/orangepi/AUV_ROS2/install/control_node/lib'
[8.226s] Level 1:colcon.colcon_core.environment:checking '/home/orangepi/AUV_ROS2/install/control_node/bin'
[8.226s] Level 1:colcon.colcon_core.environment:checking '/home/orangepi/AUV_ROS2/install/control_node/lib/pkgconfig/control_node.pc'
[8.227s] Level 1:colcon.colcon_core.environment:checking '/home/orangepi/AUV_ROS2/install/control_node/lib/python3.10/site-packages'
[8.227s] Level 1:colcon.colcon_core.shell:create_environment_hook('control_node', 'pythonpath')
[8.254s] INFO:colcon.colcon_core.shell:Creating environment hook '/home/orangepi/AUV_ROS2/install/control_node/share/control_node/hook/pythonpath.ps1'
[8.256s] INFO:colcon.colcon_core.shell:Creating environment descriptor '/home/orangepi/AUV_ROS2/install/control_node/share/control_node/hook/pythonpath.dsv'
[8.257s] INFO:colcon.colcon_core.shell:Creating environment hook '/home/orangepi/AUV_ROS2/install/control_node/share/control_node/hook/pythonpath.sh'
[8.259s] Level 1:colcon.colcon_core.environment:checking '/home/orangepi/AUV_ROS2/install/control_node/bin'
[8.259s] Level 1:colcon.colcon_core.environment:create_environment_scripts_only(control_node)
[8.279s] INFO:colcon.colcon_core.shell:Creating package script '/home/orangepi/AUV_ROS2/install/control_node/share/control_node/package.ps1'
[8.280s] INFO:colcon.colcon_core.shell:Creating package descriptor '/home/orangepi/AUV_ROS2/install/control_node/share/control_node/package.dsv'
[8.280s] INFO:colcon.colcon_core.shell:Creating package script '/home/orangepi/AUV_ROS2/install/control_node/share/control_node/package.sh'
[8.281s] INFO:colcon.colcon_core.shell:Creating package script '/home/orangepi/AUV_ROS2/install/control_node/share/control_node/package.bash'
[8.281s] INFO:colcon.colcon_core.shell:Creating package script '/home/orangepi/AUV_ROS2/install/control_node/share/control_node/package.zsh'
[8.282s] Level 1:colcon.colcon_core.environment:create_file_with_runtime_dependencies(/home/orangepi/AUV_ROS2/install/control_node/share/colcon-core/packages/control_node)
[8.288s] DEBUG:colcon.colcon_core.event_handler.log_command:Invoked command in '/home/orangepi/AUV_ROS2/src/master_node' returned '0': PYTHONPATH=/home/orangepi/AUV_ROS2/build/master_node/prefix_override:/home/orangepi/AUV_ROS2/install/master_node/lib/python3.10/site-packages:${PYTHONPATH} /usr/bin/python3 setup.py egg_info --egg-base ../../build/master_node build --build-base /home/orangepi/AUV_ROS2/build/master_node/build install --record /home/orangepi/AUV_ROS2/build/master_node/install.log --single-version-externally-managed
[8.308s] Level 1:colcon.colcon_core.environment:checking '/home/orangepi/AUV_ROS2/install/master_node' for CMake module files
[8.309s] Level 1:colcon.colcon_core.environment:checking '/home/orangepi/AUV_ROS2/install/master_node' for CMake config files
[8.310s] Level 1:colcon.colcon_core.environment:checking '/home/orangepi/AUV_ROS2/install/master_node/lib'
[8.310s] Level 1:colcon.colcon_core.environment:checking '/home/orangepi/AUV_ROS2/install/master_node/bin'
[8.310s] Level 1:colcon.colcon_core.environment:checking '/home/orangepi/AUV_ROS2/install/master_node/lib/pkgconfig/master_node.pc'
[8.311s] Level 1:colcon.colcon_core.environment:checking '/home/orangepi/AUV_ROS2/install/master_node/lib/python3.10/site-packages'
[8.311s] Level 1:colcon.colcon_core.shell:create_environment_hook('master_node', 'pythonpath')
[8.330s] INFO:colcon.colcon_core.shell:Creating environment hook '/home/orangepi/AUV_ROS2/install/master_node/share/master_node/hook/pythonpath.ps1'
[8.331s] INFO:colcon.colcon_core.shell:Creating environment descriptor '/home/orangepi/AUV_ROS2/install/master_node/share/master_node/hook/pythonpath.dsv'
[8.332s] INFO:colcon.colcon_core.shell:Creating environment hook '/home/orangepi/AUV_ROS2/install/master_node/share/master_node/hook/pythonpath.sh'
[8.333s] Level 1:colcon.colcon_core.environment:checking '/home/orangepi/AUV_ROS2/install/master_node/bin'
[8.333s] Level 1:colcon.colcon_core.environment:create_environment_scripts_only(master_node)
[8.360s] INFO:colcon.colcon_core.shell:Creating package script '/home/orangepi/AUV_ROS2/install/master_node/share/master_node/package.ps1'
[8.361s] INFO:colcon.colcon_core.shell:Creating package descriptor '/home/orangepi/AUV_ROS2/install/master_node/share/master_node/package.dsv'
[8.362s] INFO:colcon.colcon_core.shell:Creating package script '/home/orangepi/AUV_ROS2/install/master_node/share/master_node/package.sh'
[8.362s] INFO:colcon.colcon_core.shell:Creating package script '/home/orangepi/AUV_ROS2/install/master_node/share/master_node/package.bash'
[8.363s] INFO:colcon.colcon_core.shell:Creating package script '/home/orangepi/AUV_ROS2/install/master_node/share/master_node/package.zsh'
[8.363s] Level 1:colcon.colcon_core.environment:create_file_with_runtime_dependencies(/home/orangepi/AUV_ROS2/install/master_node/share/colcon-core/packages/master_node)
[8.368s] DEBUG:colcon.colcon_core.event_handler.log_command:Invoked command in '/home/orangepi/AUV_ROS2/src/buoyancy_node' returned '0': PYTHONPATH=/home/orangepi/AUV_ROS2/build/buoyancy_node/prefix_override:/home/orangepi/AUV_ROS2/install/buoyancy_node/lib/python3.10/site-packages:${PYTHONPATH} /usr/bin/python3 setup.py egg_info --egg-base ../../build/buoyancy_node build --build-base /home/orangepi/AUV_ROS2/build/buoyancy_node/build install --record /home/orangepi/AUV_ROS2/build/buoyancy_node/install.log --single-version-externally-managed
[8.386s] Level 1:colcon.colcon_core.environment:checking '/home/orangepi/AUV_ROS2/install/buoyancy_node' for CMake module files
[8.387s] Level 1:colcon.colcon_core.environment:checking '/home/orangepi/AUV_ROS2/install/buoyancy_node' for CMake config files
[8.387s] Level 1:colcon.colcon_core.environment:checking '/home/orangepi/AUV_ROS2/install/buoyancy_node/lib'
[8.388s] Level 1:colcon.colcon_core.environment:checking '/home/orangepi/AUV_ROS2/install/buoyancy_node/bin'
[8.388s] Level 1:colcon.colcon_core.environment:checking '/home/orangepi/AUV_ROS2/install/buoyancy_node/lib/pkgconfig/buoyancy_node.pc'
[8.388s] Level 1:colcon.colcon_core.environment:checking '/home/orangepi/AUV_ROS2/install/buoyancy_node/lib/python3.10/site-packages'
[8.388s] Level 1:colcon.colcon_core.shell:create_environment_hook('buoyancy_node', 'pythonpath')
[8.407s] INFO:colcon.colcon_core.shell:Creating environment hook '/home/orangepi/AUV_ROS2/install/buoyancy_node/share/buoyancy_node/hook/pythonpath.ps1'
[8.407s] INFO:colcon.colcon_core.shell:Creating environment descriptor '/home/orangepi/AUV_ROS2/install/buoyancy_node/share/buoyancy_node/hook/pythonpath.dsv'
[8.408s] INFO:colcon.colcon_core.shell:Creating environment hook '/home/orangepi/AUV_ROS2/install/buoyancy_node/share/buoyancy_node/hook/pythonpath.sh'
[8.409s] Level 1:colcon.colcon_core.environment:checking '/home/orangepi/AUV_ROS2/install/buoyancy_node/bin'
[8.409s] Level 1:colcon.colcon_core.environment:create_environment_scripts_only(buoyancy_node)
[8.428s] INFO:colcon.colcon_core.shell:Creating package script '/home/orangepi/AUV_ROS2/install/buoyancy_node/share/buoyancy_node/package.ps1'
[8.429s] INFO:colcon.colcon_core.shell:Creating package descriptor '/home/orangepi/AUV_ROS2/install/buoyancy_node/share/buoyancy_node/package.dsv'
[8.430s] INFO:colcon.colcon_core.shell:Creating package script '/home/orangepi/AUV_ROS2/install/buoyancy_node/share/buoyancy_node/package.sh'
[8.430s] INFO:colcon.colcon_core.shell:Creating package script '/home/orangepi/AUV_ROS2/install/buoyancy_node/share/buoyancy_node/package.bash'
[8.431s] INFO:colcon.colcon_core.shell:Creating package script '/home/orangepi/AUV_ROS2/install/buoyancy_node/share/buoyancy_node/package.zsh'
[8.431s] Level 1:colcon.colcon_core.environment:create_file_with_runtime_dependencies(/home/orangepi/AUV_ROS2/install/buoyancy_node/share/colcon-core/packages/buoyancy_node)
[8.432s] DEBUG:colcon.colcon_parallel_executor.executor.parallel:closing loop
[8.432s] DEBUG:colcon.colcon_parallel_executor.executor.parallel:loop closed
[8.432s] DEBUG:colcon.colcon_parallel_executor.executor.parallel:run_until_complete finished with '0'
[8.432s] DEBUG:colcon.colcon_core.event_reactor:joining thread
[8.496s] INFO:colcon.colcon_core.plugin_system:Skipping extension 'colcon_notification.desktop_notification.terminal_notifier': Not used on non-Darwin systems
[8.496s] INFO:colcon.colcon_core.plugin_system:Skipping extension 'colcon_notification.desktop_notification.win32': Not used on non-Windows systems
[8.496s] INFO:colcon.colcon_notification.desktop_notification:Sending desktop notification using 'notify2'
[8.535s] DEBUG:colcon.colcon_core.event_reactor:joined thread
[8.554s] INFO:colcon.colcon_core.shell:Creating prefix script '/home/orangepi/AUV_ROS2/install/local_setup.ps1'
[8.556s] INFO:colcon.colcon_core.shell:Creating prefix util module '/home/orangepi/AUV_ROS2/install/_local_setup_util_ps1.py'
[8.558s] INFO:colcon.colcon_core.shell:Creating prefix chain script '/home/orangepi/AUV_ROS2/install/setup.ps1'
[8.579s] INFO:colcon.colcon_core.shell:Creating prefix script '/home/orangepi/AUV_ROS2/install/local_setup.sh'
[8.579s] INFO:colcon.colcon_core.shell:Creating prefix util module '/home/orangepi/AUV_ROS2/install/_local_setup_util_sh.py'
[8.580s] INFO:colcon.colcon_core.shell:Creating prefix chain script '/home/orangepi/AUV_ROS2/install/setup.sh'
[8.601s] INFO:colcon.colcon_core.shell:Creating prefix script '/home/orangepi/AUV_ROS2/install/local_setup.bash'
[8.602s] INFO:colcon.colcon_core.shell:Creating prefix chain script '/home/orangepi/AUV_ROS2/install/setup.bash'
[8.622s] INFO:colcon.colcon_core.shell:Creating prefix script '/home/orangepi/AUV_ROS2/install/local_setup.zsh'
[8.623s] INFO:colcon.colcon_core.shell:Creating prefix chain script '/home/orangepi/AUV_ROS2/install/setup.zsh'
