[1.823s] Invoking command in '/home/orangepi/AUV_ROS2/src/task1_node': PYTHONPATH=/home/orangepi/AUV_ROS2/build/task1_node/prefix_override:/home/orangepi/AUV_ROS2/install/task1_node/lib/python3.10/site-packages:${PYTHONPATH} /usr/bin/python3 -W ignore:setup.py install is deprecated setup.py egg_info --egg-base ../../build/task1_node build --build-base /home/orangepi/AUV_ROS2/build/task1_node/build install --record /home/orangepi/AUV_ROS2/build/task1_node/install.log --single-version-externally-managed install_data
[2.376s] running egg_info
[2.376s] writing ../../build/task1_node/task1_node.egg-info/PKG-INFO
[2.377s] writing dependency_links to ../../build/task1_node/task1_node.egg-info/dependency_links.txt
[2.377s] writing entry points to ../../build/task1_node/task1_node.egg-info/entry_points.txt
[2.377s] writing requirements to ../../build/task1_node/task1_node.egg-info/requires.txt
[2.379s] writing top-level names to ../../build/task1_node/task1_node.egg-info/top_level.txt
[2.381s] reading manifest file '../../build/task1_node/task1_node.egg-info/SOURCES.txt'
[2.382s] adding license file 'LICENSE'
[2.383s] writing manifest file '../../build/task1_node/task1_node.egg-info/SOURCES.txt'
[2.384s] running build
[2.385s] running build_py
[2.385s] running install
[2.386s] running install_lib
[2.386s] running install_data
[2.387s] running install_egg_info
[2.387s] removing '/home/orangepi/AUV_ROS2/install/task1_node/lib/python3.10/site-packages/task1_node-0.0.0-py3.10.egg-info' (and everything under it)
[2.388s] Copying ../../build/task1_node/task1_node.egg-info to /home/orangepi/AUV_ROS2/install/task1_node/lib/python3.10/site-packages/task1_node-0.0.0-py3.10.egg-info
[2.388s] running install_scripts
[2.389s] Installing task1_node script to /home/orangepi/AUV_ROS2/install/task1_node/lib/task1_node
[2.389s] writing list of installed files to '/home/orangepi/AUV_ROS2/build/task1_node/install.log'
[2.862s] Invoked command in '/home/orangepi/AUV_ROS2/src/task1_node' returned '0': PYTHONPATH=/home/orangepi/AUV_ROS2/build/task1_node/prefix_override:/home/orangepi/AUV_ROS2/install/task1_node/lib/python3.10/site-packages:${PYTHONPATH} /usr/bin/python3 -W ignore:setup.py install is deprecated setup.py egg_info --egg-base ../../build/task1_node build --build-base /home/orangepi/AUV_ROS2/build/task1_node/build install --record /home/orangepi/AUV_ROS2/build/task1_node/install.log --single-version-externally-managed install_data
