[3.973s] Invoking command in '/home/orangepi/AUV_ROS2/src/status_node': PYTHONPATH=/home/orangepi/AUV_ROS2/build/status_node/prefix_override:/home/orangepi/AUV_ROS2/install/status_node/lib/python3.10/site-packages:${PYTHONPATH} /usr/bin/python3 -W ignore:setup.py install is deprecated setup.py egg_info --egg-base ../../build/status_node build --build-base /home/orangepi/AUV_ROS2/build/status_node/build install --record /home/orangepi/AUV_ROS2/build/status_node/install.log --single-version-externally-managed install_data
[5.023s] running egg_info
[5.027s] writing ../../build/status_node/status_node.egg-info/PKG-INFO
[5.027s] writing dependency_links to ../../build/status_node/status_node.egg-info/dependency_links.txt
[5.028s] writing entry points to ../../build/status_node/status_node.egg-info/entry_points.txt
[5.028s] writing requirements to ../../build/status_node/status_node.egg-info/requires.txt
[5.029s] writing top-level names to ../../build/status_node/status_node.egg-info/top_level.txt
[5.036s] reading manifest file '../../build/status_node/status_node.egg-info/SOURCES.txt'
[5.036s] writing manifest file '../../build/status_node/status_node.egg-info/SOURCES.txt'
[5.037s] running build
[5.037s] running build_py
[5.038s] running install
[5.038s] running install_lib
[5.042s] running install_data
[5.042s] running install_egg_info
[5.043s] removing '/home/orangepi/AUV_ROS2/install/status_node/lib/python3.10/site-packages/status_node-0.0.0-py3.10.egg-info' (and everything under it)
[5.049s] Copying ../../build/status_node/status_node.egg-info to /home/orangepi/AUV_ROS2/install/status_node/lib/python3.10/site-packages/status_node-0.0.0-py3.10.egg-info
[5.057s] running install_scripts
[5.094s] Installing status_node script to /home/orangepi/AUV_ROS2/install/status_node/lib/status_node
[5.095s] writing list of installed files to '/home/orangepi/AUV_ROS2/build/status_node/install.log'
[5.327s] Invoked command in '/home/orangepi/AUV_ROS2/src/status_node' returned '0': PYTHONPATH=/home/orangepi/AUV_ROS2/build/status_node/prefix_override:/home/orangepi/AUV_ROS2/install/status_node/lib/python3.10/site-packages:${PYTHONPATH} /usr/bin/python3 -W ignore:setup.py install is deprecated setup.py egg_info --egg-base ../../build/status_node build --build-base /home/orangepi/AUV_ROS2/build/status_node/build install --record /home/orangepi/AUV_ROS2/build/status_node/install.log --single-version-externally-managed install_data
