[3.934s] Invoking command in '/home/orangepi/AUV_ROS2/src/start_auv': PYTHONPATH=/home/orangepi/AUV_ROS2/build/start_auv/prefix_override:/home/orangepi/AUV_ROS2/install/start_auv/lib/python3.10/site-packages:${PYTHONPATH} /usr/bin/python3 -W ignore:setup.py install is deprecated setup.py egg_info --egg-base ../../build/start_auv build --build-base /home/orangepi/AUV_ROS2/build/start_auv/build install --record /home/orangepi/AUV_ROS2/build/start_auv/install.log --single-version-externally-managed install_data
[4.392s] running egg_info
[4.406s] writing ../../build/start_auv/start_auv.egg-info/PKG-INFO
[4.407s] writing dependency_links to ../../build/start_auv/start_auv.egg-info/dependency_links.txt
[4.408s] writing entry points to ../../build/start_auv/start_auv.egg-info/entry_points.txt
[4.408s] writing requirements to ../../build/start_auv/start_auv.egg-info/requires.txt
[4.409s] writing top-level names to ../../build/start_auv/start_auv.egg-info/top_level.txt
[4.418s] reading manifest file '../../build/start_auv/start_auv.egg-info/SOURCES.txt'
[4.419s] writing manifest file '../../build/start_auv/start_auv.egg-info/SOURCES.txt'
[4.420s] running build
[4.421s] running build_py
[4.422s] running install
[4.426s] running install_lib
[4.433s] running install_data
[4.434s] running install_egg_info
[4.436s] removing '/home/orangepi/AUV_ROS2/install/start_auv/lib/python3.10/site-packages/start_auv-0.0.0-py3.10.egg-info' (and everything under it)
[4.441s] Copying ../../build/start_auv/start_auv.egg-info to /home/orangepi/AUV_ROS2/install/start_auv/lib/python3.10/site-packages/start_auv-0.0.0-py3.10.egg-info
[4.443s] running install_scripts
[4.510s] writing list of installed files to '/home/orangepi/AUV_ROS2/build/start_auv/install.log'
[4.958s] Invoked command in '/home/orangepi/AUV_ROS2/src/start_auv' returned '0': PYTHONPATH=/home/orangepi/AUV_ROS2/build/start_auv/prefix_override:/home/orangepi/AUV_ROS2/install/start_auv/lib/python3.10/site-packages:${PYTHONPATH} /usr/bin/python3 -W ignore:setup.py install is deprecated setup.py egg_info --egg-base ../../build/start_auv build --build-base /home/orangepi/AUV_ROS2/build/start_auv/build install --record /home/orangepi/AUV_ROS2/build/start_auv/install.log --single-version-externally-managed install_data
