[4.769s] Invoking command in '/home/orangepi/AUV_ROS2/src/start_auv': PYTHONPATH=/home/orangepi/AUV_ROS2/build/start_auv/prefix_override:/home/orangepi/AUV_ROS2/install/start_auv/lib/python3.10/site-packages:${PYTHONPATH} /usr/bin/python3 setup.py egg_info --egg-base ../../build/start_auv build --build-base /home/orangepi/AUV_ROS2/build/start_auv/build install --record /home/orangepi/AUV_ROS2/build/start_auv/install.log --single-version-externally-managed
[5.732s] running egg_info
[5.734s] writing ../../build/start_auv/start_auv.egg-info/PKG-INFO
[5.734s] writing dependency_links to ../../build/start_auv/start_auv.egg-info/dependency_links.txt
[5.735s] writing entry points to ../../build/start_auv/start_auv.egg-info/entry_points.txt
[5.735s] writing requirements to ../../build/start_auv/start_auv.egg-info/requires.txt
[5.735s] writing top-level names to ../../build/start_auv/start_auv.egg-info/top_level.txt
[5.739s] reading manifest file '../../build/start_auv/start_auv.egg-info/SOURCES.txt'
[5.741s] writing manifest file '../../build/start_auv/start_auv.egg-info/SOURCES.txt'
[5.746s] running build
[5.747s] running build_py
[5.747s] running install
[5.747s] /usr/lib/python3/dist-packages/setuptools/command/install.py:34: SetuptoolsDeprecationWarning: setup.py install is deprecated. Use build and pip and other standards-based tools.
[5.747s]   warnings.warn(
[5.748s] running install_lib
[5.751s] running install_data
[5.752s] running install_egg_info
[5.761s] removing '/home/orangepi/AUV_ROS2/install/start_auv/lib/python3.10/site-packages/start_auv-0.0.0-py3.10.egg-info' (and everything under it)
[5.762s] Copying ../../build/start_auv/start_auv.egg-info to /home/orangepi/AUV_ROS2/install/start_auv/lib/python3.10/site-packages/start_auv-0.0.0-py3.10.egg-info
[5.775s] running install_scripts
[5.821s] writing list of installed files to '/home/orangepi/AUV_ROS2/build/start_auv/install.log'
[6.801s] Invoked command in '/home/orangepi/AUV_ROS2/src/start_auv' returned '0': PYTHONPATH=/home/orangepi/AUV_ROS2/build/start_auv/prefix_override:/home/orangepi/AUV_ROS2/install/start_auv/lib/python3.10/site-packages:${PYTHONPATH} /usr/bin/python3 setup.py egg_info --egg-base ../../build/start_auv build --build-base /home/orangepi/AUV_ROS2/build/start_auv/build install --record /home/orangepi/AUV_ROS2/build/start_auv/install.log --single-version-externally-managed
