[5.547s] Invoking command in '/home/orangepi/AUV_ROS2/src/start_auv': PYTHONPATH=/home/orangepi/AUV_ROS2/build/start_auv/prefix_override:/home/orangepi/AUV_ROS2/install/start_auv/lib/python3.10/site-packages:${PYTHONPATH} /usr/bin/python3 setup.py egg_info --egg-base ../../build/start_auv build --build-base /home/orangepi/AUV_ROS2/build/start_auv/build install --record /home/orangepi/AUV_ROS2/build/start_auv/install.log --single-version-externally-managed
[6.221s] running egg_info
[6.223s] writing ../../build/start_auv/start_auv.egg-info/PKG-INFO
[6.223s] writing dependency_links to ../../build/start_auv/start_auv.egg-info/dependency_links.txt
[6.224s] writing entry points to ../../build/start_auv/start_auv.egg-info/entry_points.txt
[6.224s] writing requirements to ../../build/start_auv/start_auv.egg-info/requires.txt
[6.224s] writing top-level names to ../../build/start_auv/start_auv.egg-info/top_level.txt
[6.231s] reading manifest file '../../build/start_auv/start_auv.egg-info/SOURCES.txt'
[6.234s] /usr/lib/python3/dist-packages/setuptools/command/install.py:34: SetuptoolsDeprecationWarning: setup.py install is deprecated. Use build and pip and other standards-based tools.
[6.234s]   warnings.warn(
[6.235s] writing manifest file '../../build/start_auv/start_auv.egg-info/SOURCES.txt'
[6.236s] running build
[6.236s] running build_py
[6.237s] running install
[6.237s] running install_lib
[6.238s] running install_data
[6.238s] running install_egg_info
[6.238s] removing '/home/orangepi/AUV_ROS2/install/start_auv/lib/python3.10/site-packages/start_auv-0.0.0-py3.10.egg-info' (and everything under it)
[6.239s] Copying ../../build/start_auv/start_auv.egg-info to /home/orangepi/AUV_ROS2/install/start_auv/lib/python3.10/site-packages/start_auv-0.0.0-py3.10.egg-info
[6.240s] running install_scripts
[6.278s] writing list of installed files to '/home/orangepi/AUV_ROS2/build/start_auv/install.log'
[7.446s] Invoked command in '/home/orangepi/AUV_ROS2/src/start_auv' returned '0': PYTHONPATH=/home/orangepi/AUV_ROS2/build/start_auv/prefix_override:/home/orangepi/AUV_ROS2/install/start_auv/lib/python3.10/site-packages:${PYTHONPATH} /usr/bin/python3 setup.py egg_info --egg-base ../../build/start_auv build --build-base /home/orangepi/AUV_ROS2/build/start_auv/build install --record /home/orangepi/AUV_ROS2/build/start_auv/install.log --single-version-externally-managed
