running egg_info
writing ../../build/task2_node/task2_node.egg-info/PKG-INFO
writing dependency_links to ../../build/task2_node/task2_node.egg-info/dependency_links.txt
writing entry points to ../../build/task2_node/task2_node.egg-info/entry_points.txt
writing requirements to ../../build/task2_node/task2_node.egg-info/requires.txt
writing top-level names to ../../build/task2_node/task2_node.egg-info/top_level.txt
reading manifest file '../../build/task2_node/task2_node.egg-info/SOURCES.txt'
adding license file 'LICENSE'
writing manifest file '../../build/task2_node/task2_node.egg-info/SOURCES.txt'
running build
running build_py
copying task2_node/task2_node.py -> /home/orangepi/AUV_ROS2/build/task2_node/build/lib/task2_node
running install
running install_lib
copying /home/orangepi/AUV_ROS2/build/task2_node/build/lib/task2_node/task2_node.py -> /home/orangepi/AUV_ROS2/install/task2_node/lib/python3.10/site-packages/task2_node
byte-compiling /home/orangepi/AUV_ROS2/install/task2_node/lib/python3.10/site-packages/task2_node/task2_node.py to task2_node.cpython-310.pyc
running install_data
running install_egg_info
removing '/home/orangepi/AUV_ROS2/install/task2_node/lib/python3.10/site-packages/task2_node-0.0.0-py3.10.egg-info' (and everything under it)
Copying ../../build/task2_node/task2_node.egg-info to /home/orangepi/AUV_ROS2/install/task2_node/lib/python3.10/site-packages/task2_node-0.0.0-py3.10.egg-info
running install_scripts
Installing task2_node script to /home/orangepi/AUV_ROS2/install/task2_node/lib/task2_node
writing list of installed files to '/home/orangepi/AUV_ROS2/build/task2_node/install.log'
