[6.685s] Invoking command in '/home/orangepi/AUV_ROS2/src/facer_input': PYTHONPATH=/home/orangepi/AUV_ROS2/build/facer_input/prefix_override:/home/orangepi/AUV_ROS2/install/facer_input/lib/python3.10/site-packages:${PYTHONPATH} /usr/bin/python3 setup.py egg_info --egg-base ../../build/facer_input build --build-base /home/orangepi/AUV_ROS2/build/facer_input/build install --record /home/orangepi/AUV_ROS2/build/facer_input/install.log --single-version-externally-managed
[7.575s] running egg_info
[7.576s] writing ../../build/facer_input/facer_input.egg-info/PKG-INFO
[7.577s] writing dependency_links to ../../build/facer_input/facer_input.egg-info/dependency_links.txt
[7.578s] writing entry points to ../../build/facer_input/facer_input.egg-info/entry_points.txt
[7.578s] writing requirements to ../../build/facer_input/facer_input.egg-info/requires.txt
[7.579s] writing top-level names to ../../build/facer_input/facer_input.egg-info/top_level.txt
[7.580s] reading manifest file '../../build/facer_input/facer_input.egg-info/SOURCES.txt'
[7.581s] writing manifest file '../../build/facer_input/facer_input.egg-info/SOURCES.txt'
[7.582s] running build
[7.583s] running build_py
[7.583s] running install
[7.584s] /usr/lib/python3/dist-packages/setuptools/command/install.py:34: SetuptoolsDeprecationWarning: setup.py install is deprecated. Use build and pip and other standards-based tools.
[7.584s]   warnings.warn(
[7.585s] running install_lib
[7.585s] running install_data
[7.586s] running install_egg_info
[7.591s] removing '/home/orangepi/AUV_ROS2/install/facer_input/lib/python3.10/site-packages/facer_input-0.0.0-py3.10.egg-info' (and everything under it)
[7.603s] Copying ../../build/facer_input/facer_input.egg-info to /home/orangepi/AUV_ROS2/install/facer_input/lib/python3.10/site-packages/facer_input-0.0.0-py3.10.egg-info
[7.615s] running install_scripts
[7.689s] Installing capture_image script to /home/orangepi/AUV_ROS2/install/facer_input/lib/facer_input
[7.692s] writing list of installed files to '/home/orangepi/AUV_ROS2/build/facer_input/install.log'
[7.787s] Invoked command in '/home/orangepi/AUV_ROS2/src/facer_input' returned '0': PYTHONPATH=/home/orangepi/AUV_ROS2/build/facer_input/prefix_override:/home/orangepi/AUV_ROS2/install/facer_input/lib/python3.10/site-packages:${PYTHONPATH} /usr/bin/python3 setup.py egg_info --egg-base ../../build/facer_input build --build-base /home/orangepi/AUV_ROS2/build/facer_input/build install --record /home/orangepi/AUV_ROS2/build/facer_input/install.log --single-version-externally-managed
