[3.678s] Invoking command in '/home/orangepi/AUV_ROS2/src/control_node': PYTHONPATH=/home/orangepi/AUV_ROS2/build/control_node/prefix_override:/home/orangepi/AUV_ROS2/install/control_node/lib/python3.10/site-packages:${PYTHONPATH} /usr/bin/python3 -W ignore:setup.py install is deprecated setup.py egg_info --egg-base ../../build/control_node build --build-base /home/orangepi/AUV_ROS2/build/control_node/build install --record /home/orangepi/AUV_ROS2/build/control_node/install.log --single-version-externally-managed install_data
[4.403s] running egg_info
[4.404s] writing ../../build/control_node/control_node.egg-info/PKG-INFO
[4.405s] writing dependency_links to ../../build/control_node/control_node.egg-info/dependency_links.txt
[4.405s] writing entry points to ../../build/control_node/control_node.egg-info/entry_points.txt
[4.405s] writing requirements to ../../build/control_node/control_node.egg-info/requires.txt
[4.406s] writing top-level names to ../../build/control_node/control_node.egg-info/top_level.txt
[4.409s] package init file 'control_node/submodules/__init__.py' not found (or not a regular file)
[4.409s] reading manifest file '../../build/control_node/control_node.egg-info/SOURCES.txt'
[4.410s] adding license file 'LICENSE'
[4.410s] writing manifest file '../../build/control_node/control_node.egg-info/SOURCES.txt'
[4.410s] running build
[4.418s] running build_py
[4.419s] copying control_node/control_node.py -> /home/orangepi/AUV_ROS2/build/control_node/build/lib/control_node
[4.420s] running install
[4.423s] running install_lib
[4.423s] copying /home/orangepi/AUV_ROS2/build/control_node/build/lib/control_node/control_node.py -> /home/orangepi/AUV_ROS2/install/control_node/lib/python3.10/site-packages/control_node
[4.427s] byte-compiling /home/orangepi/AUV_ROS2/install/control_node/lib/python3.10/site-packages/control_node/control_node.py to control_node.cpython-310.pyc
[4.429s] running install_data
[4.431s] running install_egg_info
[4.431s] removing '/home/orangepi/AUV_ROS2/install/control_node/lib/python3.10/site-packages/control_node-0.0.0-py3.10.egg-info' (and everything under it)
[4.434s] Copying ../../build/control_node/control_node.egg-info to /home/orangepi/AUV_ROS2/install/control_node/lib/python3.10/site-packages/control_node-0.0.0-py3.10.egg-info
[4.434s] running install_scripts
[4.461s] Installing control_node script to /home/orangepi/AUV_ROS2/install/control_node/lib/control_node
[4.461s] writing list of installed files to '/home/orangepi/AUV_ROS2/build/control_node/install.log'
[5.491s] Invoked command in '/home/orangepi/AUV_ROS2/src/control_node' returned '0': PYTHONPATH=/home/orangepi/AUV_ROS2/build/control_node/prefix_override:/home/orangepi/AUV_ROS2/install/control_node/lib/python3.10/site-packages:${PYTHONPATH} /usr/bin/python3 -W ignore:setup.py install is deprecated setup.py egg_info --egg-base ../../build/control_node build --build-base /home/orangepi/AUV_ROS2/build/control_node/build install --record /home/orangepi/AUV_ROS2/build/control_node/install.log --single-version-externally-managed install_data
