[  9%] Built target facer_interfaces__rosidl_generator_c
[ 12%] Built target facer_interfaces__cpp
[ 22%] Built target facer_interfaces__rosidl_typesupport_c
[ 32%] Built target facer_interfaces__rosidl_typesupport_fastrtps_c
[ 32%] Built target ament_cmake_python_copy_facer_interfaces
[ 41%] Built target facer_interfaces__rosidl_typesupport_introspection_c
[ 51%] Built target facer_interfaces__rosidl_typesupport_cpp
[ 61%] Built target facer_interfaces__rosidl_typesupport_fastrtps_cpp
[ 70%] Built target facer_interfaces__rosidl_typesupport_introspection_cpp
[ 70%] Built target facer_interfaces
[ 74%] Built target facer_interfaces__py
[ 80%] Built target facer_interfaces__rosidl_generator_py
[ 87%] Built target facer_interfaces__rosidl_typesupport_c__pyext
[100%] Built target facer_interfaces__rosidl_typesupport_fastrtps_c__pyext
[100%] Built target facer_interfaces__rosidl_typesupport_introspection_c__pyext
running egg_info
writing facer_interfaces.egg-info/PKG-INFO
writing dependency_links to facer_interfaces.egg-info/dependency_links.txt
writing top-level names to facer_interfaces.egg-info/top_level.txt
reading manifest file 'facer_interfaces.egg-info/SOURCES.txt'
writing manifest file 'facer_interfaces.egg-info/SOURCES.txt'
[100%] Built target ament_cmake_python_build_facer_interfaces_egg
