[0.947s] Invoking command in '/home/orangepi/AUV_ROS2/build/facer_interfaces': CMAKE_PREFIX_PATH=${CMAKE_PREFIX_PATH}:/home/orangepi/AUV_ROS2/install/task2_node:/home/orangepi/AUV_ROS2/install/task2_drum_detection:/home/orangepi/AUV_ROS2/install/task1_node:/home/orangepi/AUV_ROS2/install/task1_gate_detection:/home/orangepi/AUV_ROS2/install/task1_flare_detection:/home/orangepi/AUV_ROS2/install/status_node:/home/orangepi/AUV_ROS2/install/start_auv:/home/orangepi/AUV_ROS2/install/remote_node:/home/orangepi/AUV_ROS2/install/q_gate_detection:/home/orangepi/AUV_ROS2/install/master_node_simulation:/home/orangepi/AUV_ROS2/install/master_node:/home/orangepi/AUV_ROS2/install/facer_input:/home/orangepi/AUV_ROS2/install/control_node:/home/orangepi/AUV_ROS2/install/buoyancy_node:/home/orangepi/opencv_ws/install/task2_drum_detection:/home/orangepi/opencv_ws/install/task1_gate_detection:/home/orangepi/opencv_ws/install/task1_flare_detection:/home/orangepi/opencv_ws/install/q_gate_detection:/home/orangepi/opencv_ws/install/master_node_simulation:/home/orangepi/opencv_ws/install/facer_input:/opt/ros/humble /usr/bin/cmake --build /home/orangepi/AUV_ROS2/build/facer_interfaces -- -j8 -l8
[3.433s] [  9%] Built target facer_interfaces__rosidl_generator_c
[3.434s] [ 12%] Built target facer_interfaces__cpp
[3.434s] [ 22%] Built target facer_interfaces__rosidl_typesupport_c
[3.434s] [ 32%] Built target facer_interfaces__rosidl_typesupport_fastrtps_c
[3.435s] [ 32%] Built target ament_cmake_python_copy_facer_interfaces
[3.435s] [ 41%] Built target facer_interfaces__rosidl_typesupport_introspection_c
[3.436s] [ 51%] Built target facer_interfaces__rosidl_typesupport_cpp
[3.436s] [ 61%] Built target facer_interfaces__rosidl_typesupport_fastrtps_cpp
[3.437s] [ 70%] Built target facer_interfaces__rosidl_typesupport_introspection_cpp
[3.437s] [ 70%] Built target facer_interfaces
[3.437s] [ 74%] Built target facer_interfaces__py
[3.438s] [ 80%] Built target facer_interfaces__rosidl_generator_py
[3.438s] [ 87%] Built target facer_interfaces__rosidl_typesupport_c__pyext
[3.439s] [100%] Built target facer_interfaces__rosidl_typesupport_fastrtps_c__pyext
[3.439s] [100%] Built target facer_interfaces__rosidl_typesupport_introspection_c__pyext
[3.439s] running egg_info
[3.440s] writing facer_interfaces.egg-info/PKG-INFO
[3.441s] writing dependency_links to facer_interfaces.egg-info/dependency_links.txt
[3.441s] writing top-level names to facer_interfaces.egg-info/top_level.txt
[3.441s] reading manifest file 'facer_interfaces.egg-info/SOURCES.txt'
[3.442s] writing manifest file 'facer_interfaces.egg-info/SOURCES.txt'
[3.442s] [100%] Built target ament_cmake_python_build_facer_interfaces_egg
