[5.464s] Invoking command in '/home/orangepi/AUV_ROS2/src/master_node': PYTHONPATH=/home/orangepi/AUV_ROS2/build/master_node/prefix_override:/home/orangepi/AUV_ROS2/install/master_node/lib/python3.10/site-packages:${PYTHONPATH} /usr/bin/python3 setup.py egg_info --egg-base ../../build/master_node build --build-base /home/orangepi/AUV_ROS2/build/master_node/build install --record /home/orangepi/AUV_ROS2/build/master_node/install.log --single-version-externally-managed
[5.952s] running egg_info
[5.956s] writing ../../build/master_node/master_node.egg-info/PKG-INFO
[5.956s] writing dependency_links to ../../build/master_node/master_node.egg-info/dependency_links.txt
[5.960s] writing entry points to ../../build/master_node/master_node.egg-info/entry_points.txt
[5.962s] writing requirements to ../../build/master_node/master_node.egg-info/requires.txt
[5.962s] writing top-level names to ../../build/master_node/master_node.egg-info/top_level.txt
[5.963s] reading manifest file '../../build/master_node/master_node.egg-info/SOURCES.txt'
[5.963s] adding license file 'LICENSE'
[5.964s] writing manifest file '../../build/master_node/master_node.egg-info/SOURCES.txt'
[5.964s] running build
[5.965s] running build_py
[5.971s] copying master_node/master_node.py -> /home/orangepi/AUV_ROS2/build/master_node/build/lib/master_node
[5.973s] running install
[5.974s] /usr/lib/python3/dist-packages/setuptools/command/install.py:34: SetuptoolsDeprecationWarning: setup.py install is deprecated. Use build and pip and other standards-based tools.
[5.974s]   warnings.warn(
[6.020s] running install_lib
[6.025s] copying /home/orangepi/AUV_ROS2/build/master_node/build/lib/master_node/master_node.py -> /home/orangepi/AUV_ROS2/install/master_node/lib/python3.10/site-packages/master_node
[6.025s] byte-compiling /home/orangepi/AUV_ROS2/install/master_node/lib/python3.10/site-packages/master_node/master_node.py to master_node.cpython-310.pyc
[6.025s] running install_data
[6.025s] running install_egg_info
[6.025s] removing '/home/orangepi/AUV_ROS2/install/master_node/lib/python3.10/site-packages/master_node-0.0.0-py3.10.egg-info' (and everything under it)
[6.026s] Copying ../../build/master_node/master_node.egg-info to /home/orangepi/AUV_ROS2/install/master_node/lib/python3.10/site-packages/master_node-0.0.0-py3.10.egg-info
[6.026s] running install_scripts
[6.027s] Installing master_node script to /home/orangepi/AUV_ROS2/install/master_node/lib/master_node
[6.027s] writing list of installed files to '/home/orangepi/AUV_ROS2/build/master_node/install.log'
[6.463s] Invoked command in '/home/orangepi/AUV_ROS2/src/master_node' returned '0': PYTHONPATH=/home/orangepi/AUV_ROS2/build/master_node/prefix_override:/home/orangepi/AUV_ROS2/install/master_node/lib/python3.10/site-packages:${PYTHONPATH} /usr/bin/python3 setup.py egg_info --egg-base ../../build/master_node build --build-base /home/orangepi/AUV_ROS2/build/master_node/build install --record /home/orangepi/AUV_ROS2/build/master_node/install.log --single-version-externally-managed
