[1.290s] Invoking command in '/home/orangepi/AUV_ROS2/build/control_interfaces': CMAKE_PREFIX_PATH=${CMAKE_PREFIX_PATH}:/home/orangepi/AUV_ROS2/install/task2_node:/home/orangepi/AUV_ROS2/install/task1_node:/home/orangepi/AUV_ROS2/install/start_auv:/home/orangepi/AUV_ROS2/install/remote_node:/home/orangepi/AUV_ROS2/install/master_node:/home/orangepi/AUV_ROS2/install/control_node:/home/orangepi/AUV_ROS2/install/buoyancy_node:/home/orangepi/opencv_ws/install/task2_drum_detection:/home/orangepi/opencv_ws/install/task1_gate_detection:/home/orangepi/opencv_ws/install/task1_flare_detection:/home/orangepi/opencv_ws/install/q_gate_detection:/home/orangepi/opencv_ws/install/master_node_simulation:/home/orangepi/opencv_ws/install/facer_input:/opt/ros/humble /usr/bin/cmake --build /home/orangepi/AUV_ROS2/build/control_interfaces -- -j8 -l8
[3.735s] [  2%] Built target control_interfaces__cpp
[3.735s] [ 12%] Built target control_interfaces__rosidl_generator_c
[3.736s] [ 12%] Built target ament_cmake_python_copy_control_interfaces
[3.736s] [ 23%] Built target control_interfaces__rosidl_typesupport_fastrtps_cpp
[3.737s] [ 34%] Built target control_interfaces__rosidl_typesupport_fastrtps_c
[3.738s] [ 44%] Built target control_interfaces__rosidl_typesupport_introspection_cpp
[3.738s] [ 55%] Built target control_interfaces__rosidl_typesupport_c
[3.738s] [ 65%] Built target control_interfaces__rosidl_typesupport_cpp
[3.739s] [ 76%] Built target control_interfaces__rosidl_typesupport_introspection_c
[3.739s] [ 76%] Built target control_interfaces
[3.739s] [ 78%] Built target control_interfaces__py
[3.740s] [ 87%] Built target control_interfaces__rosidl_generator_py
[3.740s] [ 91%] Built target control_interfaces__rosidl_typesupport_introspection_c__pyext
[3.740s] [100%] Built target control_interfaces__rosidl_typesupport_c__pyext
[3.740s] [100%] Built target control_interfaces__rosidl_typesupport_fastrtps_c__pyext
[3.740s] running egg_info
[3.740s] writing control_interfaces.egg-info/PKG-INFO
[3.740s] writing dependency_links to control_interfaces.egg-info/dependency_links.txt
[3.740s] writing top-level names to control_interfaces.egg-info/top_level.txt
[3.740s] reading manifest file 'control_interfaces.egg-info/SOURCES.txt'
[3.740s] writing manifest file 'control_interfaces.egg-info/SOURCES.txt'
[3.740s] [100%] Built target ament_cmake_python_build_control_interfaces_egg
[4.240s] Invoked command in '/home/orangepi/AUV_ROS2/build/control_interfaces' returned '0': CMAKE_PREFIX_PATH=${CMAKE_PREFIX_PATH}:/home/orangepi/AUV_ROS2/install/task2_node:/home/orangepi/AUV_ROS2/install/task1_node:/home/orangepi/AUV_ROS2/install/start_auv:/home/orangepi/AUV_ROS2/install/remote_node:/home/orangepi/AUV_ROS2/install/master_node:/home/orangepi/AUV_ROS2/install/control_node:/home/orangepi/AUV_ROS2/install/buoyancy_node:/home/orangepi/opencv_ws/install/task2_drum_detection:/home/orangepi/opencv_ws/install/task1_gate_detection:/home/orangepi/opencv_ws/install/task1_flare_detection:/home/orangepi/opencv_ws/install/q_gate_detection:/home/orangepi/opencv_ws/install/master_node_simulation:/home/orangepi/opencv_ws/install/facer_input:/opt/ros/humble /usr/bin/cmake --build /home/orangepi/AUV_ROS2/build/control_interfaces -- -j8 -l8
[5.187s] Invoking command in '/home/orangepi/AUV_ROS2/build/control_interfaces': CMAKE_PREFIX_PATH=${CMAKE_PREFIX_PATH}:/home/orangepi/AUV_ROS2/install/task2_node:/home/orangepi/AUV_ROS2/install/task1_node:/home/orangepi/AUV_ROS2/install/start_auv:/home/orangepi/AUV_ROS2/install/remote_node:/home/orangepi/AUV_ROS2/install/master_node:/home/orangepi/AUV_ROS2/install/control_node:/home/orangepi/AUV_ROS2/install/buoyancy_node:/home/orangepi/opencv_ws/install/task2_drum_detection:/home/orangepi/opencv_ws/install/task1_gate_detection:/home/orangepi/opencv_ws/install/task1_flare_detection:/home/orangepi/opencv_ws/install/q_gate_detection:/home/orangepi/opencv_ws/install/master_node_simulation:/home/orangepi/opencv_ws/install/facer_input:/opt/ros/humble /usr/bin/cmake --install /home/orangepi/AUV_ROS2/build/control_interfaces
[5.233s] -- Install configuration: ""
[5.233s] -- Up-to-date: /home/orangepi/AUV_ROS2/install/control_interfaces/share/ament_index/resource_index/rosidl_interfaces/control_interfaces
[5.234s] -- Up-to-date: /home/orangepi/AUV_ROS2/install/control_interfaces/include/control_interfaces/control_interfaces
[5.234s] -- Up-to-date: /home/orangepi/AUV_ROS2/install/control_interfaces/include/control_interfaces/control_interfaces/srv
[5.234s] -- Up-to-date: /home/orangepi/AUV_ROS2/install/control_interfaces/include/control_interfaces/control_interfaces/srv/buoyancy_control.h
[5.234s] -- Up-to-date: /home/orangepi/AUV_ROS2/install/control_interfaces/include/control_interfaces/control_interfaces/srv/detail
[5.234s] -- Up-to-date: /home/orangepi/AUV_ROS2/install/control_interfaces/include/control_interfaces/control_interfaces/srv/detail/get_command__functions.c
[5.234s] -- Up-to-date: /home/orangepi/AUV_ROS2/install/control_interfaces/include/control_interfaces/control_interfaces/srv/detail/get_command__struct.h
[5.234s] -- Up-to-date: /home/orangepi/AUV_ROS2/install/control_interfaces/include/control_interfaces/control_interfaces/srv/detail/get_task__struct.h
[5.234s] -- Up-to-date: /home/orangepi/AUV_ROS2/install/control_interfaces/include/control_interfaces/control_interfaces/srv/detail/buoyancy_control__struct.h
[5.234s] -- Up-to-date: /home/orangepi/AUV_ROS2/install/control_interfaces/include/control_interfaces/control_interfaces/srv/detail/get_command__type_support.h
[5.235s] -- Up-to-date: /home/orangepi/AUV_ROS2/install/control_interfaces/include/control_interfaces/control_interfaces/srv/detail/buoyancy_control__functions.c
[5.235s] -- Up-to-date: /home/orangepi/AUV_ROS2/install/control_interfaces/include/control_interfaces/control_interfaces/srv/detail/get_command__functions.h
[5.235s] -- Up-to-date: /home/orangepi/AUV_ROS2/install/control_interfaces/include/control_interfaces/control_interfaces/srv/detail/get_task__functions.c
[5.235s] -- Up-to-date: /home/orangepi/AUV_ROS2/install/control_interfaces/include/control_interfaces/control_interfaces/srv/detail/get_task__type_support.h
[5.235s] -- Up-to-date: /home/orangepi/AUV_ROS2/install/control_interfaces/include/control_interfaces/control_interfaces/srv/detail/get_task__functions.h
[5.236s] -- Up-to-date: /home/orangepi/AUV_ROS2/install/control_interfaces/include/control_interfaces/control_interfaces/srv/detail/buoyancy_control__functions.h
[5.236s] -- Up-to-date: /home/orangepi/AUV_ROS2/install/control_interfaces/include/control_interfaces/control_interfaces/srv/detail/buoyancy_control__type_support.h
[5.236s] -- Up-to-date: /home/orangepi/AUV_ROS2/install/control_interfaces/include/control_interfaces/control_interfaces/srv/get_task.h
[5.236s] -- Up-to-date: /home/orangepi/AUV_ROS2/install/control_interfaces/include/control_interfaces/control_interfaces/srv/get_command.h
[5.237s] -- Up-to-date: /home/orangepi/AUV_ROS2/install/control_interfaces/include/control_interfaces/control_interfaces/msg
[5.237s] -- Up-to-date: /home/orangepi/AUV_ROS2/install/control_interfaces/include/control_interfaces/control_interfaces/msg/rosidl_generator_c__visibility_control.h
[5.237s] -- Up-to-date: /home/orangepi/AUV_ROS2/install/control_interfaces/share/control_interfaces/environment/library_path.sh
[5.237s] -- Up-to-date: /home/orangepi/AUV_ROS2/install/control_interfaces/share/control_interfaces/environment/library_path.dsv
[5.237s] -- Up-to-date: /home/orangepi/AUV_ROS2/install/control_interfaces/lib/libcontrol_interfaces__rosidl_generator_c.so
[5.237s] -- Up-to-date: /home/orangepi/AUV_ROS2/install/control_interfaces/include/control_interfaces/control_interfaces
[5.237s] -- Up-to-date: /home/orangepi/AUV_ROS2/install/control_interfaces/include/control_interfaces/control_interfaces/srv
[5.237s] -- Up-to-date: /home/orangepi/AUV_ROS2/install/control_interfaces/include/control_interfaces/control_interfaces/srv/detail
[5.237s] -- Up-to-date: /home/orangepi/AUV_ROS2/install/control_interfaces/include/control_interfaces/control_interfaces/srv/detail/get_task__rosidl_typesupport_fastrtps_c.h
[5.237s] -- Up-to-date: /home/orangepi/AUV_ROS2/install/control_interfaces/include/control_interfaces/control_interfaces/srv/detail/get_command__rosidl_typesupport_fastrtps_c.h
[5.238s] -- Up-to-date: /home/orangepi/AUV_ROS2/install/control_interfaces/include/control_interfaces/control_interfaces/srv/detail/buoyancy_control__rosidl_typesupport_fastrtps_c.h
[5.238s] -- Up-to-date: /home/orangepi/AUV_ROS2/install/control_interfaces/include/control_interfaces/control_interfaces/msg
[5.238s] -- Up-to-date: /home/orangepi/AUV_ROS2/install/control_interfaces/include/control_interfaces/control_interfaces/msg/rosidl_typesupport_fastrtps_c__visibility_control.h
[5.238s] -- Up-to-date: /home/orangepi/AUV_ROS2/install/control_interfaces/lib/libcontrol_interfaces__rosidl_typesupport_fastrtps_c.so
[5.238s] -- Up-to-date: /home/orangepi/AUV_ROS2/install/control_interfaces/include/control_interfaces/control_interfaces
[5.238s] -- Up-to-date: /home/orangepi/AUV_ROS2/install/control_interfaces/include/control_interfaces/control_interfaces/srv
[5.238s] -- Up-to-date: /home/orangepi/AUV_ROS2/install/control_interfaces/include/control_interfaces/control_interfaces/srv/detail
[5.238s] -- Up-to-date: /home/orangepi/AUV_ROS2/install/control_interfaces/include/control_interfaces/control_interfaces/srv/detail/buoyancy_control__rosidl_typesupport_introspection_c.h
[5.238s] -- Up-to-date: /home/orangepi/AUV_ROS2/install/control_interfaces/include/control_interfaces/control_interfaces/srv/detail/get_command__rosidl_typesupport_introspection_c.h
[5.238s] -- Up-to-date: /home/orangepi/AUV_ROS2/install/control_interfaces/include/control_interfaces/control_interfaces/srv/detail/buoyancy_control__type_support.c
[5.238s] -- Up-to-date: /home/orangepi/AUV_ROS2/install/control_interfaces/include/control_interfaces/control_interfaces/srv/detail/get_command__type_support.c
[5.239s] -- Up-to-date: /home/orangepi/AUV_ROS2/install/control_interfaces/include/control_interfaces/control_interfaces/srv/detail/get_task__type_support.c
[5.239s] -- Up-to-date: /home/orangepi/AUV_ROS2/install/control_interfaces/include/control_interfaces/control_interfaces/srv/detail/get_task__rosidl_typesupport_introspection_c.h
[5.239s] -- Up-to-date: /home/orangepi/AUV_ROS2/install/control_interfaces/include/control_interfaces/control_interfaces/msg
[5.239s] -- Up-to-date: /home/orangepi/AUV_ROS2/install/control_interfaces/include/control_interfaces/control_interfaces/msg/rosidl_typesupport_introspection_c__visibility_control.h
[5.239s] -- Up-to-date: /home/orangepi/AUV_ROS2/install/control_interfaces/lib/libcontrol_interfaces__rosidl_typesupport_introspection_c.so
[5.239s] -- Up-to-date: /home/orangepi/AUV_ROS2/install/control_interfaces/lib/libcontrol_interfaces__rosidl_typesupport_c.so
[5.239s] -- Up-to-date: /home/orangepi/AUV_ROS2/install/control_interfaces/include/control_interfaces/control_interfaces
[5.239s] -- Up-to-date: /home/orangepi/AUV_ROS2/install/control_interfaces/include/control_interfaces/control_interfaces/srv
[5.239s] -- Up-to-date: /home/orangepi/AUV_ROS2/install/control_interfaces/include/control_interfaces/control_interfaces/srv/get_task.hpp
[5.239s] -- Up-to-date: /home/orangepi/AUV_ROS2/install/control_interfaces/include/control_interfaces/control_interfaces/srv/buoyancy_control.hpp
[5.240s] -- Up-to-date: /home/orangepi/AUV_ROS2/install/control_interfaces/include/control_interfaces/control_interfaces/srv/detail
[5.240s] -- Up-to-date: /home/orangepi/AUV_ROS2/install/control_interfaces/include/control_interfaces/control_interfaces/srv/detail/get_command__struct.hpp
[5.240s] -- Up-to-date: /home/orangepi/AUV_ROS2/install/control_interfaces/include/control_interfaces/control_interfaces/srv/detail/get_task__builder.hpp
[5.240s] -- Up-to-date: /home/orangepi/AUV_ROS2/install/control_interfaces/include/control_interfaces/control_interfaces/srv/detail/buoyancy_control__builder.hpp
[5.240s] -- Up-to-date: /home/orangepi/AUV_ROS2/install/control_interfaces/include/control_interfaces/control_interfaces/srv/detail/get_task__struct.hpp
[5.240s] -- Up-to-date: /home/orangepi/AUV_ROS2/install/control_interfaces/include/control_interfaces/control_interfaces/srv/detail/get_task__traits.hpp
[5.240s] -- Up-to-date: /home/orangepi/AUV_ROS2/install/control_interfaces/include/control_interfaces/control_interfaces/srv/detail/get_command__builder.hpp
[5.240s] -- Up-to-date: /home/orangepi/AUV_ROS2/install/control_interfaces/include/control_interfaces/control_interfaces/srv/detail/buoyancy_control__struct.hpp
[5.240s] -- Up-to-date: /home/orangepi/AUV_ROS2/install/control_interfaces/include/control_interfaces/control_interfaces/srv/detail/get_command__traits.hpp
[5.240s] -- Up-to-date: /home/orangepi/AUV_ROS2/install/control_interfaces/include/control_interfaces/control_interfaces/srv/detail/buoyancy_control__traits.hpp
[5.241s] -- Up-to-date: /home/orangepi/AUV_ROS2/install/control_interfaces/include/control_interfaces/control_interfaces/srv/get_command.hpp
[5.241s] -- Up-to-date: /home/orangepi/AUV_ROS2/install/control_interfaces/include/control_interfaces/control_interfaces
[5.241s] -- Up-to-date: /home/orangepi/AUV_ROS2/install/control_interfaces/include/control_interfaces/control_interfaces/srv
[5.241s] -- Up-to-date: /home/orangepi/AUV_ROS2/install/control_interfaces/include/control_interfaces/control_interfaces/srv/detail
[5.241s] -- Up-to-date: /home/orangepi/AUV_ROS2/install/control_interfaces/include/control_interfaces/control_interfaces/srv/detail/get_command__rosidl_typesupport_fastrtps_cpp.hpp
[5.241s] -- Up-to-date: /home/orangepi/AUV_ROS2/install/control_interfaces/include/control_interfaces/control_interfaces/srv/detail/dds_fastrtps
[5.242s] -- Up-to-date: /home/orangepi/AUV_ROS2/install/control_interfaces/include/control_interfaces/control_interfaces/srv/detail/get_task__rosidl_typesupport_fastrtps_cpp.hpp
[5.242s] -- Up-to-date: /home/orangepi/AUV_ROS2/install/control_interfaces/include/control_interfaces/control_interfaces/srv/detail/buoyancy_control__rosidl_typesupport_fastrtps_cpp.hpp
[5.242s] -- Up-to-date: /home/orangepi/AUV_ROS2/install/control_interfaces/include/control_interfaces/control_interfaces/msg
[5.242s] -- Up-to-date: /home/orangepi/AUV_ROS2/install/control_interfaces/include/control_interfaces/control_interfaces/msg/rosidl_typesupport_fastrtps_cpp__visibility_control.h
[5.242s] -- Up-to-date: /home/orangepi/AUV_ROS2/install/control_interfaces/lib/libcontrol_interfaces__rosidl_typesupport_fastrtps_cpp.so
[5.242s] -- Up-to-date: /home/orangepi/AUV_ROS2/install/control_interfaces/include/control_interfaces/control_interfaces
[5.242s] -- Up-to-date: /home/orangepi/AUV_ROS2/install/control_interfaces/include/control_interfaces/control_interfaces/srv
[5.242s] -- Up-to-date: /home/orangepi/AUV_ROS2/install/control_interfaces/include/control_interfaces/control_interfaces/srv/detail
[5.242s] -- Up-to-date: /home/orangepi/AUV_ROS2/install/control_interfaces/include/control_interfaces/control_interfaces/srv/detail/buoyancy_control__rosidl_typesupport_introspection_cpp.hpp
[5.242s] -- Up-to-date: /home/orangepi/AUV_ROS2/install/control_interfaces/include/control_interfaces/control_interfaces/srv/detail/get_command__rosidl_typesupport_introspection_cpp.hpp
[5.243s] -- Up-to-date: /home/orangepi/AUV_ROS2/install/control_interfaces/include/control_interfaces/control_interfaces/srv/detail/buoyancy_control__type_support.cpp
[5.249s] -- Up-to-date: /home/orangepi/AUV_ROS2/install/control_interfaces/include/control_interfaces/control_interfaces/srv/detail/get_task__type_support.cpp
[5.249s] -- Up-to-date: /home/orangepi/AUV_ROS2/install/control_interfaces/include/control_interfaces/control_interfaces/srv/detail/get_task__rosidl_typesupport_introspection_cpp.hpp
[5.249s] -- Up-to-date: /home/orangepi/AUV_ROS2/install/control_interfaces/include/control_interfaces/control_interfaces/srv/detail/get_command__type_support.cpp
[5.249s] -- Up-to-date: /home/orangepi/AUV_ROS2/install/control_interfaces/lib/libcontrol_interfaces__rosidl_typesupport_introspection_cpp.so
[5.249s] -- Up-to-date: /home/orangepi/AUV_ROS2/install/control_interfaces/lib/libcontrol_interfaces__rosidl_typesupport_cpp.so
[5.249s] -- Up-to-date: /home/orangepi/AUV_ROS2/install/control_interfaces/share/control_interfaces/environment/pythonpath.sh
[5.249s] -- Up-to-date: /home/orangepi/AUV_ROS2/install/control_interfaces/share/control_interfaces/environment/pythonpath.dsv
[5.249s] -- Up-to-date: /home/orangepi/AUV_ROS2/install/control_interfaces/local/lib/python3.10/dist-packages/control_interfaces-0.0.0-py3.10.egg-info
[5.250s] -- Installing: /home/orangepi/AUV_ROS2/install/control_interfaces/local/lib/python3.10/dist-packages/control_interfaces-0.0.0-py3.10.egg-info/SOURCES.txt
[5.250s] -- Installing: /home/orangepi/AUV_ROS2/install/control_interfaces/local/lib/python3.10/dist-packages/control_interfaces-0.0.0-py3.10.egg-info/top_level.txt
[5.250s] -- Installing: /home/orangepi/AUV_ROS2/install/control_interfaces/local/lib/python3.10/dist-packages/control_interfaces-0.0.0-py3.10.egg-info/dependency_links.txt
[5.250s] -- Installing: /home/orangepi/AUV_ROS2/install/control_interfaces/local/lib/python3.10/dist-packages/control_interfaces-0.0.0-py3.10.egg-info/PKG-INFO
[5.250s] -- Up-to-date: /home/orangepi/AUV_ROS2/install/control_interfaces/local/lib/python3.10/dist-packages/control_interfaces
[5.250s] -- Up-to-date: /home/orangepi/AUV_ROS2/install/control_interfaces/local/lib/python3.10/dist-packages/control_interfaces/control_interfaces_s__rosidl_typesupport_c.cpython-310-aarch64-linux-gnu.so
[5.250s] -- Up-to-date: /home/orangepi/AUV_ROS2/install/control_interfaces/local/lib/python3.10/dist-packages/control_interfaces/__init__.py
[5.250s] -- Up-to-date: /home/orangepi/AUV_ROS2/install/control_interfaces/local/lib/python3.10/dist-packages/control_interfaces/control_interfaces_s__rosidl_typesupport_fastrtps_c.cpython-310-aarch64-linux-gnu.so
[5.250s] -- Up-to-date: /home/orangepi/AUV_ROS2/install/control_interfaces/local/lib/python3.10/dist-packages/control_interfaces/_control_interfaces_s.ep.rosidl_typesupport_introspection_c.c
[5.250s] -- Up-to-date: /home/orangepi/AUV_ROS2/install/control_interfaces/local/lib/python3.10/dist-packages/control_interfaces/srv
[5.250s] -- Up-to-date: /home/orangepi/AUV_ROS2/install/control_interfaces/local/lib/python3.10/dist-packages/control_interfaces/srv/_get_task.py
[5.250s] -- Up-to-date: /home/orangepi/AUV_ROS2/install/control_interfaces/local/lib/python3.10/dist-packages/control_interfaces/srv/__init__.py
[5.251s] -- Up-to-date: /home/orangepi/AUV_ROS2/install/control_interfaces/local/lib/python3.10/dist-packages/control_interfaces/srv/_buoyancy_control_s.c
[5.251s] -- Up-to-date: /home/orangepi/AUV_ROS2/install/control_interfaces/local/lib/python3.10/dist-packages/control_interfaces/srv/_get_command_s.c
[5.251s] -- Up-to-date: /home/orangepi/AUV_ROS2/install/control_interfaces/local/lib/python3.10/dist-packages/control_interfaces/srv/_buoyancy_control.py
[5.251s] -- Up-to-date: /home/orangepi/AUV_ROS2/install/control_interfaces/local/lib/python3.10/dist-packages/control_interfaces/srv/_get_command.py
[5.251s] -- Up-to-date: /home/orangepi/AUV_ROS2/install/control_interfaces/local/lib/python3.10/dist-packages/control_interfaces/srv/_get_task_s.c
[5.251s] -- Up-to-date: /home/orangepi/AUV_ROS2/install/control_interfaces/local/lib/python3.10/dist-packages/control_interfaces/control_interfaces_s__rosidl_typesupport_introspection_c.cpython-310-aarch64-linux-gnu.so
[5.251s] -- Up-to-date: /home/orangepi/AUV_ROS2/install/control_interfaces/local/lib/python3.10/dist-packages/control_interfaces/_control_interfaces_s.ep.rosidl_typesupport_c.c
[5.251s] -- Up-to-date: /home/orangepi/AUV_ROS2/install/control_interfaces/local/lib/python3.10/dist-packages/control_interfaces/libcontrol_interfaces__rosidl_generator_py.so
[5.252s] -- Up-to-date: /home/orangepi/AUV_ROS2/install/control_interfaces/local/lib/python3.10/dist-packages/control_interfaces/_control_interfaces_s.ep.rosidl_typesupport_fastrtps_c.c
[5.450s] Listing '/home/orangepi/AUV_ROS2/install/control_interfaces/local/lib/python3.10/dist-packages/control_interfaces'...
[5.450s] Listing '/home/orangepi/AUV_ROS2/install/control_interfaces/local/lib/python3.10/dist-packages/control_interfaces/srv'...
[5.462s] -- Up-to-date: /home/orangepi/AUV_ROS2/install/control_interfaces/local/lib/python3.10/dist-packages/control_interfaces/control_interfaces_s__rosidl_typesupport_fastrtps_c.cpython-310-aarch64-linux-gnu.so
[5.462s] -- Up-to-date: /home/orangepi/AUV_ROS2/install/control_interfaces/local/lib/python3.10/dist-packages/control_interfaces/control_interfaces_s__rosidl_typesupport_introspection_c.cpython-310-aarch64-linux-gnu.so
[5.463s] -- Up-to-date: /home/orangepi/AUV_ROS2/install/control_interfaces/local/lib/python3.10/dist-packages/control_interfaces/control_interfaces_s__rosidl_typesupport_c.cpython-310-aarch64-linux-gnu.so
[5.464s] -- Up-to-date: /home/orangepi/AUV_ROS2/install/control_interfaces/lib/libcontrol_interfaces__rosidl_generator_py.so
[5.464s] -- Up-to-date: /home/orangepi/AUV_ROS2/install/control_interfaces/share/control_interfaces/srv/GetCommand.idl
[5.465s] -- Up-to-date: /home/orangepi/AUV_ROS2/install/control_interfaces/share/control_interfaces/srv/GetTask.idl
[5.465s] -- Up-to-date: /home/orangepi/AUV_ROS2/install/control_interfaces/share/control_interfaces/srv/BuoyancyControl.idl
[5.466s] -- Up-to-date: /home/orangepi/AUV_ROS2/install/control_interfaces/share/control_interfaces/srv/GetCommand.srv
[5.466s] -- Up-to-date: /home/orangepi/AUV_ROS2/install/control_interfaces/share/control_interfaces/srv/GetCommand_Request.msg
[5.466s] -- Up-to-date: /home/orangepi/AUV_ROS2/install/control_interfaces/share/control_interfaces/srv/GetCommand_Response.msg
[5.467s] -- Up-to-date: /home/orangepi/AUV_ROS2/install/control_interfaces/share/control_interfaces/srv/GetTask.srv
[5.468s] -- Up-to-date: /home/orangepi/AUV_ROS2/install/control_interfaces/share/control_interfaces/srv/GetTask_Request.msg
[5.468s] -- Up-to-date: /home/orangepi/AUV_ROS2/install/control_interfaces/share/control_interfaces/srv/GetTask_Response.msg
[5.482s] -- Up-to-date: /home/orangepi/AUV_ROS2/install/control_interfaces/share/control_interfaces/srv/BuoyancyControl.srv
[5.483s] -- Up-to-date: /home/orangepi/AUV_ROS2/install/control_interfaces/share/control_interfaces/srv/BuoyancyControl_Request.msg
[5.483s] -- Up-to-date: /home/orangepi/AUV_ROS2/install/control_interfaces/share/control_interfaces/srv/BuoyancyControl_Response.msg
[5.484s] -- Up-to-date: /home/orangepi/AUV_ROS2/install/control_interfaces/share/ament_index/resource_index/package_run_dependencies/control_interfaces
[5.484s] -- Up-to-date: /home/orangepi/AUV_ROS2/install/control_interfaces/share/ament_index/resource_index/parent_prefix_path/control_interfaces
[5.485s] -- Up-to-date: /home/orangepi/AUV_ROS2/install/control_interfaces/share/control_interfaces/environment/ament_prefix_path.sh
[5.485s] -- Up-to-date: /home/orangepi/AUV_ROS2/install/control_interfaces/share/control_interfaces/environment/ament_prefix_path.dsv
[5.486s] -- Up-to-date: /home/orangepi/AUV_ROS2/install/control_interfaces/share/control_interfaces/environment/path.sh
[5.487s] -- Up-to-date: /home/orangepi/AUV_ROS2/install/control_interfaces/share/control_interfaces/environment/path.dsv
[5.487s] -- Up-to-date: /home/orangepi/AUV_ROS2/install/control_interfaces/share/control_interfaces/local_setup.bash
[5.488s] -- Up-to-date: /home/orangepi/AUV_ROS2/install/control_interfaces/share/control_interfaces/local_setup.sh
[5.488s] -- Up-to-date: /home/orangepi/AUV_ROS2/install/control_interfaces/share/control_interfaces/local_setup.zsh
[5.489s] -- Up-to-date: /home/orangepi/AUV_ROS2/install/control_interfaces/share/control_interfaces/local_setup.dsv
[5.492s] -- Installing: /home/orangepi/AUV_ROS2/install/control_interfaces/share/control_interfaces/package.dsv
[5.493s] -- Up-to-date: /home/orangepi/AUV_ROS2/install/control_interfaces/share/ament_index/resource_index/packages/control_interfaces
[5.494s] -- Up-to-date: /home/orangepi/AUV_ROS2/install/control_interfaces/share/control_interfaces/cmake/export_control_interfaces__rosidl_generator_cExport.cmake
[5.496s] -- Up-to-date: /home/orangepi/AUV_ROS2/install/control_interfaces/share/control_interfaces/cmake/export_control_interfaces__rosidl_generator_cExport-noconfig.cmake
[5.496s] -- Up-to-date: /home/orangepi/AUV_ROS2/install/control_interfaces/share/control_interfaces/cmake/export_control_interfaces__rosidl_typesupport_fastrtps_cExport.cmake
[5.497s] -- Up-to-date: /home/orangepi/AUV_ROS2/install/control_interfaces/share/control_interfaces/cmake/export_control_interfaces__rosidl_typesupport_fastrtps_cExport-noconfig.cmake
[5.498s] -- Up-to-date: /home/orangepi/AUV_ROS2/install/control_interfaces/share/control_interfaces/cmake/control_interfaces__rosidl_typesupport_introspection_cExport.cmake
[5.499s] -- Up-to-date: /home/orangepi/AUV_ROS2/install/control_interfaces/share/control_interfaces/cmake/control_interfaces__rosidl_typesupport_introspection_cExport-noconfig.cmake
[5.500s] -- Up-to-date: /home/orangepi/AUV_ROS2/install/control_interfaces/share/control_interfaces/cmake/control_interfaces__rosidl_typesupport_cExport.cmake
[5.501s] -- Up-to-date: /home/orangepi/AUV_ROS2/install/control_interfaces/share/control_interfaces/cmake/control_interfaces__rosidl_typesupport_cExport-noconfig.cmake
[5.502s] -- Up-to-date: /home/orangepi/AUV_ROS2/install/control_interfaces/share/control_interfaces/cmake/export_control_interfaces__rosidl_generator_cppExport.cmake
[5.503s] -- Up-to-date: /home/orangepi/AUV_ROS2/install/control_interfaces/share/control_interfaces/cmake/export_control_interfaces__rosidl_typesupport_fastrtps_cppExport.cmake
[5.504s] -- Up-to-date: /home/orangepi/AUV_ROS2/install/control_interfaces/share/control_interfaces/cmake/export_control_interfaces__rosidl_typesupport_fastrtps_cppExport-noconfig.cmake
[5.505s] -- Up-to-date: /home/orangepi/AUV_ROS2/install/control_interfaces/share/control_interfaces/cmake/control_interfaces__rosidl_typesupport_introspection_cppExport.cmake
[5.506s] -- Up-to-date: /home/orangepi/AUV_ROS2/install/control_interfaces/share/control_interfaces/cmake/control_interfaces__rosidl_typesupport_introspection_cppExport-noconfig.cmake
[5.507s] -- Up-to-date: /home/orangepi/AUV_ROS2/install/control_interfaces/share/control_interfaces/cmake/control_interfaces__rosidl_typesupport_cppExport.cmake
[5.508s] -- Up-to-date: /home/orangepi/AUV_ROS2/install/control_interfaces/share/control_interfaces/cmake/control_interfaces__rosidl_typesupport_cppExport-noconfig.cmake
[5.510s] -- Up-to-date: /home/orangepi/AUV_ROS2/install/control_interfaces/share/control_interfaces/cmake/export_control_interfaces__rosidl_generator_pyExport.cmake
[5.511s] -- Up-to-date: /home/orangepi/AUV_ROS2/install/control_interfaces/share/control_interfaces/cmake/export_control_interfaces__rosidl_generator_pyExport-noconfig.cmake
[5.512s] -- Up-to-date: /home/orangepi/AUV_ROS2/install/control_interfaces/share/control_interfaces/cmake/rosidl_cmake-extras.cmake
[5.513s] -- Up-to-date: /home/orangepi/AUV_ROS2/install/control_interfaces/share/control_interfaces/cmake/ament_cmake_export_include_directories-extras.cmake
[5.514s] -- Up-to-date: /home/orangepi/AUV_ROS2/install/control_interfaces/share/control_interfaces/cmake/ament_cmake_export_libraries-extras.cmake
[5.515s] -- Up-to-date: /home/orangepi/AUV_ROS2/install/control_interfaces/share/control_interfaces/cmake/ament_cmake_export_targets-extras.cmake
[5.517s] -- Up-to-date: /home/orangepi/AUV_ROS2/install/control_interfaces/share/control_interfaces/cmake/rosidl_cmake_export_typesupport_targets-extras.cmake
[5.520s] -- Up-to-date: /home/orangepi/AUV_ROS2/install/control_interfaces/share/control_interfaces/cmake/ament_cmake_export_dependencies-extras.cmake
[5.522s] -- Up-to-date: /home/orangepi/AUV_ROS2/install/control_interfaces/share/control_interfaces/cmake/rosidl_cmake_export_typesupport_libraries-extras.cmake
[5.523s] -- Up-to-date: /home/orangepi/AUV_ROS2/install/control_interfaces/share/control_interfaces/cmake/control_interfacesConfig.cmake
[5.524s] -- Up-to-date: /home/orangepi/AUV_ROS2/install/control_interfaces/share/control_interfaces/cmake/control_interfacesConfig-version.cmake
[5.527s] -- Up-to-date: /home/orangepi/AUV_ROS2/install/control_interfaces/share/control_interfaces/package.xml
[5.948s] Invoked command in '/home/orangepi/AUV_ROS2/build/control_interfaces' returned '0': CMAKE_PREFIX_PATH=${CMAKE_PREFIX_PATH}:/home/orangepi/AUV_ROS2/install/task2_node:/home/orangepi/AUV_ROS2/install/task1_node:/home/orangepi/AUV_ROS2/install/start_auv:/home/orangepi/AUV_ROS2/install/remote_node:/home/orangepi/AUV_ROS2/install/master_node:/home/orangepi/AUV_ROS2/install/control_node:/home/orangepi/AUV_ROS2/install/buoyancy_node:/home/orangepi/opencv_ws/install/task2_drum_detection:/home/orangepi/opencv_ws/install/task1_gate_detection:/home/orangepi/opencv_ws/install/task1_flare_detection:/home/orangepi/opencv_ws/install/q_gate_detection:/home/orangepi/opencv_ws/install/master_node_simulation:/home/orangepi/opencv_ws/install/facer_input:/opt/ros/humble /usr/bin/cmake --install /home/orangepi/AUV_ROS2/build/control_interfaces
