[3.604s] Invoking command in '/home/orangepi/AUV_ROS2/src/control_node': PYTHONPATH=/home/orangepi/AUV_ROS2/build/control_node/prefix_override:/home/orangepi/AUV_ROS2/install/control_node/lib/python3.10/site-packages:${PYTHONPATH} /usr/bin/python3 -W ignore:setup.py install is deprecated setup.py egg_info --egg-base ../../build/control_node build --build-base /home/orangepi/AUV_ROS2/build/control_node/build install --record /home/orangepi/AUV_ROS2/build/control_node/install.log --single-version-externally-managed install_data
[4.005s] running egg_info
[4.006s] writing ../../build/control_node/control_node.egg-info/PKG-INFO
[4.006s] writing dependency_links to ../../build/control_node/control_node.egg-info/dependency_links.txt
[4.007s] writing entry points to ../../build/control_node/control_node.egg-info/entry_points.txt
[4.008s] writing requirements to ../../build/control_node/control_node.egg-info/requires.txt
[4.008s] writing top-level names to ../../build/control_node/control_node.egg-info/top_level.txt
[4.010s] package init file 'control_node/submodules/__init__.py' not found (or not a regular file)
[4.011s] reading manifest file '../../build/control_node/control_node.egg-info/SOURCES.txt'
[4.012s] adding license file 'LICENSE'
[4.013s] writing manifest file '../../build/control_node/control_node.egg-info/SOURCES.txt'
[4.014s] running build
[4.015s] running build_py
[4.015s] running install
[4.016s] running install_lib
[4.018s] running install_data
[4.018s] running install_egg_info
[4.021s] removing '/home/orangepi/AUV_ROS2/install/control_node/lib/python3.10/site-packages/control_node-0.0.0-py3.10.egg-info' (and everything under it)
[4.022s] Copying ../../build/control_node/control_node.egg-info to /home/orangepi/AUV_ROS2/install/control_node/lib/python3.10/site-packages/control_node-0.0.0-py3.10.egg-info
[4.023s] running install_scripts
[4.060s] Installing control_node script to /home/orangepi/AUV_ROS2/install/control_node/lib/control_node
[4.060s] writing list of installed files to '/home/orangepi/AUV_ROS2/build/control_node/install.log'
[4.293s] Invoked command in '/home/orangepi/AUV_ROS2/src/control_node' returned '0': PYTHONPATH=/home/orangepi/AUV_ROS2/build/control_node/prefix_override:/home/orangepi/AUV_ROS2/install/control_node/lib/python3.10/site-packages:${PYTHONPATH} /usr/bin/python3 -W ignore:setup.py install is deprecated setup.py egg_info --egg-base ../../build/control_node build --build-base /home/orangepi/AUV_ROS2/build/control_node/build install --record /home/orangepi/AUV_ROS2/build/control_node/install.log --single-version-externally-managed install_data
