[3.439s] Invoking command in '/home/orangepi/AUV_ROS2/src/control_node': PYTHONPATH=/home/orangepi/AUV_ROS2/build/control_node/prefix_override:/home/orangepi/AUV_ROS2/install/control_node/lib/python3.10/site-packages:${PYTHONPATH} /usr/bin/python3 -W ignore:setup.py install is deprecated setup.py egg_info --egg-base ../../build/control_node build --build-base /home/orangepi/AUV_ROS2/build/control_node/build install --record /home/orangepi/AUV_ROS2/build/control_node/install.log --single-version-externally-managed install_data
[3.869s] running egg_info
[3.871s] writing ../../build/control_node/control_node.egg-info/PKG-INFO
[3.871s] writing dependency_links to ../../build/control_node/control_node.egg-info/dependency_links.txt
[3.872s] writing entry points to ../../build/control_node/control_node.egg-info/entry_points.txt
[3.872s] writing requirements to ../../build/control_node/control_node.egg-info/requires.txt
[3.872s] writing top-level names to ../../build/control_node/control_node.egg-info/top_level.txt
[3.875s] package init file 'control_node/submodules/__init__.py' not found (or not a regular file)
[3.876s] reading manifest file '../../build/control_node/control_node.egg-info/SOURCES.txt'
[3.876s] adding license file 'LICENSE'
[3.878s] writing manifest file '../../build/control_node/control_node.egg-info/SOURCES.txt'
[3.878s] running build
[3.878s] running build_py
[3.879s] running install
[3.880s] running install_lib
[3.883s] running install_data
[3.883s] running install_egg_info
[3.887s] removing '/home/orangepi/AUV_ROS2/install/control_node/lib/python3.10/site-packages/control_node-0.0.0-py3.10.egg-info' (and everything under it)
[3.891s] Copying ../../build/control_node/control_node.egg-info to /home/orangepi/AUV_ROS2/install/control_node/lib/python3.10/site-packages/control_node-0.0.0-py3.10.egg-info
[3.895s] running install_scripts
[4.017s] Installing control_node script to /home/orangepi/AUV_ROS2/install/control_node/lib/control_node
[4.020s] writing list of installed files to '/home/orangepi/AUV_ROS2/build/control_node/install.log'
[4.367s] Invoked command in '/home/orangepi/AUV_ROS2/src/control_node' returned '0': PYTHONPATH=/home/orangepi/AUV_ROS2/build/control_node/prefix_override:/home/orangepi/AUV_ROS2/install/control_node/lib/python3.10/site-packages:${PYTHONPATH} /usr/bin/python3 -W ignore:setup.py install is deprecated setup.py egg_info --egg-base ../../build/control_node build --build-base /home/orangepi/AUV_ROS2/build/control_node/build install --record /home/orangepi/AUV_ROS2/build/control_node/install.log --single-version-externally-managed install_data
