[5.712s] Invoking command in '/home/orangepi/AUV_ROS2/src/task1_gate_detection': PYTHONPATH=/home/orangepi/AUV_ROS2/build/task1_gate_detection/prefix_override:/home/orangepi/AUV_ROS2/install/task1_gate_detection/lib/python3.10/site-packages:${PYTHONPATH} /usr/bin/python3 setup.py egg_info --egg-base ../../build/task1_gate_detection build --build-base /home/orangepi/AUV_ROS2/build/task1_gate_detection/build install --record /home/orangepi/AUV_ROS2/build/task1_gate_detection/install.log --single-version-externally-managed
[6.099s] running egg_info
[6.101s] writing ../../build/task1_gate_detection/task1_gate_detection.egg-info/PKG-INFO
[6.101s] writing dependency_links to ../../build/task1_gate_detection/task1_gate_detection.egg-info/dependency_links.txt
[6.102s] writing entry points to ../../build/task1_gate_detection/task1_gate_detection.egg-info/entry_points.txt
[6.102s] writing requirements to ../../build/task1_gate_detection/task1_gate_detection.egg-info/requires.txt
[6.103s] writing top-level names to ../../build/task1_gate_detection/task1_gate_detection.egg-info/top_level.txt
[6.106s] reading manifest file '../../build/task1_gate_detection/task1_gate_detection.egg-info/SOURCES.txt'
[6.107s] writing manifest file '../../build/task1_gate_detection/task1_gate_detection.egg-info/SOURCES.txt'
[6.108s] running build
[6.108s] running build_py
[6.109s] running install
[6.109s] /usr/lib/python3/dist-packages/setuptools/command/install.py:34: SetuptoolsDeprecationWarning: setup.py install is deprecated. Use build and pip and other standards-based tools.
[6.110s]   warnings.warn(
[6.110s] running install_lib
[6.111s] running install_data
[6.112s] running install_egg_info
[6.115s] removing '/home/orangepi/AUV_ROS2/install/task1_gate_detection/lib/python3.10/site-packages/task1_gate_detection-0.0.0-py3.10.egg-info' (and everything under it)
[6.116s] Copying ../../build/task1_gate_detection/task1_gate_detection.egg-info to /home/orangepi/AUV_ROS2/install/task1_gate_detection/lib/python3.10/site-packages/task1_gate_detection-0.0.0-py3.10.egg-info
[6.117s] running install_scripts
[6.156s] Installing identify_image script to /home/orangepi/AUV_ROS2/install/task1_gate_detection/lib/task1_gate_detection
[6.157s] writing list of installed files to '/home/orangepi/AUV_ROS2/build/task1_gate_detection/install.log'
[6.357s] Invoked command in '/home/orangepi/AUV_ROS2/src/task1_gate_detection' returned '0': PYTHONPATH=/home/orangepi/AUV_ROS2/build/task1_gate_detection/prefix_override:/home/orangepi/AUV_ROS2/install/task1_gate_detection/lib/python3.10/site-packages:${PYTHONPATH} /usr/bin/python3 setup.py egg_info --egg-base ../../build/task1_gate_detection build --build-base /home/orangepi/AUV_ROS2/build/task1_gate_detection/build install --record /home/orangepi/AUV_ROS2/build/task1_gate_detection/install.log --single-version-externally-managed
