[3.725s] Invoking command in '/home/orangepi/AUV_ROS2/src/q_gate_detection': PYTHONPATH=/home/orangepi/AUV_ROS2/build/q_gate_detection/prefix_override:/home/orangepi/AUV_ROS2/install/q_gate_detection/lib/python3.10/site-packages:${PYTHONPATH} /usr/bin/python3 -W ignore:setup.py install is deprecated setup.py egg_info --egg-base ../../build/q_gate_detection build --build-base /home/orangepi/AUV_ROS2/build/q_gate_detection/build install --record /home/orangepi/AUV_ROS2/build/q_gate_detection/install.log --single-version-externally-managed install_data
[4.132s] running egg_info
[4.135s] writing ../../build/q_gate_detection/q_gate_detection.egg-info/PKG-INFO
[4.136s] writing dependency_links to ../../build/q_gate_detection/q_gate_detection.egg-info/dependency_links.txt
[4.137s] writing entry points to ../../build/q_gate_detection/q_gate_detection.egg-info/entry_points.txt
[4.137s] writing requirements to ../../build/q_gate_detection/q_gate_detection.egg-info/requires.txt
[4.139s] writing top-level names to ../../build/q_gate_detection/q_gate_detection.egg-info/top_level.txt
[4.140s] reading manifest file '../../build/q_gate_detection/q_gate_detection.egg-info/SOURCES.txt'
[4.140s] writing manifest file '../../build/q_gate_detection/q_gate_detection.egg-info/SOURCES.txt'
[4.141s] running build
[4.141s] running build_py
[4.142s] running install
[4.142s] running install_lib
[4.143s] running install_data
[4.143s] running install_egg_info
[4.145s] removing '/home/orangepi/AUV_ROS2/install/q_gate_detection/lib/python3.10/site-packages/q_gate_detection-0.0.0-py3.10.egg-info' (and everything under it)
[4.145s] Copying ../../build/q_gate_detection/q_gate_detection.egg-info to /home/orangepi/AUV_ROS2/install/q_gate_detection/lib/python3.10/site-packages/q_gate_detection-0.0.0-py3.10.egg-info
[4.146s] running install_scripts
[4.183s] Installing q_gate_detect script to /home/orangepi/AUV_ROS2/install/q_gate_detection/lib/q_gate_detection
[4.183s] writing list of installed files to '/home/orangepi/AUV_ROS2/build/q_gate_detection/install.log'
[4.254s] Invoked command in '/home/orangepi/AUV_ROS2/src/q_gate_detection' returned '0': PYTHONPATH=/home/orangepi/AUV_ROS2/build/q_gate_detection/prefix_override:/home/orangepi/AUV_ROS2/install/q_gate_detection/lib/python3.10/site-packages:${PYTHONPATH} /usr/bin/python3 -W ignore:setup.py install is deprecated setup.py egg_info --egg-base ../../build/q_gate_detection build --build-base /home/orangepi/AUV_ROS2/build/q_gate_detection/build install --record /home/orangepi/AUV_ROS2/build/q_gate_detection/install.log --single-version-externally-managed install_data
