[5.207s] Invoking command in '/home/orangepi/AUV_ROS2/src/start_auv': PYTHONPATH=/home/orangepi/AUV_ROS2/build/start_auv/prefix_override:/home/orangepi/AUV_ROS2/install/start_auv/lib/python3.10/site-packages:${PYTHONPATH} /usr/bin/python3 setup.py egg_info --egg-base ../../build/start_auv build --build-base /home/orangepi/AUV_ROS2/build/start_auv/build install --record /home/orangepi/AUV_ROS2/build/start_auv/install.log --single-version-externally-managed
[5.637s] running egg_info
[5.640s] writing ../../build/start_auv/start_auv.egg-info/PKG-INFO
[5.640s] writing dependency_links to ../../build/start_auv/start_auv.egg-info/dependency_links.txt
[5.640s] writing entry points to ../../build/start_auv/start_auv.egg-info/entry_points.txt
[5.640s] writing requirements to ../../build/start_auv/start_auv.egg-info/requires.txt
[5.640s] writing top-level names to ../../build/start_auv/start_auv.egg-info/top_level.txt
[5.642s] reading manifest file '../../build/start_auv/start_auv.egg-info/SOURCES.txt'
[5.644s] writing manifest file '../../build/start_auv/start_auv.egg-info/SOURCES.txt'
[5.644s] running build
[5.644s] running build_py
[5.645s] running install
[5.645s] /usr/lib/python3/dist-packages/setuptools/command/install.py:34: SetuptoolsDeprecationWarning: setup.py install is deprecated. Use build and pip and other standards-based tools.
[5.645s]   warnings.warn(
[5.645s] running install_lib
[5.647s] running install_data
[5.648s] running install_egg_info
[5.674s] removing '/home/orangepi/AUV_ROS2/install/start_auv/lib/python3.10/site-packages/start_auv-0.0.0-py3.10.egg-info' (and everything under it)
[5.675s] Copying ../../build/start_auv/start_auv.egg-info to /home/orangepi/AUV_ROS2/install/start_auv/lib/python3.10/site-packages/start_auv-0.0.0-py3.10.egg-info
[5.675s] running install_scripts
[5.712s] writing list of installed files to '/home/orangepi/AUV_ROS2/build/start_auv/install.log'
[6.474s] Invoked command in '/home/orangepi/AUV_ROS2/src/start_auv' returned '0': PYTHONPATH=/home/orangepi/AUV_ROS2/build/start_auv/prefix_override:/home/orangepi/AUV_ROS2/install/start_auv/lib/python3.10/site-packages:${PYTHONPATH} /usr/bin/python3 setup.py egg_info --egg-base ../../build/start_auv build --build-base /home/orangepi/AUV_ROS2/build/start_auv/build install --record /home/orangepi/AUV_ROS2/build/start_auv/install.log --single-version-externally-managed
