[3.972s] Invoking command in '/home/orangepi/AUV_ROS2/src/task1_flare_detection': PYTHONPATH=/home/orangepi/AUV_ROS2/build/task1_flare_detection/prefix_override:/home/orangepi/AUV_ROS2/install/task1_flare_detection/lib/python3.10/site-packages:${PYTHONPATH} /usr/bin/python3 setup.py egg_info --egg-base ../../build/task1_flare_detection build --build-base /home/orangepi/AUV_ROS2/build/task1_flare_detection/build install --record /home/orangepi/AUV_ROS2/build/task1_flare_detection/install.log --single-version-externally-managed
[4.533s] running egg_info
[4.535s] writing ../../build/task1_flare_detection/task1_flare_detection.egg-info/PKG-INFO
[4.535s] writing dependency_links to ../../build/task1_flare_detection/task1_flare_detection.egg-info/dependency_links.txt
[4.535s] writing entry points to ../../build/task1_flare_detection/task1_flare_detection.egg-info/entry_points.txt
[4.536s] writing requirements to ../../build/task1_flare_detection/task1_flare_detection.egg-info/requires.txt
[4.536s] writing top-level names to ../../build/task1_flare_detection/task1_flare_detection.egg-info/top_level.txt
[4.540s] reading manifest file '../../build/task1_flare_detection/task1_flare_detection.egg-info/SOURCES.txt'
[4.541s] writing manifest file '../../build/task1_flare_detection/task1_flare_detection.egg-info/SOURCES.txt'
[4.541s] running build
[4.541s] running build_py
[4.541s] running install
[4.542s] /usr/lib/python3/dist-packages/setuptools/command/install.py:34: SetuptoolsDeprecationWarning: setup.py install is deprecated. Use build and pip and other standards-based tools.
[4.542s]   warnings.warn(
[4.542s] running install_lib
[4.545s] running install_data
[4.546s] running install_egg_info
[4.549s] removing '/home/orangepi/AUV_ROS2/install/task1_flare_detection/lib/python3.10/site-packages/task1_flare_detection-0.0.0-py3.10.egg-info' (and everything under it)
[4.549s] Copying ../../build/task1_flare_detection/task1_flare_detection.egg-info to /home/orangepi/AUV_ROS2/install/task1_flare_detection/lib/python3.10/site-packages/task1_flare_detection-0.0.0-py3.10.egg-info
[4.551s] running install_scripts
[4.592s] Installing flare_detection script to /home/orangepi/AUV_ROS2/install/task1_flare_detection/lib/task1_flare_detection
[4.593s] writing list of installed files to '/home/orangepi/AUV_ROS2/build/task1_flare_detection/install.log'
[4.674s] Invoked command in '/home/orangepi/AUV_ROS2/src/task1_flare_detection' returned '0': PYTHONPATH=/home/orangepi/AUV_ROS2/build/task1_flare_detection/prefix_override:/home/orangepi/AUV_ROS2/install/task1_flare_detection/lib/python3.10/site-packages:${PYTHONPATH} /usr/bin/python3 setup.py egg_info --egg-base ../../build/task1_flare_detection build --build-base /home/orangepi/AUV_ROS2/build/task1_flare_detection/build install --record /home/orangepi/AUV_ROS2/build/task1_flare_detection/install.log --single-version-externally-managed
