[4.383s] Invoking command in '/home/orangepi/AUV_ROS2/src/facer_input': PYTHONPATH=/home/orangepi/AUV_ROS2/build/facer_input/prefix_override:/home/orangepi/AUV_ROS2/install/facer_input/lib/python3.10/site-packages:${PYTHONPATH} /usr/bin/python3 -W ignore:setup.py install is deprecated setup.py egg_info --egg-base ../../build/facer_input build --build-base /home/orangepi/AUV_ROS2/build/facer_input/build install --record /home/orangepi/AUV_ROS2/build/facer_input/install.log --single-version-externally-managed install_data
[4.799s] running egg_info
[4.800s] writing ../../build/facer_input/facer_input.egg-info/PKG-INFO
[4.801s] writing dependency_links to ../../build/facer_input/facer_input.egg-info/dependency_links.txt
[4.801s] writing entry points to ../../build/facer_input/facer_input.egg-info/entry_points.txt
[4.802s] writing requirements to ../../build/facer_input/facer_input.egg-info/requires.txt
[4.802s] writing top-level names to ../../build/facer_input/facer_input.egg-info/top_level.txt
[4.806s] reading manifest file '../../build/facer_input/facer_input.egg-info/SOURCES.txt'
[4.807s] writing manifest file '../../build/facer_input/facer_input.egg-info/SOURCES.txt'
[4.808s] running build
[4.809s] running build_py
[4.809s] running install
[4.809s] running install_lib
[4.822s] running install_data
[4.823s] running install_egg_info
[4.826s] removing '/home/orangepi/AUV_ROS2/install/facer_input/lib/python3.10/site-packages/facer_input-0.0.0-py3.10.egg-info' (and everything under it)
[4.826s] Copying ../../build/facer_input/facer_input.egg-info to /home/orangepi/AUV_ROS2/install/facer_input/lib/python3.10/site-packages/facer_input-0.0.0-py3.10.egg-info
[4.828s] running install_scripts
[4.867s] Installing capture_image script to /home/orangepi/AUV_ROS2/install/facer_input/lib/facer_input
[4.868s] writing list of installed files to '/home/orangepi/AUV_ROS2/build/facer_input/install.log'
[4.938s] Invoked command in '/home/orangepi/AUV_ROS2/src/facer_input' returned '0': PYTHONPATH=/home/orangepi/AUV_ROS2/build/facer_input/prefix_override:/home/orangepi/AUV_ROS2/install/facer_input/lib/python3.10/site-packages:${PYTHONPATH} /usr/bin/python3 -W ignore:setup.py install is deprecated setup.py egg_info --egg-base ../../build/facer_input build --build-base /home/orangepi/AUV_ROS2/build/facer_input/build install --record /home/orangepi/AUV_ROS2/build/facer_input/install.log --single-version-externally-managed install_data
