running egg_info
creating ../../build/task2_node/task2_node.egg-info
writing ../../build/task2_node/task2_node.egg-info/PKG-INFO
writing dependency_links to ../../build/task2_node/task2_node.egg-info/dependency_links.txt
writing entry points to ../../build/task2_node/task2_node.egg-info/entry_points.txt
writing requirements to ../../build/task2_node/task2_node.egg-info/requires.txt
writing top-level names to ../../build/task2_node/task2_node.egg-info/top_level.txt
writing manifest file '../../build/task2_node/task2_node.egg-info/SOURCES.txt'
reading manifest file '../../build/task2_node/task2_node.egg-info/SOURCES.txt'
adding license file 'LICENSE'
writing manifest file '../../build/task2_node/task2_node.egg-info/SOURCES.txt'
running build
running build_py
creating /home/orangepi/AUV_ROS2/build/task2_node/build
creating /home/orangepi/AUV_ROS2/build/task2_node/build/lib
creating /home/orangepi/AUV_ROS2/build/task2_node/build/lib/task2_node
copying task2_node/task2_node.py -> /home/orangepi/AUV_ROS2/build/task2_node/build/lib/task2_node
copying task2_node/__init__.py -> /home/orangepi/AUV_ROS2/build/task2_node/build/lib/task2_node
running install
/usr/lib/python3/dist-packages/setuptools/command/install.py:34: SetuptoolsDeprecationWarning: setup.py install is deprecated. Use build and pip and other standards-based tools.
  warnings.warn(
running install_lib
creating /home/orangepi/AUV_ROS2/install/task2_node/lib/python3.10/site-packages/task2_node
copying /home/orangepi/AUV_ROS2/build/task2_node/build/lib/task2_node/task2_node.py -> /home/orangepi/AUV_ROS2/install/task2_node/lib/python3.10/site-packages/task2_node
copying /home/orangepi/AUV_ROS2/build/task2_node/build/lib/task2_node/__init__.py -> /home/orangepi/AUV_ROS2/install/task2_node/lib/python3.10/site-packages/task2_node
byte-compiling /home/orangepi/AUV_ROS2/install/task2_node/lib/python3.10/site-packages/task2_node/task2_node.py to task2_node.cpython-310.pyc
byte-compiling /home/orangepi/AUV_ROS2/install/task2_node/lib/python3.10/site-packages/task2_node/__init__.py to __init__.cpython-310.pyc
running install_data
creating /home/orangepi/AUV_ROS2/install/task2_node/share/ament_index
creating /home/orangepi/AUV_ROS2/install/task2_node/share/ament_index/resource_index
creating /home/orangepi/AUV_ROS2/install/task2_node/share/ament_index/resource_index/packages
copying resource/task2_node -> /home/orangepi/AUV_ROS2/install/task2_node/share/ament_index/resource_index/packages
copying package.xml -> /home/orangepi/AUV_ROS2/install/task2_node/share/task2_node
running install_egg_info
Copying ../../build/task2_node/task2_node.egg-info to /home/orangepi/AUV_ROS2/install/task2_node/lib/python3.10/site-packages/task2_node-0.0.0-py3.10.egg-info
running install_scripts
Installing task2_node script to /home/orangepi/AUV_ROS2/install/task2_node/lib/task2_node
writing list of installed files to '/home/orangepi/AUV_ROS2/build/task2_node/install.log'
