[2.419s] Invoking command in '/home/orangepi/AUV_ROS2/src/task2_node': PYTHONPATH=/home/orangepi/AUV_ROS2/build/task2_node/prefix_override:/home/orangepi/AUV_ROS2/install/task2_node/lib/python3.10/site-packages:${PYTHONPATH} /usr/bin/python3 setup.py egg_info --egg-base ../../build/task2_node build --build-base /home/orangepi/AUV_ROS2/build/task2_node/build install --record /home/orangepi/AUV_ROS2/build/task2_node/install.log --single-version-externally-managed
[2.751s] running egg_info
[2.751s] creating ../../build/task2_node/task2_node.egg-info
[2.752s] writing ../../build/task2_node/task2_node.egg-info/PKG-INFO
[2.752s] writing dependency_links to ../../build/task2_node/task2_node.egg-info/dependency_links.txt
[2.753s] writing entry points to ../../build/task2_node/task2_node.egg-info/entry_points.txt
[2.753s] writing requirements to ../../build/task2_node/task2_node.egg-info/requires.txt
[2.754s] writing top-level names to ../../build/task2_node/task2_node.egg-info/top_level.txt
[2.754s] writing manifest file '../../build/task2_node/task2_node.egg-info/SOURCES.txt'
[2.757s] reading manifest file '../../build/task2_node/task2_node.egg-info/SOURCES.txt'
[2.757s] adding license file 'LICENSE'
[2.758s] writing manifest file '../../build/task2_node/task2_node.egg-info/SOURCES.txt'
[2.759s] running build
[2.759s] running build_py
[2.760s] creating /home/orangepi/AUV_ROS2/build/task2_node/build
[2.760s] creating /home/orangepi/AUV_ROS2/build/task2_node/build/lib
[2.761s] creating /home/orangepi/AUV_ROS2/build/task2_node/build/lib/task2_node
[2.761s] copying task2_node/task2_node.py -> /home/orangepi/AUV_ROS2/build/task2_node/build/lib/task2_node
[2.762s] copying task2_node/__init__.py -> /home/orangepi/AUV_ROS2/build/task2_node/build/lib/task2_node
[2.763s] running install
[2.764s] /usr/lib/python3/dist-packages/setuptools/command/install.py:34: SetuptoolsDeprecationWarning: setup.py install is deprecated. Use build and pip and other standards-based tools.
[2.764s]   warnings.warn(
[2.765s] running install_lib
[2.765s] creating /home/orangepi/AUV_ROS2/install/task2_node/lib/python3.10/site-packages/task2_node
[2.766s] copying /home/orangepi/AUV_ROS2/build/task2_node/build/lib/task2_node/task2_node.py -> /home/orangepi/AUV_ROS2/install/task2_node/lib/python3.10/site-packages/task2_node
[2.766s] copying /home/orangepi/AUV_ROS2/build/task2_node/build/lib/task2_node/__init__.py -> /home/orangepi/AUV_ROS2/install/task2_node/lib/python3.10/site-packages/task2_node
[2.769s] byte-compiling /home/orangepi/AUV_ROS2/install/task2_node/lib/python3.10/site-packages/task2_node/task2_node.py to task2_node.cpython-310.pyc
[2.770s] byte-compiling /home/orangepi/AUV_ROS2/install/task2_node/lib/python3.10/site-packages/task2_node/__init__.py to __init__.cpython-310.pyc
[2.771s] running install_data
[2.773s] creating /home/orangepi/AUV_ROS2/install/task2_node/share/ament_index
[2.774s] creating /home/orangepi/AUV_ROS2/install/task2_node/share/ament_index/resource_index
[2.774s] creating /home/orangepi/AUV_ROS2/install/task2_node/share/ament_index/resource_index/packages
[2.775s] copying resource/task2_node -> /home/orangepi/AUV_ROS2/install/task2_node/share/ament_index/resource_index/packages
[2.776s] copying package.xml -> /home/orangepi/AUV_ROS2/install/task2_node/share/task2_node
[2.776s] running install_egg_info
[2.780s] Copying ../../build/task2_node/task2_node.egg-info to /home/orangepi/AUV_ROS2/install/task2_node/lib/python3.10/site-packages/task2_node-0.0.0-py3.10.egg-info
[2.781s] running install_scripts
[2.811s] Installing task2_node script to /home/orangepi/AUV_ROS2/install/task2_node/lib/task2_node
[2.812s] writing list of installed files to '/home/orangepi/AUV_ROS2/build/task2_node/install.log'
[3.028s] Invoked command in '/home/orangepi/AUV_ROS2/src/task2_node' returned '0': PYTHONPATH=/home/orangepi/AUV_ROS2/build/task2_node/prefix_override:/home/orangepi/AUV_ROS2/install/task2_node/lib/python3.10/site-packages:${PYTHONPATH} /usr/bin/python3 setup.py egg_info --egg-base ../../build/task2_node build --build-base /home/orangepi/AUV_ROS2/build/task2_node/build install --record /home/orangepi/AUV_ROS2/build/task2_node/install.log --single-version-externally-managed
