[6.282s] Invoking command in '/home/orangepi/AUV_ROS2/src/facer_input': PYTHONPATH=/home/orangepi/AUV_ROS2/build/facer_input/prefix_override:/home/orangepi/AUV_ROS2/install/facer_input/lib/python3.10/site-packages:${PYTHONPATH} /usr/bin/python3 setup.py egg_info --egg-base ../../build/facer_input build --build-base /home/orangepi/AUV_ROS2/build/facer_input/build install --record /home/orangepi/AUV_ROS2/build/facer_input/install.log --single-version-externally-managed
[6.661s] running egg_info
[6.663s] writing ../../build/facer_input/facer_input.egg-info/PKG-INFO
[6.664s] writing dependency_links to ../../build/facer_input/facer_input.egg-info/dependency_links.txt
[6.665s] writing entry points to ../../build/facer_input/facer_input.egg-info/entry_points.txt
[6.667s] writing requirements to ../../build/facer_input/facer_input.egg-info/requires.txt
[6.668s] writing top-level names to ../../build/facer_input/facer_input.egg-info/top_level.txt
[6.669s] reading manifest file '../../build/facer_input/facer_input.egg-info/SOURCES.txt'
[6.670s] writing manifest file '../../build/facer_input/facer_input.egg-info/SOURCES.txt'
[6.671s] running build
[6.673s] running build_py
[6.674s] running install
[6.675s] /usr/lib/python3/dist-packages/setuptools/command/install.py:34: SetuptoolsDeprecationWarning: setup.py install is deprecated. Use build and pip and other standards-based tools.
[6.676s]   warnings.warn(
[6.677s] running install_lib
[6.679s] running install_data
[6.680s] running install_egg_info
[6.681s] removing '/home/orangepi/AUV_ROS2/install/facer_input/lib/python3.10/site-packages/facer_input-0.0.0-py3.10.egg-info' (and everything under it)
[6.683s] Copying ../../build/facer_input/facer_input.egg-info to /home/orangepi/AUV_ROS2/install/facer_input/lib/python3.10/site-packages/facer_input-0.0.0-py3.10.egg-info
[6.683s] running install_scripts
[6.712s] Installing capture_image script to /home/orangepi/AUV_ROS2/install/facer_input/lib/facer_input
[6.714s] writing list of installed files to '/home/orangepi/AUV_ROS2/build/facer_input/install.log'
[6.800s] Invoked command in '/home/orangepi/AUV_ROS2/src/facer_input' returned '0': PYTHONPATH=/home/orangepi/AUV_ROS2/build/facer_input/prefix_override:/home/orangepi/AUV_ROS2/install/facer_input/lib/python3.10/site-packages:${PYTHONPATH} /usr/bin/python3 setup.py egg_info --egg-base ../../build/facer_input build --build-base /home/orangepi/AUV_ROS2/build/facer_input/build install --record /home/orangepi/AUV_ROS2/build/facer_input/install.log --single-version-externally-managed
