[4.939s] Invoking command in '/home/orangepi/AUV_ROS2/src/remote_node': PYTHONPATH=/home/orangepi/AUV_ROS2/build/remote_node/prefix_override:/home/orangepi/AUV_ROS2/install/remote_node/lib/python3.10/site-packages:${PYTHONPATH} /usr/bin/python3 setup.py egg_info --egg-base ../../build/remote_node build --build-base /home/orangepi/AUV_ROS2/build/remote_node/build install --record /home/orangepi/AUV_ROS2/build/remote_node/install.log --single-version-externally-managed
[5.398s] running egg_info
[5.398s] writing ../../build/remote_node/remote_node.egg-info/PKG-INFO
[5.399s] writing dependency_links to ../../build/remote_node/remote_node.egg-info/dependency_links.txt
[5.399s] writing entry points to ../../build/remote_node/remote_node.egg-info/entry_points.txt
[5.399s] writing requirements to ../../build/remote_node/remote_node.egg-info/requires.txt
[5.399s] writing top-level names to ../../build/remote_node/remote_node.egg-info/top_level.txt
[5.403s] reading manifest file '../../build/remote_node/remote_node.egg-info/SOURCES.txt'
[5.404s] writing manifest file '../../build/remote_node/remote_node.egg-info/SOURCES.txt'
[5.405s] running build
[5.405s] running build_py
[5.405s] /usr/lib/python3/dist-packages/setuptools/command/install.py:34: SetuptoolsDeprecationWarning: setup.py install is deprecated. Use build and pip and other standards-based tools.
[5.405s]   warnings.warn(
[5.405s] running install
[5.405s] running install_lib
[5.407s] running install_data
[5.408s] running install_egg_info
[5.411s] removing '/home/orangepi/AUV_ROS2/install/remote_node/lib/python3.10/site-packages/remote_node-0.0.0-py3.10.egg-info' (and everything under it)
[5.412s] Copying ../../build/remote_node/remote_node.egg-info to /home/orangepi/AUV_ROS2/install/remote_node/lib/python3.10/site-packages/remote_node-0.0.0-py3.10.egg-info
[5.413s] running install_scripts
[5.451s] writing list of installed files to '/home/orangepi/AUV_ROS2/build/remote_node/install.log'
[5.780s] Invoked command in '/home/orangepi/AUV_ROS2/src/remote_node' returned '0': PYTHONPATH=/home/orangepi/AUV_ROS2/build/remote_node/prefix_override:/home/orangepi/AUV_ROS2/install/remote_node/lib/python3.10/site-packages:${PYTHONPATH} /usr/bin/python3 setup.py egg_info --egg-base ../../build/remote_node build --build-base /home/orangepi/AUV_ROS2/build/remote_node/build install --record /home/orangepi/AUV_ROS2/build/remote_node/install.log --single-version-externally-managed
