[6.559s] Invoking command in '/home/orangepi/AUV_ROS2/src/control_node': PYTHONPATH=/home/orangepi/AUV_ROS2/build/control_node/prefix_override:/home/orangepi/AUV_ROS2/install/control_node/lib/python3.10/site-packages:${PYTHONPATH} /usr/bin/python3 setup.py egg_info --egg-base ../../build/control_node build --build-base /home/orangepi/AUV_ROS2/build/control_node/build install --record /home/orangepi/AUV_ROS2/build/control_node/install.log --single-version-externally-managed
[6.929s] running egg_info
[6.930s] writing ../../build/control_node/control_node.egg-info/PKG-INFO
[6.931s] writing dependency_links to ../../build/control_node/control_node.egg-info/dependency_links.txt
[6.932s] writing entry points to ../../build/control_node/control_node.egg-info/entry_points.txt
[6.932s] writing requirements to ../../build/control_node/control_node.egg-info/requires.txt
[6.933s] writing top-level names to ../../build/control_node/control_node.egg-info/top_level.txt
[6.934s] package init file 'control_node/submodules/__init__.py' not found (or not a regular file)
[6.935s] reading manifest file '../../build/control_node/control_node.egg-info/SOURCES.txt'
[6.935s] adding license file 'LICENSE'
[6.937s] writing manifest file '../../build/control_node/control_node.egg-info/SOURCES.txt'
[6.937s] running build
[6.938s] running build_py
[6.938s] copying control_node/control_node.py -> /home/orangepi/AUV_ROS2/build/control_node/build/lib/control_node
[6.939s] running install
[6.939s] /usr/lib/python3/dist-packages/setuptools/command/install.py:34: SetuptoolsDeprecationWarning: setup.py install is deprecated. Use build and pip and other standards-based tools.
[6.940s]   warnings.warn(
[6.940s] running install_lib
[6.940s] copying /home/orangepi/AUV_ROS2/build/control_node/build/lib/control_node/control_node.py -> /home/orangepi/AUV_ROS2/install/control_node/lib/python3.10/site-packages/control_node
[6.941s] byte-compiling /home/orangepi/AUV_ROS2/install/control_node/lib/python3.10/site-packages/control_node/control_node.py to control_node.cpython-310.pyc
[6.942s] running install_data
[6.943s] running install_egg_info
[6.946s] removing '/home/orangepi/AUV_ROS2/install/control_node/lib/python3.10/site-packages/control_node-0.0.0-py3.10.egg-info' (and everything under it)
[6.946s] Copying ../../build/control_node/control_node.egg-info to /home/orangepi/AUV_ROS2/install/control_node/lib/python3.10/site-packages/control_node-0.0.0-py3.10.egg-info
[6.947s] running install_scripts
[6.980s] Installing control_node script to /home/orangepi/AUV_ROS2/install/control_node/lib/control_node
[6.981s] writing list of installed files to '/home/orangepi/AUV_ROS2/build/control_node/install.log'
[8.682s] Invoked command in '/home/orangepi/AUV_ROS2/src/control_node' returned '0': PYTHONPATH=/home/orangepi/AUV_ROS2/build/control_node/prefix_override:/home/orangepi/AUV_ROS2/install/control_node/lib/python3.10/site-packages:${PYTHONPATH} /usr/bin/python3 setup.py egg_info --egg-base ../../build/control_node build --build-base /home/orangepi/AUV_ROS2/build/control_node/build install --record /home/orangepi/AUV_ROS2/build/control_node/install.log --single-version-externally-managed
