[4.751s] Invoking command in '/home/orangepi/AUV_ROS2/src/buoyancy_node': PYTHONPATH=/home/orangepi/AUV_ROS2/build/buoyancy_node/prefix_override:/home/orangepi/AUV_ROS2/install/buoyancy_node/lib/python3.10/site-packages:${PYTHONPATH} /usr/bin/python3 setup.py egg_info --egg-base ../../build/buoyancy_node build --build-base /home/orangepi/AUV_ROS2/build/buoyancy_node/build install --record /home/orangepi/AUV_ROS2/build/buoyancy_node/install.log --single-version-externally-managed
[5.675s] running egg_info
[5.676s] writing ../../build/buoyancy_node/buoyancy_node.egg-info/PKG-INFO
[5.680s] writing dependency_links to ../../build/buoyancy_node/buoyancy_node.egg-info/dependency_links.txt
[5.681s] writing entry points to ../../build/buoyancy_node/buoyancy_node.egg-info/entry_points.txt
[5.681s] writing requirements to ../../build/buoyancy_node/buoyancy_node.egg-info/requires.txt
[5.682s] writing top-level names to ../../build/buoyancy_node/buoyancy_node.egg-info/top_level.txt
[5.691s] /usr/lib/python3/dist-packages/setuptools/command/install.py:34: SetuptoolsDeprecationWarning: setup.py install is deprecated. Use build and pip and other standards-based tools.
[5.692s]   warnings.warn(
[5.693s] reading manifest file '../../build/buoyancy_node/buoyancy_node.egg-info/SOURCES.txt'
[5.693s] writing manifest file '../../build/buoyancy_node/buoyancy_node.egg-info/SOURCES.txt'
[5.694s] running build
[5.700s] running build_py
[5.701s] copying buoyancy_node/buoyancy_node.py -> /home/orangepi/AUV_ROS2/build/buoyancy_node/build/lib/buoyancy_node
[5.702s] copying buoyancy_node/buoyancy_function.py -> /home/orangepi/AUV_ROS2/build/buoyancy_node/build/lib/buoyancy_node
[5.702s] running install
[5.703s] running install_lib
[5.703s] copying /home/orangepi/AUV_ROS2/build/buoyancy_node/build/lib/buoyancy_node/buoyancy_node.py -> /home/orangepi/AUV_ROS2/install/buoyancy_node/lib/python3.10/site-packages/buoyancy_node
[5.704s] copying /home/orangepi/AUV_ROS2/build/buoyancy_node/build/lib/buoyancy_node/buoyancy_function.py -> /home/orangepi/AUV_ROS2/install/buoyancy_node/lib/python3.10/site-packages/buoyancy_node
[5.704s] byte-compiling /home/orangepi/AUV_ROS2/install/buoyancy_node/lib/python3.10/site-packages/buoyancy_node/buoyancy_node.py to buoyancy_node.cpython-310.pyc
[5.705s] byte-compiling /home/orangepi/AUV_ROS2/install/buoyancy_node/lib/python3.10/site-packages/buoyancy_node/buoyancy_function.py to buoyancy_function.cpython-310.pyc
[5.705s] running install_data
[5.706s] running install_egg_info
[5.713s] removing '/home/orangepi/AUV_ROS2/install/buoyancy_node/lib/python3.10/site-packages/buoyancy_node-0.0.0-py3.10.egg-info' (and everything under it)
[5.714s] Copying ../../build/buoyancy_node/buoyancy_node.egg-info to /home/orangepi/AUV_ROS2/install/buoyancy_node/lib/python3.10/site-packages/buoyancy_node-0.0.0-py3.10.egg-info
[5.722s] running install_scripts
[5.759s] Installing buoyancy_node script to /home/orangepi/AUV_ROS2/install/buoyancy_node/lib/buoyancy_node
[5.760s] writing list of installed files to '/home/orangepi/AUV_ROS2/build/buoyancy_node/install.log'
[6.472s] Invoked command in '/home/orangepi/AUV_ROS2/src/buoyancy_node' returned '0': PYTHONPATH=/home/orangepi/AUV_ROS2/build/buoyancy_node/prefix_override:/home/orangepi/AUV_ROS2/install/buoyancy_node/lib/python3.10/site-packages:${PYTHONPATH} /usr/bin/python3 setup.py egg_info --egg-base ../../build/buoyancy_node build --build-base /home/orangepi/AUV_ROS2/build/buoyancy_node/build install --record /home/orangepi/AUV_ROS2/build/buoyancy_node/install.log --single-version-externally-managed
