[0.567s] Invoking command in '/home/orangepi/AUV_ROS2/build/control_interfaces': CMAKE_PREFIX_PATH=${CMAKE_PREFIX_PATH}:/home/orangepi/AUV_ROS2/install/task2_node:/home/orangepi/AUV_ROS2/install/task2_drum_detection:/home/orangepi/AUV_ROS2/install/task1_node:/home/orangepi/AUV_ROS2/install/task1_gate_detection:/home/orangepi/AUV_ROS2/install/task1_flare_detection:/home/orangepi/AUV_ROS2/install/status_node:/home/orangepi/AUV_ROS2/install/start_auv:/home/orangepi/AUV_ROS2/install/remote_node:/home/orangepi/AUV_ROS2/install/q_gate_detection:/home/orangepi/AUV_ROS2/install/master_node_simulation:/home/orangepi/AUV_ROS2/install/master_node:/home/orangepi/AUV_ROS2/install/facer_input:/home/orangepi/AUV_ROS2/install/control_node:/home/orangepi/AUV_ROS2/install/buoyancy_node:/home/orangepi/opencv_ws/install/task2_drum_detection:/home/orangepi/opencv_ws/install/task1_gate_detection:/home/orangepi/opencv_ws/install/task1_flare_detection:/home/orangepi/opencv_ws/install/q_gate_detection:/home/orangepi/opencv_ws/install/master_node_simulation:/home/orangepi/opencv_ws/install/facer_input:/opt/ros/humble /usr/bin/cmake --build /home/orangepi/AUV_ROS2/build/control_interfaces -- -j8 -l8
[2.358s] [ 11%] Built target control_interfaces__rosidl_generator_c
[2.358s] [ 12%] Built target control_interfaces__cpp
[2.358s] [ 12%] Built target ament_cmake_python_copy_control_interfaces
[2.358s] [ 23%] Built target control_interfaces__rosidl_typesupport_fastrtps_c
[2.358s] [ 34%] Built target control_interfaces__rosidl_typesupport_fastrtps_cpp
[2.358s] [ 46%] Built target control_interfaces__rosidl_typesupport_c
[2.358s] [ 57%] Built target control_interfaces__rosidl_typesupport_introspection_c
[2.358s] [ 68%] Built target control_interfaces__rosidl_typesupport_cpp
[2.358s] [ 79%] Built target control_interfaces__rosidl_typesupport_introspection_cpp
[2.359s] [ 79%] Built target control_interfaces
[2.359s] [ 80%] Built target control_interfaces__py
[2.359s] [ 90%] Built target control_interfaces__rosidl_generator_py
[2.359s] [ 93%] Built target control_interfaces__rosidl_typesupport_c__pyext
[2.359s] [100%] Built target control_interfaces__rosidl_typesupport_introspection_c__pyext
[2.359s] [100%] Built target control_interfaces__rosidl_typesupport_fastrtps_c__pyext
[2.359s] running egg_info
[2.360s] writing control_interfaces.egg-info/PKG-INFO
[2.360s] writing dependency_links to control_interfaces.egg-info/dependency_links.txt
[2.360s] writing top-level names to control_interfaces.egg-info/top_level.txt
[2.360s] reading manifest file 'control_interfaces.egg-info/SOURCES.txt'
[2.360s] writing manifest file 'control_interfaces.egg-info/SOURCES.txt'
[2.360s] [100%] Built target ament_cmake_python_build_control_interfaces_egg
[2.838s] Invoked command in '/home/orangepi/AUV_ROS2/build/control_interfaces' returned '0': CMAKE_PREFIX_PATH=${CMAKE_PREFIX_PATH}:/home/orangepi/AUV_ROS2/install/task2_node:/home/orangepi/AUV_ROS2/install/task2_drum_detection:/home/orangepi/AUV_ROS2/install/task1_node:/home/orangepi/AUV_ROS2/install/task1_gate_detection:/home/orangepi/AUV_ROS2/install/task1_flare_detection:/home/orangepi/AUV_ROS2/install/status_node:/home/orangepi/AUV_ROS2/install/start_auv:/home/orangepi/AUV_ROS2/install/remote_node:/home/orangepi/AUV_ROS2/install/q_gate_detection:/home/orangepi/AUV_ROS2/install/master_node_simulation:/home/orangepi/AUV_ROS2/install/master_node:/home/orangepi/AUV_ROS2/install/facer_input:/home/orangepi/AUV_ROS2/install/control_node:/home/orangepi/AUV_ROS2/install/buoyancy_node:/home/orangepi/opencv_ws/install/task2_drum_detection:/home/orangepi/opencv_ws/install/task1_gate_detection:/home/orangepi/opencv_ws/install/task1_flare_detection:/home/orangepi/opencv_ws/install/q_gate_detection:/home/orangepi/opencv_ws/install/master_node_simulation:/home/orangepi/opencv_ws/install/facer_input:/opt/ros/humble /usr/bin/cmake --build /home/orangepi/AUV_ROS2/build/control_interfaces -- -j8 -l8
[3.067s] Invoking command in '/home/orangepi/AUV_ROS2/build/control_interfaces': CMAKE_PREFIX_PATH=${CMAKE_PREFIX_PATH}:/home/orangepi/AUV_ROS2/install/task2_node:/home/orangepi/AUV_ROS2/install/task2_drum_detection:/home/orangepi/AUV_ROS2/install/task1_node:/home/orangepi/AUV_ROS2/install/task1_gate_detection:/home/orangepi/AUV_ROS2/install/task1_flare_detection:/home/orangepi/AUV_ROS2/install/status_node:/home/orangepi/AUV_ROS2/install/start_auv:/home/orangepi/AUV_ROS2/install/remote_node:/home/orangepi/AUV_ROS2/install/q_gate_detection:/home/orangepi/AUV_ROS2/install/master_node_simulation:/home/orangepi/AUV_ROS2/install/master_node:/home/orangepi/AUV_ROS2/install/facer_input:/home/orangepi/AUV_ROS2/install/control_node:/home/orangepi/AUV_ROS2/install/buoyancy_node:/home/orangepi/opencv_ws/install/task2_drum_detection:/home/orangepi/opencv_ws/install/task1_gate_detection:/home/orangepi/opencv_ws/install/task1_flare_detection:/home/orangepi/opencv_ws/install/q_gate_detection:/home/orangepi/opencv_ws/install/master_node_simulation:/home/orangepi/opencv_ws/install/facer_input:/opt/ros/humble /usr/bin/cmake --install /home/orangepi/AUV_ROS2/build/control_interfaces
[3.080s] -- Install configuration: ""
[3.081s] -- Up-to-date: /home/orangepi/AUV_ROS2/install/control_interfaces/share/ament_index/resource_index/rosidl_interfaces/control_interfaces
[3.081s] -- Up-to-date: /home/orangepi/AUV_ROS2/install/control_interfaces/include/control_interfaces/control_interfaces
[3.083s] -- Up-to-date: /home/orangepi/AUV_ROS2/install/control_interfaces/include/control_interfaces/control_interfaces/srv
[3.085s] -- Up-to-date: /home/orangepi/AUV_ROS2/install/control_interfaces/include/control_interfaces/control_interfaces/srv/buoyancy_control.h
[3.086s] -- Up-to-date: /home/orangepi/AUV_ROS2/install/control_interfaces/include/control_interfaces/control_interfaces/srv/detail
[3.087s] -- Up-to-date: /home/orangepi/AUV_ROS2/install/control_interfaces/include/control_interfaces/control_interfaces/srv/detail/get_command__functions.c
[3.088s] -- Up-to-date: /home/orangepi/AUV_ROS2/install/control_interfaces/include/control_interfaces/control_interfaces/srv/detail/get_command__struct.h
[3.089s] -- Up-to-date: /home/orangepi/AUV_ROS2/install/control_interfaces/include/control_interfaces/control_interfaces/srv/detail/get_task__struct.h
[3.090s] -- Up-to-date: /home/orangepi/AUV_ROS2/install/control_interfaces/include/control_interfaces/control_interfaces/srv/detail/buoyancy_control__struct.h
[3.091s] -- Up-to-date: /home/orangepi/AUV_ROS2/install/control_interfaces/include/control_interfaces/control_interfaces/srv/detail/get_command__type_support.h
[3.092s] -- Up-to-date: /home/orangepi/AUV_ROS2/install/control_interfaces/include/control_interfaces/control_interfaces/srv/detail/buoyancy_control__functions.c
[3.093s] -- Up-to-date: /home/orangepi/AUV_ROS2/install/control_interfaces/include/control_interfaces/control_interfaces/srv/detail/get_command__functions.h
[3.094s] -- Up-to-date: /home/orangepi/AUV_ROS2/install/control_interfaces/include/control_interfaces/control_interfaces/srv/detail/get_task__functions.c
[3.095s] -- Up-to-date: /home/orangepi/AUV_ROS2/install/control_interfaces/include/control_interfaces/control_interfaces/srv/detail/get_task__type_support.h
[3.096s] -- Up-to-date: /home/orangepi/AUV_ROS2/install/control_interfaces/include/control_interfaces/control_interfaces/srv/detail/get_task__functions.h
[3.096s] -- Up-to-date: /home/orangepi/AUV_ROS2/install/control_interfaces/include/control_interfaces/control_interfaces/srv/detail/buoyancy_control__functions.h
[3.096s] -- Up-to-date: /home/orangepi/AUV_ROS2/install/control_interfaces/include/control_interfaces/control_interfaces/srv/detail/buoyancy_control__type_support.h
[3.096s] -- Up-to-date: /home/orangepi/AUV_ROS2/install/control_interfaces/include/control_interfaces/control_interfaces/srv/get_task.h
[3.099s] -- Up-to-date: /home/orangepi/AUV_ROS2/install/control_interfaces/include/control_interfaces/control_interfaces/srv/get_command.h
[3.100s] -- Up-to-date: /home/orangepi/AUV_ROS2/install/control_interfaces/include/control_interfaces/control_interfaces/msg
[3.102s] -- Up-to-date: /home/orangepi/AUV_ROS2/install/control_interfaces/include/control_interfaces/control_interfaces/msg/auv_status.h
[3.103s] -- Up-to-date: /home/orangepi/AUV_ROS2/install/control_interfaces/include/control_interfaces/control_interfaces/msg/detail
[3.105s] -- Up-to-date: /home/orangepi/AUV_ROS2/install/control_interfaces/include/control_interfaces/control_interfaces/msg/detail/auv_buoyancy__functions.h
[3.108s] -- Up-to-date: /home/orangepi/AUV_ROS2/install/control_interfaces/include/control_interfaces/control_interfaces/msg/detail/auv_status__functions.h
[3.108s] -- Up-to-date: /home/orangepi/AUV_ROS2/install/control_interfaces/include/control_interfaces/control_interfaces/msg/detail/auv_status__type_support.h
[3.108s] -- Up-to-date: /home/orangepi/AUV_ROS2/install/control_interfaces/include/control_interfaces/control_interfaces/msg/detail/auv_status__functions.c
[3.109s] -- Up-to-date: /home/orangepi/AUV_ROS2/install/control_interfaces/include/control_interfaces/control_interfaces/msg/detail/auv_buoyancy__type_support.h
[3.109s] -- Up-to-date: /home/orangepi/AUV_ROS2/install/control_interfaces/include/control_interfaces/control_interfaces/msg/detail/auv_buoyancy__functions.c
[3.109s] -- Up-to-date: /home/orangepi/AUV_ROS2/install/control_interfaces/include/control_interfaces/control_interfaces/msg/detail/auv_status__struct.h
[3.109s] -- Up-to-date: /home/orangepi/AUV_ROS2/install/control_interfaces/include/control_interfaces/control_interfaces/msg/detail/auv_buoyancy__struct.h
[3.110s] -- Up-to-date: /home/orangepi/AUV_ROS2/install/control_interfaces/include/control_interfaces/control_interfaces/msg/auv_buoyancy.h
[3.110s] -- Up-to-date: /home/orangepi/AUV_ROS2/install/control_interfaces/include/control_interfaces/control_interfaces/msg/rosidl_generator_c__visibility_control.h
[3.110s] -- Up-to-date: /home/orangepi/AUV_ROS2/install/control_interfaces/share/control_interfaces/environment/library_path.sh
[3.110s] -- Up-to-date: /home/orangepi/AUV_ROS2/install/control_interfaces/share/control_interfaces/environment/library_path.dsv
[3.111s] -- Up-to-date: /home/orangepi/AUV_ROS2/install/control_interfaces/lib/libcontrol_interfaces__rosidl_generator_c.so
[3.111s] -- Up-to-date: /home/orangepi/AUV_ROS2/install/control_interfaces/include/control_interfaces/control_interfaces
[3.112s] -- Up-to-date: /home/orangepi/AUV_ROS2/install/control_interfaces/include/control_interfaces/control_interfaces/srv
[3.112s] -- Up-to-date: /home/orangepi/AUV_ROS2/install/control_interfaces/include/control_interfaces/control_interfaces/srv/detail
[3.112s] -- Up-to-date: /home/orangepi/AUV_ROS2/install/control_interfaces/include/control_interfaces/control_interfaces/srv/detail/get_task__rosidl_typesupport_fastrtps_c.h
[3.112s] -- Up-to-date: /home/orangepi/AUV_ROS2/install/control_interfaces/include/control_interfaces/control_interfaces/srv/detail/get_command__rosidl_typesupport_fastrtps_c.h
[3.113s] -- Up-to-date: /home/orangepi/AUV_ROS2/install/control_interfaces/include/control_interfaces/control_interfaces/srv/detail/buoyancy_control__rosidl_typesupport_fastrtps_c.h
[3.113s] -- Up-to-date: /home/orangepi/AUV_ROS2/install/control_interfaces/include/control_interfaces/control_interfaces/msg
[3.113s] -- Up-to-date: /home/orangepi/AUV_ROS2/install/control_interfaces/include/control_interfaces/control_interfaces/msg/rosidl_typesupport_fastrtps_c__visibility_control.h
[3.113s] -- Up-to-date: /home/orangepi/AUV_ROS2/install/control_interfaces/include/control_interfaces/control_interfaces/msg/detail
[3.114s] -- Up-to-date: /home/orangepi/AUV_ROS2/install/control_interfaces/include/control_interfaces/control_interfaces/msg/detail/auv_buoyancy__rosidl_typesupport_fastrtps_c.h
[3.114s] -- Up-to-date: /home/orangepi/AUV_ROS2/install/control_interfaces/include/control_interfaces/control_interfaces/msg/detail/auv_status__rosidl_typesupport_fastrtps_c.h
[3.114s] -- Up-to-date: /home/orangepi/AUV_ROS2/install/control_interfaces/lib/libcontrol_interfaces__rosidl_typesupport_fastrtps_c.so
[3.115s] -- Up-to-date: /home/orangepi/AUV_ROS2/install/control_interfaces/include/control_interfaces/control_interfaces
[3.115s] -- Up-to-date: /home/orangepi/AUV_ROS2/install/control_interfaces/include/control_interfaces/control_interfaces/srv
[3.115s] -- Up-to-date: /home/orangepi/AUV_ROS2/install/control_interfaces/include/control_interfaces/control_interfaces/srv/detail
[3.116s] -- Up-to-date: /home/orangepi/AUV_ROS2/install/control_interfaces/include/control_interfaces/control_interfaces/srv/detail/buoyancy_control__rosidl_typesupport_introspection_c.h
[3.116s] -- Up-to-date: /home/orangepi/AUV_ROS2/install/control_interfaces/include/control_interfaces/control_interfaces/srv/detail/get_command__rosidl_typesupport_introspection_c.h
[3.116s] -- Up-to-date: /home/orangepi/AUV_ROS2/install/control_interfaces/include/control_interfaces/control_interfaces/srv/detail/buoyancy_control__type_support.c
[3.116s] -- Up-to-date: /home/orangepi/AUV_ROS2/install/control_interfaces/include/control_interfaces/control_interfaces/srv/detail/get_command__type_support.c
[3.117s] -- Up-to-date: /home/orangepi/AUV_ROS2/install/control_interfaces/include/control_interfaces/control_interfaces/srv/detail/get_task__type_support.c
[3.117s] -- Up-to-date: /home/orangepi/AUV_ROS2/install/control_interfaces/include/control_interfaces/control_interfaces/srv/detail/get_task__rosidl_typesupport_introspection_c.h
[3.117s] -- Up-to-date: /home/orangepi/AUV_ROS2/install/control_interfaces/include/control_interfaces/control_interfaces/msg
[3.117s] -- Up-to-date: /home/orangepi/AUV_ROS2/install/control_interfaces/include/control_interfaces/control_interfaces/msg/rosidl_typesupport_introspection_c__visibility_control.h
[3.117s] -- Up-to-date: /home/orangepi/AUV_ROS2/install/control_interfaces/include/control_interfaces/control_interfaces/msg/detail
[3.118s] -- Up-to-date: /home/orangepi/AUV_ROS2/install/control_interfaces/include/control_interfaces/control_interfaces/msg/detail/auv_buoyancy__rosidl_typesupport_introspection_c.h
[3.118s] -- Up-to-date: /home/orangepi/AUV_ROS2/install/control_interfaces/include/control_interfaces/control_interfaces/msg/detail/auv_status__rosidl_typesupport_introspection_c.h
[3.118s] -- Up-to-date: /home/orangepi/AUV_ROS2/install/control_interfaces/include/control_interfaces/control_interfaces/msg/detail/auv_status__type_support.c
[3.118s] -- Up-to-date: /home/orangepi/AUV_ROS2/install/control_interfaces/include/control_interfaces/control_interfaces/msg/detail/auv_buoyancy__type_support.c
[3.119s] -- Up-to-date: /home/orangepi/AUV_ROS2/install/control_interfaces/lib/libcontrol_interfaces__rosidl_typesupport_introspection_c.so
[3.120s] -- Up-to-date: /home/orangepi/AUV_ROS2/install/control_interfaces/lib/libcontrol_interfaces__rosidl_typesupport_c.so
[3.120s] -- Up-to-date: /home/orangepi/AUV_ROS2/install/control_interfaces/include/control_interfaces/control_interfaces
[3.121s] -- Up-to-date: /home/orangepi/AUV_ROS2/install/control_interfaces/include/control_interfaces/control_interfaces/srv
[3.121s] -- Up-to-date: /home/orangepi/AUV_ROS2/install/control_interfaces/include/control_interfaces/control_interfaces/srv/get_task.hpp
[3.121s] -- Up-to-date: /home/orangepi/AUV_ROS2/install/control_interfaces/include/control_interfaces/control_interfaces/srv/buoyancy_control.hpp
[3.121s] -- Up-to-date: /home/orangepi/AUV_ROS2/install/control_interfaces/include/control_interfaces/control_interfaces/srv/detail
[3.122s] -- Up-to-date: /home/orangepi/AUV_ROS2/install/control_interfaces/include/control_interfaces/control_interfaces/srv/detail/get_command__struct.hpp
[3.122s] -- Up-to-date: /home/orangepi/AUV_ROS2/install/control_interfaces/include/control_interfaces/control_interfaces/srv/detail/get_task__builder.hpp
[3.122s] -- Up-to-date: /home/orangepi/AUV_ROS2/install/control_interfaces/include/control_interfaces/control_interfaces/srv/detail/buoyancy_control__builder.hpp
[3.122s] -- Up-to-date: /home/orangepi/AUV_ROS2/install/control_interfaces/include/control_interfaces/control_interfaces/srv/detail/get_task__struct.hpp
[3.122s] -- Up-to-date: /home/orangepi/AUV_ROS2/install/control_interfaces/include/control_interfaces/control_interfaces/srv/detail/get_task__traits.hpp
[3.123s] -- Up-to-date: /home/orangepi/AUV_ROS2/install/control_interfaces/include/control_interfaces/control_interfaces/srv/detail/get_command__builder.hpp
[3.123s] -- Up-to-date: /home/orangepi/AUV_ROS2/install/control_interfaces/include/control_interfaces/control_interfaces/srv/detail/buoyancy_control__struct.hpp
[3.123s] -- Up-to-date: /home/orangepi/AUV_ROS2/install/control_interfaces/include/control_interfaces/control_interfaces/srv/detail/get_command__traits.hpp
[3.123s] -- Up-to-date: /home/orangepi/AUV_ROS2/install/control_interfaces/include/control_interfaces/control_interfaces/srv/detail/buoyancy_control__traits.hpp
[3.124s] -- Up-to-date: /home/orangepi/AUV_ROS2/install/control_interfaces/include/control_interfaces/control_interfaces/srv/get_command.hpp
[3.124s] -- Up-to-date: /home/orangepi/AUV_ROS2/install/control_interfaces/include/control_interfaces/control_interfaces/msg
[3.124s] -- Up-to-date: /home/orangepi/AUV_ROS2/install/control_interfaces/include/control_interfaces/control_interfaces/msg/auv_buoyancy.hpp
[3.124s] -- Up-to-date: /home/orangepi/AUV_ROS2/install/control_interfaces/include/control_interfaces/control_interfaces/msg/auv_status.hpp
[3.125s] -- Up-to-date: /home/orangepi/AUV_ROS2/install/control_interfaces/include/control_interfaces/control_interfaces/msg/detail
[3.125s] -- Up-to-date: /home/orangepi/AUV_ROS2/install/control_interfaces/include/control_interfaces/control_interfaces/msg/detail/auv_buoyancy__struct.hpp
[3.126s] -- Up-to-date: /home/orangepi/AUV_ROS2/install/control_interfaces/include/control_interfaces/control_interfaces/msg/detail/auv_status__builder.hpp
[3.126s] -- Up-to-date: /home/orangepi/AUV_ROS2/install/control_interfaces/include/control_interfaces/control_interfaces/msg/detail/auv_status__traits.hpp
[3.126s] -- Up-to-date: /home/orangepi/AUV_ROS2/install/control_interfaces/include/control_interfaces/control_interfaces/msg/detail/auv_buoyancy__traits.hpp
[3.126s] -- Up-to-date: /home/orangepi/AUV_ROS2/install/control_interfaces/include/control_interfaces/control_interfaces/msg/detail/auv_buoyancy__builder.hpp
[3.127s] -- Up-to-date: /home/orangepi/AUV_ROS2/install/control_interfaces/include/control_interfaces/control_interfaces/msg/detail/auv_status__struct.hpp
[3.127s] -- Up-to-date: /home/orangepi/AUV_ROS2/install/control_interfaces/include/control_interfaces/control_interfaces
[3.127s] -- Up-to-date: /home/orangepi/AUV_ROS2/install/control_interfaces/include/control_interfaces/control_interfaces/srv
[3.127s] -- Up-to-date: /home/orangepi/AUV_ROS2/install/control_interfaces/include/control_interfaces/control_interfaces/srv/detail
[3.128s] -- Up-to-date: /home/orangepi/AUV_ROS2/install/control_interfaces/include/control_interfaces/control_interfaces/srv/detail/get_command__rosidl_typesupport_fastrtps_cpp.hpp
[3.128s] -- Up-to-date: /home/orangepi/AUV_ROS2/install/control_interfaces/include/control_interfaces/control_interfaces/srv/detail/dds_fastrtps
[3.128s] -- Up-to-date: /home/orangepi/AUV_ROS2/install/control_interfaces/include/control_interfaces/control_interfaces/srv/detail/get_task__rosidl_typesupport_fastrtps_cpp.hpp
[3.128s] -- Up-to-date: /home/orangepi/AUV_ROS2/install/control_interfaces/include/control_interfaces/control_interfaces/srv/detail/buoyancy_control__rosidl_typesupport_fastrtps_cpp.hpp
[3.129s] -- Up-to-date: /home/orangepi/AUV_ROS2/install/control_interfaces/include/control_interfaces/control_interfaces/msg
[3.129s] -- Up-to-date: /home/orangepi/AUV_ROS2/install/control_interfaces/include/control_interfaces/control_interfaces/msg/rosidl_typesupport_fastrtps_cpp__visibility_control.h
[3.129s] -- Up-to-date: /home/orangepi/AUV_ROS2/install/control_interfaces/include/control_interfaces/control_interfaces/msg/detail
[3.129s] -- Up-to-date: /home/orangepi/AUV_ROS2/install/control_interfaces/include/control_interfaces/control_interfaces/msg/detail/auv_status__rosidl_typesupport_fastrtps_cpp.hpp
[3.130s] -- Up-to-date: /home/orangepi/AUV_ROS2/install/control_interfaces/include/control_interfaces/control_interfaces/msg/detail/dds_fastrtps
[3.130s] -- Up-to-date: /home/orangepi/AUV_ROS2/install/control_interfaces/include/control_interfaces/control_interfaces/msg/detail/auv_buoyancy__rosidl_typesupport_fastrtps_cpp.hpp
[3.130s] -- Up-to-date: /home/orangepi/AUV_ROS2/install/control_interfaces/lib/libcontrol_interfaces__rosidl_typesupport_fastrtps_cpp.so
[3.131s] -- Up-to-date: /home/orangepi/AUV_ROS2/install/control_interfaces/include/control_interfaces/control_interfaces
[3.131s] -- Up-to-date: /home/orangepi/AUV_ROS2/install/control_interfaces/include/control_interfaces/control_interfaces/srv
[3.131s] -- Up-to-date: /home/orangepi/AUV_ROS2/install/control_interfaces/include/control_interfaces/control_interfaces/srv/detail
[3.132s] -- Up-to-date: /home/orangepi/AUV_ROS2/install/control_interfaces/include/control_interfaces/control_interfaces/srv/detail/buoyancy_control__rosidl_typesupport_introspection_cpp.hpp
[3.132s] -- Up-to-date: /home/orangepi/AUV_ROS2/install/control_interfaces/include/control_interfaces/control_interfaces/srv/detail/get_command__rosidl_typesupport_introspection_cpp.hpp
[3.132s] -- Up-to-date: /home/orangepi/AUV_ROS2/install/control_interfaces/include/control_interfaces/control_interfaces/srv/detail/buoyancy_control__type_support.cpp
[3.132s] -- Up-to-date: /home/orangepi/AUV_ROS2/install/control_interfaces/include/control_interfaces/control_interfaces/srv/detail/get_task__type_support.cpp
[3.133s] -- Up-to-date: /home/orangepi/AUV_ROS2/install/control_interfaces/include/control_interfaces/control_interfaces/srv/detail/get_task__rosidl_typesupport_introspection_cpp.hpp
[3.133s] -- Up-to-date: /home/orangepi/AUV_ROS2/install/control_interfaces/include/control_interfaces/control_interfaces/srv/detail/get_command__type_support.cpp
[3.133s] -- Up-to-date: /home/orangepi/AUV_ROS2/install/control_interfaces/include/control_interfaces/control_interfaces/msg
[3.133s] -- Up-to-date: /home/orangepi/AUV_ROS2/install/control_interfaces/include/control_interfaces/control_interfaces/msg/detail
[3.133s] -- Up-to-date: /home/orangepi/AUV_ROS2/install/control_interfaces/include/control_interfaces/control_interfaces/msg/detail/auv_status__type_support.cpp
[3.134s] -- Up-to-date: /home/orangepi/AUV_ROS2/install/control_interfaces/include/control_interfaces/control_interfaces/msg/detail/auv_buoyancy__type_support.cpp
[3.134s] -- Up-to-date: /home/orangepi/AUV_ROS2/install/control_interfaces/include/control_interfaces/control_interfaces/msg/detail/auv_status__rosidl_typesupport_introspection_cpp.hpp
[3.134s] -- Up-to-date: /home/orangepi/AUV_ROS2/install/control_interfaces/include/control_interfaces/control_interfaces/msg/detail/auv_buoyancy__rosidl_typesupport_introspection_cpp.hpp
[3.135s] -- Up-to-date: /home/orangepi/AUV_ROS2/install/control_interfaces/lib/libcontrol_interfaces__rosidl_typesupport_introspection_cpp.so
[3.135s] -- Up-to-date: /home/orangepi/AUV_ROS2/install/control_interfaces/lib/libcontrol_interfaces__rosidl_typesupport_cpp.so
[3.136s] -- Up-to-date: /home/orangepi/AUV_ROS2/install/control_interfaces/share/control_interfaces/environment/pythonpath.sh
[3.136s] -- Up-to-date: /home/orangepi/AUV_ROS2/install/control_interfaces/share/control_interfaces/environment/pythonpath.dsv
[3.136s] -- Up-to-date: /home/orangepi/AUV_ROS2/install/control_interfaces/local/lib/python3.10/dist-packages/control_interfaces-0.0.0-py3.10.egg-info
[3.137s] -- Installing: /home/orangepi/AUV_ROS2/install/control_interfaces/local/lib/python3.10/dist-packages/control_interfaces-0.0.0-py3.10.egg-info/SOURCES.txt
[3.137s] -- Installing: /home/orangepi/AUV_ROS2/install/control_interfaces/local/lib/python3.10/dist-packages/control_interfaces-0.0.0-py3.10.egg-info/top_level.txt
[3.138s] -- Installing: /home/orangepi/AUV_ROS2/install/control_interfaces/local/lib/python3.10/dist-packages/control_interfaces-0.0.0-py3.10.egg-info/dependency_links.txt
[3.138s] -- Installing: /home/orangepi/AUV_ROS2/install/control_interfaces/local/lib/python3.10/dist-packages/control_interfaces-0.0.0-py3.10.egg-info/PKG-INFO
[3.138s] -- Up-to-date: /home/orangepi/AUV_ROS2/install/control_interfaces/local/lib/python3.10/dist-packages/control_interfaces
[3.139s] -- Up-to-date: /home/orangepi/AUV_ROS2/install/control_interfaces/local/lib/python3.10/dist-packages/control_interfaces/control_interfaces_s__rosidl_typesupport_c.cpython-310-aarch64-linux-gnu.so
[3.139s] -- Up-to-date: /home/orangepi/AUV_ROS2/install/control_interfaces/local/lib/python3.10/dist-packages/control_interfaces/__init__.py
[3.140s] -- Up-to-date: /home/orangepi/AUV_ROS2/install/control_interfaces/local/lib/python3.10/dist-packages/control_interfaces/control_interfaces_s__rosidl_typesupport_fastrtps_c.cpython-310-aarch64-linux-gnu.so
[3.140s] -- Up-to-date: /home/orangepi/AUV_ROS2/install/control_interfaces/local/lib/python3.10/dist-packages/control_interfaces/_control_interfaces_s.ep.rosidl_typesupport_introspection_c.c
[3.140s] -- Up-to-date: /home/orangepi/AUV_ROS2/install/control_interfaces/local/lib/python3.10/dist-packages/control_interfaces/srv
[3.140s] -- Up-to-date: /home/orangepi/AUV_ROS2/install/control_interfaces/local/lib/python3.10/dist-packages/control_interfaces/srv/_get_task.py
[3.141s] -- Up-to-date: /home/orangepi/AUV_ROS2/install/control_interfaces/local/lib/python3.10/dist-packages/control_interfaces/srv/__init__.py
[3.141s] -- Up-to-date: /home/orangepi/AUV_ROS2/install/control_interfaces/local/lib/python3.10/dist-packages/control_interfaces/srv/_buoyancy_control_s.c
[3.141s] -- Up-to-date: /home/orangepi/AUV_ROS2/install/control_interfaces/local/lib/python3.10/dist-packages/control_interfaces/srv/_get_command_s.c
[3.141s] -- Up-to-date: /home/orangepi/AUV_ROS2/install/control_interfaces/local/lib/python3.10/dist-packages/control_interfaces/srv/_buoyancy_control.py
[3.142s] -- Up-to-date: /home/orangepi/AUV_ROS2/install/control_interfaces/local/lib/python3.10/dist-packages/control_interfaces/srv/_get_command.py
[3.142s] -- Up-to-date: /home/orangepi/AUV_ROS2/install/control_interfaces/local/lib/python3.10/dist-packages/control_interfaces/srv/_get_task_s.c
[3.142s] -- Up-to-date: /home/orangepi/AUV_ROS2/install/control_interfaces/local/lib/python3.10/dist-packages/control_interfaces/control_interfaces_s__rosidl_typesupport_introspection_c.cpython-310-aarch64-linux-gnu.so
[3.142s] -- Up-to-date: /home/orangepi/AUV_ROS2/install/control_interfaces/local/lib/python3.10/dist-packages/control_interfaces/_control_interfaces_s.ep.rosidl_typesupport_c.c
[3.143s] -- Up-to-date: /home/orangepi/AUV_ROS2/install/control_interfaces/local/lib/python3.10/dist-packages/control_interfaces/msg
[3.143s] -- Up-to-date: /home/orangepi/AUV_ROS2/install/control_interfaces/local/lib/python3.10/dist-packages/control_interfaces/msg/__init__.py
[3.143s] -- Up-to-date: /home/orangepi/AUV_ROS2/install/control_interfaces/local/lib/python3.10/dist-packages/control_interfaces/msg/_auv_status_s.c
[3.143s] -- Up-to-date: /home/orangepi/AUV_ROS2/install/control_interfaces/local/lib/python3.10/dist-packages/control_interfaces/msg/_auv_status.py
[3.144s] -- Up-to-date: /home/orangepi/AUV_ROS2/install/control_interfaces/local/lib/python3.10/dist-packages/control_interfaces/msg/_auv_buoyancy.py
[3.144s] -- Up-to-date: /home/orangepi/AUV_ROS2/install/control_interfaces/local/lib/python3.10/dist-packages/control_interfaces/msg/_auv_buoyancy_s.c
[3.144s] -- Up-to-date: /home/orangepi/AUV_ROS2/install/control_interfaces/local/lib/python3.10/dist-packages/control_interfaces/libcontrol_interfaces__rosidl_generator_py.so
[3.144s] -- Up-to-date: /home/orangepi/AUV_ROS2/install/control_interfaces/local/lib/python3.10/dist-packages/control_interfaces/_control_interfaces_s.ep.rosidl_typesupport_fastrtps_c.c
[3.329s] Listing '/home/orangepi/AUV_ROS2/install/control_interfaces/local/lib/python3.10/dist-packages/control_interfaces'...
[3.329s] Listing '/home/orangepi/AUV_ROS2/install/control_interfaces/local/lib/python3.10/dist-packages/control_interfaces/msg'...
[3.329s] Listing '/home/orangepi/AUV_ROS2/install/control_interfaces/local/lib/python3.10/dist-packages/control_interfaces/srv'...
[3.366s] -- Up-to-date: /home/orangepi/AUV_ROS2/install/control_interfaces/local/lib/python3.10/dist-packages/control_interfaces/control_interfaces_s__rosidl_typesupport_fastrtps_c.cpython-310-aarch64-linux-gnu.so
[3.373s] -- Up-to-date: /home/orangepi/AUV_ROS2/install/control_interfaces/local/lib/python3.10/dist-packages/control_interfaces/control_interfaces_s__rosidl_typesupport_introspection_c.cpython-310-aarch64-linux-gnu.so
[3.373s] -- Up-to-date: /home/orangepi/AUV_ROS2/install/control_interfaces/local/lib/python3.10/dist-packages/control_interfaces/control_interfaces_s__rosidl_typesupport_c.cpython-310-aarch64-linux-gnu.so
[3.373s] -- Up-to-date: /home/orangepi/AUV_ROS2/install/control_interfaces/lib/libcontrol_interfaces__rosidl_generator_py.so
[3.373s] -- Up-to-date: /home/orangepi/AUV_ROS2/install/control_interfaces/share/control_interfaces/srv/GetCommand.idl
[3.374s] -- Up-to-date: /home/orangepi/AUV_ROS2/install/control_interfaces/share/control_interfaces/srv/GetTask.idl
[3.374s] -- Up-to-date: /home/orangepi/AUV_ROS2/install/control_interfaces/share/control_interfaces/srv/BuoyancyControl.idl
[3.374s] -- Up-to-date: /home/orangepi/AUV_ROS2/install/control_interfaces/share/control_interfaces/msg/AUVBuoyancy.idl
[3.374s] -- Up-to-date: /home/orangepi/AUV_ROS2/install/control_interfaces/share/control_interfaces/msg/AUVStatus.idl
[3.374s] -- Up-to-date: /home/orangepi/AUV_ROS2/install/control_interfaces/share/control_interfaces/srv/GetCommand.srv
[3.374s] -- Up-to-date: /home/orangepi/AUV_ROS2/install/control_interfaces/share/control_interfaces/srv/GetCommand_Request.msg
[3.374s] -- Up-to-date: /home/orangepi/AUV_ROS2/install/control_interfaces/share/control_interfaces/srv/GetCommand_Response.msg
[3.374s] -- Up-to-date: /home/orangepi/AUV_ROS2/install/control_interfaces/share/control_interfaces/srv/GetTask.srv
[3.374s] -- Up-to-date: /home/orangepi/AUV_ROS2/install/control_interfaces/share/control_interfaces/srv/GetTask_Request.msg
[3.374s] -- Up-to-date: /home/orangepi/AUV_ROS2/install/control_interfaces/share/control_interfaces/srv/GetTask_Response.msg
[3.374s] -- Up-to-date: /home/orangepi/AUV_ROS2/install/control_interfaces/share/control_interfaces/srv/BuoyancyControl.srv
[3.374s] -- Up-to-date: /home/orangepi/AUV_ROS2/install/control_interfaces/share/control_interfaces/srv/BuoyancyControl_Request.msg
[3.375s] -- Up-to-date: /home/orangepi/AUV_ROS2/install/control_interfaces/share/control_interfaces/srv/BuoyancyControl_Response.msg
[3.375s] -- Up-to-date: /home/orangepi/AUV_ROS2/install/control_interfaces/share/control_interfaces/msg/AUVBuoyancy.msg
[3.375s] -- Up-to-date: /home/orangepi/AUV_ROS2/install/control_interfaces/share/control_interfaces/msg/AUVStatus.msg
[3.375s] -- Up-to-date: /home/orangepi/AUV_ROS2/install/control_interfaces/share/ament_index/resource_index/package_run_dependencies/control_interfaces
[3.375s] -- Up-to-date: /home/orangepi/AUV_ROS2/install/control_interfaces/share/ament_index/resource_index/parent_prefix_path/control_interfaces
[3.375s] -- Up-to-date: /home/orangepi/AUV_ROS2/install/control_interfaces/share/control_interfaces/environment/ament_prefix_path.sh
[3.389s] -- Up-to-date: /home/orangepi/AUV_ROS2/install/control_interfaces/share/control_interfaces/environment/ament_prefix_path.dsv
[3.390s] -- Up-to-date: /home/orangepi/AUV_ROS2/install/control_interfaces/share/control_interfaces/environment/path.sh
[3.390s] -- Up-to-date: /home/orangepi/AUV_ROS2/install/control_interfaces/share/control_interfaces/environment/path.dsv
[3.390s] -- Up-to-date: /home/orangepi/AUV_ROS2/install/control_interfaces/share/control_interfaces/local_setup.bash
[3.390s] -- Up-to-date: /home/orangepi/AUV_ROS2/install/control_interfaces/share/control_interfaces/local_setup.sh
[3.390s] -- Up-to-date: /home/orangepi/AUV_ROS2/install/control_interfaces/share/control_interfaces/local_setup.zsh
[3.390s] -- Up-to-date: /home/orangepi/AUV_ROS2/install/control_interfaces/share/control_interfaces/local_setup.dsv
[3.390s] -- Installing: /home/orangepi/AUV_ROS2/install/control_interfaces/share/control_interfaces/package.dsv
[3.390s] -- Up-to-date: /home/orangepi/AUV_ROS2/install/control_interfaces/share/ament_index/resource_index/packages/control_interfaces
[3.390s] -- Up-to-date: /home/orangepi/AUV_ROS2/install/control_interfaces/share/control_interfaces/cmake/export_control_interfaces__rosidl_generator_cExport.cmake
[3.390s] -- Up-to-date: /home/orangepi/AUV_ROS2/install/control_interfaces/share/control_interfaces/cmake/export_control_interfaces__rosidl_generator_cExport-noconfig.cmake
[3.390s] -- Up-to-date: /home/orangepi/AUV_ROS2/install/control_interfaces/share/control_interfaces/cmake/export_control_interfaces__rosidl_typesupport_fastrtps_cExport.cmake
[3.390s] -- Up-to-date: /home/orangepi/AUV_ROS2/install/control_interfaces/share/control_interfaces/cmake/export_control_interfaces__rosidl_typesupport_fastrtps_cExport-noconfig.cmake
[3.391s] -- Up-to-date: /home/orangepi/AUV_ROS2/install/control_interfaces/share/control_interfaces/cmake/control_interfaces__rosidl_typesupport_introspection_cExport.cmake
[3.391s] -- Up-to-date: /home/orangepi/AUV_ROS2/install/control_interfaces/share/control_interfaces/cmake/control_interfaces__rosidl_typesupport_introspection_cExport-noconfig.cmake
[3.391s] -- Up-to-date: /home/orangepi/AUV_ROS2/install/control_interfaces/share/control_interfaces/cmake/control_interfaces__rosidl_typesupport_cExport.cmake
[3.391s] -- Up-to-date: /home/orangepi/AUV_ROS2/install/control_interfaces/share/control_interfaces/cmake/control_interfaces__rosidl_typesupport_cExport-noconfig.cmake
[3.391s] -- Up-to-date: /home/orangepi/AUV_ROS2/install/control_interfaces/share/control_interfaces/cmake/export_control_interfaces__rosidl_generator_cppExport.cmake
[3.391s] -- Up-to-date: /home/orangepi/AUV_ROS2/install/control_interfaces/share/control_interfaces/cmake/export_control_interfaces__rosidl_typesupport_fastrtps_cppExport.cmake
[3.391s] -- Up-to-date: /home/orangepi/AUV_ROS2/install/control_interfaces/share/control_interfaces/cmake/export_control_interfaces__rosidl_typesupport_fastrtps_cppExport-noconfig.cmake
[3.391s] -- Up-to-date: /home/orangepi/AUV_ROS2/install/control_interfaces/share/control_interfaces/cmake/control_interfaces__rosidl_typesupport_introspection_cppExport.cmake
[3.391s] -- Up-to-date: /home/orangepi/AUV_ROS2/install/control_interfaces/share/control_interfaces/cmake/control_interfaces__rosidl_typesupport_introspection_cppExport-noconfig.cmake
[3.391s] -- Up-to-date: /home/orangepi/AUV_ROS2/install/control_interfaces/share/control_interfaces/cmake/control_interfaces__rosidl_typesupport_cppExport.cmake
[3.391s] -- Up-to-date: /home/orangepi/AUV_ROS2/install/control_interfaces/share/control_interfaces/cmake/control_interfaces__rosidl_typesupport_cppExport-noconfig.cmake
[3.391s] -- Up-to-date: /home/orangepi/AUV_ROS2/install/control_interfaces/share/control_interfaces/cmake/export_control_interfaces__rosidl_generator_pyExport.cmake
[3.391s] -- Up-to-date: /home/orangepi/AUV_ROS2/install/control_interfaces/share/control_interfaces/cmake/export_control_interfaces__rosidl_generator_pyExport-noconfig.cmake
[3.392s] -- Up-to-date: /home/orangepi/AUV_ROS2/install/control_interfaces/share/control_interfaces/cmake/rosidl_cmake-extras.cmake
[3.392s] -- Up-to-date: /home/orangepi/AUV_ROS2/install/control_interfaces/share/control_interfaces/cmake/ament_cmake_export_include_directories-extras.cmake
[3.392s] -- Up-to-date: /home/orangepi/AUV_ROS2/install/control_interfaces/share/control_interfaces/cmake/ament_cmake_export_libraries-extras.cmake
[3.392s] -- Up-to-date: /home/orangepi/AUV_ROS2/install/control_interfaces/share/control_interfaces/cmake/ament_cmake_export_targets-extras.cmake
[3.392s] -- Up-to-date: /home/orangepi/AUV_ROS2/install/control_interfaces/share/control_interfaces/cmake/rosidl_cmake_export_typesupport_targets-extras.cmake
[3.392s] -- Up-to-date: /home/orangepi/AUV_ROS2/install/control_interfaces/share/control_interfaces/cmake/ament_cmake_export_dependencies-extras.cmake
[3.392s] -- Up-to-date: /home/orangepi/AUV_ROS2/install/control_interfaces/share/control_interfaces/cmake/rosidl_cmake_export_typesupport_libraries-extras.cmake
[3.392s] -- Up-to-date: /home/orangepi/AUV_ROS2/install/control_interfaces/share/control_interfaces/cmake/control_interfacesConfig.cmake
[3.392s] -- Up-to-date: /home/orangepi/AUV_ROS2/install/control_interfaces/share/control_interfaces/cmake/control_interfacesConfig-version.cmake
[3.392s] -- Up-to-date: /home/orangepi/AUV_ROS2/install/control_interfaces/share/control_interfaces/package.xml
[3.393s] Invoked command in '/home/orangepi/AUV_ROS2/build/control_interfaces' returned '0': CMAKE_PREFIX_PATH=${CMAKE_PREFIX_PATH}:/home/orangepi/AUV_ROS2/install/task2_node:/home/orangepi/AUV_ROS2/install/task2_drum_detection:/home/orangepi/AUV_ROS2/install/task1_node:/home/orangepi/AUV_ROS2/install/task1_gate_detection:/home/orangepi/AUV_ROS2/install/task1_flare_detection:/home/orangepi/AUV_ROS2/install/status_node:/home/orangepi/AUV_ROS2/install/start_auv:/home/orangepi/AUV_ROS2/install/remote_node:/home/orangepi/AUV_ROS2/install/q_gate_detection:/home/orangepi/AUV_ROS2/install/master_node_simulation:/home/orangepi/AUV_ROS2/install/master_node:/home/orangepi/AUV_ROS2/install/facer_input:/home/orangepi/AUV_ROS2/install/control_node:/home/orangepi/AUV_ROS2/install/buoyancy_node:/home/orangepi/opencv_ws/install/task2_drum_detection:/home/orangepi/opencv_ws/install/task1_gate_detection:/home/orangepi/opencv_ws/install/task1_flare_detection:/home/orangepi/opencv_ws/install/q_gate_detection:/home/orangepi/opencv_ws/install/master_node_simulation:/home/orangepi/opencv_ws/install/facer_input:/opt/ros/humble /usr/bin/cmake --install /home/orangepi/AUV_ROS2/build/control_interfaces
