[3.935s] Invoking command in '/home/orangepi/AUV_ROS2/src/master_node': PYTHONPATH=/home/orangepi/AUV_ROS2/build/master_node/prefix_override:/home/orangepi/AUV_ROS2/install/master_node/lib/python3.10/site-packages:${PYTHONPATH} /usr/bin/python3 -W ignore:setup.py install is deprecated setup.py egg_info --egg-base ../../build/master_node build --build-base /home/orangepi/AUV_ROS2/build/master_node/build install --record /home/orangepi/AUV_ROS2/build/master_node/install.log --single-version-externally-managed install_data
[4.522s] running egg_info
[4.524s] writing ../../build/master_node/master_node.egg-info/PKG-INFO
[4.524s] writing dependency_links to ../../build/master_node/master_node.egg-info/dependency_links.txt
[4.524s] writing entry points to ../../build/master_node/master_node.egg-info/entry_points.txt
[4.524s] writing requirements to ../../build/master_node/master_node.egg-info/requires.txt
[4.524s] writing top-level names to ../../build/master_node/master_node.egg-info/top_level.txt
[4.528s] reading manifest file '../../build/master_node/master_node.egg-info/SOURCES.txt'
[4.529s] adding license file 'LICENSE'
[4.530s] writing manifest file '../../build/master_node/master_node.egg-info/SOURCES.txt'
[4.531s] running build
[4.532s] running build_py
[4.532s] running install
[4.533s] running install_lib
[4.536s] running install_data
[4.536s] running install_egg_info
[4.539s] removing '/home/orangepi/AUV_ROS2/install/master_node/lib/python3.10/site-packages/master_node-0.0.0-py3.10.egg-info' (and everything under it)
[4.539s] Copying ../../build/master_node/master_node.egg-info to /home/orangepi/AUV_ROS2/install/master_node/lib/python3.10/site-packages/master_node-0.0.0-py3.10.egg-info
[4.540s] running install_scripts
[4.577s] Installing master_node script to /home/orangepi/AUV_ROS2/install/master_node/lib/master_node
[4.578s] writing list of installed files to '/home/orangepi/AUV_ROS2/build/master_node/install.log'
[5.069s] Invoked command in '/home/orangepi/AUV_ROS2/src/master_node' returned '0': PYTHONPATH=/home/orangepi/AUV_ROS2/build/master_node/prefix_override:/home/orangepi/AUV_ROS2/install/master_node/lib/python3.10/site-packages:${PYTHONPATH} /usr/bin/python3 -W ignore:setup.py install is deprecated setup.py egg_info --egg-base ../../build/master_node build --build-base /home/orangepi/AUV_ROS2/build/master_node/build install --record /home/orangepi/AUV_ROS2/build/master_node/install.log --single-version-externally-managed install_data
