[3.312s] Invoking command in '/home/orangepi/AUV_ROS2/src/master_node': PYTHONPATH=/home/orangepi/AUV_ROS2/build/master_node/prefix_override:/home/orangepi/AUV_ROS2/install/master_node/lib/python3.10/site-packages:${PYTHONPATH} /usr/bin/python3 -W ignore:setup.py install is deprecated setup.py egg_info --egg-base ../../build/master_node build --build-base /home/orangepi/AUV_ROS2/build/master_node/build install --record /home/orangepi/AUV_ROS2/build/master_node/install.log --single-version-externally-managed install_data
[3.690s] running egg_info
[3.692s] writing ../../build/master_node/master_node.egg-info/PKG-INFO
[3.692s] writing dependency_links to ../../build/master_node/master_node.egg-info/dependency_links.txt
[3.693s] writing entry points to ../../build/master_node/master_node.egg-info/entry_points.txt
[3.693s] writing requirements to ../../build/master_node/master_node.egg-info/requires.txt
[3.694s] writing top-level names to ../../build/master_node/master_node.egg-info/top_level.txt
[3.696s] reading manifest file '../../build/master_node/master_node.egg-info/SOURCES.txt'
[3.697s] adding license file 'LICENSE'
[3.698s] writing manifest file '../../build/master_node/master_node.egg-info/SOURCES.txt'
[3.701s] running build
[3.702s] running build_py
[3.703s] copying master_node/master_node.py -> /home/orangepi/AUV_ROS2/build/master_node/build/lib/master_node
[3.703s] running install
[3.704s] running install_lib
[3.704s] copying /home/orangepi/AUV_ROS2/build/master_node/build/lib/master_node/master_node.py -> /home/orangepi/AUV_ROS2/install/master_node/lib/python3.10/site-packages/master_node
[3.705s] byte-compiling /home/orangepi/AUV_ROS2/install/master_node/lib/python3.10/site-packages/master_node/master_node.py to master_node.cpython-310.pyc
[3.705s] running install_data
[3.706s] running install_egg_info
[3.706s] removing '/home/orangepi/AUV_ROS2/install/master_node/lib/python3.10/site-packages/master_node-0.0.0-py3.10.egg-info' (and everything under it)
[3.707s] Copying ../../build/master_node/master_node.egg-info to /home/orangepi/AUV_ROS2/install/master_node/lib/python3.10/site-packages/master_node-0.0.0-py3.10.egg-info
[3.708s] running install_scripts
[3.743s] Installing master_node script to /home/orangepi/AUV_ROS2/install/master_node/lib/master_node
[3.744s] writing list of installed files to '/home/orangepi/AUV_ROS2/build/master_node/install.log'
[4.083s] Invoked command in '/home/orangepi/AUV_ROS2/src/master_node' returned '0': PYTHONPATH=/home/orangepi/AUV_ROS2/build/master_node/prefix_override:/home/orangepi/AUV_ROS2/install/master_node/lib/python3.10/site-packages:${PYTHONPATH} /usr/bin/python3 -W ignore:setup.py install is deprecated setup.py egg_info --egg-base ../../build/master_node build --build-base /home/orangepi/AUV_ROS2/build/master_node/build install --record /home/orangepi/AUV_ROS2/build/master_node/install.log --single-version-externally-managed install_data
