[5.854s] Invoking command in '/home/orangepi/AUV_ROS2/src/buoyancy_node': PYTHONPATH=/home/orangepi/AUV_ROS2/build/buoyancy_node/prefix_override:/home/orangepi/AUV_ROS2/install/buoyancy_node/lib/python3.10/site-packages:${PYTHONPATH} /usr/bin/python3 setup.py egg_info --egg-base ../../build/buoyancy_node build --build-base /home/orangepi/AUV_ROS2/build/buoyancy_node/build install --record /home/orangepi/AUV_ROS2/build/buoyancy_node/install.log --single-version-externally-managed
[6.312s] running egg_info
[6.312s] writing ../../build/buoyancy_node/buoyancy_node.egg-info/PKG-INFO
[6.313s] writing dependency_links to ../../build/buoyancy_node/buoyancy_node.egg-info/dependency_links.txt
[6.314s] writing entry points to ../../build/buoyancy_node/buoyancy_node.egg-info/entry_points.txt
[6.315s] writing requirements to ../../build/buoyancy_node/buoyancy_node.egg-info/requires.txt
[6.318s] writing top-level names to ../../build/buoyancy_node/buoyancy_node.egg-info/top_level.txt
[6.319s] package init file 'buoyancy_node/submodules/__init__.py' not found (or not a regular file)
[6.320s] reading manifest file '../../build/buoyancy_node/buoyancy_node.egg-info/SOURCES.txt'
[6.321s] /usr/lib/python3/dist-packages/setuptools/command/install.py:34: SetuptoolsDeprecationWarning: setup.py install is deprecated. Use build and pip and other standards-based tools.
[6.321s]   warnings.warn(
[6.321s] writing manifest file '../../build/buoyancy_node/buoyancy_node.egg-info/SOURCES.txt'
[6.322s] running build
[6.324s] running build_py
[6.325s] running install
[6.326s] running install_lib
[6.326s] running install_data
[6.326s] running install_egg_info
[6.326s] removing '/home/orangepi/AUV_ROS2/install/buoyancy_node/lib/python3.10/site-packages/buoyancy_node-0.0.0-py3.10.egg-info' (and everything under it)
[6.326s] Copying ../../build/buoyancy_node/buoyancy_node.egg-info to /home/orangepi/AUV_ROS2/install/buoyancy_node/lib/python3.10/site-packages/buoyancy_node-0.0.0-py3.10.egg-info
[6.331s] running install_scripts
[6.363s] Installing buoyancy_node script to /home/orangepi/AUV_ROS2/install/buoyancy_node/lib/buoyancy_node
[6.364s] writing list of installed files to '/home/orangepi/AUV_ROS2/build/buoyancy_node/install.log'
[6.461s] Invoked command in '/home/orangepi/AUV_ROS2/src/buoyancy_node' returned '0': PYTHONPATH=/home/orangepi/AUV_ROS2/build/buoyancy_node/prefix_override:/home/orangepi/AUV_ROS2/install/buoyancy_node/lib/python3.10/site-packages:${PYTHONPATH} /usr/bin/python3 setup.py egg_info --egg-base ../../build/buoyancy_node build --build-base /home/orangepi/AUV_ROS2/build/buoyancy_node/build install --record /home/orangepi/AUV_ROS2/build/buoyancy_node/install.log --single-version-externally-managed
