[5.772s] Invoking command in '/home/orangepi/AUV_ROS2/src/control_node': PYTHONPATH=/home/orangepi/AUV_ROS2/build/control_node/prefix_override:/home/orangepi/AUV_ROS2/install/control_node/lib/python3.10/site-packages:${PYTHONPATH} /usr/bin/python3 setup.py egg_info --egg-base ../../build/control_node build --build-base /home/orangepi/AUV_ROS2/build/control_node/build install --record /home/orangepi/AUV_ROS2/build/control_node/install.log --single-version-externally-managed
[6.253s] running egg_info
[6.256s] writing ../../build/control_node/control_node.egg-info/PKG-INFO
[6.261s] writing dependency_links to ../../build/control_node/control_node.egg-info/dependency_links.txt
[6.263s] writing entry points to ../../build/control_node/control_node.egg-info/entry_points.txt
[6.264s] writing requirements to ../../build/control_node/control_node.egg-info/requires.txt
[6.264s] writing top-level names to ../../build/control_node/control_node.egg-info/top_level.txt
[6.265s] package init file 'control_node/submodules/__init__.py' not found (or not a regular file)
[6.265s] reading manifest file '../../build/control_node/control_node.egg-info/SOURCES.txt'
[6.266s] adding license file 'LICENSE'
[6.277s] writing manifest file '../../build/control_node/control_node.egg-info/SOURCES.txt'
[6.279s] running build
[6.286s] running build_py
[6.288s] copying control_node/control_node.py -> /home/orangepi/AUV_ROS2/build/control_node/build/lib/control_node
[6.290s] running install
[6.291s] /usr/lib/python3/dist-packages/setuptools/command/install.py:34: SetuptoolsDeprecationWarning: setup.py install is deprecated. Use build and pip and other standards-based tools.
[6.293s]   warnings.warn(
[6.294s] running install_lib
[6.295s] copying /home/orangepi/AUV_ROS2/build/control_node/build/lib/control_node/control_node.py -> /home/orangepi/AUV_ROS2/install/control_node/lib/python3.10/site-packages/control_node
[6.296s] byte-compiling /home/orangepi/AUV_ROS2/install/control_node/lib/python3.10/site-packages/control_node/control_node.py to control_node.cpython-310.pyc
[6.297s] running install_data
[6.298s] running install_egg_info
[6.299s] removing '/home/orangepi/AUV_ROS2/install/control_node/lib/python3.10/site-packages/control_node-0.0.0-py3.10.egg-info' (and everything under it)
[6.300s] Copying ../../build/control_node/control_node.egg-info to /home/orangepi/AUV_ROS2/install/control_node/lib/python3.10/site-packages/control_node-0.0.0-py3.10.egg-info
[6.301s] running install_scripts
[6.319s] Installing control_node script to /home/orangepi/AUV_ROS2/install/control_node/lib/control_node
[6.320s] writing list of installed files to '/home/orangepi/AUV_ROS2/build/control_node/install.log'
[6.471s] Invoked command in '/home/orangepi/AUV_ROS2/src/control_node' returned '0': PYTHONPATH=/home/orangepi/AUV_ROS2/build/control_node/prefix_override:/home/orangepi/AUV_ROS2/install/control_node/lib/python3.10/site-packages:${PYTHONPATH} /usr/bin/python3 setup.py egg_info --egg-base ../../build/control_node build --build-base /home/orangepi/AUV_ROS2/build/control_node/build install --record /home/orangepi/AUV_ROS2/build/control_node/install.log --single-version-externally-managed
