[4.738s] Invoking command in '/home/orangepi/AUV_ROS2/src/task2_node': PYTHONPATH=/home/orangepi/AUV_ROS2/build/task2_node/prefix_override:/home/orangepi/AUV_ROS2/install/task2_node/lib/python3.10/site-packages:${PYTHONPATH} /usr/bin/python3 setup.py egg_info --egg-base ../../build/task2_node build --build-base /home/orangepi/AUV_ROS2/build/task2_node/build install --record /home/orangepi/AUV_ROS2/build/task2_node/install.log --single-version-externally-managed
[5.102s] running egg_info
[5.103s] writing ../../build/task2_node/task2_node.egg-info/PKG-INFO
[5.104s] writing dependency_links to ../../build/task2_node/task2_node.egg-info/dependency_links.txt
[5.104s] writing entry points to ../../build/task2_node/task2_node.egg-info/entry_points.txt
[5.105s] writing requirements to ../../build/task2_node/task2_node.egg-info/requires.txt
[5.105s] writing top-level names to ../../build/task2_node/task2_node.egg-info/top_level.txt
[5.107s] reading manifest file '../../build/task2_node/task2_node.egg-info/SOURCES.txt'
[5.108s] adding license file 'LICENSE'
[5.109s] writing manifest file '../../build/task2_node/task2_node.egg-info/SOURCES.txt'
[5.109s] running build
[5.110s] running build_py
[5.110s] running install
[5.111s] /usr/lib/python3/dist-packages/setuptools/command/install.py:34: SetuptoolsDeprecationWarning: setup.py install is deprecated. Use build and pip and other standards-based tools.
[5.111s]   warnings.warn(
[5.112s] running install_lib
[5.112s] running install_data
[5.113s] running install_egg_info
[5.116s] removing '/home/orangepi/AUV_ROS2/install/task2_node/lib/python3.10/site-packages/task2_node-0.0.0-py3.10.egg-info' (and everything under it)
[5.117s] Copying ../../build/task2_node/task2_node.egg-info to /home/orangepi/AUV_ROS2/install/task2_node/lib/python3.10/site-packages/task2_node-0.0.0-py3.10.egg-info
[5.118s] running install_scripts
[5.153s] Installing task2_node script to /home/orangepi/AUV_ROS2/install/task2_node/lib/task2_node
[5.154s] writing list of installed files to '/home/orangepi/AUV_ROS2/build/task2_node/install.log'
[5.232s] Invoked command in '/home/orangepi/AUV_ROS2/src/task2_node' returned '0': PYTHONPATH=/home/orangepi/AUV_ROS2/build/task2_node/prefix_override:/home/orangepi/AUV_ROS2/install/task2_node/lib/python3.10/site-packages:${PYTHONPATH} /usr/bin/python3 setup.py egg_info --egg-base ../../build/task2_node build --build-base /home/orangepi/AUV_ROS2/build/task2_node/build install --record /home/orangepi/AUV_ROS2/build/task2_node/install.log --single-version-externally-managed
