[4.294s] Invoking command in '/home/orangepi/AUV_ROS2/src/control_node': PYTHONPATH=/home/orangepi/AUV_ROS2/build/control_node/prefix_override:/home/orangepi/AUV_ROS2/install/control_node/lib/python3.10/site-packages:${PYTHONPATH} /usr/bin/python3 setup.py egg_info --egg-base ../../build/control_node build --build-base /home/orangepi/AUV_ROS2/build/control_node/build install --record /home/orangepi/AUV_ROS2/build/control_node/install.log --single-version-externally-managed
[4.662s] running egg_info
[4.663s] writing ../../build/control_node/control_node.egg-info/PKG-INFO
[4.664s] writing dependency_links to ../../build/control_node/control_node.egg-info/dependency_links.txt
[4.664s] writing entry points to ../../build/control_node/control_node.egg-info/entry_points.txt
[4.665s] writing requirements to ../../build/control_node/control_node.egg-info/requires.txt
[4.665s] writing top-level names to ../../build/control_node/control_node.egg-info/top_level.txt
[4.669s] reading manifest file '../../build/control_node/control_node.egg-info/SOURCES.txt'
[4.670s] package init file 'control_node/submodules/__init__.py' not found (or not a regular file)
[4.671s] adding license file 'LICENSE'
[4.671s] writing manifest file '../../build/control_node/control_node.egg-info/SOURCES.txt'
[4.672s] running build
[4.673s] running build_py
[4.674s] running install
[4.675s] /usr/lib/python3/dist-packages/setuptools/command/install.py:34: SetuptoolsDeprecationWarning: setup.py install is deprecated. Use build and pip and other standards-based tools.
[4.675s]   warnings.warn(
[4.676s] running install_lib
[4.686s] running install_data
[4.688s] running install_egg_info
[4.691s] removing '/home/orangepi/AUV_ROS2/install/control_node/lib/python3.10/site-packages/control_node-0.0.0-py3.10.egg-info' (and everything under it)
[4.708s] Copying ../../build/control_node/control_node.egg-info to /home/orangepi/AUV_ROS2/install/control_node/lib/python3.10/site-packages/control_node-0.0.0-py3.10.egg-info
[4.712s] running install_scripts
[4.791s] Installing control_node script to /home/orangepi/AUV_ROS2/install/control_node/lib/control_node
[4.792s] writing list of installed files to '/home/orangepi/AUV_ROS2/build/control_node/install.log'
[5.152s] Invoked command in '/home/orangepi/AUV_ROS2/src/control_node' returned '0': PYTHONPATH=/home/orangepi/AUV_ROS2/build/control_node/prefix_override:/home/orangepi/AUV_ROS2/install/control_node/lib/python3.10/site-packages:${PYTHONPATH} /usr/bin/python3 setup.py egg_info --egg-base ../../build/control_node build --build-base /home/orangepi/AUV_ROS2/build/control_node/build install --record /home/orangepi/AUV_ROS2/build/control_node/install.log --single-version-externally-managed
