running egg_info
creating ../../build/remote_node/remote_node.egg-info
writing ../../build/remote_node/remote_node.egg-info/PKG-INFO
writing dependency_links to ../../build/remote_node/remote_node.egg-info/dependency_links.txt
writing entry points to ../../build/remote_node/remote_node.egg-info/entry_points.txt
writing requirements to ../../build/remote_node/remote_node.egg-info/requires.txt
writing top-level names to ../../build/remote_node/remote_node.egg-info/top_level.txt
writing manifest file '../../build/remote_node/remote_node.egg-info/SOURCES.txt'
reading manifest file '../../build/remote_node/remote_node.egg-info/SOURCES.txt'
writing manifest file '../../build/remote_node/remote_node.egg-info/SOURCES.txt'
running build
running build_py
creating /home/orangepi/AUV_ROS2/build/remote_node/build
creating /home/orangepi/AUV_ROS2/build/remote_node/build/lib
creating /home/orangepi/AUV_ROS2/build/remote_node/build/lib/remote_node
copying remote_node/__init__.py -> /home/orangepi/AUV_ROS2/build/remote_node/build/lib/remote_node
running install
running install_lib
creating /home/orangepi/AUV_ROS2/install/remote_node/lib/python3.10/site-packages/remote_node
copying /home/orangepi/AUV_ROS2/build/remote_node/build/lib/remote_node/__init__.py -> /home/orangepi/AUV_ROS2/install/remote_node/lib/python3.10/site-packages/remote_node
byte-compiling /home/orangepi/AUV_ROS2/install/remote_node/lib/python3.10/site-packages/remote_node/__init__.py to __init__.cpython-310.pyc
running install_data
creating /home/orangepi/AUV_ROS2/install/remote_node/share/ament_index
creating /home/orangepi/AUV_ROS2/install/remote_node/share/ament_index/resource_index
creating /home/orangepi/AUV_ROS2/install/remote_node/share/ament_index/resource_index/packages
copying resource/remote_node -> /home/orangepi/AUV_ROS2/install/remote_node/share/ament_index/resource_index/packages
copying package.xml -> /home/orangepi/AUV_ROS2/install/remote_node/share/remote_node
running install_egg_info
Copying ../../build/remote_node/remote_node.egg-info to /home/orangepi/AUV_ROS2/install/remote_node/lib/python3.10/site-packages/remote_node-0.0.0-py3.10.egg-info
running install_scripts
writing list of installed files to '/home/orangepi/AUV_ROS2/build/remote_node/install.log'
