[5.272s] Invoking command in '/home/orangepi/AUV_ROS2/src/control_node': PYTHONPATH=/home/orangepi/AUV_ROS2/build/control_node/prefix_override:/home/orangepi/AUV_ROS2/install/control_node/lib/python3.10/site-packages:${PYTHONPATH} /usr/bin/python3 setup.py egg_info --egg-base ../../build/control_node build --build-base /home/orangepi/AUV_ROS2/build/control_node/build install --record /home/orangepi/AUV_ROS2/build/control_node/install.log --single-version-externally-managed
[5.666s] running egg_info
[5.668s] writing ../../build/control_node/control_node.egg-info/PKG-INFO
[5.669s] writing dependency_links to ../../build/control_node/control_node.egg-info/dependency_links.txt
[5.670s] writing entry points to ../../build/control_node/control_node.egg-info/entry_points.txt
[5.670s] writing requirements to ../../build/control_node/control_node.egg-info/requires.txt
[5.671s] writing top-level names to ../../build/control_node/control_node.egg-info/top_level.txt
[5.672s] package init file 'control_node/submodules/__init__.py' not found (or not a regular file)
[5.672s] reading manifest file '../../build/control_node/control_node.egg-info/SOURCES.txt'
[5.673s] adding license file 'LICENSE'
[5.675s] writing manifest file '../../build/control_node/control_node.egg-info/SOURCES.txt'
[5.676s] running build
[5.676s] running build_py
[5.676s] running install
[5.677s] /usr/lib/python3/dist-packages/setuptools/command/install.py:34: SetuptoolsDeprecationWarning: setup.py install is deprecated. Use build and pip and other standards-based tools.
[5.679s]   warnings.warn(
[5.679s] running install_lib
[5.684s] running install_data
[5.684s] running install_egg_info
[5.710s] removing '/home/orangepi/AUV_ROS2/install/control_node/lib/python3.10/site-packages/control_node-0.0.0-py3.10.egg-info' (and everything under it)
[5.719s] Copying ../../build/control_node/control_node.egg-info to /home/orangepi/AUV_ROS2/install/control_node/lib/python3.10/site-packages/control_node-0.0.0-py3.10.egg-info
[5.719s] running install_scripts
[5.729s] Installing control_node script to /home/orangepi/AUV_ROS2/install/control_node/lib/control_node
[5.729s] writing list of installed files to '/home/orangepi/AUV_ROS2/build/control_node/install.log'
[5.844s] Invoked command in '/home/orangepi/AUV_ROS2/src/control_node' returned '0': PYTHONPATH=/home/orangepi/AUV_ROS2/build/control_node/prefix_override:/home/orangepi/AUV_ROS2/install/control_node/lib/python3.10/site-packages:${PYTHONPATH} /usr/bin/python3 setup.py egg_info --egg-base ../../build/control_node build --build-base /home/orangepi/AUV_ROS2/build/control_node/build install --record /home/orangepi/AUV_ROS2/build/control_node/install.log --single-version-externally-managed
