[5.429s] Invoking command in '/home/orangepi/AUV_ROS2/src/buoyancy_node': PYTHONPATH=/home/orangepi/AUV_ROS2/build/buoyancy_node/prefix_override:/home/orangepi/AUV_ROS2/install/buoyancy_node/lib/python3.10/site-packages:${PYTHONPATH} /usr/bin/python3 setup.py egg_info --egg-base ../../build/buoyancy_node build --build-base /home/orangepi/AUV_ROS2/build/buoyancy_node/build install --record /home/orangepi/AUV_ROS2/build/buoyancy_node/install.log --single-version-externally-managed
[6.126s] running egg_info
[6.127s] writing ../../build/buoyancy_node/buoyancy_node.egg-info/PKG-INFO
[6.129s] writing dependency_links to ../../build/buoyancy_node/buoyancy_node.egg-info/dependency_links.txt
[6.130s] writing entry points to ../../build/buoyancy_node/buoyancy_node.egg-info/entry_points.txt
[6.132s] writing requirements to ../../build/buoyancy_node/buoyancy_node.egg-info/requires.txt
[6.134s] writing top-level names to ../../build/buoyancy_node/buoyancy_node.egg-info/top_level.txt
[6.135s] package init file 'buoyancy_node/submodules/__init__.py' not found (or not a regular file)
[6.136s] reading manifest file '../../build/buoyancy_node/buoyancy_node.egg-info/SOURCES.txt'
[6.137s] writing manifest file '../../build/buoyancy_node/buoyancy_node.egg-info/SOURCES.txt'
[6.139s] running build
[6.149s] running build_py
[6.150s] copying buoyancy_node/buoyancy_node.py -> /home/orangepi/AUV_ROS2/build/buoyancy_node/build/lib/buoyancy_node
[6.152s] running install
[6.153s] /usr/lib/python3/dist-packages/setuptools/command/install.py:34: SetuptoolsDeprecationWarning: setup.py install is deprecated. Use build and pip and other standards-based tools.
[6.154s]   warnings.warn(
[6.155s] running install_lib
[6.156s] copying /home/orangepi/AUV_ROS2/build/buoyancy_node/build/lib/buoyancy_node/buoyancy_node.py -> /home/orangepi/AUV_ROS2/install/buoyancy_node/lib/python3.10/site-packages/buoyancy_node
[6.157s] byte-compiling /home/orangepi/AUV_ROS2/install/buoyancy_node/lib/python3.10/site-packages/buoyancy_node/buoyancy_node.py to buoyancy_node.cpython-310.pyc
[6.170s] running install_data
[6.186s] running install_egg_info
[6.186s] removing '/home/orangepi/AUV_ROS2/install/buoyancy_node/lib/python3.10/site-packages/buoyancy_node-0.0.0-py3.10.egg-info' (and everything under it)
[6.186s] Copying ../../build/buoyancy_node/buoyancy_node.egg-info to /home/orangepi/AUV_ROS2/install/buoyancy_node/lib/python3.10/site-packages/buoyancy_node-0.0.0-py3.10.egg-info
[6.187s] running install_scripts
[6.187s] Installing buoyancy_node script to /home/orangepi/AUV_ROS2/install/buoyancy_node/lib/buoyancy_node
[6.188s] writing list of installed files to '/home/orangepi/AUV_ROS2/build/buoyancy_node/install.log'
[6.442s] Invoked command in '/home/orangepi/AUV_ROS2/src/buoyancy_node' returned '0': PYTHONPATH=/home/orangepi/AUV_ROS2/build/buoyancy_node/prefix_override:/home/orangepi/AUV_ROS2/install/buoyancy_node/lib/python3.10/site-packages:${PYTHONPATH} /usr/bin/python3 setup.py egg_info --egg-base ../../build/buoyancy_node build --build-base /home/orangepi/AUV_ROS2/build/buoyancy_node/build install --record /home/orangepi/AUV_ROS2/build/buoyancy_node/install.log --single-version-externally-managed
