running egg_info
creating ../../build/status_node/status_node.egg-info
writing ../../build/status_node/status_node.egg-info/PKG-INFO
writing dependency_links to ../../build/status_node/status_node.egg-info/dependency_links.txt
writing entry points to ../../build/status_node/status_node.egg-info/entry_points.txt
writing requirements to ../../build/status_node/status_node.egg-info/requires.txt
writing top-level names to ../../build/status_node/status_node.egg-info/top_level.txt
writing manifest file '../../build/status_node/status_node.egg-info/SOURCES.txt'
reading manifest file '../../build/status_node/status_node.egg-info/SOURCES.txt'
writing manifest file '../../build/status_node/status_node.egg-info/SOURCES.txt'
running build
running build_py
creating /home/orangepi/AUV_ROS2/build/status_node/build
creating /home/orangepi/AUV_ROS2/build/status_node/build/lib
creating /home/orangepi/AUV_ROS2/build/status_node/build/lib/status_node
copying status_node/__init__.py -> /home/orangepi/AUV_ROS2/build/status_node/build/lib/status_node
copying status_node/status_node.py -> /home/orangepi/AUV_ROS2/build/status_node/build/lib/status_node
running install
running install_lib
/usr/lib/python3/dist-packages/setuptools/command/install.py:34: SetuptoolsDeprecationWarning: setup.py install is deprecated. Use build and pip and other standards-based tools.
  warnings.warn(
creating /home/orangepi/AUV_ROS2/install/status_node/lib/python3.10/site-packages/status_node
copying /home/orangepi/AUV_ROS2/build/status_node/build/lib/status_node/__init__.py -> /home/orangepi/AUV_ROS2/install/status_node/lib/python3.10/site-packages/status_node
copying /home/orangepi/AUV_ROS2/build/status_node/build/lib/status_node/status_node.py -> /home/orangepi/AUV_ROS2/install/status_node/lib/python3.10/site-packages/status_node
byte-compiling /home/orangepi/AUV_ROS2/install/status_node/lib/python3.10/site-packages/status_node/__init__.py to __init__.cpython-310.pyc
byte-compiling /home/orangepi/AUV_ROS2/install/status_node/lib/python3.10/site-packages/status_node/status_node.py to status_node.cpython-310.pyc
running install_data
creating /home/orangepi/AUV_ROS2/install/status_node/share/ament_index
creating /home/orangepi/AUV_ROS2/install/status_node/share/ament_index/resource_index
creating /home/orangepi/AUV_ROS2/install/status_node/share/ament_index/resource_index/packages
copying resource/status_node -> /home/orangepi/AUV_ROS2/install/status_node/share/ament_index/resource_index/packages
copying package.xml -> /home/orangepi/AUV_ROS2/install/status_node/share/status_node
running install_egg_info
Copying ../../build/status_node/status_node.egg-info to /home/orangepi/AUV_ROS2/install/status_node/lib/python3.10/site-packages/status_node-0.0.0-py3.10.egg-info
running install_scripts
Installing status_node script to /home/orangepi/AUV_ROS2/install/status_node/lib/status_node
writing list of installed files to '/home/orangepi/AUV_ROS2/build/status_node/install.log'
