[4.451s] Invoking command in '/home/orangepi/AUV_ROS2/src/facer_input': PYTHONPATH=/home/orangepi/AUV_ROS2/build/facer_input/prefix_override:/home/orangepi/AUV_ROS2/install/facer_input/lib/python3.10/site-packages:${PYTHONPATH} /usr/bin/python3 setup.py egg_info --egg-base ../../build/facer_input build --build-base /home/orangepi/AUV_ROS2/build/facer_input/build install --record /home/orangepi/AUV_ROS2/build/facer_input/install.log --single-version-externally-managed
[4.816s] running egg_info
[4.817s] writing ../../build/facer_input/facer_input.egg-info/PKG-INFO
[4.819s] writing dependency_links to ../../build/facer_input/facer_input.egg-info/dependency_links.txt
[4.820s] writing entry points to ../../build/facer_input/facer_input.egg-info/entry_points.txt
[4.820s] writing requirements to ../../build/facer_input/facer_input.egg-info/requires.txt
[4.821s] writing top-level names to ../../build/facer_input/facer_input.egg-info/top_level.txt
[4.821s] reading manifest file '../../build/facer_input/facer_input.egg-info/SOURCES.txt'
[4.822s] writing manifest file '../../build/facer_input/facer_input.egg-info/SOURCES.txt'
[4.823s] running build
[4.824s] running build_py
[4.826s] running install
[4.828s] /usr/lib/python3/dist-packages/setuptools/command/install.py:34: SetuptoolsDeprecationWarning: setup.py install is deprecated. Use build and pip and other standards-based tools.
[4.829s]   warnings.warn(
[4.829s] running install_lib
[4.830s] running install_data
[4.831s] running install_egg_info
[4.831s] removing '/home/orangepi/AUV_ROS2/install/facer_input/lib/python3.10/site-packages/facer_input-0.0.0-py3.10.egg-info' (and everything under it)
[4.832s] Copying ../../build/facer_input/facer_input.egg-info to /home/orangepi/AUV_ROS2/install/facer_input/lib/python3.10/site-packages/facer_input-0.0.0-py3.10.egg-info
[4.832s] running install_scripts
[4.871s] Installing capture_image script to /home/orangepi/AUV_ROS2/install/facer_input/lib/facer_input
[4.871s] writing list of installed files to '/home/orangepi/AUV_ROS2/build/facer_input/install.log'
[4.952s] Invoked command in '/home/orangepi/AUV_ROS2/src/facer_input' returned '0': PYTHONPATH=/home/orangepi/AUV_ROS2/build/facer_input/prefix_override:/home/orangepi/AUV_ROS2/install/facer_input/lib/python3.10/site-packages:${PYTHONPATH} /usr/bin/python3 setup.py egg_info --egg-base ../../build/facer_input build --build-base /home/orangepi/AUV_ROS2/build/facer_input/build install --record /home/orangepi/AUV_ROS2/build/facer_input/install.log --single-version-externally-managed
