[5.768s] Invoking command in '/home/orangepi/AUV_ROS2/src/control_node': PYTHONPATH=/home/orangepi/AUV_ROS2/build/control_node/prefix_override:/home/orangepi/AUV_ROS2/install/control_node/lib/python3.10/site-packages:${PYTHONPATH} /usr/bin/python3 setup.py egg_info --egg-base ../../build/control_node build --build-base /home/orangepi/AUV_ROS2/build/control_node/build install --record /home/orangepi/AUV_ROS2/build/control_node/install.log --single-version-externally-managed
[6.188s] running egg_info
[6.188s] writing ../../build/control_node/control_node.egg-info/PKG-INFO
[6.189s] writing dependency_links to ../../build/control_node/control_node.egg-info/dependency_links.txt
[6.189s] writing entry points to ../../build/control_node/control_node.egg-info/entry_points.txt
[6.190s] writing requirements to ../../build/control_node/control_node.egg-info/requires.txt
[6.190s] writing top-level names to ../../build/control_node/control_node.egg-info/top_level.txt
[6.191s] package init file 'control_node/submodules/__init__.py' not found (or not a regular file)
[6.191s] reading manifest file '../../build/control_node/control_node.egg-info/SOURCES.txt'
[6.191s] adding license file 'LICENSE'
[6.193s] writing manifest file '../../build/control_node/control_node.egg-info/SOURCES.txt'
[6.193s] running build
[6.194s] running build_py
[6.194s] copying control_node/control_node.py -> /home/orangepi/AUV_ROS2/build/control_node/build/lib/control_node
[6.195s] running install
[6.195s] /usr/lib/python3/dist-packages/setuptools/command/install.py:34: SetuptoolsDeprecationWarning: setup.py install is deprecated. Use build and pip and other standards-based tools.
[6.196s]   warnings.warn(
[6.196s] running install_lib
[6.197s] copying /home/orangepi/AUV_ROS2/build/control_node/build/lib/control_node/control_node.py -> /home/orangepi/AUV_ROS2/install/control_node/lib/python3.10/site-packages/control_node
[6.197s] byte-compiling /home/orangepi/AUV_ROS2/install/control_node/lib/python3.10/site-packages/control_node/control_node.py to control_node.cpython-310.pyc
[6.199s] running install_data
[6.200s] running install_egg_info
[6.203s] removing '/home/orangepi/AUV_ROS2/install/control_node/lib/python3.10/site-packages/control_node-0.0.0-py3.10.egg-info' (and everything under it)
[6.204s] Copying ../../build/control_node/control_node.egg-info to /home/orangepi/AUV_ROS2/install/control_node/lib/python3.10/site-packages/control_node-0.0.0-py3.10.egg-info
[6.205s] running install_scripts
[6.244s] Installing control_node script to /home/orangepi/AUV_ROS2/install/control_node/lib/control_node
[6.245s] writing list of installed files to '/home/orangepi/AUV_ROS2/build/control_node/install.log'
[7.495s] Invoked command in '/home/orangepi/AUV_ROS2/src/control_node' returned '0': PYTHONPATH=/home/orangepi/AUV_ROS2/build/control_node/prefix_override:/home/orangepi/AUV_ROS2/install/control_node/lib/python3.10/site-packages:${PYTHONPATH} /usr/bin/python3 setup.py egg_info --egg-base ../../build/control_node build --build-base /home/orangepi/AUV_ROS2/build/control_node/build install --record /home/orangepi/AUV_ROS2/build/control_node/install.log --single-version-externally-managed
