[3.354s] Invoking command in '/home/orangepi/AUV_ROS2/src/task1_gate_detection': PYTHONPATH=/home/orangepi/AUV_ROS2/build/task1_gate_detection/prefix_override:/home/orangepi/AUV_ROS2/install/task1_gate_detection/lib/python3.10/site-packages:${PYTHONPATH} /usr/bin/python3 setup.py egg_info --egg-base ../../build/task1_gate_detection build --build-base /home/orangepi/AUV_ROS2/build/task1_gate_detection/build install --record /home/orangepi/AUV_ROS2/build/task1_gate_detection/install.log --single-version-externally-managed
[3.742s] running egg_info
[3.745s] writing ../../build/task1_gate_detection/task1_gate_detection.egg-info/PKG-INFO
[3.748s] writing dependency_links to ../../build/task1_gate_detection/task1_gate_detection.egg-info/dependency_links.txt
[3.748s] writing entry points to ../../build/task1_gate_detection/task1_gate_detection.egg-info/entry_points.txt
[3.748s] writing requirements to ../../build/task1_gate_detection/task1_gate_detection.egg-info/requires.txt
[3.748s] writing top-level names to ../../build/task1_gate_detection/task1_gate_detection.egg-info/top_level.txt
[3.748s] reading manifest file '../../build/task1_gate_detection/task1_gate_detection.egg-info/SOURCES.txt'
[3.751s] writing manifest file '../../build/task1_gate_detection/task1_gate_detection.egg-info/SOURCES.txt'
[3.753s] running build
[3.754s] running build_py
[3.756s] running install
[3.758s] /usr/lib/python3/dist-packages/setuptools/command/install.py:34: SetuptoolsDeprecationWarning: setup.py install is deprecated. Use build and pip and other standards-based tools.
[3.759s]   warnings.warn(
[3.760s] running install_lib
[3.761s] running install_data
[3.763s] running install_egg_info
[3.764s] removing '/home/orangepi/AUV_ROS2/install/task1_gate_detection/lib/python3.10/site-packages/task1_gate_detection-0.0.0-py3.10.egg-info' (and everything under it)
[3.767s] Copying ../../build/task1_gate_detection/task1_gate_detection.egg-info to /home/orangepi/AUV_ROS2/install/task1_gate_detection/lib/python3.10/site-packages/task1_gate_detection-0.0.0-py3.10.egg-info
[3.768s] running install_scripts
[3.797s] Installing identify_image script to /home/orangepi/AUV_ROS2/install/task1_gate_detection/lib/task1_gate_detection
[3.798s] writing list of installed files to '/home/orangepi/AUV_ROS2/build/task1_gate_detection/install.log'
[3.940s] Invoked command in '/home/orangepi/AUV_ROS2/src/task1_gate_detection' returned '0': PYTHONPATH=/home/orangepi/AUV_ROS2/build/task1_gate_detection/prefix_override:/home/orangepi/AUV_ROS2/install/task1_gate_detection/lib/python3.10/site-packages:${PYTHONPATH} /usr/bin/python3 setup.py egg_info --egg-base ../../build/task1_gate_detection build --build-base /home/orangepi/AUV_ROS2/build/task1_gate_detection/build install --record /home/orangepi/AUV_ROS2/build/task1_gate_detection/install.log --single-version-externally-managed
