[7.396s] Invoking command in '/home/orangepi/AUV_ROS2/src/master_node': PYTHONPATH=/home/orangepi/AUV_ROS2/build/master_node/prefix_override:/home/orangepi/AUV_ROS2/install/master_node/lib/python3.10/site-packages:${PYTHONPATH} /usr/bin/python3 setup.py egg_info --egg-base ../../build/master_node build --build-base /home/orangepi/AUV_ROS2/build/master_node/build install --record /home/orangepi/AUV_ROS2/build/master_node/install.log --single-version-externally-managed
[8.355s] running egg_info
[8.357s] writing ../../build/master_node/master_node.egg-info/PKG-INFO
[8.357s] writing dependency_links to ../../build/master_node/master_node.egg-info/dependency_links.txt
[8.358s] writing entry points to ../../build/master_node/master_node.egg-info/entry_points.txt
[8.361s] writing requirements to ../../build/master_node/master_node.egg-info/requires.txt
[8.363s] writing top-level names to ../../build/master_node/master_node.egg-info/top_level.txt
[8.364s] reading manifest file '../../build/master_node/master_node.egg-info/SOURCES.txt'
[8.370s] adding license file 'LICENSE'
[8.370s] writing manifest file '../../build/master_node/master_node.egg-info/SOURCES.txt'
[8.373s] running build
[8.373s] running build_py
[8.374s] /usr/lib/python3/dist-packages/setuptools/command/install.py:34: SetuptoolsDeprecationWarning: setup.py install is deprecated. Use build and pip and other standards-based tools.
[8.374s]   warnings.warn(
[8.375s] copying master_node/master_node.py -> /home/orangepi/AUV_ROS2/build/master_node/build/lib/master_node
[8.376s] running install
[8.376s] running install_lib
[8.376s] copying /home/orangepi/AUV_ROS2/build/master_node/build/lib/master_node/master_node.py -> /home/orangepi/AUV_ROS2/install/master_node/lib/python3.10/site-packages/master_node
[8.377s] byte-compiling /home/orangepi/AUV_ROS2/install/master_node/lib/python3.10/site-packages/master_node/master_node.py to master_node.cpython-310.pyc
[8.377s] running install_data
[8.378s] running install_egg_info
[8.378s] removing '/home/orangepi/AUV_ROS2/install/master_node/lib/python3.10/site-packages/master_node-0.0.0-py3.10.egg-info' (and everything under it)
[8.379s] Copying ../../build/master_node/master_node.egg-info to /home/orangepi/AUV_ROS2/install/master_node/lib/python3.10/site-packages/master_node-0.0.0-py3.10.egg-info
[8.380s] running install_scripts
[8.412s] Installing master_node script to /home/orangepi/AUV_ROS2/install/master_node/lib/master_node
[8.415s] writing list of installed files to '/home/orangepi/AUV_ROS2/build/master_node/install.log'
[10.100s] Invoked command in '/home/orangepi/AUV_ROS2/src/master_node' returned '0': PYTHONPATH=/home/orangepi/AUV_ROS2/build/master_node/prefix_override:/home/orangepi/AUV_ROS2/install/master_node/lib/python3.10/site-packages:${PYTHONPATH} /usr/bin/python3 setup.py egg_info --egg-base ../../build/master_node build --build-base /home/orangepi/AUV_ROS2/build/master_node/build install --record /home/orangepi/AUV_ROS2/build/master_node/install.log --single-version-externally-managed
