/home/orangepi/AUV_ROS2/install/master_node/lib/python3.10/site-packages/master_node/master_node_old.py
/home/orangepi/AUV_ROS2/install/master_node/lib/python3.10/site-packages/master_node/__init__.py
/home/orangepi/AUV_ROS2/install/master_node/lib/python3.10/site-packages/master_node/master_node_duplicated.py
/home/orangepi/AUV_ROS2/install/master_node/lib/python3.10/site-packages/master_node/master_node.py
/home/orangepi/AUV_ROS2/install/master_node/lib/python3.10/site-packages/master_node/master_node_ok_backup.py
/home/orangepi/AUV_ROS2/install/master_node/lib/python3.10/site-packages/master_node/__pycache__/master_node_old.cpython-310.pyc
/home/orangepi/AUV_ROS2/install/master_node/lib/python3.10/site-packages/master_node/__pycache__/__init__.cpython-310.pyc
/home/orangepi/AUV_ROS2/install/master_node/lib/python3.10/site-packages/master_node/__pycache__/master_node_duplicated.cpython-310.pyc
/home/orangepi/AUV_ROS2/install/master_node/lib/python3.10/site-packages/master_node/__pycache__/master_node.cpython-310.pyc
/home/orangepi/AUV_ROS2/install/master_node/lib/python3.10/site-packages/master_node/__pycache__/master_node_ok_backup.cpython-310.pyc
/home/orangepi/AUV_ROS2/install/master_node/share/ament_index/resource_index/packages/master_node
/home/orangepi/AUV_ROS2/install/master_node/share/master_node/package.xml
/home/orangepi/AUV_ROS2/install/master_node/lib/python3.10/site-packages/master_node-0.0.0-py3.10.egg-info/SOURCES.txt
/home/orangepi/AUV_ROS2/install/master_node/lib/python3.10/site-packages/master_node-0.0.0-py3.10.egg-info/top_level.txt
/home/orangepi/AUV_ROS2/install/master_node/lib/python3.10/site-packages/master_node-0.0.0-py3.10.egg-info/dependency_links.txt
/home/orangepi/AUV_ROS2/install/master_node/lib/python3.10/site-packages/master_node-0.0.0-py3.10.egg-info/zip-safe
/home/orangepi/AUV_ROS2/install/master_node/lib/python3.10/site-packages/master_node-0.0.0-py3.10.egg-info/entry_points.txt
/home/orangepi/AUV_ROS2/install/master_node/lib/python3.10/site-packages/master_node-0.0.0-py3.10.egg-info/requires.txt
/home/orangepi/AUV_ROS2/install/master_node/lib/python3.10/site-packages/master_node-0.0.0-py3.10.egg-info/PKG-INFO
/home/orangepi/AUV_ROS2/install/master_node/lib/master_node/master_node
