[1.216s] DEBUG:colcon:Command line arguments: ['/usr/bin/colcon', 'build']
[1.216s] DEBUG:colcon:Parsed command line arguments: Namespace(log_base=None, log_level=None, verb_name='build', build_base='build', install_base='install', merge_install=False, symlink_install=False, test_result_base=None, continue_on_error=False, executor='parallel', parallel_workers=8, event_handlers=None, ignore_user_meta=False, metas=['./colcon.meta'], base_paths=['.'], packages_ignore=None, packages_ignore_regex=None, paths=None, packages_up_to=None, packages_up_to_regex=None, packages_above=None, packages_above_and_dependencies=None, packages_above_depth=None, packages_select_by_dep=None, packages_skip_by_dep=None, packages_skip_up_to=None, packages_select_build_failed=False, packages_skip_build_finished=False, packages_select_test_failures=False, packages_skip_test_passed=False, packages_select=None, packages_skip=None, packages_select_regex=None, packages_skip_regex=None, packages_start=None, packages_end=None, cmake_args=None, cmake_target=None, cmake_target_skip_unavailable=False, cmake_clean_cache=False, cmake_clean_first=False, cmake_force_configure=False, ament_cmake_args=None, catkin_cmake_args=None, catkin_skip_building_tests=False, verb_parser=<colcon_defaults.argument_parser.defaults.DefaultArgumentsDecorator object at 0x7fa0fef7c0>, verb_extension=<colcon_core.verb.build.BuildVerb object at 0x7fa149b2e0>, main=<bound method BuildVerb.main of <colcon_core.verb.build.BuildVerb object at 0x7fa149b2e0>>)
[1.277s] Level 1:colcon.colcon_core.package_discovery:discover_packages(colcon_meta) check parameters
[1.277s] Level 1:colcon.colcon_core.package_discovery:discover_packages(recursive) check parameters
[1.277s] Level 1:colcon.colcon_core.package_discovery:discover_packages(ignore) check parameters
[1.277s] Level 1:colcon.colcon_core.package_discovery:discover_packages(path) check parameters
[1.277s] Level 1:colcon.colcon_core.package_discovery:discover_packages(colcon_meta) discover
[1.277s] Level 1:colcon.colcon_core.package_discovery:discover_packages(recursive) discover
[1.277s] INFO:colcon.colcon_core.package_discovery:Crawling recursively for packages in '/home/orangepi/AUV_ROS2'
[1.277s] Level 1:colcon.colcon_core.package_identification:_identify(.) by extensions ['ignore', 'ignore_ament_install']
[1.278s] Level 1:colcon.colcon_core.package_identification:_identify(.) by extension 'ignore'
[1.278s] Level 1:colcon.colcon_core.package_identification:_identify(.) by extension 'ignore_ament_install'
[1.278s] Level 1:colcon.colcon_core.package_identification:_identify(.) by extensions ['colcon_pkg']
[1.278s] Level 1:colcon.colcon_core.package_identification:_identify(.) by extension 'colcon_pkg'
[1.278s] Level 1:colcon.colcon_core.package_identification:_identify(.) by extensions ['colcon_meta']
[1.278s] Level 1:colcon.colcon_core.package_identification:_identify(.) by extension 'colcon_meta'
[1.278s] Level 1:colcon.colcon_core.package_identification:_identify(.) by extensions ['ros']
[1.278s] Level 1:colcon.colcon_core.package_identification:_identify(.) by extension 'ros'
[1.294s] Level 1:colcon.colcon_core.package_identification:_identify(.) by extensions ['cmake', 'python']
[1.294s] Level 1:colcon.colcon_core.package_identification:_identify(.) by extension 'cmake'
[1.294s] Level 1:colcon.colcon_core.package_identification:_identify(.) by extension 'python'
[1.294s] Level 1:colcon.colcon_core.package_identification:_identify(.) by extensions ['python_setup_py']
[1.294s] Level 1:colcon.colcon_core.package_identification:_identify(.) by extension 'python_setup_py'
[1.295s] Level 1:colcon.colcon_core.package_identification:_identify(build) by extensions ['ignore', 'ignore_ament_install']
[1.295s] Level 1:colcon.colcon_core.package_identification:_identify(build) by extension 'ignore'
[1.295s] Level 1:colcon.colcon_core.package_identification:_identify(build) ignored
[1.295s] Level 1:colcon.colcon_core.package_identification:_identify(install) by extensions ['ignore', 'ignore_ament_install']
[1.295s] Level 1:colcon.colcon_core.package_identification:_identify(install) by extension 'ignore'
[1.295s] Level 1:colcon.colcon_core.package_identification:_identify(install) ignored
[1.295s] Level 1:colcon.colcon_core.package_identification:_identify(log) by extensions ['ignore', 'ignore_ament_install']
[1.296s] Level 1:colcon.colcon_core.package_identification:_identify(log) by extension 'ignore'
[1.296s] Level 1:colcon.colcon_core.package_identification:_identify(log) ignored
[1.296s] Level 1:colcon.colcon_core.package_identification:_identify(src) by extensions ['ignore', 'ignore_ament_install']
[1.296s] Level 1:colcon.colcon_core.package_identification:_identify(src) by extension 'ignore'
[1.296s] Level 1:colcon.colcon_core.package_identification:_identify(src) by extension 'ignore_ament_install'
[1.296s] Level 1:colcon.colcon_core.package_identification:_identify(src) by extensions ['colcon_pkg']
[1.296s] Level 1:colcon.colcon_core.package_identification:_identify(src) by extension 'colcon_pkg'
[1.296s] Level 1:colcon.colcon_core.package_identification:_identify(src) by extensions ['colcon_meta']
[1.296s] Level 1:colcon.colcon_core.package_identification:_identify(src) by extension 'colcon_meta'
[1.296s] Level 1:colcon.colcon_core.package_identification:_identify(src) by extensions ['ros']
[1.296s] Level 1:colcon.colcon_core.package_identification:_identify(src) by extension 'ros'
[1.296s] Level 1:colcon.colcon_core.package_identification:_identify(src) by extensions ['cmake', 'python']
[1.296s] Level 1:colcon.colcon_core.package_identification:_identify(src) by extension 'cmake'
[1.296s] Level 1:colcon.colcon_core.package_identification:_identify(src) by extension 'python'
[1.296s] Level 1:colcon.colcon_core.package_identification:_identify(src) by extensions ['python_setup_py']
[1.296s] Level 1:colcon.colcon_core.package_identification:_identify(src) by extension 'python_setup_py'
[1.297s] Level 1:colcon.colcon_core.package_identification:_identify(src/buoyancy_node) by extensions ['ignore', 'ignore_ament_install']
[1.297s] Level 1:colcon.colcon_core.package_identification:_identify(src/buoyancy_node) by extension 'ignore'
[1.297s] Level 1:colcon.colcon_core.package_identification:_identify(src/buoyancy_node) by extension 'ignore_ament_install'
[1.297s] Level 1:colcon.colcon_core.package_identification:_identify(src/buoyancy_node) by extensions ['colcon_pkg']
[1.297s] Level 1:colcon.colcon_core.package_identification:_identify(src/buoyancy_node) by extension 'colcon_pkg'
[1.297s] Level 1:colcon.colcon_core.package_identification:_identify(src/buoyancy_node) by extensions ['colcon_meta']
[1.297s] Level 1:colcon.colcon_core.package_identification:_identify(src/buoyancy_node) by extension 'colcon_meta'
[1.297s] Level 1:colcon.colcon_core.package_identification:_identify(src/buoyancy_node) by extensions ['ros']
[1.297s] Level 1:colcon.colcon_core.package_identification:_identify(src/buoyancy_node) by extension 'ros'
[1.300s] DEBUG:colcon.colcon_core.package_identification:Package 'src/buoyancy_node' with type 'ros.ament_python' and name 'buoyancy_node'
[1.300s] Level 1:colcon.colcon_core.package_identification:_identify(src/control_interfaces) by extensions ['ignore', 'ignore_ament_install']
[1.301s] Level 1:colcon.colcon_core.package_identification:_identify(src/control_interfaces) by extension 'ignore'
[1.301s] Level 1:colcon.colcon_core.package_identification:_identify(src/control_interfaces) by extension 'ignore_ament_install'
[1.301s] Level 1:colcon.colcon_core.package_identification:_identify(src/control_interfaces) by extensions ['colcon_pkg']
[1.301s] Level 1:colcon.colcon_core.package_identification:_identify(src/control_interfaces) by extension 'colcon_pkg'
[1.301s] Level 1:colcon.colcon_core.package_identification:_identify(src/control_interfaces) by extensions ['colcon_meta']
[1.301s] Level 1:colcon.colcon_core.package_identification:_identify(src/control_interfaces) by extension 'colcon_meta'
[1.301s] Level 1:colcon.colcon_core.package_identification:_identify(src/control_interfaces) by extensions ['ros']
[1.301s] Level 1:colcon.colcon_core.package_identification:_identify(src/control_interfaces) by extension 'ros'
[1.302s] DEBUG:colcon.colcon_core.package_identification:Package 'src/control_interfaces' with type 'ros.ament_cmake' and name 'control_interfaces'
[1.302s] Level 1:colcon.colcon_core.package_identification:_identify(src/control_node) by extensions ['ignore', 'ignore_ament_install']
[1.302s] Level 1:colcon.colcon_core.package_identification:_identify(src/control_node) by extension 'ignore'
[1.302s] Level 1:colcon.colcon_core.package_identification:_identify(src/control_node) by extension 'ignore_ament_install'
[1.302s] Level 1:colcon.colcon_core.package_identification:_identify(src/control_node) by extensions ['colcon_pkg']
[1.302s] Level 1:colcon.colcon_core.package_identification:_identify(src/control_node) by extension 'colcon_pkg'
[1.302s] Level 1:colcon.colcon_core.package_identification:_identify(src/control_node) by extensions ['colcon_meta']
[1.302s] Level 1:colcon.colcon_core.package_identification:_identify(src/control_node) by extension 'colcon_meta'
[1.302s] Level 1:colcon.colcon_core.package_identification:_identify(src/control_node) by extensions ['ros']
[1.302s] Level 1:colcon.colcon_core.package_identification:_identify(src/control_node) by extension 'ros'
[1.303s] DEBUG:colcon.colcon_core.package_identification:Package 'src/control_node' with type 'ros.ament_python' and name 'control_node'
[1.303s] Level 1:colcon.colcon_core.package_identification:_identify(src/master_node) by extensions ['ignore', 'ignore_ament_install']
[1.303s] Level 1:colcon.colcon_core.package_identification:_identify(src/master_node) by extension 'ignore'
[1.303s] Level 1:colcon.colcon_core.package_identification:_identify(src/master_node) by extension 'ignore_ament_install'
[1.303s] Level 1:colcon.colcon_core.package_identification:_identify(src/master_node) by extensions ['colcon_pkg']
[1.303s] Level 1:colcon.colcon_core.package_identification:_identify(src/master_node) by extension 'colcon_pkg'
[1.303s] Level 1:colcon.colcon_core.package_identification:_identify(src/master_node) by extensions ['colcon_meta']
[1.303s] Level 1:colcon.colcon_core.package_identification:_identify(src/master_node) by extension 'colcon_meta'
[1.303s] Level 1:colcon.colcon_core.package_identification:_identify(src/master_node) by extensions ['ros']
[1.303s] Level 1:colcon.colcon_core.package_identification:_identify(src/master_node) by extension 'ros'
[1.304s] DEBUG:colcon.colcon_core.package_identification:Package 'src/master_node' with type 'ros.ament_python' and name 'master_node'
[1.304s] Level 1:colcon.colcon_core.package_identification:_identify(src/remote_node) by extensions ['ignore', 'ignore_ament_install']
[1.304s] Level 1:colcon.colcon_core.package_identification:_identify(src/remote_node) by extension 'ignore'
[1.304s] Level 1:colcon.colcon_core.package_identification:_identify(src/remote_node) by extension 'ignore_ament_install'
[1.304s] Level 1:colcon.colcon_core.package_identification:_identify(src/remote_node) by extensions ['colcon_pkg']
[1.304s] Level 1:colcon.colcon_core.package_identification:_identify(src/remote_node) by extension 'colcon_pkg'
[1.304s] Level 1:colcon.colcon_core.package_identification:_identify(src/remote_node) by extensions ['colcon_meta']
[1.304s] Level 1:colcon.colcon_core.package_identification:_identify(src/remote_node) by extension 'colcon_meta'
[1.304s] Level 1:colcon.colcon_core.package_identification:_identify(src/remote_node) by extensions ['ros']
[1.305s] Level 1:colcon.colcon_core.package_identification:_identify(src/remote_node) by extension 'ros'
[1.305s] DEBUG:colcon.colcon_core.package_identification:Package 'src/remote_node' with type 'ros.ament_python' and name 'remote_node'
[1.305s] Level 1:colcon.colcon_core.package_identification:_identify(src/start_auv) by extensions ['ignore', 'ignore_ament_install']
[1.305s] Level 1:colcon.colcon_core.package_identification:_identify(src/start_auv) by extension 'ignore'
[1.305s] Level 1:colcon.colcon_core.package_identification:_identify(src/start_auv) by extension 'ignore_ament_install'
[1.305s] Level 1:colcon.colcon_core.package_identification:_identify(src/start_auv) by extensions ['colcon_pkg']
[1.305s] Level 1:colcon.colcon_core.package_identification:_identify(src/start_auv) by extension 'colcon_pkg'
[1.306s] Level 1:colcon.colcon_core.package_identification:_identify(src/start_auv) by extensions ['colcon_meta']
[1.306s] Level 1:colcon.colcon_core.package_identification:_identify(src/start_auv) by extension 'colcon_meta'
[1.306s] Level 1:colcon.colcon_core.package_identification:_identify(src/start_auv) by extensions ['ros']
[1.306s] Level 1:colcon.colcon_core.package_identification:_identify(src/start_auv) by extension 'ros'
[1.306s] DEBUG:colcon.colcon_core.package_identification:Package 'src/start_auv' with type 'ros.ament_python' and name 'start_auv'
[1.306s] Level 1:colcon.colcon_core.package_identification:_identify(src/task1_node) by extensions ['ignore', 'ignore_ament_install']
[1.306s] Level 1:colcon.colcon_core.package_identification:_identify(src/task1_node) by extension 'ignore'
[1.306s] Level 1:colcon.colcon_core.package_identification:_identify(src/task1_node) by extension 'ignore_ament_install'
[1.307s] Level 1:colcon.colcon_core.package_identification:_identify(src/task1_node) by extensions ['colcon_pkg']
[1.307s] Level 1:colcon.colcon_core.package_identification:_identify(src/task1_node) by extension 'colcon_pkg'
[1.307s] Level 1:colcon.colcon_core.package_identification:_identify(src/task1_node) by extensions ['colcon_meta']
[1.307s] Level 1:colcon.colcon_core.package_identification:_identify(src/task1_node) by extension 'colcon_meta'
[1.307s] Level 1:colcon.colcon_core.package_identification:_identify(src/task1_node) by extensions ['ros']
[1.307s] Level 1:colcon.colcon_core.package_identification:_identify(src/task1_node) by extension 'ros'
[1.307s] DEBUG:colcon.colcon_core.package_identification:Package 'src/task1_node' with type 'ros.ament_python' and name 'task1_node'
[1.307s] Level 1:colcon.colcon_core.package_identification:_identify(src/task2_node) by extensions ['ignore', 'ignore_ament_install']
[1.308s] Level 1:colcon.colcon_core.package_identification:_identify(src/task2_node) by extension 'ignore'
[1.308s] Level 1:colcon.colcon_core.package_identification:_identify(src/task2_node) by extension 'ignore_ament_install'
[1.308s] Level 1:colcon.colcon_core.package_identification:_identify(src/task2_node) by extensions ['colcon_pkg']
[1.308s] Level 1:colcon.colcon_core.package_identification:_identify(src/task2_node) by extension 'colcon_pkg'
[1.308s] Level 1:colcon.colcon_core.package_identification:_identify(src/task2_node) by extensions ['colcon_meta']
[1.308s] Level 1:colcon.colcon_core.package_identification:_identify(src/task2_node) by extension 'colcon_meta'
[1.308s] Level 1:colcon.colcon_core.package_identification:_identify(src/task2_node) by extensions ['ros']
[1.308s] Level 1:colcon.colcon_core.package_identification:_identify(src/task2_node) by extension 'ros'
[1.308s] DEBUG:colcon.colcon_core.package_identification:Package 'src/task2_node' with type 'ros.ament_python' and name 'task2_node'
[1.309s] Level 1:colcon.colcon_core.package_discovery:discover_packages(recursive) using defaults
[1.309s] Level 1:colcon.colcon_core.package_discovery:discover_packages(ignore) discover
[1.309s] Level 1:colcon.colcon_core.package_discovery:discover_packages(ignore) using defaults
[1.309s] Level 1:colcon.colcon_core.package_discovery:discover_packages(path) discover
[1.309s] Level 1:colcon.colcon_core.package_discovery:discover_packages(path) using defaults
[1.411s] Level 5:colcon.colcon_core.verb:set package 'buoyancy_node' build argument 'cmake_args' from command line to 'None'
[1.411s] Level 5:colcon.colcon_core.verb:set package 'buoyancy_node' build argument 'cmake_target' from command line to 'None'
[1.412s] Level 5:colcon.colcon_core.verb:set package 'buoyancy_node' build argument 'cmake_target_skip_unavailable' from command line to 'False'
[1.412s] Level 5:colcon.colcon_core.verb:set package 'buoyancy_node' build argument 'cmake_clean_cache' from command line to 'False'
[1.412s] Level 5:colcon.colcon_core.verb:set package 'buoyancy_node' build argument 'cmake_clean_first' from command line to 'False'
[1.412s] Level 5:colcon.colcon_core.verb:set package 'buoyancy_node' build argument 'cmake_force_configure' from command line to 'False'
[1.412s] Level 5:colcon.colcon_core.verb:set package 'buoyancy_node' build argument 'ament_cmake_args' from command line to 'None'
[1.412s] Level 5:colcon.colcon_core.verb:set package 'buoyancy_node' build argument 'catkin_cmake_args' from command line to 'None'
[1.412s] Level 5:colcon.colcon_core.verb:set package 'buoyancy_node' build argument 'catkin_skip_building_tests' from command line to 'False'
[1.412s] DEBUG:colcon.colcon_core.verb:Building package 'buoyancy_node' with the following arguments: {'ament_cmake_args': None, 'build_base': '/home/orangepi/AUV_ROS2/build/buoyancy_node', 'catkin_cmake_args': None, 'catkin_skip_building_tests': False, 'cmake_args': None, 'cmake_clean_cache': False, 'cmake_clean_first': False, 'cmake_force_configure': False, 'cmake_target': None, 'cmake_target_skip_unavailable': False, 'install_base': '/home/orangepi/AUV_ROS2/install/buoyancy_node', 'merge_install': False, 'path': '/home/orangepi/AUV_ROS2/src/buoyancy_node', 'symlink_install': False, 'test_result_base': None}
[1.431s] Level 5:colcon.colcon_core.verb:set package 'control_interfaces' build argument 'cmake_args' from command line to 'None'
[1.431s] Level 5:colcon.colcon_core.verb:set package 'control_interfaces' build argument 'cmake_target' from command line to 'None'
[1.431s] Level 5:colcon.colcon_core.verb:set package 'control_interfaces' build argument 'cmake_target_skip_unavailable' from command line to 'False'
[1.431s] Level 5:colcon.colcon_core.verb:set package 'control_interfaces' build argument 'cmake_clean_cache' from command line to 'False'
[1.431s] Level 5:colcon.colcon_core.verb:set package 'control_interfaces' build argument 'cmake_clean_first' from command line to 'False'
[1.431s] Level 5:colcon.colcon_core.verb:set package 'control_interfaces' build argument 'cmake_force_configure' from command line to 'False'
[1.431s] Level 5:colcon.colcon_core.verb:set package 'control_interfaces' build argument 'ament_cmake_args' from command line to 'None'
[1.431s] Level 5:colcon.colcon_core.verb:set package 'control_interfaces' build argument 'catkin_cmake_args' from command line to 'None'
[1.431s] Level 5:colcon.colcon_core.verb:set package 'control_interfaces' build argument 'catkin_skip_building_tests' from command line to 'False'
[1.431s] DEBUG:colcon.colcon_core.verb:Building package 'control_interfaces' with the following arguments: {'ament_cmake_args': None, 'build_base': '/home/orangepi/AUV_ROS2/build/control_interfaces', 'catkin_cmake_args': None, 'catkin_skip_building_tests': False, 'cmake_args': None, 'cmake_clean_cache': False, 'cmake_clean_first': False, 'cmake_force_configure': False, 'cmake_target': None, 'cmake_target_skip_unavailable': False, 'install_base': '/home/orangepi/AUV_ROS2/install/control_interfaces', 'merge_install': False, 'path': '/home/orangepi/AUV_ROS2/src/control_interfaces', 'symlink_install': False, 'test_result_base': None}
[1.451s] Level 5:colcon.colcon_core.verb:set package 'control_node' build argument 'cmake_args' from command line to 'None'
[1.451s] Level 5:colcon.colcon_core.verb:set package 'control_node' build argument 'cmake_target' from command line to 'None'
[1.451s] Level 5:colcon.colcon_core.verb:set package 'control_node' build argument 'cmake_target_skip_unavailable' from command line to 'False'
[1.451s] Level 5:colcon.colcon_core.verb:set package 'control_node' build argument 'cmake_clean_cache' from command line to 'False'
[1.451s] Level 5:colcon.colcon_core.verb:set package 'control_node' build argument 'cmake_clean_first' from command line to 'False'
[1.451s] Level 5:colcon.colcon_core.verb:set package 'control_node' build argument 'cmake_force_configure' from command line to 'False'
[1.451s] Level 5:colcon.colcon_core.verb:set package 'control_node' build argument 'ament_cmake_args' from command line to 'None'
[1.451s] Level 5:colcon.colcon_core.verb:set package 'control_node' build argument 'catkin_cmake_args' from command line to 'None'
[1.451s] Level 5:colcon.colcon_core.verb:set package 'control_node' build argument 'catkin_skip_building_tests' from command line to 'False'
[1.451s] DEBUG:colcon.colcon_core.verb:Building package 'control_node' with the following arguments: {'ament_cmake_args': None, 'build_base': '/home/orangepi/AUV_ROS2/build/control_node', 'catkin_cmake_args': None, 'catkin_skip_building_tests': False, 'cmake_args': None, 'cmake_clean_cache': False, 'cmake_clean_first': False, 'cmake_force_configure': False, 'cmake_target': None, 'cmake_target_skip_unavailable': False, 'install_base': '/home/orangepi/AUV_ROS2/install/control_node', 'merge_install': False, 'path': '/home/orangepi/AUV_ROS2/src/control_node', 'symlink_install': False, 'test_result_base': None}
[1.469s] Level 5:colcon.colcon_core.verb:set package 'master_node' build argument 'cmake_args' from command line to 'None'
[1.469s] Level 5:colcon.colcon_core.verb:set package 'master_node' build argument 'cmake_target' from command line to 'None'
[1.469s] Level 5:colcon.colcon_core.verb:set package 'master_node' build argument 'cmake_target_skip_unavailable' from command line to 'False'
[1.469s] Level 5:colcon.colcon_core.verb:set package 'master_node' build argument 'cmake_clean_cache' from command line to 'False'
[1.470s] Level 5:colcon.colcon_core.verb:set package 'master_node' build argument 'cmake_clean_first' from command line to 'False'
[1.470s] Level 5:colcon.colcon_core.verb:set package 'master_node' build argument 'cmake_force_configure' from command line to 'False'
[1.470s] Level 5:colcon.colcon_core.verb:set package 'master_node' build argument 'ament_cmake_args' from command line to 'None'
[1.470s] Level 5:colcon.colcon_core.verb:set package 'master_node' build argument 'catkin_cmake_args' from command line to 'None'
[1.470s] Level 5:colcon.colcon_core.verb:set package 'master_node' build argument 'catkin_skip_building_tests' from command line to 'False'
[1.470s] DEBUG:colcon.colcon_core.verb:Building package 'master_node' with the following arguments: {'ament_cmake_args': None, 'build_base': '/home/orangepi/AUV_ROS2/build/master_node', 'catkin_cmake_args': None, 'catkin_skip_building_tests': False, 'cmake_args': None, 'cmake_clean_cache': False, 'cmake_clean_first': False, 'cmake_force_configure': False, 'cmake_target': None, 'cmake_target_skip_unavailable': False, 'install_base': '/home/orangepi/AUV_ROS2/install/master_node', 'merge_install': False, 'path': '/home/orangepi/AUV_ROS2/src/master_node', 'symlink_install': False, 'test_result_base': None}
[1.487s] Level 5:colcon.colcon_core.verb:set package 'remote_node' build argument 'cmake_args' from command line to 'None'
[1.488s] Level 5:colcon.colcon_core.verb:set package 'remote_node' build argument 'cmake_target' from command line to 'None'
[1.488s] Level 5:colcon.colcon_core.verb:set package 'remote_node' build argument 'cmake_target_skip_unavailable' from command line to 'False'
[1.488s] Level 5:colcon.colcon_core.verb:set package 'remote_node' build argument 'cmake_clean_cache' from command line to 'False'
[1.488s] Level 5:colcon.colcon_core.verb:set package 'remote_node' build argument 'cmake_clean_first' from command line to 'False'
[1.488s] Level 5:colcon.colcon_core.verb:set package 'remote_node' build argument 'cmake_force_configure' from command line to 'False'
[1.488s] Level 5:colcon.colcon_core.verb:set package 'remote_node' build argument 'ament_cmake_args' from command line to 'None'
[1.488s] Level 5:colcon.colcon_core.verb:set package 'remote_node' build argument 'catkin_cmake_args' from command line to 'None'
[1.488s] Level 5:colcon.colcon_core.verb:set package 'remote_node' build argument 'catkin_skip_building_tests' from command line to 'False'
[1.488s] DEBUG:colcon.colcon_core.verb:Building package 'remote_node' with the following arguments: {'ament_cmake_args': None, 'build_base': '/home/orangepi/AUV_ROS2/build/remote_node', 'catkin_cmake_args': None, 'catkin_skip_building_tests': False, 'cmake_args': None, 'cmake_clean_cache': False, 'cmake_clean_first': False, 'cmake_force_configure': False, 'cmake_target': None, 'cmake_target_skip_unavailable': False, 'install_base': '/home/orangepi/AUV_ROS2/install/remote_node', 'merge_install': False, 'path': '/home/orangepi/AUV_ROS2/src/remote_node', 'symlink_install': False, 'test_result_base': None}
[1.506s] Level 5:colcon.colcon_core.verb:set package 'start_auv' build argument 'cmake_args' from command line to 'None'
[1.506s] Level 5:colcon.colcon_core.verb:set package 'start_auv' build argument 'cmake_target' from command line to 'None'
[1.506s] Level 5:colcon.colcon_core.verb:set package 'start_auv' build argument 'cmake_target_skip_unavailable' from command line to 'False'
[1.506s] Level 5:colcon.colcon_core.verb:set package 'start_auv' build argument 'cmake_clean_cache' from command line to 'False'
[1.506s] Level 5:colcon.colcon_core.verb:set package 'start_auv' build argument 'cmake_clean_first' from command line to 'False'
[1.506s] Level 5:colcon.colcon_core.verb:set package 'start_auv' build argument 'cmake_force_configure' from command line to 'False'
[1.506s] Level 5:colcon.colcon_core.verb:set package 'start_auv' build argument 'ament_cmake_args' from command line to 'None'
[1.507s] Level 5:colcon.colcon_core.verb:set package 'start_auv' build argument 'catkin_cmake_args' from command line to 'None'
[1.507s] Level 5:colcon.colcon_core.verb:set package 'start_auv' build argument 'catkin_skip_building_tests' from command line to 'False'
[1.507s] DEBUG:colcon.colcon_core.verb:Building package 'start_auv' with the following arguments: {'ament_cmake_args': None, 'build_base': '/home/orangepi/AUV_ROS2/build/start_auv', 'catkin_cmake_args': None, 'catkin_skip_building_tests': False, 'cmake_args': None, 'cmake_clean_cache': False, 'cmake_clean_first': False, 'cmake_force_configure': False, 'cmake_target': None, 'cmake_target_skip_unavailable': False, 'install_base': '/home/orangepi/AUV_ROS2/install/start_auv', 'merge_install': False, 'path': '/home/orangepi/AUV_ROS2/src/start_auv', 'symlink_install': False, 'test_result_base': None}
[1.525s] Level 5:colcon.colcon_core.verb:set package 'task1_node' build argument 'cmake_args' from command line to 'None'
[1.525s] Level 5:colcon.colcon_core.verb:set package 'task1_node' build argument 'cmake_target' from command line to 'None'
[1.525s] Level 5:colcon.colcon_core.verb:set package 'task1_node' build argument 'cmake_target_skip_unavailable' from command line to 'False'
[1.525s] Level 5:colcon.colcon_core.verb:set package 'task1_node' build argument 'cmake_clean_cache' from command line to 'False'
[1.525s] Level 5:colcon.colcon_core.verb:set package 'task1_node' build argument 'cmake_clean_first' from command line to 'False'
[1.525s] Level 5:colcon.colcon_core.verb:set package 'task1_node' build argument 'cmake_force_configure' from command line to 'False'
[1.526s] Level 5:colcon.colcon_core.verb:set package 'task1_node' build argument 'ament_cmake_args' from command line to 'None'
[1.526s] Level 5:colcon.colcon_core.verb:set package 'task1_node' build argument 'catkin_cmake_args' from command line to 'None'
[1.526s] Level 5:colcon.colcon_core.verb:set package 'task1_node' build argument 'catkin_skip_building_tests' from command line to 'False'
[1.526s] DEBUG:colcon.colcon_core.verb:Building package 'task1_node' with the following arguments: {'ament_cmake_args': None, 'build_base': '/home/orangepi/AUV_ROS2/build/task1_node', 'catkin_cmake_args': None, 'catkin_skip_building_tests': False, 'cmake_args': None, 'cmake_clean_cache': False, 'cmake_clean_first': False, 'cmake_force_configure': False, 'cmake_target': None, 'cmake_target_skip_unavailable': False, 'install_base': '/home/orangepi/AUV_ROS2/install/task1_node', 'merge_install': False, 'path': '/home/orangepi/AUV_ROS2/src/task1_node', 'symlink_install': False, 'test_result_base': None}
[1.544s] Level 5:colcon.colcon_core.verb:set package 'task2_node' build argument 'cmake_args' from command line to 'None'
[1.544s] Level 5:colcon.colcon_core.verb:set package 'task2_node' build argument 'cmake_target' from command line to 'None'
[1.544s] Level 5:colcon.colcon_core.verb:set package 'task2_node' build argument 'cmake_target_skip_unavailable' from command line to 'False'
[1.544s] Level 5:colcon.colcon_core.verb:set package 'task2_node' build argument 'cmake_clean_cache' from command line to 'False'
[1.544s] Level 5:colcon.colcon_core.verb:set package 'task2_node' build argument 'cmake_clean_first' from command line to 'False'
[1.545s] Level 5:colcon.colcon_core.verb:set package 'task2_node' build argument 'cmake_force_configure' from command line to 'False'
[1.545s] Level 5:colcon.colcon_core.verb:set package 'task2_node' build argument 'ament_cmake_args' from command line to 'None'
[1.545s] Level 5:colcon.colcon_core.verb:set package 'task2_node' build argument 'catkin_cmake_args' from command line to 'None'
[1.545s] Level 5:colcon.colcon_core.verb:set package 'task2_node' build argument 'catkin_skip_building_tests' from command line to 'False'
[1.545s] DEBUG:colcon.colcon_core.verb:Building package 'task2_node' with the following arguments: {'ament_cmake_args': None, 'build_base': '/home/orangepi/AUV_ROS2/build/task2_node', 'catkin_cmake_args': None, 'catkin_skip_building_tests': False, 'cmake_args': None, 'cmake_clean_cache': False, 'cmake_clean_first': False, 'cmake_force_configure': False, 'cmake_target': None, 'cmake_target_skip_unavailable': False, 'install_base': '/home/orangepi/AUV_ROS2/install/task2_node', 'merge_install': False, 'path': '/home/orangepi/AUV_ROS2/src/task2_node', 'symlink_install': False, 'test_result_base': None}
[1.563s] INFO:colcon.colcon_core.executor:Executing jobs using 'parallel' executor
[1.582s] DEBUG:colcon.colcon_parallel_executor.executor.parallel:run_until_complete
[1.582s] INFO:colcon.colcon_ros.task.ament_python.build:Building ROS package in '/home/orangepi/AUV_ROS2/src/buoyancy_node' with build type 'ament_python'
[1.582s] Level 1:colcon.colcon_core.shell:create_environment_hook('buoyancy_node', 'ament_prefix_path')
[1.605s] INFO:colcon.colcon_core.plugin_system:Skipping extension 'colcon_core.shell.bat': Not used on non-Windows systems
[1.605s] INFO:colcon.colcon_core.shell:Creating environment hook '/home/orangepi/AUV_ROS2/install/buoyancy_node/share/buoyancy_node/hook/ament_prefix_path.ps1'
[1.606s] INFO:colcon.colcon_core.shell:Creating environment descriptor '/home/orangepi/AUV_ROS2/install/buoyancy_node/share/buoyancy_node/hook/ament_prefix_path.dsv'
[1.606s] INFO:colcon.colcon_core.shell:Creating environment hook '/home/orangepi/AUV_ROS2/install/buoyancy_node/share/buoyancy_node/hook/ament_prefix_path.sh'
[1.625s] INFO:colcon.colcon_core.shell:Skip shell extension 'powershell' for command environment: Not usable outside of PowerShell
[1.625s] DEBUG:colcon.colcon_core.shell:Skip shell extension 'dsv' for command environment
[1.701s] INFO:colcon.colcon_ros.task.ament_cmake.build:Building ROS package in '/home/orangepi/AUV_ROS2/src/control_interfaces' with build type 'ament_cmake'
[1.702s] INFO:colcon.colcon_cmake.task.cmake.build:Building CMake package in '/home/orangepi/AUV_ROS2/src/control_interfaces'
[1.721s] INFO:colcon.colcon_core.shell:Skip shell extension 'powershell' for command environment: Not usable outside of PowerShell
[1.721s] DEBUG:colcon.colcon_core.shell:Skip shell extension 'dsv' for command environment
[1.795s] INFO:colcon.colcon_ros.task.ament_python.build:Building ROS package in '/home/orangepi/AUV_ROS2/src/control_node' with build type 'ament_python'
[1.796s] Level 1:colcon.colcon_core.shell:create_environment_hook('control_node', 'ament_prefix_path')
[1.814s] INFO:colcon.colcon_core.shell:Creating environment hook '/home/orangepi/AUV_ROS2/install/control_node/share/control_node/hook/ament_prefix_path.ps1'
[1.815s] INFO:colcon.colcon_core.shell:Creating environment descriptor '/home/orangepi/AUV_ROS2/install/control_node/share/control_node/hook/ament_prefix_path.dsv'
[1.816s] INFO:colcon.colcon_core.shell:Creating environment hook '/home/orangepi/AUV_ROS2/install/control_node/share/control_node/hook/ament_prefix_path.sh'
[1.834s] INFO:colcon.colcon_core.shell:Skip shell extension 'powershell' for command environment: Not usable outside of PowerShell
[1.834s] DEBUG:colcon.colcon_core.shell:Skip shell extension 'dsv' for command environment
[1.909s] INFO:colcon.colcon_ros.task.ament_python.build:Building ROS package in '/home/orangepi/AUV_ROS2/src/master_node' with build type 'ament_python'
[1.909s] Level 1:colcon.colcon_core.shell:create_environment_hook('master_node', 'ament_prefix_path')
[1.928s] INFO:colcon.colcon_core.shell:Creating environment hook '/home/orangepi/AUV_ROS2/install/master_node/share/master_node/hook/ament_prefix_path.ps1'
[1.929s] INFO:colcon.colcon_core.shell:Creating environment descriptor '/home/orangepi/AUV_ROS2/install/master_node/share/master_node/hook/ament_prefix_path.dsv'
[1.929s] INFO:colcon.colcon_core.shell:Creating environment hook '/home/orangepi/AUV_ROS2/install/master_node/share/master_node/hook/ament_prefix_path.sh'
[1.947s] INFO:colcon.colcon_core.shell:Skip shell extension 'powershell' for command environment: Not usable outside of PowerShell
[1.947s] DEBUG:colcon.colcon_core.shell:Skip shell extension 'dsv' for command environment
[2.022s] INFO:colcon.colcon_ros.task.ament_python.build:Building ROS package in '/home/orangepi/AUV_ROS2/src/remote_node' with build type 'ament_python'
[2.023s] Level 1:colcon.colcon_core.shell:create_environment_hook('remote_node', 'ament_prefix_path')
[2.041s] INFO:colcon.colcon_core.shell:Creating environment hook '/home/orangepi/AUV_ROS2/install/remote_node/share/remote_node/hook/ament_prefix_path.ps1'
[2.042s] INFO:colcon.colcon_core.shell:Creating environment descriptor '/home/orangepi/AUV_ROS2/install/remote_node/share/remote_node/hook/ament_prefix_path.dsv'
[2.042s] INFO:colcon.colcon_core.shell:Creating environment hook '/home/orangepi/AUV_ROS2/install/remote_node/share/remote_node/hook/ament_prefix_path.sh'
[2.060s] INFO:colcon.colcon_core.shell:Skip shell extension 'powershell' for command environment: Not usable outside of PowerShell
[2.060s] DEBUG:colcon.colcon_core.shell:Skip shell extension 'dsv' for command environment
[2.136s] INFO:colcon.colcon_ros.task.ament_python.build:Building ROS package in '/home/orangepi/AUV_ROS2/src/start_auv' with build type 'ament_python'
[2.136s] Level 1:colcon.colcon_core.shell:create_environment_hook('start_auv', 'ament_prefix_path')
[2.155s] INFO:colcon.colcon_core.shell:Creating environment hook '/home/orangepi/AUV_ROS2/install/start_auv/share/start_auv/hook/ament_prefix_path.ps1'
[2.155s] INFO:colcon.colcon_core.shell:Creating environment descriptor '/home/orangepi/AUV_ROS2/install/start_auv/share/start_auv/hook/ament_prefix_path.dsv'
[2.156s] INFO:colcon.colcon_core.shell:Creating environment hook '/home/orangepi/AUV_ROS2/install/start_auv/share/start_auv/hook/ament_prefix_path.sh'
[2.174s] INFO:colcon.colcon_core.shell:Skip shell extension 'powershell' for command environment: Not usable outside of PowerShell
[2.174s] DEBUG:colcon.colcon_core.shell:Skip shell extension 'dsv' for command environment
[2.249s] INFO:colcon.colcon_ros.task.ament_python.build:Building ROS package in '/home/orangepi/AUV_ROS2/src/task1_node' with build type 'ament_python'
[2.249s] Level 1:colcon.colcon_core.shell:create_environment_hook('task1_node', 'ament_prefix_path')
[2.268s] INFO:colcon.colcon_core.shell:Creating environment hook '/home/orangepi/AUV_ROS2/install/task1_node/share/task1_node/hook/ament_prefix_path.ps1'
[2.269s] INFO:colcon.colcon_core.shell:Creating environment descriptor '/home/orangepi/AUV_ROS2/install/task1_node/share/task1_node/hook/ament_prefix_path.dsv'
[2.269s] INFO:colcon.colcon_core.shell:Creating environment hook '/home/orangepi/AUV_ROS2/install/task1_node/share/task1_node/hook/ament_prefix_path.sh'
[2.288s] INFO:colcon.colcon_core.shell:Skip shell extension 'powershell' for command environment: Not usable outside of PowerShell
[2.288s] DEBUG:colcon.colcon_core.shell:Skip shell extension 'dsv' for command environment
[2.385s] INFO:colcon.colcon_ros.task.ament_python.build:Building ROS package in '/home/orangepi/AUV_ROS2/src/task2_node' with build type 'ament_python'
[2.386s] Level 1:colcon.colcon_core.shell:create_environment_hook('task2_node', 'ament_prefix_path')
[2.405s] INFO:colcon.colcon_core.shell:Creating environment hook '/home/orangepi/AUV_ROS2/install/task2_node/share/task2_node/hook/ament_prefix_path.ps1'
[2.406s] INFO:colcon.colcon_core.shell:Creating environment descriptor '/home/orangepi/AUV_ROS2/install/task2_node/share/task2_node/hook/ament_prefix_path.dsv'
[2.406s] INFO:colcon.colcon_core.shell:Creating environment hook '/home/orangepi/AUV_ROS2/install/task2_node/share/task2_node/hook/ament_prefix_path.sh'
[2.424s] INFO:colcon.colcon_core.shell:Skip shell extension 'powershell' for command environment: Not usable outside of PowerShell
[2.424s] DEBUG:colcon.colcon_core.shell:Skip shell extension 'dsv' for command environment
[2.889s] INFO:colcon.colcon_core.task.python.build:Building Python package in '/home/orangepi/AUV_ROS2/src/buoyancy_node'
[2.916s] INFO:colcon.colcon_core.shell:Skip shell extension 'powershell' for command environment: Not usable outside of PowerShell
[2.916s] DEBUG:colcon.colcon_core.shell:Skip shell extension 'dsv' for command environment
[3.013s] DEBUG:colcon.colcon_core.event_handler.log_command:Invoking command in '/home/orangepi/AUV_ROS2/build/control_interfaces': CMAKE_PREFIX_PATH=${CMAKE_PREFIX_PATH}:/home/orangepi/AUV_ROS2/install/task2_node:/home/orangepi/AUV_ROS2/install/task1_node:/home/orangepi/AUV_ROS2/install/start_auv:/home/orangepi/AUV_ROS2/install/remote_node:/home/orangepi/AUV_ROS2/install/master_node:/home/orangepi/AUV_ROS2/install/control_node:/home/orangepi/AUV_ROS2/install/buoyancy_node:/home/orangepi/opencv_ws/install/task2_drum_detection:/home/orangepi/opencv_ws/install/task1_gate_detection:/home/orangepi/opencv_ws/install/task1_flare_detection:/home/orangepi/opencv_ws/install/q_gate_detection:/home/orangepi/opencv_ws/install/master_node_simulation:/home/orangepi/opencv_ws/install/facer_input:/opt/ros/humble /usr/bin/cmake --build /home/orangepi/AUV_ROS2/build/control_interfaces -- -j8 -l8
[3.433s] INFO:colcon.colcon_core.task.python.build:Building Python package in '/home/orangepi/AUV_ROS2/src/control_node'
[3.454s] INFO:colcon.colcon_core.shell:Skip shell extension 'powershell' for command environment: Not usable outside of PowerShell
[3.454s] DEBUG:colcon.colcon_core.shell:Skip shell extension 'dsv' for command environment
[3.928s] INFO:colcon.colcon_core.task.python.build:Building Python package in '/home/orangepi/AUV_ROS2/src/master_node'
[3.947s] INFO:colcon.colcon_core.shell:Skip shell extension 'powershell' for command environment: Not usable outside of PowerShell
[3.947s] DEBUG:colcon.colcon_core.shell:Skip shell extension 'dsv' for command environment
[4.400s] INFO:colcon.colcon_core.task.python.build:Building Python package in '/home/orangepi/AUV_ROS2/src/remote_node'
[4.422s] INFO:colcon.colcon_core.shell:Skip shell extension 'powershell' for command environment: Not usable outside of PowerShell
[4.423s] DEBUG:colcon.colcon_core.shell:Skip shell extension 'dsv' for command environment
[4.891s] INFO:colcon.colcon_core.task.python.build:Building Python package in '/home/orangepi/AUV_ROS2/src/start_auv'
[4.917s] INFO:colcon.colcon_core.shell:Skip shell extension 'powershell' for command environment: Not usable outside of PowerShell
[4.917s] DEBUG:colcon.colcon_core.shell:Skip shell extension 'dsv' for command environment
[5.393s] INFO:colcon.colcon_core.task.python.build:Building Python package in '/home/orangepi/AUV_ROS2/src/task1_node'
[5.411s] INFO:colcon.colcon_core.shell:Skip shell extension 'powershell' for command environment: Not usable outside of PowerShell
[5.411s] DEBUG:colcon.colcon_core.shell:Skip shell extension 'dsv' for command environment
[5.519s] DEBUG:colcon.colcon_core.event_handler.log_command:Invoked command in '/home/orangepi/AUV_ROS2/build/control_interfaces' returned '0': CMAKE_PREFIX_PATH=${CMAKE_PREFIX_PATH}:/home/orangepi/AUV_ROS2/install/task2_node:/home/orangepi/AUV_ROS2/install/task1_node:/home/orangepi/AUV_ROS2/install/start_auv:/home/orangepi/AUV_ROS2/install/remote_node:/home/orangepi/AUV_ROS2/install/master_node:/home/orangepi/AUV_ROS2/install/control_node:/home/orangepi/AUV_ROS2/install/buoyancy_node:/home/orangepi/opencv_ws/install/task2_drum_detection:/home/orangepi/opencv_ws/install/task1_gate_detection:/home/orangepi/opencv_ws/install/task1_flare_detection:/home/orangepi/opencv_ws/install/q_gate_detection:/home/orangepi/opencv_ws/install/master_node_simulation:/home/orangepi/opencv_ws/install/facer_input:/opt/ros/humble /usr/bin/cmake --build /home/orangepi/AUV_ROS2/build/control_interfaces -- -j8 -l8
[5.898s] INFO:colcon.colcon_core.task.python.build:Building Python package in '/home/orangepi/AUV_ROS2/src/task2_node'
[5.923s] INFO:colcon.colcon_core.shell:Skip shell extension 'powershell' for command environment: Not usable outside of PowerShell
[5.923s] DEBUG:colcon.colcon_core.shell:Skip shell extension 'dsv' for command environment
[6.049s] DEBUG:colcon.colcon_core.event_handler.log_command:Invoking command in '/home/orangepi/AUV_ROS2/build/control_interfaces': CMAKE_PREFIX_PATH=${CMAKE_PREFIX_PATH}:/home/orangepi/AUV_ROS2/install/task2_node:/home/orangepi/AUV_ROS2/install/task1_node:/home/orangepi/AUV_ROS2/install/start_auv:/home/orangepi/AUV_ROS2/install/remote_node:/home/orangepi/AUV_ROS2/install/master_node:/home/orangepi/AUV_ROS2/install/control_node:/home/orangepi/AUV_ROS2/install/buoyancy_node:/home/orangepi/opencv_ws/install/task2_drum_detection:/home/orangepi/opencv_ws/install/task1_gate_detection:/home/orangepi/opencv_ws/install/task1_flare_detection:/home/orangepi/opencv_ws/install/q_gate_detection:/home/orangepi/opencv_ws/install/master_node_simulation:/home/orangepi/opencv_ws/install/facer_input:/opt/ros/humble /usr/bin/cmake --install /home/orangepi/AUV_ROS2/build/control_interfaces
[6.167s] Level 1:colcon.colcon_core.environment:create_environment_scripts_only(control_interfaces)
[6.178s] DEBUG:colcon.colcon_core.event_handler.log_command:Invoked command in '/home/orangepi/AUV_ROS2/build/control_interfaces' returned '0': CMAKE_PREFIX_PATH=${CMAKE_PREFIX_PATH}:/home/orangepi/AUV_ROS2/install/task2_node:/home/orangepi/AUV_ROS2/install/task1_node:/home/orangepi/AUV_ROS2/install/start_auv:/home/orangepi/AUV_ROS2/install/remote_node:/home/orangepi/AUV_ROS2/install/master_node:/home/orangepi/AUV_ROS2/install/control_node:/home/orangepi/AUV_ROS2/install/buoyancy_node:/home/orangepi/opencv_ws/install/task2_drum_detection:/home/orangepi/opencv_ws/install/task1_gate_detection:/home/orangepi/opencv_ws/install/task1_flare_detection:/home/orangepi/opencv_ws/install/q_gate_detection:/home/orangepi/opencv_ws/install/master_node_simulation:/home/orangepi/opencv_ws/install/facer_input:/opt/ros/humble /usr/bin/cmake --install /home/orangepi/AUV_ROS2/build/control_interfaces
[6.192s] Level 1:colcon.colcon_core.environment:checking '/home/orangepi/AUV_ROS2/install/control_interfaces' for CMake module files
[6.193s] Level 1:colcon.colcon_core.environment:checking '/home/orangepi/AUV_ROS2/install/control_interfaces' for CMake config files
[6.193s] Level 1:colcon.colcon_core.shell:create_environment_hook('control_interfaces', 'cmake_prefix_path')
[6.215s] INFO:colcon.colcon_core.shell:Creating environment hook '/home/orangepi/AUV_ROS2/install/control_interfaces/share/control_interfaces/hook/cmake_prefix_path.ps1'
[6.216s] INFO:colcon.colcon_core.shell:Creating environment descriptor '/home/orangepi/AUV_ROS2/install/control_interfaces/share/control_interfaces/hook/cmake_prefix_path.dsv'
[6.217s] INFO:colcon.colcon_core.shell:Creating environment hook '/home/orangepi/AUV_ROS2/install/control_interfaces/share/control_interfaces/hook/cmake_prefix_path.sh'
[6.218s] Level 1:colcon.colcon_core.environment:checking '/home/orangepi/AUV_ROS2/install/control_interfaces/lib'
[6.218s] Level 1:colcon.colcon_core.shell:create_environment_hook('control_interfaces', 'ld_library_path_lib')
[6.240s] INFO:colcon.colcon_core.shell:Creating environment hook '/home/orangepi/AUV_ROS2/install/control_interfaces/share/control_interfaces/hook/ld_library_path_lib.ps1'
[6.241s] INFO:colcon.colcon_core.shell:Creating environment descriptor '/home/orangepi/AUV_ROS2/install/control_interfaces/share/control_interfaces/hook/ld_library_path_lib.dsv'
[6.241s] INFO:colcon.colcon_core.shell:Creating environment hook '/home/orangepi/AUV_ROS2/install/control_interfaces/share/control_interfaces/hook/ld_library_path_lib.sh'
[6.242s] Level 1:colcon.colcon_core.environment:checking '/home/orangepi/AUV_ROS2/install/control_interfaces/bin'
[6.242s] Level 1:colcon.colcon_core.environment:checking '/home/orangepi/AUV_ROS2/install/control_interfaces/lib/pkgconfig/control_interfaces.pc'
[6.243s] Level 1:colcon.colcon_core.environment:checking '/home/orangepi/AUV_ROS2/install/control_interfaces/lib/python3.10/site-packages'
[6.243s] Level 1:colcon.colcon_core.environment:checking '/home/orangepi/AUV_ROS2/install/control_interfaces/bin'
[6.263s] INFO:colcon.colcon_core.shell:Creating package script '/home/orangepi/AUV_ROS2/install/control_interfaces/share/control_interfaces/package.ps1'
[6.265s] INFO:colcon.colcon_core.shell:Creating package descriptor '/home/orangepi/AUV_ROS2/install/control_interfaces/share/control_interfaces/package.dsv'
[6.266s] INFO:colcon.colcon_core.shell:Creating package script '/home/orangepi/AUV_ROS2/install/control_interfaces/share/control_interfaces/package.sh'
[6.267s] INFO:colcon.colcon_core.shell:Creating package script '/home/orangepi/AUV_ROS2/install/control_interfaces/share/control_interfaces/package.bash'
[6.268s] INFO:colcon.colcon_core.shell:Creating package script '/home/orangepi/AUV_ROS2/install/control_interfaces/share/control_interfaces/package.zsh'
[6.269s] Level 1:colcon.colcon_core.environment:create_file_with_runtime_dependencies(/home/orangepi/AUV_ROS2/install/control_interfaces/share/colcon-core/packages/control_interfaces)
[6.412s] Level 1:colcon.colcon_core.environment:create_environment_scripts_only(control_interfaces)
[6.432s] Level 1:colcon.colcon_core.environment:checking '/home/orangepi/AUV_ROS2/install/control_interfaces' for CMake module files
[6.433s] Level 1:colcon.colcon_core.environment:checking '/home/orangepi/AUV_ROS2/install/control_interfaces' for CMake config files
[6.434s] Level 1:colcon.colcon_core.shell:create_environment_hook('control_interfaces', 'cmake_prefix_path')
[6.453s] INFO:colcon.colcon_core.shell:Creating environment hook '/home/orangepi/AUV_ROS2/install/control_interfaces/share/control_interfaces/hook/cmake_prefix_path.ps1'
[6.454s] INFO:colcon.colcon_core.shell:Creating environment descriptor '/home/orangepi/AUV_ROS2/install/control_interfaces/share/control_interfaces/hook/cmake_prefix_path.dsv'
[6.454s] INFO:colcon.colcon_core.shell:Creating environment hook '/home/orangepi/AUV_ROS2/install/control_interfaces/share/control_interfaces/hook/cmake_prefix_path.sh'
[6.455s] Level 1:colcon.colcon_core.environment:checking '/home/orangepi/AUV_ROS2/install/control_interfaces/lib'
[6.455s] Level 1:colcon.colcon_core.shell:create_environment_hook('control_interfaces', 'ld_library_path_lib')
[6.475s] INFO:colcon.colcon_core.shell:Creating environment hook '/home/orangepi/AUV_ROS2/install/control_interfaces/share/control_interfaces/hook/ld_library_path_lib.ps1'
[6.476s] INFO:colcon.colcon_core.shell:Creating environment descriptor '/home/orangepi/AUV_ROS2/install/control_interfaces/share/control_interfaces/hook/ld_library_path_lib.dsv'
[6.477s] INFO:colcon.colcon_core.shell:Creating environment hook '/home/orangepi/AUV_ROS2/install/control_interfaces/share/control_interfaces/hook/ld_library_path_lib.sh'
[6.477s] Level 1:colcon.colcon_core.environment:checking '/home/orangepi/AUV_ROS2/install/control_interfaces/bin'
[6.477s] Level 1:colcon.colcon_core.environment:checking '/home/orangepi/AUV_ROS2/install/control_interfaces/lib/pkgconfig/control_interfaces.pc'
[6.478s] Level 1:colcon.colcon_core.environment:checking '/home/orangepi/AUV_ROS2/install/control_interfaces/lib/python3.10/site-packages'
[6.478s] Level 1:colcon.colcon_core.environment:checking '/home/orangepi/AUV_ROS2/install/control_interfaces/bin'
[6.497s] INFO:colcon.colcon_core.shell:Creating package script '/home/orangepi/AUV_ROS2/install/control_interfaces/share/control_interfaces/package.ps1'
[6.498s] INFO:colcon.colcon_core.shell:Creating package descriptor '/home/orangepi/AUV_ROS2/install/control_interfaces/share/control_interfaces/package.dsv'
[6.499s] INFO:colcon.colcon_core.shell:Creating package script '/home/orangepi/AUV_ROS2/install/control_interfaces/share/control_interfaces/package.sh'
[6.500s] INFO:colcon.colcon_core.shell:Creating package script '/home/orangepi/AUV_ROS2/install/control_interfaces/share/control_interfaces/package.bash'
[6.501s] INFO:colcon.colcon_core.shell:Creating package script '/home/orangepi/AUV_ROS2/install/control_interfaces/share/control_interfaces/package.zsh'
[6.501s] Level 1:colcon.colcon_core.environment:create_file_with_runtime_dependencies(/home/orangepi/AUV_ROS2/install/control_interfaces/share/colcon-core/packages/control_interfaces)
[6.608s] DEBUG:colcon.colcon_core.event_handler.log_command:Invoking command in '/home/orangepi/AUV_ROS2/src/remote_node': PYTHONPATH=/home/orangepi/AUV_ROS2/build/remote_node/prefix_override:/home/orangepi/AUV_ROS2/install/remote_node/lib/python3.10/site-packages:${PYTHONPATH} /usr/bin/python3 setup.py egg_info --egg-base ../../build/remote_node build --build-base /home/orangepi/AUV_ROS2/build/remote_node/build install --record /home/orangepi/AUV_ROS2/build/remote_node/install.log --single-version-externally-managed
[6.847s] DEBUG:colcon.colcon_core.event_handler.log_command:Invoking command in '/home/orangepi/AUV_ROS2/src/start_auv': PYTHONPATH=/home/orangepi/AUV_ROS2/build/start_auv/prefix_override:/home/orangepi/AUV_ROS2/install/start_auv/lib/python3.10/site-packages:${PYTHONPATH} /usr/bin/python3 setup.py egg_info --egg-base ../../build/start_auv build --build-base /home/orangepi/AUV_ROS2/build/start_auv/build install --record /home/orangepi/AUV_ROS2/build/start_auv/install.log --single-version-externally-managed
[6.941s] DEBUG:colcon.colcon_core.event_handler.log_command:Invoking command in '/home/orangepi/AUV_ROS2/src/task2_node': PYTHONPATH=/home/orangepi/AUV_ROS2/build/task2_node/prefix_override:/home/orangepi/AUV_ROS2/install/task2_node/lib/python3.10/site-packages:${PYTHONPATH} /usr/bin/python3 setup.py egg_info --egg-base ../../build/task2_node build --build-base /home/orangepi/AUV_ROS2/build/task2_node/build install --record /home/orangepi/AUV_ROS2/build/task2_node/install.log --single-version-externally-managed
[7.279s] DEBUG:colcon.colcon_core.event_handler.log_command:Invoking command in '/home/orangepi/AUV_ROS2/src/control_node': PYTHONPATH=/home/orangepi/AUV_ROS2/build/control_node/prefix_override:/home/orangepi/AUV_ROS2/install/control_node/lib/python3.10/site-packages:${PYTHONPATH} /usr/bin/python3 setup.py egg_info --egg-base ../../build/control_node build --build-base /home/orangepi/AUV_ROS2/build/control_node/build install --record /home/orangepi/AUV_ROS2/build/control_node/install.log --single-version-externally-managed
[7.370s] DEBUG:colcon.colcon_core.event_handler.log_command:Invoked command in '/home/orangepi/AUV_ROS2/src/remote_node' returned '0': PYTHONPATH=/home/orangepi/AUV_ROS2/build/remote_node/prefix_override:/home/orangepi/AUV_ROS2/install/remote_node/lib/python3.10/site-packages:${PYTHONPATH} /usr/bin/python3 setup.py egg_info --egg-base ../../build/remote_node build --build-base /home/orangepi/AUV_ROS2/build/remote_node/build install --record /home/orangepi/AUV_ROS2/build/remote_node/install.log --single-version-externally-managed
[7.449s] Level 1:colcon.colcon_core.environment:checking '/home/orangepi/AUV_ROS2/install/remote_node' for CMake module files
[7.452s] Level 1:colcon.colcon_core.environment:checking '/home/orangepi/AUV_ROS2/install/remote_node' for CMake config files
[7.454s] Level 1:colcon.colcon_core.environment:checking '/home/orangepi/AUV_ROS2/install/remote_node/lib'
[7.455s] Level 1:colcon.colcon_core.environment:checking '/home/orangepi/AUV_ROS2/install/remote_node/bin'
[7.455s] Level 1:colcon.colcon_core.environment:checking '/home/orangepi/AUV_ROS2/install/remote_node/lib/pkgconfig/remote_node.pc'
[7.457s] Level 1:colcon.colcon_core.environment:checking '/home/orangepi/AUV_ROS2/install/remote_node/lib/python3.10/site-packages'
[7.457s] Level 1:colcon.colcon_core.shell:create_environment_hook('remote_node', 'pythonpath')
[7.544s] INFO:colcon.colcon_core.shell:Creating environment hook '/home/orangepi/AUV_ROS2/install/remote_node/share/remote_node/hook/pythonpath.ps1'
[7.546s] INFO:colcon.colcon_core.shell:Creating environment descriptor '/home/orangepi/AUV_ROS2/install/remote_node/share/remote_node/hook/pythonpath.dsv'
[7.548s] INFO:colcon.colcon_core.shell:Creating environment hook '/home/orangepi/AUV_ROS2/install/remote_node/share/remote_node/hook/pythonpath.sh'
[7.551s] Level 1:colcon.colcon_core.environment:checking '/home/orangepi/AUV_ROS2/install/remote_node/bin'
[7.552s] Level 1:colcon.colcon_core.environment:create_environment_scripts_only(remote_node)
[7.583s] INFO:colcon.colcon_core.shell:Creating package script '/home/orangepi/AUV_ROS2/install/remote_node/share/remote_node/package.ps1'
[7.584s] INFO:colcon.colcon_core.shell:Creating package descriptor '/home/orangepi/AUV_ROS2/install/remote_node/share/remote_node/package.dsv'
[7.585s] INFO:colcon.colcon_core.shell:Creating package script '/home/orangepi/AUV_ROS2/install/remote_node/share/remote_node/package.sh'
[7.585s] INFO:colcon.colcon_core.shell:Creating package script '/home/orangepi/AUV_ROS2/install/remote_node/share/remote_node/package.bash'
[7.586s] INFO:colcon.colcon_core.shell:Creating package script '/home/orangepi/AUV_ROS2/install/remote_node/share/remote_node/package.zsh'
[7.586s] Level 1:colcon.colcon_core.environment:create_file_with_runtime_dependencies(/home/orangepi/AUV_ROS2/install/remote_node/share/colcon-core/packages/remote_node)
[7.591s] DEBUG:colcon.colcon_core.event_handler.log_command:Invoked command in '/home/orangepi/AUV_ROS2/src/start_auv' returned '0': PYTHONPATH=/home/orangepi/AUV_ROS2/build/start_auv/prefix_override:/home/orangepi/AUV_ROS2/install/start_auv/lib/python3.10/site-packages:${PYTHONPATH} /usr/bin/python3 setup.py egg_info --egg-base ../../build/start_auv build --build-base /home/orangepi/AUV_ROS2/build/start_auv/build install --record /home/orangepi/AUV_ROS2/build/start_auv/install.log --single-version-externally-managed
[7.609s] Level 1:colcon.colcon_core.environment:checking '/home/orangepi/AUV_ROS2/install/start_auv' for CMake module files
[7.610s] Level 1:colcon.colcon_core.environment:checking '/home/orangepi/AUV_ROS2/install/start_auv' for CMake config files
[7.611s] Level 1:colcon.colcon_core.environment:checking '/home/orangepi/AUV_ROS2/install/start_auv/lib'
[7.611s] Level 1:colcon.colcon_core.environment:checking '/home/orangepi/AUV_ROS2/install/start_auv/bin'
[7.611s] Level 1:colcon.colcon_core.environment:checking '/home/orangepi/AUV_ROS2/install/start_auv/lib/pkgconfig/start_auv.pc'
[7.611s] Level 1:colcon.colcon_core.environment:checking '/home/orangepi/AUV_ROS2/install/start_auv/lib/python3.10/site-packages'
[7.611s] Level 1:colcon.colcon_core.shell:create_environment_hook('start_auv', 'pythonpath')
[7.638s] INFO:colcon.colcon_core.shell:Creating environment hook '/home/orangepi/AUV_ROS2/install/start_auv/share/start_auv/hook/pythonpath.ps1'
[7.639s] INFO:colcon.colcon_core.shell:Creating environment descriptor '/home/orangepi/AUV_ROS2/install/start_auv/share/start_auv/hook/pythonpath.dsv'
[7.642s] INFO:colcon.colcon_core.shell:Creating environment hook '/home/orangepi/AUV_ROS2/install/start_auv/share/start_auv/hook/pythonpath.sh'
[7.643s] Level 1:colcon.colcon_core.environment:checking '/home/orangepi/AUV_ROS2/install/start_auv/bin'
[7.643s] Level 1:colcon.colcon_core.environment:create_environment_scripts_only(start_auv)
[7.665s] INFO:colcon.colcon_core.shell:Creating package script '/home/orangepi/AUV_ROS2/install/start_auv/share/start_auv/package.ps1'
[7.665s] INFO:colcon.colcon_core.shell:Creating package descriptor '/home/orangepi/AUV_ROS2/install/start_auv/share/start_auv/package.dsv'
[7.666s] INFO:colcon.colcon_core.shell:Creating package script '/home/orangepi/AUV_ROS2/install/start_auv/share/start_auv/package.sh'
[7.667s] INFO:colcon.colcon_core.shell:Creating package script '/home/orangepi/AUV_ROS2/install/start_auv/share/start_auv/package.bash'
[7.667s] INFO:colcon.colcon_core.shell:Creating package script '/home/orangepi/AUV_ROS2/install/start_auv/share/start_auv/package.zsh'
[7.668s] Level 1:colcon.colcon_core.environment:create_file_with_runtime_dependencies(/home/orangepi/AUV_ROS2/install/start_auv/share/colcon-core/packages/start_auv)
[7.679s] DEBUG:colcon.colcon_core.event_handler.log_command:Invoking command in '/home/orangepi/AUV_ROS2/src/buoyancy_node': PYTHONPATH=/home/orangepi/AUV_ROS2/build/buoyancy_node/prefix_override:/home/orangepi/AUV_ROS2/install/buoyancy_node/lib/python3.10/site-packages:${PYTHONPATH} /usr/bin/python3 setup.py egg_info --egg-base ../../build/buoyancy_node build --build-base /home/orangepi/AUV_ROS2/build/buoyancy_node/build install --record /home/orangepi/AUV_ROS2/build/buoyancy_node/install.log --single-version-externally-managed
[7.680s] DEBUG:colcon.colcon_core.event_handler.log_command:Invoking command in '/home/orangepi/AUV_ROS2/src/master_node': PYTHONPATH=/home/orangepi/AUV_ROS2/build/master_node/prefix_override:/home/orangepi/AUV_ROS2/install/master_node/lib/python3.10/site-packages:${PYTHONPATH} /usr/bin/python3 setup.py egg_info --egg-base ../../build/master_node build --build-base /home/orangepi/AUV_ROS2/build/master_node/build install --record /home/orangepi/AUV_ROS2/build/master_node/install.log --single-version-externally-managed
[7.681s] DEBUG:colcon.colcon_core.event_handler.log_command:Invoking command in '/home/orangepi/AUV_ROS2/src/task1_node': PYTHONPATH=/home/orangepi/AUV_ROS2/build/task1_node/prefix_override:/home/orangepi/AUV_ROS2/install/task1_node/lib/python3.10/site-packages:${PYTHONPATH} /usr/bin/python3 setup.py egg_info --egg-base ../../build/task1_node build --build-base /home/orangepi/AUV_ROS2/build/task1_node/build install --record /home/orangepi/AUV_ROS2/build/task1_node/install.log --single-version-externally-managed
[7.737s] DEBUG:colcon.colcon_core.event_handler.log_command:Invoked command in '/home/orangepi/AUV_ROS2/src/task2_node' returned '0': PYTHONPATH=/home/orangepi/AUV_ROS2/build/task2_node/prefix_override:/home/orangepi/AUV_ROS2/install/task2_node/lib/python3.10/site-packages:${PYTHONPATH} /usr/bin/python3 setup.py egg_info --egg-base ../../build/task2_node build --build-base /home/orangepi/AUV_ROS2/build/task2_node/build install --record /home/orangepi/AUV_ROS2/build/task2_node/install.log --single-version-externally-managed
[7.846s] Level 1:colcon.colcon_core.environment:checking '/home/orangepi/AUV_ROS2/install/task2_node' for CMake module files
[7.849s] Level 1:colcon.colcon_core.environment:checking '/home/orangepi/AUV_ROS2/install/task2_node' for CMake config files
[7.852s] Level 1:colcon.colcon_core.environment:checking '/home/orangepi/AUV_ROS2/install/task2_node/lib'
[7.852s] Level 1:colcon.colcon_core.environment:checking '/home/orangepi/AUV_ROS2/install/task2_node/bin'
[7.853s] Level 1:colcon.colcon_core.environment:checking '/home/orangepi/AUV_ROS2/install/task2_node/lib/pkgconfig/task2_node.pc'
[7.854s] Level 1:colcon.colcon_core.environment:checking '/home/orangepi/AUV_ROS2/install/task2_node/lib/python3.10/site-packages'
[7.855s] Level 1:colcon.colcon_core.shell:create_environment_hook('task2_node', 'pythonpath')
[7.942s] INFO:colcon.colcon_core.shell:Creating environment hook '/home/orangepi/AUV_ROS2/install/task2_node/share/task2_node/hook/pythonpath.ps1'
[7.944s] INFO:colcon.colcon_core.shell:Creating environment descriptor '/home/orangepi/AUV_ROS2/install/task2_node/share/task2_node/hook/pythonpath.dsv'
[7.946s] INFO:colcon.colcon_core.shell:Creating environment hook '/home/orangepi/AUV_ROS2/install/task2_node/share/task2_node/hook/pythonpath.sh'
[7.949s] Level 1:colcon.colcon_core.environment:checking '/home/orangepi/AUV_ROS2/install/task2_node/bin'
[7.949s] Level 1:colcon.colcon_core.environment:create_environment_scripts_only(task2_node)
[8.037s] INFO:colcon.colcon_core.shell:Creating package script '/home/orangepi/AUV_ROS2/install/task2_node/share/task2_node/package.ps1'
[8.039s] INFO:colcon.colcon_core.shell:Creating package descriptor '/home/orangepi/AUV_ROS2/install/task2_node/share/task2_node/package.dsv'
[8.042s] INFO:colcon.colcon_core.shell:Creating package script '/home/orangepi/AUV_ROS2/install/task2_node/share/task2_node/package.sh'
[8.045s] INFO:colcon.colcon_core.shell:Creating package script '/home/orangepi/AUV_ROS2/install/task2_node/share/task2_node/package.bash'
[8.046s] INFO:colcon.colcon_core.shell:Creating package script '/home/orangepi/AUV_ROS2/install/task2_node/share/task2_node/package.zsh'
[8.048s] Level 1:colcon.colcon_core.environment:create_file_with_runtime_dependencies(/home/orangepi/AUV_ROS2/install/task2_node/share/colcon-core/packages/task2_node)
[8.055s] DEBUG:colcon.colcon_core.event_handler.log_command:Invoked command in '/home/orangepi/AUV_ROS2/src/control_node' returned '0': PYTHONPATH=/home/orangepi/AUV_ROS2/build/control_node/prefix_override:/home/orangepi/AUV_ROS2/install/control_node/lib/python3.10/site-packages:${PYTHONPATH} /usr/bin/python3 setup.py egg_info --egg-base ../../build/control_node build --build-base /home/orangepi/AUV_ROS2/build/control_node/build install --record /home/orangepi/AUV_ROS2/build/control_node/install.log --single-version-externally-managed
[8.187s] Level 1:colcon.colcon_core.environment:checking '/home/orangepi/AUV_ROS2/install/control_node' for CMake module files
[8.189s] Level 1:colcon.colcon_core.environment:checking '/home/orangepi/AUV_ROS2/install/control_node' for CMake config files
[8.192s] Level 1:colcon.colcon_core.environment:checking '/home/orangepi/AUV_ROS2/install/control_node/lib'
[8.193s] Level 1:colcon.colcon_core.environment:checking '/home/orangepi/AUV_ROS2/install/control_node/bin'
[8.193s] Level 1:colcon.colcon_core.environment:checking '/home/orangepi/AUV_ROS2/install/control_node/lib/pkgconfig/control_node.pc'
[8.195s] Level 1:colcon.colcon_core.environment:checking '/home/orangepi/AUV_ROS2/install/control_node/lib/python3.10/site-packages'
[8.195s] Level 1:colcon.colcon_core.shell:create_environment_hook('control_node', 'pythonpath')
[8.258s] INFO:colcon.colcon_core.shell:Creating environment hook '/home/orangepi/AUV_ROS2/install/control_node/share/control_node/hook/pythonpath.ps1'
[8.260s] INFO:colcon.colcon_core.shell:Creating environment descriptor '/home/orangepi/AUV_ROS2/install/control_node/share/control_node/hook/pythonpath.dsv'
[8.261s] INFO:colcon.colcon_core.shell:Creating environment hook '/home/orangepi/AUV_ROS2/install/control_node/share/control_node/hook/pythonpath.sh'
[8.262s] Level 1:colcon.colcon_core.environment:checking '/home/orangepi/AUV_ROS2/install/control_node/bin'
[8.262s] Level 1:colcon.colcon_core.environment:create_environment_scripts_only(control_node)
[8.284s] INFO:colcon.colcon_core.shell:Creating package script '/home/orangepi/AUV_ROS2/install/control_node/share/control_node/package.ps1'
[8.285s] INFO:colcon.colcon_core.shell:Creating package descriptor '/home/orangepi/AUV_ROS2/install/control_node/share/control_node/package.dsv'
[8.285s] INFO:colcon.colcon_core.shell:Creating package script '/home/orangepi/AUV_ROS2/install/control_node/share/control_node/package.sh'
[8.286s] INFO:colcon.colcon_core.shell:Creating package script '/home/orangepi/AUV_ROS2/install/control_node/share/control_node/package.bash'
[8.287s] INFO:colcon.colcon_core.shell:Creating package script '/home/orangepi/AUV_ROS2/install/control_node/share/control_node/package.zsh'
[8.288s] Level 1:colcon.colcon_core.environment:create_file_with_runtime_dependencies(/home/orangepi/AUV_ROS2/install/control_node/share/colcon-core/packages/control_node)
[8.296s] DEBUG:colcon.colcon_core.event_handler.log_command:Invoked command in '/home/orangepi/AUV_ROS2/src/task1_node' returned '0': PYTHONPATH=/home/orangepi/AUV_ROS2/build/task1_node/prefix_override:/home/orangepi/AUV_ROS2/install/task1_node/lib/python3.10/site-packages:${PYTHONPATH} /usr/bin/python3 setup.py egg_info --egg-base ../../build/task1_node build --build-base /home/orangepi/AUV_ROS2/build/task1_node/build install --record /home/orangepi/AUV_ROS2/build/task1_node/install.log --single-version-externally-managed
[8.328s] Level 1:colcon.colcon_core.environment:checking '/home/orangepi/AUV_ROS2/install/task1_node' for CMake module files
[8.329s] Level 1:colcon.colcon_core.environment:checking '/home/orangepi/AUV_ROS2/install/task1_node' for CMake config files
[8.330s] Level 1:colcon.colcon_core.environment:checking '/home/orangepi/AUV_ROS2/install/task1_node/lib'
[8.330s] Level 1:colcon.colcon_core.environment:checking '/home/orangepi/AUV_ROS2/install/task1_node/bin'
[8.331s] Level 1:colcon.colcon_core.environment:checking '/home/orangepi/AUV_ROS2/install/task1_node/lib/pkgconfig/task1_node.pc'
[8.331s] Level 1:colcon.colcon_core.environment:checking '/home/orangepi/AUV_ROS2/install/task1_node/lib/python3.10/site-packages'
[8.331s] Level 1:colcon.colcon_core.shell:create_environment_hook('task1_node', 'pythonpath')
[8.356s] INFO:colcon.colcon_core.shell:Creating environment hook '/home/orangepi/AUV_ROS2/install/task1_node/share/task1_node/hook/pythonpath.ps1'
[8.357s] INFO:colcon.colcon_core.shell:Creating environment descriptor '/home/orangepi/AUV_ROS2/install/task1_node/share/task1_node/hook/pythonpath.dsv'
[8.358s] INFO:colcon.colcon_core.shell:Creating environment hook '/home/orangepi/AUV_ROS2/install/task1_node/share/task1_node/hook/pythonpath.sh'
[8.359s] Level 1:colcon.colcon_core.environment:checking '/home/orangepi/AUV_ROS2/install/task1_node/bin'
[8.359s] Level 1:colcon.colcon_core.environment:create_environment_scripts_only(task1_node)
[8.380s] INFO:colcon.colcon_core.shell:Creating package script '/home/orangepi/AUV_ROS2/install/task1_node/share/task1_node/package.ps1'
[8.381s] INFO:colcon.colcon_core.shell:Creating package descriptor '/home/orangepi/AUV_ROS2/install/task1_node/share/task1_node/package.dsv'
[8.382s] INFO:colcon.colcon_core.shell:Creating package script '/home/orangepi/AUV_ROS2/install/task1_node/share/task1_node/package.sh'
[8.382s] INFO:colcon.colcon_core.shell:Creating package script '/home/orangepi/AUV_ROS2/install/task1_node/share/task1_node/package.bash'
[8.383s] INFO:colcon.colcon_core.shell:Creating package script '/home/orangepi/AUV_ROS2/install/task1_node/share/task1_node/package.zsh'
[8.384s] Level 1:colcon.colcon_core.environment:create_file_with_runtime_dependencies(/home/orangepi/AUV_ROS2/install/task1_node/share/colcon-core/packages/task1_node)
[8.390s] DEBUG:colcon.colcon_core.event_handler.log_command:Invoked command in '/home/orangepi/AUV_ROS2/src/buoyancy_node' returned '0': PYTHONPATH=/home/orangepi/AUV_ROS2/build/buoyancy_node/prefix_override:/home/orangepi/AUV_ROS2/install/buoyancy_node/lib/python3.10/site-packages:${PYTHONPATH} /usr/bin/python3 setup.py egg_info --egg-base ../../build/buoyancy_node build --build-base /home/orangepi/AUV_ROS2/build/buoyancy_node/build install --record /home/orangepi/AUV_ROS2/build/buoyancy_node/install.log --single-version-externally-managed
[8.408s] Level 1:colcon.colcon_core.environment:checking '/home/orangepi/AUV_ROS2/install/buoyancy_node' for CMake module files
[8.408s] Level 1:colcon.colcon_core.environment:checking '/home/orangepi/AUV_ROS2/install/buoyancy_node' for CMake config files
[8.409s] Level 1:colcon.colcon_core.environment:checking '/home/orangepi/AUV_ROS2/install/buoyancy_node/lib'
[8.409s] Level 1:colcon.colcon_core.environment:checking '/home/orangepi/AUV_ROS2/install/buoyancy_node/bin'
[8.410s] Level 1:colcon.colcon_core.environment:checking '/home/orangepi/AUV_ROS2/install/buoyancy_node/lib/pkgconfig/buoyancy_node.pc'
[8.410s] Level 1:colcon.colcon_core.environment:checking '/home/orangepi/AUV_ROS2/install/buoyancy_node/lib/python3.10/site-packages'
[8.410s] Level 1:colcon.colcon_core.shell:create_environment_hook('buoyancy_node', 'pythonpath')
[8.429s] INFO:colcon.colcon_core.shell:Creating environment hook '/home/orangepi/AUV_ROS2/install/buoyancy_node/share/buoyancy_node/hook/pythonpath.ps1'
[8.430s] INFO:colcon.colcon_core.shell:Creating environment descriptor '/home/orangepi/AUV_ROS2/install/buoyancy_node/share/buoyancy_node/hook/pythonpath.dsv'
[8.431s] INFO:colcon.colcon_core.shell:Creating environment hook '/home/orangepi/AUV_ROS2/install/buoyancy_node/share/buoyancy_node/hook/pythonpath.sh'
[8.432s] Level 1:colcon.colcon_core.environment:checking '/home/orangepi/AUV_ROS2/install/buoyancy_node/bin'
[8.432s] Level 1:colcon.colcon_core.environment:create_environment_scripts_only(buoyancy_node)
[8.453s] INFO:colcon.colcon_core.shell:Creating package script '/home/orangepi/AUV_ROS2/install/buoyancy_node/share/buoyancy_node/package.ps1'
[8.454s] INFO:colcon.colcon_core.shell:Creating package descriptor '/home/orangepi/AUV_ROS2/install/buoyancy_node/share/buoyancy_node/package.dsv'
[8.455s] INFO:colcon.colcon_core.shell:Creating package script '/home/orangepi/AUV_ROS2/install/buoyancy_node/share/buoyancy_node/package.sh'
[8.456s] INFO:colcon.colcon_core.shell:Creating package script '/home/orangepi/AUV_ROS2/install/buoyancy_node/share/buoyancy_node/package.bash'
[8.457s] INFO:colcon.colcon_core.shell:Creating package script '/home/orangepi/AUV_ROS2/install/buoyancy_node/share/buoyancy_node/package.zsh'
[8.457s] Level 1:colcon.colcon_core.environment:create_file_with_runtime_dependencies(/home/orangepi/AUV_ROS2/install/buoyancy_node/share/colcon-core/packages/buoyancy_node)
[8.464s] DEBUG:colcon.colcon_core.event_handler.log_command:Invoked command in '/home/orangepi/AUV_ROS2/src/master_node' returned '0': PYTHONPATH=/home/orangepi/AUV_ROS2/build/master_node/prefix_override:/home/orangepi/AUV_ROS2/install/master_node/lib/python3.10/site-packages:${PYTHONPATH} /usr/bin/python3 setup.py egg_info --egg-base ../../build/master_node build --build-base /home/orangepi/AUV_ROS2/build/master_node/build install --record /home/orangepi/AUV_ROS2/build/master_node/install.log --single-version-externally-managed
[8.482s] Level 1:colcon.colcon_core.environment:checking '/home/orangepi/AUV_ROS2/install/master_node' for CMake module files
[8.483s] Level 1:colcon.colcon_core.environment:checking '/home/orangepi/AUV_ROS2/install/master_node' for CMake config files
[8.485s] Level 1:colcon.colcon_core.environment:checking '/home/orangepi/AUV_ROS2/install/master_node/lib'
[8.485s] Level 1:colcon.colcon_core.environment:checking '/home/orangepi/AUV_ROS2/install/master_node/bin'
[8.485s] Level 1:colcon.colcon_core.environment:checking '/home/orangepi/AUV_ROS2/install/master_node/lib/pkgconfig/master_node.pc'
[8.485s] Level 1:colcon.colcon_core.environment:checking '/home/orangepi/AUV_ROS2/install/master_node/lib/python3.10/site-packages'
[8.485s] Level 1:colcon.colcon_core.shell:create_environment_hook('master_node', 'pythonpath')
[8.505s] INFO:colcon.colcon_core.shell:Creating environment hook '/home/orangepi/AUV_ROS2/install/master_node/share/master_node/hook/pythonpath.ps1'
[8.506s] INFO:colcon.colcon_core.shell:Creating environment descriptor '/home/orangepi/AUV_ROS2/install/master_node/share/master_node/hook/pythonpath.dsv'
[8.506s] INFO:colcon.colcon_core.shell:Creating environment hook '/home/orangepi/AUV_ROS2/install/master_node/share/master_node/hook/pythonpath.sh'
[8.507s] Level 1:colcon.colcon_core.environment:checking '/home/orangepi/AUV_ROS2/install/master_node/bin'
[8.507s] Level 1:colcon.colcon_core.environment:create_environment_scripts_only(master_node)
[8.528s] INFO:colcon.colcon_core.shell:Creating package script '/home/orangepi/AUV_ROS2/install/master_node/share/master_node/package.ps1'
[8.529s] INFO:colcon.colcon_core.shell:Creating package descriptor '/home/orangepi/AUV_ROS2/install/master_node/share/master_node/package.dsv'
[8.529s] INFO:colcon.colcon_core.shell:Creating package script '/home/orangepi/AUV_ROS2/install/master_node/share/master_node/package.sh'
[8.530s] INFO:colcon.colcon_core.shell:Creating package script '/home/orangepi/AUV_ROS2/install/master_node/share/master_node/package.bash'
[8.531s] INFO:colcon.colcon_core.shell:Creating package script '/home/orangepi/AUV_ROS2/install/master_node/share/master_node/package.zsh'
[8.531s] Level 1:colcon.colcon_core.environment:create_file_with_runtime_dependencies(/home/orangepi/AUV_ROS2/install/master_node/share/colcon-core/packages/master_node)
[8.532s] DEBUG:colcon.colcon_parallel_executor.executor.parallel:closing loop
[8.532s] DEBUG:colcon.colcon_parallel_executor.executor.parallel:loop closed
[8.532s] DEBUG:colcon.colcon_parallel_executor.executor.parallel:run_until_complete finished with '0'
[8.532s] DEBUG:colcon.colcon_core.event_reactor:joining thread
[8.596s] INFO:colcon.colcon_core.plugin_system:Skipping extension 'colcon_notification.desktop_notification.terminal_notifier': Not used on non-Darwin systems
[8.596s] INFO:colcon.colcon_core.plugin_system:Skipping extension 'colcon_notification.desktop_notification.win32': Not used on non-Windows systems
[8.597s] INFO:colcon.colcon_notification.desktop_notification:Sending desktop notification using 'notify2'
[8.599s] DEBUG:colcon.colcon_notification.desktop_notification.notify2:Failed to initialize notify2: org.freedesktop.DBus.Error.ServiceUnknown: The name org.freedesktop.Notifications was not provided by any .service files
[8.599s] DEBUG:colcon.colcon_core.event_reactor:joined thread
[8.621s] INFO:colcon.colcon_core.shell:Creating prefix script '/home/orangepi/AUV_ROS2/install/local_setup.ps1'
[8.622s] INFO:colcon.colcon_core.shell:Creating prefix util module '/home/orangepi/AUV_ROS2/install/_local_setup_util_ps1.py'
[8.625s] INFO:colcon.colcon_core.shell:Creating prefix chain script '/home/orangepi/AUV_ROS2/install/setup.ps1'
[8.647s] INFO:colcon.colcon_core.shell:Creating prefix script '/home/orangepi/AUV_ROS2/install/local_setup.sh'
[8.648s] INFO:colcon.colcon_core.shell:Creating prefix util module '/home/orangepi/AUV_ROS2/install/_local_setup_util_sh.py'
[8.649s] INFO:colcon.colcon_core.shell:Creating prefix chain script '/home/orangepi/AUV_ROS2/install/setup.sh'
[8.671s] INFO:colcon.colcon_core.shell:Creating prefix script '/home/orangepi/AUV_ROS2/install/local_setup.bash'
[8.671s] INFO:colcon.colcon_core.shell:Creating prefix chain script '/home/orangepi/AUV_ROS2/install/setup.bash'
[8.693s] INFO:colcon.colcon_core.shell:Creating prefix script '/home/orangepi/AUV_ROS2/install/local_setup.zsh'
[8.694s] INFO:colcon.colcon_core.shell:Creating prefix chain script '/home/orangepi/AUV_ROS2/install/setup.zsh'
