running egg_info
writing ../../build/task1_gate_detection/task1_gate_detection.egg-info/PKG-INFO
writing dependency_links to ../../build/task1_gate_detection/task1_gate_detection.egg-info/dependency_links.txt
writing entry points to ../../build/task1_gate_detection/task1_gate_detection.egg-info/entry_points.txt
writing requirements to ../../build/task1_gate_detection/task1_gate_detection.egg-info/requires.txt
writing top-level names to ../../build/task1_gate_detection/task1_gate_detection.egg-info/top_level.txt
reading manifest file '../../build/task1_gate_detection/task1_gate_detection.egg-info/SOURCES.txt'
writing manifest file '../../build/task1_gate_detection/task1_gate_detection.egg-info/SOURCES.txt'
running build
running build_py
running install
running install_lib
running install_data
/usr/lib/python3/dist-packages/setuptools/command/install.py:34: SetuptoolsDeprecationWarning: setup.py install is deprecated. Use build and pip and other standards-based tools.
  warnings.warn(
running install_egg_info
removing '/home/orangepi/AUV_ROS2/install/task1_gate_detection/lib/python3.10/site-packages/task1_gate_detection-0.0.0-py3.10.egg-info' (and everything under it)
Copying ../../build/task1_gate_detection/task1_gate_detection.egg-info to /home/orangepi/AUV_ROS2/install/task1_gate_detection/lib/python3.10/site-packages/task1_gate_detection-0.0.0-py3.10.egg-info
running install_scripts
Installing identify_image script to /home/orangepi/AUV_ROS2/install/task1_gate_detection/lib/task1_gate_detection
writing list of installed files to '/home/orangepi/AUV_ROS2/build/task1_gate_detection/install.log'
