[2.570s] Invoking command in '/home/orangepi/AUV_ROS2/src/task2_node': PYTHONPATH=/home/orangepi/AUV_ROS2/build/task2_node/prefix_override:/home/orangepi/AUV_ROS2/install/task2_node/lib/python3.10/site-packages:${PYTHONPATH} /usr/bin/python3 -W ignore:setup.py install is deprecated setup.py egg_info --egg-base ../../build/task2_node build --build-base /home/orangepi/AUV_ROS2/build/task2_node/build install --record /home/orangepi/AUV_ROS2/build/task2_node/install.log --single-version-externally-managed install_data
[3.535s] running egg_info
[3.536s] writing ../../build/task2_node/task2_node.egg-info/PKG-INFO
[3.537s] writing dependency_links to ../../build/task2_node/task2_node.egg-info/dependency_links.txt
[3.537s] writing entry points to ../../build/task2_node/task2_node.egg-info/entry_points.txt
[3.538s] writing requirements to ../../build/task2_node/task2_node.egg-info/requires.txt
[3.538s] writing top-level names to ../../build/task2_node/task2_node.egg-info/top_level.txt
[3.541s] reading manifest file '../../build/task2_node/task2_node.egg-info/SOURCES.txt'
[3.542s] adding license file 'LICENSE'
[3.542s] writing manifest file '../../build/task2_node/task2_node.egg-info/SOURCES.txt'
[3.543s] running build
[3.543s] running build_py
[3.543s] running install
[3.544s] running install_lib
[3.546s] running install_data
[3.546s] running install_egg_info
[3.549s] removing '/home/orangepi/AUV_ROS2/install/task2_node/lib/python3.10/site-packages/task2_node-0.0.0-py3.10.egg-info' (and everything under it)
[3.552s] Copying ../../build/task2_node/task2_node.egg-info to /home/orangepi/AUV_ROS2/install/task2_node/lib/python3.10/site-packages/task2_node-0.0.0-py3.10.egg-info
[3.566s] running install_scripts
[3.645s] Installing task2_node script to /home/orangepi/AUV_ROS2/install/task2_node/lib/task2_node
[3.651s] writing list of installed files to '/home/orangepi/AUV_ROS2/build/task2_node/install.log'
[3.845s] Invoked command in '/home/orangepi/AUV_ROS2/src/task2_node' returned '0': PYTHONPATH=/home/orangepi/AUV_ROS2/build/task2_node/prefix_override:/home/orangepi/AUV_ROS2/install/task2_node/lib/python3.10/site-packages:${PYTHONPATH} /usr/bin/python3 -W ignore:setup.py install is deprecated setup.py egg_info --egg-base ../../build/task2_node build --build-base /home/orangepi/AUV_ROS2/build/task2_node/build install --record /home/orangepi/AUV_ROS2/build/task2_node/install.log --single-version-externally-managed install_data
