[4.589s] Invoking command in '/home/orangepi/AUV_ROS2/src/start_auv': PYTHONPATH=/home/orangepi/AUV_ROS2/build/start_auv/prefix_override:/home/orangepi/AUV_ROS2/install/start_auv/lib/python3.10/site-packages:${PYTHONPATH} /usr/bin/python3 -W ignore:setup.py install is deprecated setup.py egg_info --egg-base ../../build/start_auv build --build-base /home/orangepi/AUV_ROS2/build/start_auv/build install --record /home/orangepi/AUV_ROS2/build/start_auv/install.log --single-version-externally-managed install_data
[4.962s] running egg_info
[4.965s] writing ../../build/start_auv/start_auv.egg-info/PKG-INFO
[4.967s] writing dependency_links to ../../build/start_auv/start_auv.egg-info/dependency_links.txt
[4.967s] writing entry points to ../../build/start_auv/start_auv.egg-info/entry_points.txt
[4.968s] writing requirements to ../../build/start_auv/start_auv.egg-info/requires.txt
[4.968s] writing top-level names to ../../build/start_auv/start_auv.egg-info/top_level.txt
[4.981s] reading manifest file '../../build/start_auv/start_auv.egg-info/SOURCES.txt'
[4.985s] writing manifest file '../../build/start_auv/start_auv.egg-info/SOURCES.txt'
[4.986s] running build
[4.986s] running build_py
[4.986s] running install
[4.987s] running install_lib
[4.987s] running install_data
[4.988s] running install_egg_info
[4.989s] removing '/home/orangepi/AUV_ROS2/install/start_auv/lib/python3.10/site-packages/start_auv-0.0.0-py3.10.egg-info' (and everything under it)
[4.990s] Copying ../../build/start_auv/start_auv.egg-info to /home/orangepi/AUV_ROS2/install/start_auv/lib/python3.10/site-packages/start_auv-0.0.0-py3.10.egg-info
[4.994s] running install_scripts
[5.014s] writing list of installed files to '/home/orangepi/AUV_ROS2/build/start_auv/install.log'
[7.243s] Invoked command in '/home/orangepi/AUV_ROS2/src/start_auv' returned '0': PYTHONPATH=/home/orangepi/AUV_ROS2/build/start_auv/prefix_override:/home/orangepi/AUV_ROS2/install/start_auv/lib/python3.10/site-packages:${PYTHONPATH} /usr/bin/python3 -W ignore:setup.py install is deprecated setup.py egg_info --egg-base ../../build/start_auv build --build-base /home/orangepi/AUV_ROS2/build/start_auv/build install --record /home/orangepi/AUV_ROS2/build/start_auv/install.log --single-version-externally-managed install_data
