[6.157s] Invoking command in '/home/orangepi/AUV_ROS2/src/q_gate_detection': PYTHONPATH=/home/orangepi/AUV_ROS2/build/q_gate_detection/prefix_override:/home/orangepi/AUV_ROS2/install/q_gate_detection/lib/python3.10/site-packages:${PYTHONPATH} /usr/bin/python3 setup.py egg_info --egg-base ../../build/q_gate_detection build --build-base /home/orangepi/AUV_ROS2/build/q_gate_detection/build install --record /home/orangepi/AUV_ROS2/build/q_gate_detection/install.log --single-version-externally-managed
[6.518s] running egg_info
[6.525s] writing ../../build/q_gate_detection/q_gate_detection.egg-info/PKG-INFO
[6.530s] writing dependency_links to ../../build/q_gate_detection/q_gate_detection.egg-info/dependency_links.txt
[6.532s] writing entry points to ../../build/q_gate_detection/q_gate_detection.egg-info/entry_points.txt
[6.533s] writing requirements to ../../build/q_gate_detection/q_gate_detection.egg-info/requires.txt
[6.535s] writing top-level names to ../../build/q_gate_detection/q_gate_detection.egg-info/top_level.txt
[6.553s] reading manifest file '../../build/q_gate_detection/q_gate_detection.egg-info/SOURCES.txt'
[6.556s] writing manifest file '../../build/q_gate_detection/q_gate_detection.egg-info/SOURCES.txt'
[6.558s] running build
[6.559s] running build_py
[6.561s] running install
[6.564s] /usr/lib/python3/dist-packages/setuptools/command/install.py:34: SetuptoolsDeprecationWarning: setup.py install is deprecated. Use build and pip and other standards-based tools.
[6.566s]   warnings.warn(
[6.568s] running install_lib
[6.592s] running install_data
[6.593s] running install_egg_info
[6.595s] removing '/home/orangepi/AUV_ROS2/install/q_gate_detection/lib/python3.10/site-packages/q_gate_detection-0.0.0-py3.10.egg-info' (and everything under it)
[6.596s] Copying ../../build/q_gate_detection/q_gate_detection.egg-info to /home/orangepi/AUV_ROS2/install/q_gate_detection/lib/python3.10/site-packages/q_gate_detection-0.0.0-py3.10.egg-info
[6.598s] running install_scripts
[6.605s] Installing q_gate_detect script to /home/orangepi/AUV_ROS2/install/q_gate_detection/lib/q_gate_detection
[6.608s] writing list of installed files to '/home/orangepi/AUV_ROS2/build/q_gate_detection/install.log'
[6.842s] Invoked command in '/home/orangepi/AUV_ROS2/src/q_gate_detection' returned '0': PYTHONPATH=/home/orangepi/AUV_ROS2/build/q_gate_detection/prefix_override:/home/orangepi/AUV_ROS2/install/q_gate_detection/lib/python3.10/site-packages:${PYTHONPATH} /usr/bin/python3 setup.py egg_info --egg-base ../../build/q_gate_detection build --build-base /home/orangepi/AUV_ROS2/build/q_gate_detection/build install --record /home/orangepi/AUV_ROS2/build/q_gate_detection/install.log --single-version-externally-managed
