[3.794s] Invoking command in '/home/orangepi/AUV_ROS2/src/task2_drum_detection': PYTHONPATH=/home/orangepi/AUV_ROS2/build/task2_drum_detection/prefix_override:/home/orangepi/AUV_ROS2/install/task2_drum_detection/lib/python3.10/site-packages:${PYTHONPATH} /usr/bin/python3 -W ignore:setup.py install is deprecated setup.py egg_info --egg-base ../../build/task2_drum_detection build --build-base /home/orangepi/AUV_ROS2/build/task2_drum_detection/build install --record /home/orangepi/AUV_ROS2/build/task2_drum_detection/install.log --single-version-externally-managed install_data
[4.204s] running egg_info
[4.206s] writing ../../build/task2_drum_detection/task2_drum_detection.egg-info/PKG-INFO
[4.214s] writing dependency_links to ../../build/task2_drum_detection/task2_drum_detection.egg-info/dependency_links.txt
[4.214s] writing entry points to ../../build/task2_drum_detection/task2_drum_detection.egg-info/entry_points.txt
[4.214s] writing requirements to ../../build/task2_drum_detection/task2_drum_detection.egg-info/requires.txt
[4.214s] writing top-level names to ../../build/task2_drum_detection/task2_drum_detection.egg-info/top_level.txt
[4.219s] reading manifest file '../../build/task2_drum_detection/task2_drum_detection.egg-info/SOURCES.txt'
[4.220s] writing manifest file '../../build/task2_drum_detection/task2_drum_detection.egg-info/SOURCES.txt'
[4.234s] running build
[4.235s] running build_py
[4.235s] running install
[4.236s] running install_lib
[4.238s] running install_data
[4.239s] running install_egg_info
[4.241s] removing '/home/orangepi/AUV_ROS2/install/task2_drum_detection/lib/python3.10/site-packages/task2_drum_detection-0.0.0-py3.10.egg-info' (and everything under it)
[4.242s] Copying ../../build/task2_drum_detection/task2_drum_detection.egg-info to /home/orangepi/AUV_ROS2/install/task2_drum_detection/lib/python3.10/site-packages/task2_drum_detection-0.0.0-py3.10.egg-info
[4.243s] running install_scripts
[4.292s] Installing drum_detection script to /home/orangepi/AUV_ROS2/install/task2_drum_detection/lib/task2_drum_detection
[4.293s] writing list of installed files to '/home/orangepi/AUV_ROS2/build/task2_drum_detection/install.log'
[4.367s] Invoked command in '/home/orangepi/AUV_ROS2/src/task2_drum_detection' returned '0': PYTHONPATH=/home/orangepi/AUV_ROS2/build/task2_drum_detection/prefix_override:/home/orangepi/AUV_ROS2/install/task2_drum_detection/lib/python3.10/site-packages:${PYTHONPATH} /usr/bin/python3 -W ignore:setup.py install is deprecated setup.py egg_info --egg-base ../../build/task2_drum_detection build --build-base /home/orangepi/AUV_ROS2/build/task2_drum_detection/build install --record /home/orangepi/AUV_ROS2/build/task2_drum_detection/install.log --single-version-externally-managed install_data
