[0.102s] Invoking command in '/home/orangepi/AUV_ROS2/build/facer_interfaces': CMAKE_PREFIX_PATH=${CMAKE_PREFIX_PATH}:/home/orangepi/AUV_ROS2/install/task2_node:/home/orangepi/AUV_ROS2/install/task2_drum_detection:/home/orangepi/AUV_ROS2/install/task1_node:/home/orangepi/AUV_ROS2/install/task1_gate_detection:/home/orangepi/AUV_ROS2/install/task1_flare_detection:/home/orangepi/AUV_ROS2/install/status_node:/home/orangepi/AUV_ROS2/install/start_auv:/home/orangepi/AUV_ROS2/install/remote_node:/home/orangepi/AUV_ROS2/install/q_gate_detection:/home/orangepi/AUV_ROS2/install/master_node_simulation:/home/orangepi/AUV_ROS2/install/master_node:/home/orangepi/AUV_ROS2/install/facer_input:/home/orangepi/AUV_ROS2/install/control_node:/home/orangepi/AUV_ROS2/install/buoyancy_node:/home/orangepi/opencv_ws/install/task2_drum_detection:/home/orangepi/opencv_ws/install/task1_gate_detection:/home/orangepi/opencv_ws/install/task1_flare_detection:/home/orangepi/opencv_ws/install/q_gate_detection:/home/orangepi/opencv_ws/install/master_node_simulation:/home/orangepi/opencv_ws/install/facer_input:/opt/ros/humble /usr/bin/cmake --build /home/orangepi/AUV_ROS2/build/facer_interfaces -- -j8 -l8
[2.490s] [  3%] Built target facer_interfaces__cpp
[2.490s] [  6%] Built target ament_cmake_python_copy_facer_interfaces
[2.491s] [ 12%] Built target facer_interfaces__rosidl_generator_c
[2.491s] [ 22%] Built target facer_interfaces__rosidl_typesupport_cpp
[2.492s] [ 32%] Built target facer_interfaces__rosidl_typesupport_introspection_cpp
[2.492s] [ 51%] Built target facer_interfaces__rosidl_typesupport_fastrtps_cpp
[2.493s] [ 51%] Built target facer_interfaces__rosidl_typesupport_c
[2.494s] [ 61%] Built target facer_interfaces__rosidl_typesupport_introspection_c
[2.494s] [ 70%] Built target facer_interfaces__rosidl_typesupport_fastrtps_c
[2.494s] [ 70%] Built target facer_interfaces
[2.495s] [ 74%] Built target facer_interfaces__py
[2.495s] [ 80%] Built target facer_interfaces__rosidl_generator_py
[2.496s] [ 87%] Built target facer_interfaces__rosidl_typesupport_introspection_c__pyext
[2.496s] [ 93%] Built target facer_interfaces__rosidl_typesupport_c__pyext
[2.497s] [100%] Built target facer_interfaces__rosidl_typesupport_fastrtps_c__pyext
[2.497s] running egg_info
[2.497s] writing facer_interfaces.egg-info/PKG-INFO
[2.498s] writing dependency_links to facer_interfaces.egg-info/dependency_links.txt
[2.498s] writing top-level names to facer_interfaces.egg-info/top_level.txt
[2.499s] reading manifest file 'facer_interfaces.egg-info/SOURCES.txt'
[2.499s] writing manifest file 'facer_interfaces.egg-info/SOURCES.txt'
[2.500s] [100%] Built target ament_cmake_python_build_facer_interfaces_egg
[2.997s] Invoked command in '/home/orangepi/AUV_ROS2/build/facer_interfaces' returned '0': CMAKE_PREFIX_PATH=${CMAKE_PREFIX_PATH}:/home/orangepi/AUV_ROS2/install/task2_node:/home/orangepi/AUV_ROS2/install/task2_drum_detection:/home/orangepi/AUV_ROS2/install/task1_node:/home/orangepi/AUV_ROS2/install/task1_gate_detection:/home/orangepi/AUV_ROS2/install/task1_flare_detection:/home/orangepi/AUV_ROS2/install/status_node:/home/orangepi/AUV_ROS2/install/start_auv:/home/orangepi/AUV_ROS2/install/remote_node:/home/orangepi/AUV_ROS2/install/q_gate_detection:/home/orangepi/AUV_ROS2/install/master_node_simulation:/home/orangepi/AUV_ROS2/install/master_node:/home/orangepi/AUV_ROS2/install/facer_input:/home/orangepi/AUV_ROS2/install/control_node:/home/orangepi/AUV_ROS2/install/buoyancy_node:/home/orangepi/opencv_ws/install/task2_drum_detection:/home/orangepi/opencv_ws/install/task1_gate_detection:/home/orangepi/opencv_ws/install/task1_flare_detection:/home/orangepi/opencv_ws/install/q_gate_detection:/home/orangepi/opencv_ws/install/master_node_simulation:/home/orangepi/opencv_ws/install/facer_input:/opt/ros/humble /usr/bin/cmake --build /home/orangepi/AUV_ROS2/build/facer_interfaces -- -j8 -l8
[3.260s] Invoking command in '/home/orangepi/AUV_ROS2/build/facer_interfaces': CMAKE_PREFIX_PATH=${CMAKE_PREFIX_PATH}:/home/orangepi/AUV_ROS2/install/task2_node:/home/orangepi/AUV_ROS2/install/task2_drum_detection:/home/orangepi/AUV_ROS2/install/task1_node:/home/orangepi/AUV_ROS2/install/task1_gate_detection:/home/orangepi/AUV_ROS2/install/task1_flare_detection:/home/orangepi/AUV_ROS2/install/status_node:/home/orangepi/AUV_ROS2/install/start_auv:/home/orangepi/AUV_ROS2/install/remote_node:/home/orangepi/AUV_ROS2/install/q_gate_detection:/home/orangepi/AUV_ROS2/install/master_node_simulation:/home/orangepi/AUV_ROS2/install/master_node:/home/orangepi/AUV_ROS2/install/facer_input:/home/orangepi/AUV_ROS2/install/control_node:/home/orangepi/AUV_ROS2/install/buoyancy_node:/home/orangepi/opencv_ws/install/task2_drum_detection:/home/orangepi/opencv_ws/install/task1_gate_detection:/home/orangepi/opencv_ws/install/task1_flare_detection:/home/orangepi/opencv_ws/install/q_gate_detection:/home/orangepi/opencv_ws/install/master_node_simulation:/home/orangepi/opencv_ws/install/facer_input:/opt/ros/humble /usr/bin/cmake --install /home/orangepi/AUV_ROS2/build/facer_interfaces
[3.296s] -- Install configuration: ""
[3.297s] -- Up-to-date: /home/orangepi/AUV_ROS2/install/facer_interfaces/share/ament_index/resource_index/rosidl_interfaces/facer_interfaces
[3.298s] -- Up-to-date: /home/orangepi/AUV_ROS2/install/facer_interfaces/include/facer_interfaces/facer_interfaces
[3.298s] -- Up-to-date: /home/orangepi/AUV_ROS2/install/facer_interfaces/include/facer_interfaces/facer_interfaces/srv
[3.299s] -- Up-to-date: /home/orangepi/AUV_ROS2/install/facer_interfaces/include/facer_interfaces/facer_interfaces/srv/detection_result.h
[3.300s] -- Up-to-date: /home/orangepi/AUV_ROS2/install/facer_interfaces/include/facer_interfaces/facer_interfaces/srv/detail
[3.301s] -- Up-to-date: /home/orangepi/AUV_ROS2/install/facer_interfaces/include/facer_interfaces/facer_interfaces/srv/detail/detection_result__functions.c
[3.302s] -- Up-to-date: /home/orangepi/AUV_ROS2/install/facer_interfaces/include/facer_interfaces/facer_interfaces/srv/detail/detection_result__functions.h
[3.302s] -- Up-to-date: /home/orangepi/AUV_ROS2/install/facer_interfaces/include/facer_interfaces/facer_interfaces/srv/detail/detection_result__struct.h
[3.303s] -- Up-to-date: /home/orangepi/AUV_ROS2/install/facer_interfaces/include/facer_interfaces/facer_interfaces/srv/detail/detection_result__type_support.h
[3.304s] -- Up-to-date: /home/orangepi/AUV_ROS2/install/facer_interfaces/include/facer_interfaces/facer_interfaces/msg
[3.304s] -- Up-to-date: /home/orangepi/AUV_ROS2/install/facer_interfaces/include/facer_interfaces/facer_interfaces/msg/rosidl_generator_c__visibility_control.h
[3.305s] -- Up-to-date: /home/orangepi/AUV_ROS2/install/facer_interfaces/share/facer_interfaces/environment/library_path.sh
[3.306s] -- Up-to-date: /home/orangepi/AUV_ROS2/install/facer_interfaces/share/facer_interfaces/environment/library_path.dsv
[3.308s] -- Up-to-date: /home/orangepi/AUV_ROS2/install/facer_interfaces/lib/libfacer_interfaces__rosidl_generator_c.so
[3.309s] -- Up-to-date: /home/orangepi/AUV_ROS2/install/facer_interfaces/include/facer_interfaces/facer_interfaces
[3.310s] -- Up-to-date: /home/orangepi/AUV_ROS2/install/facer_interfaces/include/facer_interfaces/facer_interfaces/srv
[3.312s] -- Up-to-date: /home/orangepi/AUV_ROS2/install/facer_interfaces/include/facer_interfaces/facer_interfaces/srv/detail
[3.314s] -- Up-to-date: /home/orangepi/AUV_ROS2/install/facer_interfaces/include/facer_interfaces/facer_interfaces/srv/detail/detection_result__rosidl_typesupport_fastrtps_c.h
[3.314s] -- Up-to-date: /home/orangepi/AUV_ROS2/install/facer_interfaces/include/facer_interfaces/facer_interfaces/msg
[3.315s] -- Up-to-date: /home/orangepi/AUV_ROS2/install/facer_interfaces/include/facer_interfaces/facer_interfaces/msg/rosidl_typesupport_fastrtps_c__visibility_control.h
[3.315s] -- Up-to-date: /home/orangepi/AUV_ROS2/install/facer_interfaces/lib/libfacer_interfaces__rosidl_typesupport_fastrtps_c.so
[3.316s] -- Up-to-date: /home/orangepi/AUV_ROS2/install/facer_interfaces/include/facer_interfaces/facer_interfaces
[3.318s] -- Up-to-date: /home/orangepi/AUV_ROS2/install/facer_interfaces/include/facer_interfaces/facer_interfaces/srv
[3.318s] -- Up-to-date: /home/orangepi/AUV_ROS2/install/facer_interfaces/include/facer_interfaces/facer_interfaces/srv/detail
[3.319s] -- Up-to-date: /home/orangepi/AUV_ROS2/install/facer_interfaces/include/facer_interfaces/facer_interfaces/srv/detail/detection_result__rosidl_typesupport_introspection_c.h
[3.320s] -- Up-to-date: /home/orangepi/AUV_ROS2/install/facer_interfaces/include/facer_interfaces/facer_interfaces/srv/detail/detection_result__type_support.c
[3.320s] -- Up-to-date: /home/orangepi/AUV_ROS2/install/facer_interfaces/include/facer_interfaces/facer_interfaces/msg
[3.322s] -- Up-to-date: /home/orangepi/AUV_ROS2/install/facer_interfaces/include/facer_interfaces/facer_interfaces/msg/rosidl_typesupport_introspection_c__visibility_control.h
[3.323s] -- Up-to-date: /home/orangepi/AUV_ROS2/install/facer_interfaces/lib/libfacer_interfaces__rosidl_typesupport_introspection_c.so
[3.324s] -- Up-to-date: /home/orangepi/AUV_ROS2/install/facer_interfaces/lib/libfacer_interfaces__rosidl_typesupport_c.so
[3.327s] -- Up-to-date: /home/orangepi/AUV_ROS2/install/facer_interfaces/include/facer_interfaces/facer_interfaces
[3.327s] -- Up-to-date: /home/orangepi/AUV_ROS2/install/facer_interfaces/include/facer_interfaces/facer_interfaces/srv
[3.328s] -- Up-to-date: /home/orangepi/AUV_ROS2/install/facer_interfaces/include/facer_interfaces/facer_interfaces/srv/detection_result.hpp
[3.328s] -- Up-to-date: /home/orangepi/AUV_ROS2/install/facer_interfaces/include/facer_interfaces/facer_interfaces/srv/detail
[3.329s] -- Up-to-date: /home/orangepi/AUV_ROS2/install/facer_interfaces/include/facer_interfaces/facer_interfaces/srv/detail/detection_result__builder.hpp
[3.329s] -- Up-to-date: /home/orangepi/AUV_ROS2/install/facer_interfaces/include/facer_interfaces/facer_interfaces/srv/detail/detection_result__struct.hpp
[3.329s] -- Up-to-date: /home/orangepi/AUV_ROS2/install/facer_interfaces/include/facer_interfaces/facer_interfaces/srv/detail/detection_result__traits.hpp
[3.335s] -- Up-to-date: /home/orangepi/AUV_ROS2/install/facer_interfaces/include/facer_interfaces/facer_interfaces
[3.336s] -- Up-to-date: /home/orangepi/AUV_ROS2/install/facer_interfaces/include/facer_interfaces/facer_interfaces/srv
[3.337s] -- Up-to-date: /home/orangepi/AUV_ROS2/install/facer_interfaces/include/facer_interfaces/facer_interfaces/srv/detail
[3.337s] -- Up-to-date: /home/orangepi/AUV_ROS2/install/facer_interfaces/include/facer_interfaces/facer_interfaces/srv/detail/detection_result__rosidl_typesupport_fastrtps_cpp.hpp
[3.338s] -- Up-to-date: /home/orangepi/AUV_ROS2/install/facer_interfaces/include/facer_interfaces/facer_interfaces/srv/detail/dds_fastrtps
[3.338s] -- Up-to-date: /home/orangepi/AUV_ROS2/install/facer_interfaces/include/facer_interfaces/facer_interfaces/msg
[3.338s] -- Up-to-date: /home/orangepi/AUV_ROS2/install/facer_interfaces/include/facer_interfaces/facer_interfaces/msg/rosidl_typesupport_fastrtps_cpp__visibility_control.h
[3.339s] -- Up-to-date: /home/orangepi/AUV_ROS2/install/facer_interfaces/lib/libfacer_interfaces__rosidl_typesupport_fastrtps_cpp.so
[3.339s] -- Up-to-date: /home/orangepi/AUV_ROS2/install/facer_interfaces/include/facer_interfaces/facer_interfaces
[3.340s] -- Up-to-date: /home/orangepi/AUV_ROS2/install/facer_interfaces/include/facer_interfaces/facer_interfaces/srv
[3.340s] -- Up-to-date: /home/orangepi/AUV_ROS2/install/facer_interfaces/include/facer_interfaces/facer_interfaces/srv/detail
[3.341s] -- Up-to-date: /home/orangepi/AUV_ROS2/install/facer_interfaces/include/facer_interfaces/facer_interfaces/srv/detail/detection_result__rosidl_typesupport_introspection_cpp.hpp
[3.341s] -- Up-to-date: /home/orangepi/AUV_ROS2/install/facer_interfaces/include/facer_interfaces/facer_interfaces/srv/detail/detection_result__type_support.cpp
[3.341s] -- Up-to-date: /home/orangepi/AUV_ROS2/install/facer_interfaces/lib/libfacer_interfaces__rosidl_typesupport_introspection_cpp.so
[3.342s] -- Up-to-date: /home/orangepi/AUV_ROS2/install/facer_interfaces/lib/libfacer_interfaces__rosidl_typesupport_cpp.so
[3.342s] -- Up-to-date: /home/orangepi/AUV_ROS2/install/facer_interfaces/share/facer_interfaces/environment/pythonpath.sh
[3.343s] -- Up-to-date: /home/orangepi/AUV_ROS2/install/facer_interfaces/share/facer_interfaces/environment/pythonpath.dsv
[3.344s] -- Up-to-date: /home/orangepi/AUV_ROS2/install/facer_interfaces/local/lib/python3.10/dist-packages/facer_interfaces-0.0.0-py3.10.egg-info
[3.344s] -- Installing: /home/orangepi/AUV_ROS2/install/facer_interfaces/local/lib/python3.10/dist-packages/facer_interfaces-0.0.0-py3.10.egg-info/SOURCES.txt
[3.344s] -- Installing: /home/orangepi/AUV_ROS2/install/facer_interfaces/local/lib/python3.10/dist-packages/facer_interfaces-0.0.0-py3.10.egg-info/top_level.txt
[3.345s] -- Installing: /home/orangepi/AUV_ROS2/install/facer_interfaces/local/lib/python3.10/dist-packages/facer_interfaces-0.0.0-py3.10.egg-info/dependency_links.txt
[3.345s] -- Installing: /home/orangepi/AUV_ROS2/install/facer_interfaces/local/lib/python3.10/dist-packages/facer_interfaces-0.0.0-py3.10.egg-info/PKG-INFO
[3.346s] -- Up-to-date: /home/orangepi/AUV_ROS2/install/facer_interfaces/local/lib/python3.10/dist-packages/facer_interfaces
[3.346s] -- Up-to-date: /home/orangepi/AUV_ROS2/install/facer_interfaces/local/lib/python3.10/dist-packages/facer_interfaces/libfacer_interfaces__rosidl_generator_py.so
[3.346s] -- Up-to-date: /home/orangepi/AUV_ROS2/install/facer_interfaces/local/lib/python3.10/dist-packages/facer_interfaces/__init__.py
[3.347s] -- Up-to-date: /home/orangepi/AUV_ROS2/install/facer_interfaces/local/lib/python3.10/dist-packages/facer_interfaces/_facer_interfaces_s.ep.rosidl_typesupport_c.c
[3.347s] -- Up-to-date: /home/orangepi/AUV_ROS2/install/facer_interfaces/local/lib/python3.10/dist-packages/facer_interfaces/_facer_interfaces_s.ep.rosidl_typesupport_fastrtps_c.c
[3.348s] -- Up-to-date: /home/orangepi/AUV_ROS2/install/facer_interfaces/local/lib/python3.10/dist-packages/facer_interfaces/facer_interfaces_s__rosidl_typesupport_fastrtps_c.cpython-310-aarch64-linux-gnu.so
[3.348s] -- Up-to-date: /home/orangepi/AUV_ROS2/install/facer_interfaces/local/lib/python3.10/dist-packages/facer_interfaces/facer_interfaces_s__rosidl_typesupport_introspection_c.cpython-310-aarch64-linux-gnu.so
[3.348s] -- Up-to-date: /home/orangepi/AUV_ROS2/install/facer_interfaces/local/lib/python3.10/dist-packages/facer_interfaces/facer_interfaces_s__rosidl_typesupport_c.cpython-310-aarch64-linux-gnu.so
[3.349s] -- Up-to-date: /home/orangepi/AUV_ROS2/install/facer_interfaces/local/lib/python3.10/dist-packages/facer_interfaces/_facer_interfaces_s.ep.rosidl_typesupport_introspection_c.c
[3.349s] -- Up-to-date: /home/orangepi/AUV_ROS2/install/facer_interfaces/local/lib/python3.10/dist-packages/facer_interfaces/srv
[3.350s] -- Up-to-date: /home/orangepi/AUV_ROS2/install/facer_interfaces/local/lib/python3.10/dist-packages/facer_interfaces/srv/_detection_result_s.c
[3.350s] -- Up-to-date: /home/orangepi/AUV_ROS2/install/facer_interfaces/local/lib/python3.10/dist-packages/facer_interfaces/srv/__init__.py
[3.351s] -- Up-to-date: /home/orangepi/AUV_ROS2/install/facer_interfaces/local/lib/python3.10/dist-packages/facer_interfaces/srv/_detection_result.py
[3.481s] Listing '/home/orangepi/AUV_ROS2/install/facer_interfaces/local/lib/python3.10/dist-packages/facer_interfaces'...
[3.481s] Listing '/home/orangepi/AUV_ROS2/install/facer_interfaces/local/lib/python3.10/dist-packages/facer_interfaces/srv'...
[3.498s] -- Up-to-date: /home/orangepi/AUV_ROS2/install/facer_interfaces/local/lib/python3.10/dist-packages/facer_interfaces/facer_interfaces_s__rosidl_typesupport_fastrtps_c.cpython-310-aarch64-linux-gnu.so
[3.503s] -- Up-to-date: /home/orangepi/AUV_ROS2/install/facer_interfaces/local/lib/python3.10/dist-packages/facer_interfaces/facer_interfaces_s__rosidl_typesupport_introspection_c.cpython-310-aarch64-linux-gnu.so
[3.506s] -- Up-to-date: /home/orangepi/AUV_ROS2/install/facer_interfaces/local/lib/python3.10/dist-packages/facer_interfaces/facer_interfaces_s__rosidl_typesupport_c.cpython-310-aarch64-linux-gnu.so
[3.509s] -- Up-to-date: /home/orangepi/AUV_ROS2/install/facer_interfaces/lib/libfacer_interfaces__rosidl_generator_py.so
[3.640s] -- Up-to-date: /home/orangepi/AUV_ROS2/install/facer_interfaces/share/facer_interfaces/srv/DetectionResult.idl
[3.641s] -- Up-to-date: /home/orangepi/AUV_ROS2/install/facer_interfaces/share/facer_interfaces/srv/DetectionResult.srv
[3.642s] -- Up-to-date: /home/orangepi/AUV_ROS2/install/facer_interfaces/share/facer_interfaces/srv/DetectionResult_Request.msg
[3.647s] -- Up-to-date: /home/orangepi/AUV_ROS2/install/facer_interfaces/share/facer_interfaces/srv/DetectionResult_Response.msg
[3.647s] -- Up-to-date: /home/orangepi/AUV_ROS2/install/facer_interfaces/share/ament_index/resource_index/package_run_dependencies/facer_interfaces
[3.652s] -- Up-to-date: /home/orangepi/AUV_ROS2/install/facer_interfaces/share/ament_index/resource_index/parent_prefix_path/facer_interfaces
[3.654s] -- Up-to-date: /home/orangepi/AUV_ROS2/install/facer_interfaces/share/facer_interfaces/environment/ament_prefix_path.sh
[3.657s] -- Up-to-date: /home/orangepi/AUV_ROS2/install/facer_interfaces/share/facer_interfaces/environment/ament_prefix_path.dsv
[3.659s] -- Up-to-date: /home/orangepi/AUV_ROS2/install/facer_interfaces/share/facer_interfaces/environment/path.sh
[3.660s] -- Up-to-date: /home/orangepi/AUV_ROS2/install/facer_interfaces/share/facer_interfaces/environment/path.dsv
[3.662s] -- Up-to-date: /home/orangepi/AUV_ROS2/install/facer_interfaces/share/facer_interfaces/local_setup.bash
[3.666s] -- Up-to-date: /home/orangepi/AUV_ROS2/install/facer_interfaces/share/facer_interfaces/local_setup.sh
[3.667s] -- Up-to-date: /home/orangepi/AUV_ROS2/install/facer_interfaces/share/facer_interfaces/local_setup.zsh
[3.669s] -- Up-to-date: /home/orangepi/AUV_ROS2/install/facer_interfaces/share/facer_interfaces/local_setup.dsv
[3.670s] -- Installing: /home/orangepi/AUV_ROS2/install/facer_interfaces/share/facer_interfaces/package.dsv
[3.670s] -- Up-to-date: /home/orangepi/AUV_ROS2/install/facer_interfaces/share/ament_index/resource_index/packages/facer_interfaces
[3.672s] -- Up-to-date: /home/orangepi/AUV_ROS2/install/facer_interfaces/share/facer_interfaces/cmake/export_facer_interfaces__rosidl_generator_cExport.cmake
[3.675s] -- Up-to-date: /home/orangepi/AUV_ROS2/install/facer_interfaces/share/facer_interfaces/cmake/export_facer_interfaces__rosidl_generator_cExport-noconfig.cmake
[3.688s] -- Up-to-date: /home/orangepi/AUV_ROS2/install/facer_interfaces/share/facer_interfaces/cmake/export_facer_interfaces__rosidl_typesupport_fastrtps_cExport.cmake
[3.689s] -- Up-to-date: /home/orangepi/AUV_ROS2/install/facer_interfaces/share/facer_interfaces/cmake/export_facer_interfaces__rosidl_typesupport_fastrtps_cExport-noconfig.cmake
[3.690s] -- Up-to-date: /home/orangepi/AUV_ROS2/install/facer_interfaces/share/facer_interfaces/cmake/facer_interfaces__rosidl_typesupport_introspection_cExport.cmake
[3.692s] -- Up-to-date: /home/orangepi/AUV_ROS2/install/facer_interfaces/share/facer_interfaces/cmake/facer_interfaces__rosidl_typesupport_introspection_cExport-noconfig.cmake
[3.692s] -- Up-to-date: /home/orangepi/AUV_ROS2/install/facer_interfaces/share/facer_interfaces/cmake/facer_interfaces__rosidl_typesupport_cExport.cmake
[3.693s] -- Up-to-date: /home/orangepi/AUV_ROS2/install/facer_interfaces/share/facer_interfaces/cmake/facer_interfaces__rosidl_typesupport_cExport-noconfig.cmake
[3.693s] -- Up-to-date: /home/orangepi/AUV_ROS2/install/facer_interfaces/share/facer_interfaces/cmake/export_facer_interfaces__rosidl_generator_cppExport.cmake
[3.693s] -- Up-to-date: /home/orangepi/AUV_ROS2/install/facer_interfaces/share/facer_interfaces/cmake/export_facer_interfaces__rosidl_typesupport_fastrtps_cppExport.cmake
[3.693s] -- Up-to-date: /home/orangepi/AUV_ROS2/install/facer_interfaces/share/facer_interfaces/cmake/export_facer_interfaces__rosidl_typesupport_fastrtps_cppExport-noconfig.cmake
[3.693s] -- Up-to-date: /home/orangepi/AUV_ROS2/install/facer_interfaces/share/facer_interfaces/cmake/facer_interfaces__rosidl_typesupport_introspection_cppExport.cmake
[3.693s] -- Up-to-date: /home/orangepi/AUV_ROS2/install/facer_interfaces/share/facer_interfaces/cmake/facer_interfaces__rosidl_typesupport_introspection_cppExport-noconfig.cmake
[3.693s] -- Up-to-date: /home/orangepi/AUV_ROS2/install/facer_interfaces/share/facer_interfaces/cmake/facer_interfaces__rosidl_typesupport_cppExport.cmake
[3.693s] -- Up-to-date: /home/orangepi/AUV_ROS2/install/facer_interfaces/share/facer_interfaces/cmake/facer_interfaces__rosidl_typesupport_cppExport-noconfig.cmake
[3.700s] -- Up-to-date: /home/orangepi/AUV_ROS2/install/facer_interfaces/share/facer_interfaces/cmake/export_facer_interfaces__rosidl_generator_pyExport.cmake
[3.700s] -- Up-to-date: /home/orangepi/AUV_ROS2/install/facer_interfaces/share/facer_interfaces/cmake/export_facer_interfaces__rosidl_generator_pyExport-noconfig.cmake
[3.700s] -- Up-to-date: /home/orangepi/AUV_ROS2/install/facer_interfaces/share/facer_interfaces/cmake/rosidl_cmake-extras.cmake
[3.700s] -- Up-to-date: /home/orangepi/AUV_ROS2/install/facer_interfaces/share/facer_interfaces/cmake/ament_cmake_export_include_directories-extras.cmake
[3.700s] -- Up-to-date: /home/orangepi/AUV_ROS2/install/facer_interfaces/share/facer_interfaces/cmake/ament_cmake_export_libraries-extras.cmake
[3.700s] -- Up-to-date: /home/orangepi/AUV_ROS2/install/facer_interfaces/share/facer_interfaces/cmake/ament_cmake_export_targets-extras.cmake
[3.700s] -- Up-to-date: /home/orangepi/AUV_ROS2/install/facer_interfaces/share/facer_interfaces/cmake/rosidl_cmake_export_typesupport_targets-extras.cmake
[3.700s] -- Up-to-date: /home/orangepi/AUV_ROS2/install/facer_interfaces/share/facer_interfaces/cmake/ament_cmake_export_dependencies-extras.cmake
[3.701s] -- Up-to-date: /home/orangepi/AUV_ROS2/install/facer_interfaces/share/facer_interfaces/cmake/rosidl_cmake_export_typesupport_libraries-extras.cmake
[3.701s] -- Up-to-date: /home/orangepi/AUV_ROS2/install/facer_interfaces/share/facer_interfaces/cmake/facer_interfacesConfig.cmake
[3.701s] -- Up-to-date: /home/orangepi/AUV_ROS2/install/facer_interfaces/share/facer_interfaces/cmake/facer_interfacesConfig-version.cmake
[3.701s] -- Up-to-date: /home/orangepi/AUV_ROS2/install/facer_interfaces/share/facer_interfaces/package.xml
[3.701s] Invoked command in '/home/orangepi/AUV_ROS2/build/facer_interfaces' returned '0': CMAKE_PREFIX_PATH=${CMAKE_PREFIX_PATH}:/home/orangepi/AUV_ROS2/install/task2_node:/home/orangepi/AUV_ROS2/install/task2_drum_detection:/home/orangepi/AUV_ROS2/install/task1_node:/home/orangepi/AUV_ROS2/install/task1_gate_detection:/home/orangepi/AUV_ROS2/install/task1_flare_detection:/home/orangepi/AUV_ROS2/install/status_node:/home/orangepi/AUV_ROS2/install/start_auv:/home/orangepi/AUV_ROS2/install/remote_node:/home/orangepi/AUV_ROS2/install/q_gate_detection:/home/orangepi/AUV_ROS2/install/master_node_simulation:/home/orangepi/AUV_ROS2/install/master_node:/home/orangepi/AUV_ROS2/install/facer_input:/home/orangepi/AUV_ROS2/install/control_node:/home/orangepi/AUV_ROS2/install/buoyancy_node:/home/orangepi/opencv_ws/install/task2_drum_detection:/home/orangepi/opencv_ws/install/task1_gate_detection:/home/orangepi/opencv_ws/install/task1_flare_detection:/home/orangepi/opencv_ws/install/q_gate_detection:/home/orangepi/opencv_ws/install/master_node_simulation:/home/orangepi/opencv_ws/install/facer_input:/opt/ros/humble /usr/bin/cmake --install /home/orangepi/AUV_ROS2/build/facer_interfaces
