[3.521s] Invoking command in '/home/orangepi/AUV_ROS2/src/task2_node': PYTHONPATH=/home/orangepi/AUV_ROS2/build/task2_node/prefix_override:/home/orangepi/AUV_ROS2/install/task2_node/lib/python3.10/site-packages:${PYTHONPATH} /usr/bin/python3 -W ignore:setup.py install is deprecated setup.py egg_info --egg-base ../../build/task2_node build --build-base /home/orangepi/AUV_ROS2/build/task2_node/build install --record /home/orangepi/AUV_ROS2/build/task2_node/install.log --single-version-externally-managed install_data
[3.929s] running egg_info
[3.934s] writing ../../build/task2_node/task2_node.egg-info/PKG-INFO
[3.935s] writing dependency_links to ../../build/task2_node/task2_node.egg-info/dependency_links.txt
[3.935s] writing entry points to ../../build/task2_node/task2_node.egg-info/entry_points.txt
[3.941s] writing requirements to ../../build/task2_node/task2_node.egg-info/requires.txt
[3.941s] writing top-level names to ../../build/task2_node/task2_node.egg-info/top_level.txt
[3.951s] reading manifest file '../../build/task2_node/task2_node.egg-info/SOURCES.txt'
[3.952s] adding license file 'LICENSE'
[3.952s] writing manifest file '../../build/task2_node/task2_node.egg-info/SOURCES.txt'
[3.953s] running build
[3.956s] running build_py
[3.957s] running install
[3.957s] running install_lib
[3.958s] running install_data
[3.958s] running install_egg_info
[3.959s] removing '/home/orangepi/AUV_ROS2/install/task2_node/lib/python3.10/site-packages/task2_node-0.0.0-py3.10.egg-info' (and everything under it)
[3.959s] Copying ../../build/task2_node/task2_node.egg-info to /home/orangepi/AUV_ROS2/install/task2_node/lib/python3.10/site-packages/task2_node-0.0.0-py3.10.egg-info
[3.960s] running install_scripts
[3.984s] Installing task2_node script to /home/orangepi/AUV_ROS2/install/task2_node/lib/task2_node
[3.985s] writing list of installed files to '/home/orangepi/AUV_ROS2/build/task2_node/install.log'
[4.066s] Invoked command in '/home/orangepi/AUV_ROS2/src/task2_node' returned '0': PYTHONPATH=/home/orangepi/AUV_ROS2/build/task2_node/prefix_override:/home/orangepi/AUV_ROS2/install/task2_node/lib/python3.10/site-packages:${PYTHONPATH} /usr/bin/python3 -W ignore:setup.py install is deprecated setup.py egg_info --egg-base ../../build/task2_node build --build-base /home/orangepi/AUV_ROS2/build/task2_node/build install --record /home/orangepi/AUV_ROS2/build/task2_node/install.log --single-version-externally-managed install_data
