[5.622s] Invoking command in '/home/orangepi/AUV_ROS2/src/status_node': PYTHONPATH=/home/orangepi/AUV_ROS2/build/status_node/prefix_override:/home/orangepi/AUV_ROS2/install/status_node/lib/python3.10/site-packages:${PYTHONPATH} /usr/bin/python3 -W ignore:setup.py install is deprecated setup.py egg_info --egg-base ../../build/status_node build --build-base /home/orangepi/AUV_ROS2/build/status_node/build install --record /home/orangepi/AUV_ROS2/build/status_node/install.log --single-version-externally-managed install_data
[6.174s] running egg_info
[6.188s] writing ../../build/status_node/status_node.egg-info/PKG-INFO
[6.188s] writing dependency_links to ../../build/status_node/status_node.egg-info/dependency_links.txt
[6.189s] writing entry points to ../../build/status_node/status_node.egg-info/entry_points.txt
[6.189s] writing requirements to ../../build/status_node/status_node.egg-info/requires.txt
[6.190s] writing top-level names to ../../build/status_node/status_node.egg-info/top_level.txt
[6.192s] reading manifest file '../../build/status_node/status_node.egg-info/SOURCES.txt'
[6.193s] writing manifest file '../../build/status_node/status_node.egg-info/SOURCES.txt'
[6.193s] running build
[6.194s] running build_py
[6.194s] running install
[6.195s] running install_lib
[6.196s] running install_data
[6.197s] running install_egg_info
[6.214s] removing '/home/orangepi/AUV_ROS2/install/status_node/lib/python3.10/site-packages/status_node-0.0.0-py3.10.egg-info' (and everything under it)
[6.214s] Copying ../../build/status_node/status_node.egg-info to /home/orangepi/AUV_ROS2/install/status_node/lib/python3.10/site-packages/status_node-0.0.0-py3.10.egg-info
[6.215s] running install_scripts
[6.293s] Installing status_node script to /home/orangepi/AUV_ROS2/install/status_node/lib/status_node
[6.294s] writing list of installed files to '/home/orangepi/AUV_ROS2/build/status_node/install.log'
[8.052s] Invoked command in '/home/orangepi/AUV_ROS2/src/status_node' returned '0': PYTHONPATH=/home/orangepi/AUV_ROS2/build/status_node/prefix_override:/home/orangepi/AUV_ROS2/install/status_node/lib/python3.10/site-packages:${PYTHONPATH} /usr/bin/python3 -W ignore:setup.py install is deprecated setup.py egg_info --egg-base ../../build/status_node build --build-base /home/orangepi/AUV_ROS2/build/status_node/build install --record /home/orangepi/AUV_ROS2/build/status_node/install.log --single-version-externally-managed install_data
