running egg_info
writing ../../build/control_node/control_node.egg-info/PKG-INFO
writing dependency_links to ../../build/control_node/control_node.egg-info/dependency_links.txt
writing entry points to ../../build/control_node/control_node.egg-info/entry_points.txt
writing requirements to ../../build/control_node/control_node.egg-info/requires.txt
writing top-level names to ../../build/control_node/control_node.egg-info/top_level.txt
reading manifest file '../../build/control_node/control_node.egg-info/SOURCES.txt'
adding license file 'LICENSE'
writing manifest file '../../build/control_node/control_node.egg-info/SOURCES.txt'
running build
running build_py
copying control_node/control_node.py -> /home/orangepi/AUV_ROS2/build/control_node/build/lib/control_node
creating /home/orangepi/AUV_ROS2/build/control_node/build/lib/control_node/submodules
copying control_node/submodules/auv_control_function.py -> /home/orangepi/AUV_ROS2/build/control_node/build/lib/control_node/submodules
running install
running install_lib
copying /home/orangepi/AUV_ROS2/build/control_node/build/lib/control_node/control_node.py -> /home/orangepi/AUV_ROS2/install/control_node/lib/python3.10/site-packages/control_node
creating /home/orangepi/AUV_ROS2/install/control_node/lib/python3.10/site-packages/control_node/submodules
copying /home/orangepi/AUV_ROS2/build/control_node/build/lib/control_node/submodules/auv_control_function.py -> /home/orangepi/AUV_ROS2/install/control_node/lib/python3.10/site-packages/control_node/submodules
byte-compiling /home/orangepi/AUV_ROS2/install/control_node/lib/python3.10/site-packages/control_node/control_node.py to control_node.cpython-310.pyc
byte-compiling /home/orangepi/AUV_ROS2/install/control_node/lib/python3.10/site-packages/control_node/submodules/auv_control_function.py to auv_control_function.cpython-310.pyc
running install_data
running install_egg_info
removing '/home/orangepi/AUV_ROS2/install/control_node/lib/python3.10/site-packages/control_node-0.0.0-py3.10.egg-info' (and everything under it)
Copying ../../build/control_node/control_node.egg-info to /home/orangepi/AUV_ROS2/install/control_node/lib/python3.10/site-packages/control_node-0.0.0-py3.10.egg-info
running install_scripts
Installing control_node script to /home/orangepi/AUV_ROS2/install/control_node/lib/control_node
writing list of installed files to '/home/orangepi/AUV_ROS2/build/control_node/install.log'
