[5.169s] Invoking command in '/home/orangepi/AUV_ROS2/src/start_auv': PYTHONPATH=/home/orangepi/AUV_ROS2/build/start_auv/prefix_override:/home/orangepi/AUV_ROS2/install/start_auv/lib/python3.10/site-packages:${PYTHONPATH} /usr/bin/python3 -W ignore:setup.py install is deprecated setup.py egg_info --egg-base ../../build/start_auv build --build-base /home/orangepi/AUV_ROS2/build/start_auv/build install --record /home/orangepi/AUV_ROS2/build/start_auv/install.log --single-version-externally-managed install_data
[5.629s] running egg_info
[5.633s] writing ../../build/start_auv/start_auv.egg-info/PKG-INFO
[5.633s] writing dependency_links to ../../build/start_auv/start_auv.egg-info/dependency_links.txt
[5.634s] writing entry points to ../../build/start_auv/start_auv.egg-info/entry_points.txt
[5.635s] writing requirements to ../../build/start_auv/start_auv.egg-info/requires.txt
[5.636s] writing top-level names to ../../build/start_auv/start_auv.egg-info/top_level.txt
[5.637s] reading manifest file '../../build/start_auv/start_auv.egg-info/SOURCES.txt'
[5.637s] writing manifest file '../../build/start_auv/start_auv.egg-info/SOURCES.txt'
[5.638s] running build
[5.638s] running build_py
[5.639s] running install
[5.640s] running install_lib
[5.640s] running install_data
[5.641s] running install_egg_info
[5.644s] removing '/home/orangepi/AUV_ROS2/install/start_auv/lib/python3.10/site-packages/start_auv-0.0.0-py3.10.egg-info' (and everything under it)
[5.644s] Copying ../../build/start_auv/start_auv.egg-info to /home/orangepi/AUV_ROS2/install/start_auv/lib/python3.10/site-packages/start_auv-0.0.0-py3.10.egg-info
[5.645s] running install_scripts
[5.687s] writing list of installed files to '/home/orangepi/AUV_ROS2/build/start_auv/install.log'
[6.235s] Invoked command in '/home/orangepi/AUV_ROS2/src/start_auv' returned '0': PYTHONPATH=/home/orangepi/AUV_ROS2/build/start_auv/prefix_override:/home/orangepi/AUV_ROS2/install/start_auv/lib/python3.10/site-packages:${PYTHONPATH} /usr/bin/python3 -W ignore:setup.py install is deprecated setup.py egg_info --egg-base ../../build/start_auv build --build-base /home/orangepi/AUV_ROS2/build/start_auv/build install --record /home/orangepi/AUV_ROS2/build/start_auv/install.log --single-version-externally-managed install_data
