[4.626s] Invoking command in '/home/orangepi/AUV_ROS2/src/control_node': PYTHONPATH=/home/orangepi/AUV_ROS2/build/control_node/prefix_override:/home/orangepi/AUV_ROS2/install/control_node/lib/python3.10/site-packages:${PYTHONPATH} /usr/bin/python3 -W ignore:setup.py install is deprecated setup.py egg_info --egg-base ../../build/control_node build --build-base /home/orangepi/AUV_ROS2/build/control_node/build install --record /home/orangepi/AUV_ROS2/build/control_node/install.log --single-version-externally-managed install_data
[5.013s] running egg_info
[5.014s] writing ../../build/control_node/control_node.egg-info/PKG-INFO
[5.015s] writing dependency_links to ../../build/control_node/control_node.egg-info/dependency_links.txt
[5.015s] writing entry points to ../../build/control_node/control_node.egg-info/entry_points.txt
[5.016s] writing requirements to ../../build/control_node/control_node.egg-info/requires.txt
[5.016s] writing top-level names to ../../build/control_node/control_node.egg-info/top_level.txt
[5.018s] package init file 'control_node/submodules/__init__.py' not found (or not a regular file)
[5.019s] reading manifest file '../../build/control_node/control_node.egg-info/SOURCES.txt'
[5.019s] adding license file 'LICENSE'
[5.020s] writing manifest file '../../build/control_node/control_node.egg-info/SOURCES.txt'
[5.020s] running build
[5.021s] running build_py
[5.022s] copying control_node/control_node.py -> /home/orangepi/AUV_ROS2/build/control_node/build/lib/control_node
[5.023s] running install
[5.023s] running install_lib
[5.023s] copying /home/orangepi/AUV_ROS2/build/control_node/build/lib/control_node/control_node.py -> /home/orangepi/AUV_ROS2/install/control_node/lib/python3.10/site-packages/control_node
[5.024s] byte-compiling /home/orangepi/AUV_ROS2/install/control_node/lib/python3.10/site-packages/control_node/control_node.py to control_node.cpython-310.pyc
[5.027s] running install_data
[5.027s] running install_egg_info
[5.031s] removing '/home/orangepi/AUV_ROS2/install/control_node/lib/python3.10/site-packages/control_node-0.0.0-py3.10.egg-info' (and everything under it)
[5.031s] Copying ../../build/control_node/control_node.egg-info to /home/orangepi/AUV_ROS2/install/control_node/lib/python3.10/site-packages/control_node-0.0.0-py3.10.egg-info
[5.032s] running install_scripts
[5.079s] Installing control_node script to /home/orangepi/AUV_ROS2/install/control_node/lib/control_node
[5.081s] writing list of installed files to '/home/orangepi/AUV_ROS2/build/control_node/install.log'
[7.335s] Invoked command in '/home/orangepi/AUV_ROS2/src/control_node' returned '0': PYTHONPATH=/home/orangepi/AUV_ROS2/build/control_node/prefix_override:/home/orangepi/AUV_ROS2/install/control_node/lib/python3.10/site-packages:${PYTHONPATH} /usr/bin/python3 -W ignore:setup.py install is deprecated setup.py egg_info --egg-base ../../build/control_node build --build-base /home/orangepi/AUV_ROS2/build/control_node/build install --record /home/orangepi/AUV_ROS2/build/control_node/install.log --single-version-externally-managed install_data
