[5.639s] Invoking command in '/home/orangepi/AUV_ROS2/src/task2_node': PYTHONPATH=/home/orangepi/AUV_ROS2/build/task2_node/prefix_override:/home/orangepi/AUV_ROS2/install/task2_node/lib/python3.10/site-packages:${PYTHONPATH} /usr/bin/python3 setup.py egg_info --egg-base ../../build/task2_node build --build-base /home/orangepi/AUV_ROS2/build/task2_node/build install --record /home/orangepi/AUV_ROS2/build/task2_node/install.log --single-version-externally-managed
[5.996s] running egg_info
[5.997s] writing ../../build/task2_node/task2_node.egg-info/PKG-INFO
[5.999s] writing dependency_links to ../../build/task2_node/task2_node.egg-info/dependency_links.txt
[5.999s] writing entry points to ../../build/task2_node/task2_node.egg-info/entry_points.txt
[6.000s] writing requirements to ../../build/task2_node/task2_node.egg-info/requires.txt
[6.001s] writing top-level names to ../../build/task2_node/task2_node.egg-info/top_level.txt
[6.005s] reading manifest file '../../build/task2_node/task2_node.egg-info/SOURCES.txt'
[6.006s] adding license file 'LICENSE'
[6.008s] writing manifest file '../../build/task2_node/task2_node.egg-info/SOURCES.txt'
[6.009s] running build
[6.009s] running build_py
[6.013s] running install
[6.013s] /usr/lib/python3/dist-packages/setuptools/command/install.py:34: SetuptoolsDeprecationWarning: setup.py install is deprecated. Use build and pip and other standards-based tools.
[6.013s]   warnings.warn(
[6.018s] running install_lib
[6.022s] running install_data
[6.030s] running install_egg_info
[6.034s] removing '/home/orangepi/AUV_ROS2/install/task2_node/lib/python3.10/site-packages/task2_node-0.0.0-py3.10.egg-info' (and everything under it)
[6.034s] Copying ../../build/task2_node/task2_node.egg-info to /home/orangepi/AUV_ROS2/install/task2_node/lib/python3.10/site-packages/task2_node-0.0.0-py3.10.egg-info
[6.035s] running install_scripts
[6.088s] Installing task2_node script to /home/orangepi/AUV_ROS2/install/task2_node/lib/task2_node
[6.089s] writing list of installed files to '/home/orangepi/AUV_ROS2/build/task2_node/install.log'
[6.620s] Invoked command in '/home/orangepi/AUV_ROS2/src/task2_node' returned '0': PYTHONPATH=/home/orangepi/AUV_ROS2/build/task2_node/prefix_override:/home/orangepi/AUV_ROS2/install/task2_node/lib/python3.10/site-packages:${PYTHONPATH} /usr/bin/python3 setup.py egg_info --egg-base ../../build/task2_node build --build-base /home/orangepi/AUV_ROS2/build/task2_node/build install --record /home/orangepi/AUV_ROS2/build/task2_node/install.log --single-version-externally-managed
