[3.296s] Invoking command in '/home/orangepi/AUV_ROS2/src/facer_input': PYTHONPATH=/home/orangepi/AUV_ROS2/build/facer_input/prefix_override:/home/orangepi/AUV_ROS2/install/facer_input/lib/python3.10/site-packages:${PYTHONPATH} /usr/bin/python3 -W ignore:setup.py install is deprecated setup.py egg_info --egg-base ../../build/facer_input build --build-base /home/orangepi/AUV_ROS2/build/facer_input/build install --record /home/orangepi/AUV_ROS2/build/facer_input/install.log --single-version-externally-managed install_data
[4.147s] running egg_info
[4.148s] writing ../../build/facer_input/facer_input.egg-info/PKG-INFO
[4.150s] writing dependency_links to ../../build/facer_input/facer_input.egg-info/dependency_links.txt
[4.151s] writing entry points to ../../build/facer_input/facer_input.egg-info/entry_points.txt
[4.151s] writing requirements to ../../build/facer_input/facer_input.egg-info/requires.txt
[4.152s] writing top-level names to ../../build/facer_input/facer_input.egg-info/top_level.txt
[4.154s] reading manifest file '../../build/facer_input/facer_input.egg-info/SOURCES.txt'
[4.154s] writing manifest file '../../build/facer_input/facer_input.egg-info/SOURCES.txt'
[4.155s] running build
[4.155s] running build_py
[4.156s] running install
[4.157s] running install_lib
[4.158s] running install_data
[4.158s] running install_egg_info
[4.161s] removing '/home/orangepi/AUV_ROS2/install/facer_input/lib/python3.10/site-packages/facer_input-0.0.0-py3.10.egg-info' (and everything under it)
[4.161s] Copying ../../build/facer_input/facer_input.egg-info to /home/orangepi/AUV_ROS2/install/facer_input/lib/python3.10/site-packages/facer_input-0.0.0-py3.10.egg-info
[4.162s] running install_scripts
[4.201s] Installing capture_image script to /home/orangepi/AUV_ROS2/install/facer_input/lib/facer_input
[4.201s] writing list of installed files to '/home/orangepi/AUV_ROS2/build/facer_input/install.log'
[4.282s] Invoked command in '/home/orangepi/AUV_ROS2/src/facer_input' returned '0': PYTHONPATH=/home/orangepi/AUV_ROS2/build/facer_input/prefix_override:/home/orangepi/AUV_ROS2/install/facer_input/lib/python3.10/site-packages:${PYTHONPATH} /usr/bin/python3 -W ignore:setup.py install is deprecated setup.py egg_info --egg-base ../../build/facer_input build --build-base /home/orangepi/AUV_ROS2/build/facer_input/build install --record /home/orangepi/AUV_ROS2/build/facer_input/install.log --single-version-externally-managed install_data
