[4.410s] Invoking command in '/home/orangepi/AUV_ROS2/src/control_node': PYTHONPATH=/home/orangepi/AUV_ROS2/build/control_node/prefix_override:/home/orangepi/AUV_ROS2/install/control_node/lib/python3.10/site-packages:${PYTHONPATH} /usr/bin/python3 setup.py egg_info --egg-base ../../build/control_node build --build-base /home/orangepi/AUV_ROS2/build/control_node/build install --record /home/orangepi/AUV_ROS2/build/control_node/install.log --single-version-externally-managed
[4.978s] running egg_info
[4.982s] writing ../../build/control_node/control_node.egg-info/PKG-INFO
[4.984s] writing dependency_links to ../../build/control_node/control_node.egg-info/dependency_links.txt
[4.990s] writing entry points to ../../build/control_node/control_node.egg-info/entry_points.txt
[4.997s] writing requirements to ../../build/control_node/control_node.egg-info/requires.txt
[5.000s] writing top-level names to ../../build/control_node/control_node.egg-info/top_level.txt
[5.005s] package init file 'control_node/submodules/__init__.py' not found (or not a regular file)
[5.008s] reading manifest file '../../build/control_node/control_node.egg-info/SOURCES.txt'
[5.010s] adding license file 'LICENSE'
[5.029s] writing manifest file '../../build/control_node/control_node.egg-info/SOURCES.txt'
[5.030s] running build
[5.032s] running build_py
[5.033s] copying control_node/control_node.py -> /home/orangepi/AUV_ROS2/build/control_node/build/lib/control_node
[5.035s] running install
[5.037s] /usr/lib/python3/dist-packages/setuptools/command/install.py:34: SetuptoolsDeprecationWarning: setup.py install is deprecated. Use build and pip and other standards-based tools.
[5.039s]   warnings.warn(
[5.040s] running install_lib
[5.044s] copying /home/orangepi/AUV_ROS2/build/control_node/build/lib/control_node/control_node.py -> /home/orangepi/AUV_ROS2/install/control_node/lib/python3.10/site-packages/control_node
[5.054s] byte-compiling /home/orangepi/AUV_ROS2/install/control_node/lib/python3.10/site-packages/control_node/control_node.py to control_node.cpython-310.pyc
[5.064s] running install_data
[5.070s] running install_egg_info
[5.076s] removing '/home/orangepi/AUV_ROS2/install/control_node/lib/python3.10/site-packages/control_node-0.0.0-py3.10.egg-info' (and everything under it)
[5.077s] Copying ../../build/control_node/control_node.egg-info to /home/orangepi/AUV_ROS2/install/control_node/lib/python3.10/site-packages/control_node-0.0.0-py3.10.egg-info
[5.083s] running install_scripts
[5.091s] Installing control_node script to /home/orangepi/AUV_ROS2/install/control_node/lib/control_node
[5.092s] writing list of installed files to '/home/orangepi/AUV_ROS2/build/control_node/install.log'
[5.806s] Invoked command in '/home/orangepi/AUV_ROS2/src/control_node' returned '0': PYTHONPATH=/home/orangepi/AUV_ROS2/build/control_node/prefix_override:/home/orangepi/AUV_ROS2/install/control_node/lib/python3.10/site-packages:${PYTHONPATH} /usr/bin/python3 setup.py egg_info --egg-base ../../build/control_node build --build-base /home/orangepi/AUV_ROS2/build/control_node/build install --record /home/orangepi/AUV_ROS2/build/control_node/install.log --single-version-externally-managed
