[3.480s] Invoking command in '/home/orangepi/AUV_ROS2/src/buoyancy_node': PYTHONPATH=/home/orangepi/AUV_ROS2/build/buoyancy_node/prefix_override:/home/orangepi/AUV_ROS2/install/buoyancy_node/lib/python3.10/site-packages:${PYTHONPATH} /usr/bin/python3 -W ignore:setup.py install is deprecated setup.py egg_info --egg-base ../../build/buoyancy_node build --build-base /home/orangepi/AUV_ROS2/build/buoyancy_node/build install --record /home/orangepi/AUV_ROS2/build/buoyancy_node/install.log --single-version-externally-managed install_data
[3.894s] running egg_info
[3.896s] writing ../../build/buoyancy_node/buoyancy_node.egg-info/PKG-INFO
[3.896s] writing dependency_links to ../../build/buoyancy_node/buoyancy_node.egg-info/dependency_links.txt
[3.897s] writing entry points to ../../build/buoyancy_node/buoyancy_node.egg-info/entry_points.txt
[3.897s] writing requirements to ../../build/buoyancy_node/buoyancy_node.egg-info/requires.txt
[3.898s] writing top-level names to ../../build/buoyancy_node/buoyancy_node.egg-info/top_level.txt
[3.899s] package init file 'buoyancy_node/submodules/__init__.py' not found (or not a regular file)
[3.900s] reading manifest file '../../build/buoyancy_node/buoyancy_node.egg-info/SOURCES.txt'
[3.901s] writing manifest file '../../build/buoyancy_node/buoyancy_node.egg-info/SOURCES.txt'
[3.902s] running build
[3.903s] running build_py
[3.903s] running install
[3.904s] running install_lib
[3.906s] running install_data
[3.907s] running install_egg_info
[3.910s] removing '/home/orangepi/AUV_ROS2/install/buoyancy_node/lib/python3.10/site-packages/buoyancy_node-0.0.0-py3.10.egg-info' (and everything under it)
[3.910s] Copying ../../build/buoyancy_node/buoyancy_node.egg-info to /home/orangepi/AUV_ROS2/install/buoyancy_node/lib/python3.10/site-packages/buoyancy_node-0.0.0-py3.10.egg-info
[3.911s] running install_scripts
[3.949s] Installing buoyancy_node script to /home/orangepi/AUV_ROS2/install/buoyancy_node/lib/buoyancy_node
[3.949s] Installing buoyancy_node_test script to /home/orangepi/AUV_ROS2/install/buoyancy_node/lib/buoyancy_node
[3.950s] writing list of installed files to '/home/orangepi/AUV_ROS2/build/buoyancy_node/install.log'
[4.301s] Invoked command in '/home/orangepi/AUV_ROS2/src/buoyancy_node' returned '0': PYTHONPATH=/home/orangepi/AUV_ROS2/build/buoyancy_node/prefix_override:/home/orangepi/AUV_ROS2/install/buoyancy_node/lib/python3.10/site-packages:${PYTHONPATH} /usr/bin/python3 -W ignore:setup.py install is deprecated setup.py egg_info --egg-base ../../build/buoyancy_node build --build-base /home/orangepi/AUV_ROS2/build/buoyancy_node/build install --record /home/orangepi/AUV_ROS2/build/buoyancy_node/install.log --single-version-externally-managed install_data
