[3.975s] Invoking command in '/home/orangepi/AUV_ROS2/src/status_node': PYTHONPATH=/home/orangepi/AUV_ROS2/build/status_node/prefix_override:/home/orangepi/AUV_ROS2/install/status_node/lib/python3.10/site-packages:${PYTHONPATH} /usr/bin/python3 -W ignore:setup.py install is deprecated setup.py egg_info --egg-base ../../build/status_node build --build-base /home/orangepi/AUV_ROS2/build/status_node/build install --record /home/orangepi/AUV_ROS2/build/status_node/install.log --single-version-externally-managed install_data
[5.049s] running egg_info
[5.051s] writing ../../build/status_node/status_node.egg-info/PKG-INFO
[5.052s] writing dependency_links to ../../build/status_node/status_node.egg-info/dependency_links.txt
[5.053s] writing entry points to ../../build/status_node/status_node.egg-info/entry_points.txt
[5.053s] writing requirements to ../../build/status_node/status_node.egg-info/requires.txt
[5.054s] writing top-level names to ../../build/status_node/status_node.egg-info/top_level.txt
[5.056s] reading manifest file '../../build/status_node/status_node.egg-info/SOURCES.txt'
[5.058s] writing manifest file '../../build/status_node/status_node.egg-info/SOURCES.txt'
[5.059s] running build
[5.060s] running build_py
[5.060s] running install
[5.065s] running install_lib
[5.071s] running install_data
[5.071s] running install_egg_info
[5.076s] removing '/home/orangepi/AUV_ROS2/install/status_node/lib/python3.10/site-packages/status_node-0.0.0-py3.10.egg-info' (and everything under it)
[5.077s] Copying ../../build/status_node/status_node.egg-info to /home/orangepi/AUV_ROS2/install/status_node/lib/python3.10/site-packages/status_node-0.0.0-py3.10.egg-info
[5.078s] running install_scripts
[5.123s] Installing status_node script to /home/orangepi/AUV_ROS2/install/status_node/lib/status_node
[5.124s] writing list of installed files to '/home/orangepi/AUV_ROS2/build/status_node/install.log'
[5.987s] Invoked command in '/home/orangepi/AUV_ROS2/src/status_node' returned '0': PYTHONPATH=/home/orangepi/AUV_ROS2/build/status_node/prefix_override:/home/orangepi/AUV_ROS2/install/status_node/lib/python3.10/site-packages:${PYTHONPATH} /usr/bin/python3 -W ignore:setup.py install is deprecated setup.py egg_info --egg-base ../../build/status_node build --build-base /home/orangepi/AUV_ROS2/build/status_node/build install --record /home/orangepi/AUV_ROS2/build/status_node/install.log --single-version-externally-managed install_data
