[4.751s] Invoking command in '/home/orangepi/AUV_ROS2/src/task1_gate_detection': PYTHONPATH=/home/orangepi/AUV_ROS2/build/task1_gate_detection/prefix_override:/home/orangepi/AUV_ROS2/install/task1_gate_detection/lib/python3.10/site-packages:${PYTHONPATH} /usr/bin/python3 setup.py egg_info --egg-base ../../build/task1_gate_detection build --build-base /home/orangepi/AUV_ROS2/build/task1_gate_detection/build install --record /home/orangepi/AUV_ROS2/build/task1_gate_detection/install.log --single-version-externally-managed
[5.171s] running egg_info
[5.173s] writing ../../build/task1_gate_detection/task1_gate_detection.egg-info/PKG-INFO
[5.174s] writing dependency_links to ../../build/task1_gate_detection/task1_gate_detection.egg-info/dependency_links.txt
[5.174s] writing entry points to ../../build/task1_gate_detection/task1_gate_detection.egg-info/entry_points.txt
[5.174s] writing requirements to ../../build/task1_gate_detection/task1_gate_detection.egg-info/requires.txt
[5.174s] writing top-level names to ../../build/task1_gate_detection/task1_gate_detection.egg-info/top_level.txt
[5.177s] reading manifest file '../../build/task1_gate_detection/task1_gate_detection.egg-info/SOURCES.txt'
[5.178s] writing manifest file '../../build/task1_gate_detection/task1_gate_detection.egg-info/SOURCES.txt'
[5.180s] /usr/lib/python3/dist-packages/setuptools/command/install.py:34: SetuptoolsDeprecationWarning: setup.py install is deprecated. Use build and pip and other standards-based tools.
[5.180s]   warnings.warn(
[5.182s] running build
[5.182s] running build_py
[5.182s] running install
[5.182s] running install_lib
[5.183s] running install_data
[5.183s] running install_egg_info
[5.187s] removing '/home/orangepi/AUV_ROS2/install/task1_gate_detection/lib/python3.10/site-packages/task1_gate_detection-0.0.0-py3.10.egg-info' (and everything under it)
[5.189s] Copying ../../build/task1_gate_detection/task1_gate_detection.egg-info to /home/orangepi/AUV_ROS2/install/task1_gate_detection/lib/python3.10/site-packages/task1_gate_detection-0.0.0-py3.10.egg-info
[5.189s] running install_scripts
[5.227s] Installing identify_image script to /home/orangepi/AUV_ROS2/install/task1_gate_detection/lib/task1_gate_detection
[5.227s] writing list of installed files to '/home/orangepi/AUV_ROS2/build/task1_gate_detection/install.log'
[5.297s] Invoked command in '/home/orangepi/AUV_ROS2/src/task1_gate_detection' returned '0': PYTHONPATH=/home/orangepi/AUV_ROS2/build/task1_gate_detection/prefix_override:/home/orangepi/AUV_ROS2/install/task1_gate_detection/lib/python3.10/site-packages:${PYTHONPATH} /usr/bin/python3 setup.py egg_info --egg-base ../../build/task1_gate_detection build --build-base /home/orangepi/AUV_ROS2/build/task1_gate_detection/build install --record /home/orangepi/AUV_ROS2/build/task1_gate_detection/install.log --single-version-externally-managed
