[5.285s] Invoking command in '/home/orangepi/AUV_ROS2/src/task1_node': PYTHONPATH=/home/orangepi/AUV_ROS2/build/task1_node/prefix_override:/home/orangepi/AUV_ROS2/install/task1_node/lib/python3.10/site-packages:${PYTHONPATH} /usr/bin/python3 setup.py egg_info --egg-base ../../build/task1_node build --build-base /home/orangepi/AUV_ROS2/build/task1_node/build install --record /home/orangepi/AUV_ROS2/build/task1_node/install.log --single-version-externally-managed
[7.137s] running egg_info
[7.137s] writing ../../build/task1_node/task1_node.egg-info/PKG-INFO
[7.139s] writing dependency_links to ../../build/task1_node/task1_node.egg-info/dependency_links.txt
[7.139s] writing entry points to ../../build/task1_node/task1_node.egg-info/entry_points.txt
[7.139s] writing requirements to ../../build/task1_node/task1_node.egg-info/requires.txt
[7.139s] writing top-level names to ../../build/task1_node/task1_node.egg-info/top_level.txt
[7.142s] reading manifest file '../../build/task1_node/task1_node.egg-info/SOURCES.txt'
[7.142s] adding license file 'LICENSE'
[7.142s] writing manifest file '../../build/task1_node/task1_node.egg-info/SOURCES.txt'
[7.142s] running build
[7.143s] running build_py
[7.143s] running install
[7.143s] /usr/lib/python3/dist-packages/setuptools/command/install.py:34: SetuptoolsDeprecationWarning: setup.py install is deprecated. Use build and pip and other standards-based tools.
[7.143s]   warnings.warn(
[7.144s] running install_lib
[7.146s] running install_data
[7.148s] running install_egg_info
[7.156s] removing '/home/orangepi/AUV_ROS2/install/task1_node/lib/python3.10/site-packages/task1_node-0.0.0-py3.10.egg-info' (and everything under it)
[7.159s] Copying ../../build/task1_node/task1_node.egg-info to /home/orangepi/AUV_ROS2/install/task1_node/lib/python3.10/site-packages/task1_node-0.0.0-py3.10.egg-info
[7.168s] running install_scripts
[7.253s] Installing task1_node script to /home/orangepi/AUV_ROS2/install/task1_node/lib/task1_node
[7.255s] writing list of installed files to '/home/orangepi/AUV_ROS2/build/task1_node/install.log'
[7.795s] Invoked command in '/home/orangepi/AUV_ROS2/src/task1_node' returned '0': PYTHONPATH=/home/orangepi/AUV_ROS2/build/task1_node/prefix_override:/home/orangepi/AUV_ROS2/install/task1_node/lib/python3.10/site-packages:${PYTHONPATH} /usr/bin/python3 setup.py egg_info --egg-base ../../build/task1_node build --build-base /home/orangepi/AUV_ROS2/build/task1_node/build install --record /home/orangepi/AUV_ROS2/build/task1_node/install.log --single-version-externally-managed
