[3.843s] Invoking command in '/home/orangepi/AUV_ROS2/src/q_gate_detection': PYTHONPATH=/home/orangepi/AUV_ROS2/build/q_gate_detection/prefix_override:/home/orangepi/AUV_ROS2/install/q_gate_detection/lib/python3.10/site-packages:${PYTHONPATH} /usr/bin/python3 -W ignore:setup.py install is deprecated setup.py egg_info --egg-base ../../build/q_gate_detection build --build-base /home/orangepi/AUV_ROS2/build/q_gate_detection/build install --record /home/orangepi/AUV_ROS2/build/q_gate_detection/install.log --single-version-externally-managed install_data
[4.244s] running egg_info
[4.246s] writing ../../build/q_gate_detection/q_gate_detection.egg-info/PKG-INFO
[4.246s] writing dependency_links to ../../build/q_gate_detection/q_gate_detection.egg-info/dependency_links.txt
[4.247s] writing entry points to ../../build/q_gate_detection/q_gate_detection.egg-info/entry_points.txt
[4.247s] writing requirements to ../../build/q_gate_detection/q_gate_detection.egg-info/requires.txt
[4.248s] writing top-level names to ../../build/q_gate_detection/q_gate_detection.egg-info/top_level.txt
[4.259s] reading manifest file '../../build/q_gate_detection/q_gate_detection.egg-info/SOURCES.txt'
[4.272s] writing manifest file '../../build/q_gate_detection/q_gate_detection.egg-info/SOURCES.txt'
[4.273s] running build
[4.273s] running build_py
[4.274s] running install
[4.274s] running install_lib
[4.276s] running install_data
[4.277s] running install_egg_info
[4.277s] removing '/home/orangepi/AUV_ROS2/install/q_gate_detection/lib/python3.10/site-packages/q_gate_detection-0.0.0-py3.10.egg-info' (and everything under it)
[4.278s] Copying ../../build/q_gate_detection/q_gate_detection.egg-info to /home/orangepi/AUV_ROS2/install/q_gate_detection/lib/python3.10/site-packages/q_gate_detection-0.0.0-py3.10.egg-info
[4.279s] running install_scripts
[4.281s] Installing q_gate_detect script to /home/orangepi/AUV_ROS2/install/q_gate_detection/lib/q_gate_detection
[4.282s] writing list of installed files to '/home/orangepi/AUV_ROS2/build/q_gate_detection/install.log'
[4.366s] Invoked command in '/home/orangepi/AUV_ROS2/src/q_gate_detection' returned '0': PYTHONPATH=/home/orangepi/AUV_ROS2/build/q_gate_detection/prefix_override:/home/orangepi/AUV_ROS2/install/q_gate_detection/lib/python3.10/site-packages:${PYTHONPATH} /usr/bin/python3 -W ignore:setup.py install is deprecated setup.py egg_info --egg-base ../../build/q_gate_detection build --build-base /home/orangepi/AUV_ROS2/build/q_gate_detection/build install --record /home/orangepi/AUV_ROS2/build/q_gate_detection/install.log --single-version-externally-managed install_data
