[4.550s] Invoking command in '/home/orangepi/AUV_ROS2/src/start_auv': PYTHONPATH=/home/orangepi/AUV_ROS2/build/start_auv/prefix_override:/home/orangepi/AUV_ROS2/install/start_auv/lib/python3.10/site-packages:${PYTHONPATH} /usr/bin/python3 setup.py egg_info --egg-base ../../build/start_auv build --build-base /home/orangepi/AUV_ROS2/build/start_auv/build install --record /home/orangepi/AUV_ROS2/build/start_auv/install.log --single-version-externally-managed
[4.925s] running egg_info
[4.926s] writing ../../build/start_auv/start_auv.egg-info/PKG-INFO
[4.927s] writing dependency_links to ../../build/start_auv/start_auv.egg-info/dependency_links.txt
[4.927s] writing entry points to ../../build/start_auv/start_auv.egg-info/entry_points.txt
[4.927s] writing requirements to ../../build/start_auv/start_auv.egg-info/requires.txt
[4.927s] writing top-level names to ../../build/start_auv/start_auv.egg-info/top_level.txt
[4.930s] reading manifest file '../../build/start_auv/start_auv.egg-info/SOURCES.txt'
[4.932s] writing manifest file '../../build/start_auv/start_auv.egg-info/SOURCES.txt'
[4.932s] running build
[4.933s] running build_py
[4.933s] running install
[4.933s] /usr/lib/python3/dist-packages/setuptools/command/install.py:34: SetuptoolsDeprecationWarning: setup.py install is deprecated. Use build and pip and other standards-based tools.
[4.933s]   warnings.warn(
[4.933s] running install_lib
[4.937s] running install_data
[4.937s] running install_egg_info
[4.940s] removing '/home/orangepi/AUV_ROS2/install/start_auv/lib/python3.10/site-packages/start_auv-0.0.0-py3.10.egg-info' (and everything under it)
[4.940s] Copying ../../build/start_auv/start_auv.egg-info to /home/orangepi/AUV_ROS2/install/start_auv/lib/python3.10/site-packages/start_auv-0.0.0-py3.10.egg-info
[4.942s] running install_scripts
[4.979s] writing list of installed files to '/home/orangepi/AUV_ROS2/build/start_auv/install.log'
[5.111s] Invoked command in '/home/orangepi/AUV_ROS2/src/start_auv' returned '0': PYTHONPATH=/home/orangepi/AUV_ROS2/build/start_auv/prefix_override:/home/orangepi/AUV_ROS2/install/start_auv/lib/python3.10/site-packages:${PYTHONPATH} /usr/bin/python3 setup.py egg_info --egg-base ../../build/start_auv build --build-base /home/orangepi/AUV_ROS2/build/start_auv/build install --record /home/orangepi/AUV_ROS2/build/start_auv/install.log --single-version-externally-managed
