[5.582s] Invoking command in '/home/orangepi/AUV_ROS2/src/start_auv': PYTHONPATH=/home/orangepi/AUV_ROS2/build/start_auv/prefix_override:/home/orangepi/AUV_ROS2/install/start_auv/lib/python3.10/site-packages:${PYTHONPATH} /usr/bin/python3 setup.py egg_info --egg-base ../../build/start_auv build --build-base /home/orangepi/AUV_ROS2/build/start_auv/build install --record /home/orangepi/AUV_ROS2/build/start_auv/install.log --single-version-externally-managed
[5.997s] running egg_info
[5.998s] writing ../../build/start_auv/start_auv.egg-info/PKG-INFO
[5.999s] writing dependency_links to ../../build/start_auv/start_auv.egg-info/dependency_links.txt
[6.007s] writing entry points to ../../build/start_auv/start_auv.egg-info/entry_points.txt
[6.008s] writing requirements to ../../build/start_auv/start_auv.egg-info/requires.txt
[6.008s] writing top-level names to ../../build/start_auv/start_auv.egg-info/top_level.txt
[6.011s] /usr/lib/python3/dist-packages/setuptools/command/install.py:34: SetuptoolsDeprecationWarning: setup.py install is deprecated. Use build and pip and other standards-based tools.
[6.012s]   warnings.warn(
[6.012s] reading manifest file '../../build/start_auv/start_auv.egg-info/SOURCES.txt'
[6.013s] writing manifest file '../../build/start_auv/start_auv.egg-info/SOURCES.txt'
[6.013s] running build
[6.013s] running build_py
[6.014s] running install
[6.014s] running install_lib
[6.015s] running install_data
[6.015s] running install_egg_info
[6.016s] removing '/home/orangepi/AUV_ROS2/install/start_auv/lib/python3.10/site-packages/start_auv-0.0.0-py3.10.egg-info' (and everything under it)
[6.016s] Copying ../../build/start_auv/start_auv.egg-info to /home/orangepi/AUV_ROS2/install/start_auv/lib/python3.10/site-packages/start_auv-0.0.0-py3.10.egg-info
[6.016s] running install_scripts
[6.051s] writing list of installed files to '/home/orangepi/AUV_ROS2/build/start_auv/install.log'
[7.455s] Invoked command in '/home/orangepi/AUV_ROS2/src/start_auv' returned '0': PYTHONPATH=/home/orangepi/AUV_ROS2/build/start_auv/prefix_override:/home/orangepi/AUV_ROS2/install/start_auv/lib/python3.10/site-packages:${PYTHONPATH} /usr/bin/python3 setup.py egg_info --egg-base ../../build/start_auv build --build-base /home/orangepi/AUV_ROS2/build/start_auv/build install --record /home/orangepi/AUV_ROS2/build/start_auv/install.log --single-version-externally-managed
