[4.483s] Invoking command in '/home/orangepi/AUV_ROS2/src/remote_node': PYTHONPATH=/home/orangepi/AUV_ROS2/build/remote_node/prefix_override:/home/orangepi/AUV_ROS2/install/remote_node/lib/python3.10/site-packages:${PYTHONPATH} /usr/bin/python3 setup.py egg_info --egg-base ../../build/remote_node build --build-base /home/orangepi/AUV_ROS2/build/remote_node/build install --record /home/orangepi/AUV_ROS2/build/remote_node/install.log --single-version-externally-managed
[5.077s] running egg_info
[5.078s] writing ../../build/remote_node/remote_node.egg-info/PKG-INFO
[5.081s] writing dependency_links to ../../build/remote_node/remote_node.egg-info/dependency_links.txt
[5.082s] writing entry points to ../../build/remote_node/remote_node.egg-info/entry_points.txt
[5.084s] writing requirements to ../../build/remote_node/remote_node.egg-info/requires.txt
[5.085s] writing top-level names to ../../build/remote_node/remote_node.egg-info/top_level.txt
[5.087s] reading manifest file '../../build/remote_node/remote_node.egg-info/SOURCES.txt'
[5.096s] writing manifest file '../../build/remote_node/remote_node.egg-info/SOURCES.txt'
[5.099s] running build
[5.101s] running build_py
[5.103s] /usr/lib/python3/dist-packages/setuptools/command/install.py:34: SetuptoolsDeprecationWarning: setup.py install is deprecated. Use build and pip and other standards-based tools.
[5.104s]   warnings.warn(
[5.105s] running install
[5.106s] running install_lib
[5.108s] running install_data
[5.109s] running install_egg_info
[5.111s] removing '/home/orangepi/AUV_ROS2/install/remote_node/lib/python3.10/site-packages/remote_node-0.0.0-py3.10.egg-info' (and everything under it)
[5.113s] Copying ../../build/remote_node/remote_node.egg-info to /home/orangepi/AUV_ROS2/install/remote_node/lib/python3.10/site-packages/remote_node-0.0.0-py3.10.egg-info
[5.113s] running install_scripts
[5.126s] writing list of installed files to '/home/orangepi/AUV_ROS2/build/remote_node/install.log'
[6.124s] Invoked command in '/home/orangepi/AUV_ROS2/src/remote_node' returned '0': PYTHONPATH=/home/orangepi/AUV_ROS2/build/remote_node/prefix_override:/home/orangepi/AUV_ROS2/install/remote_node/lib/python3.10/site-packages:${PYTHONPATH} /usr/bin/python3 setup.py egg_info --egg-base ../../build/remote_node build --build-base /home/orangepi/AUV_ROS2/build/remote_node/build install --record /home/orangepi/AUV_ROS2/build/remote_node/install.log --single-version-externally-managed
