[1.214s] DEBUG:colcon:Command line arguments: ['/usr/bin/colcon', 'build']
[1.214s] DEBUG:colcon:Parsed command line arguments: Namespace(log_base=None, log_level=None, verb_name='build', build_base='build', install_base='install', merge_install=False, symlink_install=False, test_result_base=None, continue_on_error=False, executor='parallel', parallel_workers=8, event_handlers=None, ignore_user_meta=False, metas=['./colcon.meta'], base_paths=['.'], packages_ignore=None, packages_ignore_regex=None, paths=None, packages_up_to=None, packages_up_to_regex=None, packages_above=None, packages_above_and_dependencies=None, packages_above_depth=None, packages_select_by_dep=None, packages_skip_by_dep=None, packages_skip_up_to=None, packages_select_build_failed=False, packages_skip_build_finished=False, packages_select_test_failures=False, packages_skip_test_passed=False, packages_select=None, packages_skip=None, packages_select_regex=None, packages_skip_regex=None, packages_start=None, packages_end=None, cmake_args=None, cmake_target=None, cmake_target_skip_unavailable=False, cmake_clean_cache=False, cmake_clean_first=False, cmake_force_configure=False, ament_cmake_args=None, catkin_cmake_args=None, catkin_skip_building_tests=False, verb_parser=<colcon_defaults.argument_parser.defaults.DefaultArgumentsDecorator object at 0x7f9f8ff760>, verb_extension=<colcon_core.verb.build.BuildVerb object at 0x7f9fdab310>, main=<bound method BuildVerb.main of <colcon_core.verb.build.BuildVerb object at 0x7f9fdab310>>)
[1.274s] Level 1:colcon.colcon_core.package_discovery:discover_packages(colcon_meta) check parameters
[1.274s] Level 1:colcon.colcon_core.package_discovery:discover_packages(recursive) check parameters
[1.274s] Level 1:colcon.colcon_core.package_discovery:discover_packages(ignore) check parameters
[1.275s] Level 1:colcon.colcon_core.package_discovery:discover_packages(path) check parameters
[1.275s] Level 1:colcon.colcon_core.package_discovery:discover_packages(colcon_meta) discover
[1.275s] Level 1:colcon.colcon_core.package_discovery:discover_packages(recursive) discover
[1.275s] INFO:colcon.colcon_core.package_discovery:Crawling recursively for packages in '/home/orangepi/AUV_ROS2'
[1.275s] Level 1:colcon.colcon_core.package_identification:_identify(.) by extensions ['ignore', 'ignore_ament_install']
[1.275s] Level 1:colcon.colcon_core.package_identification:_identify(.) by extension 'ignore'
[1.275s] Level 1:colcon.colcon_core.package_identification:_identify(.) by extension 'ignore_ament_install'
[1.275s] Level 1:colcon.colcon_core.package_identification:_identify(.) by extensions ['colcon_pkg']
[1.275s] Level 1:colcon.colcon_core.package_identification:_identify(.) by extension 'colcon_pkg'
[1.275s] Level 1:colcon.colcon_core.package_identification:_identify(.) by extensions ['colcon_meta']
[1.275s] Level 1:colcon.colcon_core.package_identification:_identify(.) by extension 'colcon_meta'
[1.275s] Level 1:colcon.colcon_core.package_identification:_identify(.) by extensions ['ros']
[1.275s] Level 1:colcon.colcon_core.package_identification:_identify(.) by extension 'ros'
[1.291s] Level 1:colcon.colcon_core.package_identification:_identify(.) by extensions ['cmake', 'python']
[1.291s] Level 1:colcon.colcon_core.package_identification:_identify(.) by extension 'cmake'
[1.291s] Level 1:colcon.colcon_core.package_identification:_identify(.) by extension 'python'
[1.292s] Level 1:colcon.colcon_core.package_identification:_identify(.) by extensions ['python_setup_py']
[1.292s] Level 1:colcon.colcon_core.package_identification:_identify(.) by extension 'python_setup_py'
[1.292s] Level 1:colcon.colcon_core.package_identification:_identify(build) by extensions ['ignore', 'ignore_ament_install']
[1.292s] Level 1:colcon.colcon_core.package_identification:_identify(build) by extension 'ignore'
[1.292s] Level 1:colcon.colcon_core.package_identification:_identify(build) ignored
[1.292s] Level 1:colcon.colcon_core.package_identification:_identify(install) by extensions ['ignore', 'ignore_ament_install']
[1.292s] Level 1:colcon.colcon_core.package_identification:_identify(install) by extension 'ignore'
[1.292s] Level 1:colcon.colcon_core.package_identification:_identify(install) ignored
[1.292s] Level 1:colcon.colcon_core.package_identification:_identify(log) by extensions ['ignore', 'ignore_ament_install']
[1.293s] Level 1:colcon.colcon_core.package_identification:_identify(log) by extension 'ignore'
[1.293s] Level 1:colcon.colcon_core.package_identification:_identify(log) ignored
[1.293s] Level 1:colcon.colcon_core.package_identification:_identify(src) by extensions ['ignore', 'ignore_ament_install']
[1.293s] Level 1:colcon.colcon_core.package_identification:_identify(src) by extension 'ignore'
[1.293s] Level 1:colcon.colcon_core.package_identification:_identify(src) by extension 'ignore_ament_install'
[1.293s] Level 1:colcon.colcon_core.package_identification:_identify(src) by extensions ['colcon_pkg']
[1.293s] Level 1:colcon.colcon_core.package_identification:_identify(src) by extension 'colcon_pkg'
[1.293s] Level 1:colcon.colcon_core.package_identification:_identify(src) by extensions ['colcon_meta']
[1.293s] Level 1:colcon.colcon_core.package_identification:_identify(src) by extension 'colcon_meta'
[1.293s] Level 1:colcon.colcon_core.package_identification:_identify(src) by extensions ['ros']
[1.293s] Level 1:colcon.colcon_core.package_identification:_identify(src) by extension 'ros'
[1.293s] Level 1:colcon.colcon_core.package_identification:_identify(src) by extensions ['cmake', 'python']
[1.293s] Level 1:colcon.colcon_core.package_identification:_identify(src) by extension 'cmake'
[1.293s] Level 1:colcon.colcon_core.package_identification:_identify(src) by extension 'python'
[1.293s] Level 1:colcon.colcon_core.package_identification:_identify(src) by extensions ['python_setup_py']
[1.293s] Level 1:colcon.colcon_core.package_identification:_identify(src) by extension 'python_setup_py'
[1.293s] Level 1:colcon.colcon_core.package_identification:_identify(src/buoyancy_node) by extensions ['ignore', 'ignore_ament_install']
[1.294s] Level 1:colcon.colcon_core.package_identification:_identify(src/buoyancy_node) by extension 'ignore'
[1.294s] Level 1:colcon.colcon_core.package_identification:_identify(src/buoyancy_node) by extension 'ignore_ament_install'
[1.294s] Level 1:colcon.colcon_core.package_identification:_identify(src/buoyancy_node) by extensions ['colcon_pkg']
[1.294s] Level 1:colcon.colcon_core.package_identification:_identify(src/buoyancy_node) by extension 'colcon_pkg'
[1.294s] Level 1:colcon.colcon_core.package_identification:_identify(src/buoyancy_node) by extensions ['colcon_meta']
[1.294s] Level 1:colcon.colcon_core.package_identification:_identify(src/buoyancy_node) by extension 'colcon_meta'
[1.294s] Level 1:colcon.colcon_core.package_identification:_identify(src/buoyancy_node) by extensions ['ros']
[1.294s] Level 1:colcon.colcon_core.package_identification:_identify(src/buoyancy_node) by extension 'ros'
[1.297s] DEBUG:colcon.colcon_core.package_identification:Package 'src/buoyancy_node' with type 'ros.ament_python' and name 'buoyancy_node'
[1.297s] Level 1:colcon.colcon_core.package_identification:_identify(src/control_interfaces) by extensions ['ignore', 'ignore_ament_install']
[1.298s] Level 1:colcon.colcon_core.package_identification:_identify(src/control_interfaces) by extension 'ignore'
[1.298s] Level 1:colcon.colcon_core.package_identification:_identify(src/control_interfaces) by extension 'ignore_ament_install'
[1.298s] Level 1:colcon.colcon_core.package_identification:_identify(src/control_interfaces) by extensions ['colcon_pkg']
[1.298s] Level 1:colcon.colcon_core.package_identification:_identify(src/control_interfaces) by extension 'colcon_pkg'
[1.298s] Level 1:colcon.colcon_core.package_identification:_identify(src/control_interfaces) by extensions ['colcon_meta']
[1.298s] Level 1:colcon.colcon_core.package_identification:_identify(src/control_interfaces) by extension 'colcon_meta'
[1.298s] Level 1:colcon.colcon_core.package_identification:_identify(src/control_interfaces) by extensions ['ros']
[1.298s] Level 1:colcon.colcon_core.package_identification:_identify(src/control_interfaces) by extension 'ros'
[1.299s] DEBUG:colcon.colcon_core.package_identification:Package 'src/control_interfaces' with type 'ros.ament_cmake' and name 'control_interfaces'
[1.299s] Level 1:colcon.colcon_core.package_identification:_identify(src/control_node) by extensions ['ignore', 'ignore_ament_install']
[1.299s] Level 1:colcon.colcon_core.package_identification:_identify(src/control_node) by extension 'ignore'
[1.299s] Level 1:colcon.colcon_core.package_identification:_identify(src/control_node) by extension 'ignore_ament_install'
[1.299s] Level 1:colcon.colcon_core.package_identification:_identify(src/control_node) by extensions ['colcon_pkg']
[1.299s] Level 1:colcon.colcon_core.package_identification:_identify(src/control_node) by extension 'colcon_pkg'
[1.299s] Level 1:colcon.colcon_core.package_identification:_identify(src/control_node) by extensions ['colcon_meta']
[1.299s] Level 1:colcon.colcon_core.package_identification:_identify(src/control_node) by extension 'colcon_meta'
[1.299s] Level 1:colcon.colcon_core.package_identification:_identify(src/control_node) by extensions ['ros']
[1.299s] Level 1:colcon.colcon_core.package_identification:_identify(src/control_node) by extension 'ros'
[1.300s] DEBUG:colcon.colcon_core.package_identification:Package 'src/control_node' with type 'ros.ament_python' and name 'control_node'
[1.300s] Level 1:colcon.colcon_core.package_identification:_identify(src/master_node) by extensions ['ignore', 'ignore_ament_install']
[1.300s] Level 1:colcon.colcon_core.package_identification:_identify(src/master_node) by extension 'ignore'
[1.300s] Level 1:colcon.colcon_core.package_identification:_identify(src/master_node) by extension 'ignore_ament_install'
[1.300s] Level 1:colcon.colcon_core.package_identification:_identify(src/master_node) by extensions ['colcon_pkg']
[1.300s] Level 1:colcon.colcon_core.package_identification:_identify(src/master_node) by extension 'colcon_pkg'
[1.300s] Level 1:colcon.colcon_core.package_identification:_identify(src/master_node) by extensions ['colcon_meta']
[1.300s] Level 1:colcon.colcon_core.package_identification:_identify(src/master_node) by extension 'colcon_meta'
[1.300s] Level 1:colcon.colcon_core.package_identification:_identify(src/master_node) by extensions ['ros']
[1.300s] Level 1:colcon.colcon_core.package_identification:_identify(src/master_node) by extension 'ros'
[1.301s] DEBUG:colcon.colcon_core.package_identification:Package 'src/master_node' with type 'ros.ament_python' and name 'master_node'
[1.301s] Level 1:colcon.colcon_core.package_identification:_identify(src/remote_node) by extensions ['ignore', 'ignore_ament_install']
[1.301s] Level 1:colcon.colcon_core.package_identification:_identify(src/remote_node) by extension 'ignore'
[1.301s] Level 1:colcon.colcon_core.package_identification:_identify(src/remote_node) by extension 'ignore_ament_install'
[1.301s] Level 1:colcon.colcon_core.package_identification:_identify(src/remote_node) by extensions ['colcon_pkg']
[1.301s] Level 1:colcon.colcon_core.package_identification:_identify(src/remote_node) by extension 'colcon_pkg'
[1.301s] Level 1:colcon.colcon_core.package_identification:_identify(src/remote_node) by extensions ['colcon_meta']
[1.301s] Level 1:colcon.colcon_core.package_identification:_identify(src/remote_node) by extension 'colcon_meta'
[1.301s] Level 1:colcon.colcon_core.package_identification:_identify(src/remote_node) by extensions ['ros']
[1.301s] Level 1:colcon.colcon_core.package_identification:_identify(src/remote_node) by extension 'ros'
[1.302s] DEBUG:colcon.colcon_core.package_identification:Package 'src/remote_node' with type 'ros.ament_python' and name 'remote_node'
[1.302s] Level 1:colcon.colcon_core.package_identification:_identify(src/start_auv) by extensions ['ignore', 'ignore_ament_install']
[1.302s] Level 1:colcon.colcon_core.package_identification:_identify(src/start_auv) by extension 'ignore'
[1.302s] Level 1:colcon.colcon_core.package_identification:_identify(src/start_auv) by extension 'ignore_ament_install'
[1.302s] Level 1:colcon.colcon_core.package_identification:_identify(src/start_auv) by extensions ['colcon_pkg']
[1.302s] Level 1:colcon.colcon_core.package_identification:_identify(src/start_auv) by extension 'colcon_pkg'
[1.302s] Level 1:colcon.colcon_core.package_identification:_identify(src/start_auv) by extensions ['colcon_meta']
[1.302s] Level 1:colcon.colcon_core.package_identification:_identify(src/start_auv) by extension 'colcon_meta'
[1.302s] Level 1:colcon.colcon_core.package_identification:_identify(src/start_auv) by extensions ['ros']
[1.302s] Level 1:colcon.colcon_core.package_identification:_identify(src/start_auv) by extension 'ros'
[1.303s] DEBUG:colcon.colcon_core.package_identification:Package 'src/start_auv' with type 'ros.ament_python' and name 'start_auv'
[1.303s] Level 1:colcon.colcon_core.package_identification:_identify(src/task1_node) by extensions ['ignore', 'ignore_ament_install']
[1.303s] Level 1:colcon.colcon_core.package_identification:_identify(src/task1_node) by extension 'ignore'
[1.303s] Level 1:colcon.colcon_core.package_identification:_identify(src/task1_node) by extension 'ignore_ament_install'
[1.303s] Level 1:colcon.colcon_core.package_identification:_identify(src/task1_node) by extensions ['colcon_pkg']
[1.303s] Level 1:colcon.colcon_core.package_identification:_identify(src/task1_node) by extension 'colcon_pkg'
[1.303s] Level 1:colcon.colcon_core.package_identification:_identify(src/task1_node) by extensions ['colcon_meta']
[1.303s] Level 1:colcon.colcon_core.package_identification:_identify(src/task1_node) by extension 'colcon_meta'
[1.303s] Level 1:colcon.colcon_core.package_identification:_identify(src/task1_node) by extensions ['ros']
[1.303s] Level 1:colcon.colcon_core.package_identification:_identify(src/task1_node) by extension 'ros'
[1.304s] DEBUG:colcon.colcon_core.package_identification:Package 'src/task1_node' with type 'ros.ament_python' and name 'task1_node'
[1.304s] Level 1:colcon.colcon_core.package_identification:_identify(src/task2_node) by extensions ['ignore', 'ignore_ament_install']
[1.304s] Level 1:colcon.colcon_core.package_identification:_identify(src/task2_node) by extension 'ignore'
[1.304s] Level 1:colcon.colcon_core.package_identification:_identify(src/task2_node) by extension 'ignore_ament_install'
[1.304s] Level 1:colcon.colcon_core.package_identification:_identify(src/task2_node) by extensions ['colcon_pkg']
[1.304s] Level 1:colcon.colcon_core.package_identification:_identify(src/task2_node) by extension 'colcon_pkg'
[1.305s] Level 1:colcon.colcon_core.package_identification:_identify(src/task2_node) by extensions ['colcon_meta']
[1.305s] Level 1:colcon.colcon_core.package_identification:_identify(src/task2_node) by extension 'colcon_meta'
[1.305s] Level 1:colcon.colcon_core.package_identification:_identify(src/task2_node) by extensions ['ros']
[1.305s] Level 1:colcon.colcon_core.package_identification:_identify(src/task2_node) by extension 'ros'
[1.305s] DEBUG:colcon.colcon_core.package_identification:Package 'src/task2_node' with type 'ros.ament_python' and name 'task2_node'
[1.305s] Level 1:colcon.colcon_core.package_discovery:discover_packages(recursive) using defaults
[1.305s] Level 1:colcon.colcon_core.package_discovery:discover_packages(ignore) discover
[1.305s] Level 1:colcon.colcon_core.package_discovery:discover_packages(ignore) using defaults
[1.305s] Level 1:colcon.colcon_core.package_discovery:discover_packages(path) discover
[1.305s] Level 1:colcon.colcon_core.package_discovery:discover_packages(path) using defaults
[1.403s] Level 5:colcon.colcon_core.verb:set package 'buoyancy_node' build argument 'cmake_args' from command line to 'None'
[1.403s] Level 5:colcon.colcon_core.verb:set package 'buoyancy_node' build argument 'cmake_target' from command line to 'None'
[1.403s] Level 5:colcon.colcon_core.verb:set package 'buoyancy_node' build argument 'cmake_target_skip_unavailable' from command line to 'False'
[1.403s] Level 5:colcon.colcon_core.verb:set package 'buoyancy_node' build argument 'cmake_clean_cache' from command line to 'False'
[1.404s] Level 5:colcon.colcon_core.verb:set package 'buoyancy_node' build argument 'cmake_clean_first' from command line to 'False'
[1.404s] Level 5:colcon.colcon_core.verb:set package 'buoyancy_node' build argument 'cmake_force_configure' from command line to 'False'
[1.404s] Level 5:colcon.colcon_core.verb:set package 'buoyancy_node' build argument 'ament_cmake_args' from command line to 'None'
[1.404s] Level 5:colcon.colcon_core.verb:set package 'buoyancy_node' build argument 'catkin_cmake_args' from command line to 'None'
[1.404s] Level 5:colcon.colcon_core.verb:set package 'buoyancy_node' build argument 'catkin_skip_building_tests' from command line to 'False'
[1.404s] DEBUG:colcon.colcon_core.verb:Building package 'buoyancy_node' with the following arguments: {'ament_cmake_args': None, 'build_base': '/home/orangepi/AUV_ROS2/build/buoyancy_node', 'catkin_cmake_args': None, 'catkin_skip_building_tests': False, 'cmake_args': None, 'cmake_clean_cache': False, 'cmake_clean_first': False, 'cmake_force_configure': False, 'cmake_target': None, 'cmake_target_skip_unavailable': False, 'install_base': '/home/orangepi/AUV_ROS2/install/buoyancy_node', 'merge_install': False, 'path': '/home/orangepi/AUV_ROS2/src/buoyancy_node', 'symlink_install': False, 'test_result_base': None}
[1.422s] Level 5:colcon.colcon_core.verb:set package 'control_interfaces' build argument 'cmake_args' from command line to 'None'
[1.422s] Level 5:colcon.colcon_core.verb:set package 'control_interfaces' build argument 'cmake_target' from command line to 'None'
[1.422s] Level 5:colcon.colcon_core.verb:set package 'control_interfaces' build argument 'cmake_target_skip_unavailable' from command line to 'False'
[1.422s] Level 5:colcon.colcon_core.verb:set package 'control_interfaces' build argument 'cmake_clean_cache' from command line to 'False'
[1.422s] Level 5:colcon.colcon_core.verb:set package 'control_interfaces' build argument 'cmake_clean_first' from command line to 'False'
[1.422s] Level 5:colcon.colcon_core.verb:set package 'control_interfaces' build argument 'cmake_force_configure' from command line to 'False'
[1.422s] Level 5:colcon.colcon_core.verb:set package 'control_interfaces' build argument 'ament_cmake_args' from command line to 'None'
[1.422s] Level 5:colcon.colcon_core.verb:set package 'control_interfaces' build argument 'catkin_cmake_args' from command line to 'None'
[1.422s] Level 5:colcon.colcon_core.verb:set package 'control_interfaces' build argument 'catkin_skip_building_tests' from command line to 'False'
[1.423s] DEBUG:colcon.colcon_core.verb:Building package 'control_interfaces' with the following arguments: {'ament_cmake_args': None, 'build_base': '/home/orangepi/AUV_ROS2/build/control_interfaces', 'catkin_cmake_args': None, 'catkin_skip_building_tests': False, 'cmake_args': None, 'cmake_clean_cache': False, 'cmake_clean_first': False, 'cmake_force_configure': False, 'cmake_target': None, 'cmake_target_skip_unavailable': False, 'install_base': '/home/orangepi/AUV_ROS2/install/control_interfaces', 'merge_install': False, 'path': '/home/orangepi/AUV_ROS2/src/control_interfaces', 'symlink_install': False, 'test_result_base': None}
[1.440s] Level 5:colcon.colcon_core.verb:set package 'control_node' build argument 'cmake_args' from command line to 'None'
[1.441s] Level 5:colcon.colcon_core.verb:set package 'control_node' build argument 'cmake_target' from command line to 'None'
[1.441s] Level 5:colcon.colcon_core.verb:set package 'control_node' build argument 'cmake_target_skip_unavailable' from command line to 'False'
[1.441s] Level 5:colcon.colcon_core.verb:set package 'control_node' build argument 'cmake_clean_cache' from command line to 'False'
[1.441s] Level 5:colcon.colcon_core.verb:set package 'control_node' build argument 'cmake_clean_first' from command line to 'False'
[1.441s] Level 5:colcon.colcon_core.verb:set package 'control_node' build argument 'cmake_force_configure' from command line to 'False'
[1.441s] Level 5:colcon.colcon_core.verb:set package 'control_node' build argument 'ament_cmake_args' from command line to 'None'
[1.441s] Level 5:colcon.colcon_core.verb:set package 'control_node' build argument 'catkin_cmake_args' from command line to 'None'
[1.441s] Level 5:colcon.colcon_core.verb:set package 'control_node' build argument 'catkin_skip_building_tests' from command line to 'False'
[1.441s] DEBUG:colcon.colcon_core.verb:Building package 'control_node' with the following arguments: {'ament_cmake_args': None, 'build_base': '/home/orangepi/AUV_ROS2/build/control_node', 'catkin_cmake_args': None, 'catkin_skip_building_tests': False, 'cmake_args': None, 'cmake_clean_cache': False, 'cmake_clean_first': False, 'cmake_force_configure': False, 'cmake_target': None, 'cmake_target_skip_unavailable': False, 'install_base': '/home/orangepi/AUV_ROS2/install/control_node', 'merge_install': False, 'path': '/home/orangepi/AUV_ROS2/src/control_node', 'symlink_install': False, 'test_result_base': None}
[1.458s] Level 5:colcon.colcon_core.verb:set package 'master_node' build argument 'cmake_args' from command line to 'None'
[1.459s] Level 5:colcon.colcon_core.verb:set package 'master_node' build argument 'cmake_target' from command line to 'None'
[1.459s] Level 5:colcon.colcon_core.verb:set package 'master_node' build argument 'cmake_target_skip_unavailable' from command line to 'False'
[1.459s] Level 5:colcon.colcon_core.verb:set package 'master_node' build argument 'cmake_clean_cache' from command line to 'False'
[1.459s] Level 5:colcon.colcon_core.verb:set package 'master_node' build argument 'cmake_clean_first' from command line to 'False'
[1.459s] Level 5:colcon.colcon_core.verb:set package 'master_node' build argument 'cmake_force_configure' from command line to 'False'
[1.459s] Level 5:colcon.colcon_core.verb:set package 'master_node' build argument 'ament_cmake_args' from command line to 'None'
[1.459s] Level 5:colcon.colcon_core.verb:set package 'master_node' build argument 'catkin_cmake_args' from command line to 'None'
[1.459s] Level 5:colcon.colcon_core.verb:set package 'master_node' build argument 'catkin_skip_building_tests' from command line to 'False'
[1.459s] DEBUG:colcon.colcon_core.verb:Building package 'master_node' with the following arguments: {'ament_cmake_args': None, 'build_base': '/home/orangepi/AUV_ROS2/build/master_node', 'catkin_cmake_args': None, 'catkin_skip_building_tests': False, 'cmake_args': None, 'cmake_clean_cache': False, 'cmake_clean_first': False, 'cmake_force_configure': False, 'cmake_target': None, 'cmake_target_skip_unavailable': False, 'install_base': '/home/orangepi/AUV_ROS2/install/master_node', 'merge_install': False, 'path': '/home/orangepi/AUV_ROS2/src/master_node', 'symlink_install': False, 'test_result_base': None}
[1.477s] Level 5:colcon.colcon_core.verb:set package 'remote_node' build argument 'cmake_args' from command line to 'None'
[1.477s] Level 5:colcon.colcon_core.verb:set package 'remote_node' build argument 'cmake_target' from command line to 'None'
[1.477s] Level 5:colcon.colcon_core.verb:set package 'remote_node' build argument 'cmake_target_skip_unavailable' from command line to 'False'
[1.477s] Level 5:colcon.colcon_core.verb:set package 'remote_node' build argument 'cmake_clean_cache' from command line to 'False'
[1.477s] Level 5:colcon.colcon_core.verb:set package 'remote_node' build argument 'cmake_clean_first' from command line to 'False'
[1.477s] Level 5:colcon.colcon_core.verb:set package 'remote_node' build argument 'cmake_force_configure' from command line to 'False'
[1.477s] Level 5:colcon.colcon_core.verb:set package 'remote_node' build argument 'ament_cmake_args' from command line to 'None'
[1.477s] Level 5:colcon.colcon_core.verb:set package 'remote_node' build argument 'catkin_cmake_args' from command line to 'None'
[1.477s] Level 5:colcon.colcon_core.verb:set package 'remote_node' build argument 'catkin_skip_building_tests' from command line to 'False'
[1.477s] DEBUG:colcon.colcon_core.verb:Building package 'remote_node' with the following arguments: {'ament_cmake_args': None, 'build_base': '/home/orangepi/AUV_ROS2/build/remote_node', 'catkin_cmake_args': None, 'catkin_skip_building_tests': False, 'cmake_args': None, 'cmake_clean_cache': False, 'cmake_clean_first': False, 'cmake_force_configure': False, 'cmake_target': None, 'cmake_target_skip_unavailable': False, 'install_base': '/home/orangepi/AUV_ROS2/install/remote_node', 'merge_install': False, 'path': '/home/orangepi/AUV_ROS2/src/remote_node', 'symlink_install': False, 'test_result_base': None}
[1.494s] Level 5:colcon.colcon_core.verb:set package 'start_auv' build argument 'cmake_args' from command line to 'None'
[1.495s] Level 5:colcon.colcon_core.verb:set package 'start_auv' build argument 'cmake_target' from command line to 'None'
[1.495s] Level 5:colcon.colcon_core.verb:set package 'start_auv' build argument 'cmake_target_skip_unavailable' from command line to 'False'
[1.495s] Level 5:colcon.colcon_core.verb:set package 'start_auv' build argument 'cmake_clean_cache' from command line to 'False'
[1.495s] Level 5:colcon.colcon_core.verb:set package 'start_auv' build argument 'cmake_clean_first' from command line to 'False'
[1.495s] Level 5:colcon.colcon_core.verb:set package 'start_auv' build argument 'cmake_force_configure' from command line to 'False'
[1.495s] Level 5:colcon.colcon_core.verb:set package 'start_auv' build argument 'ament_cmake_args' from command line to 'None'
[1.495s] Level 5:colcon.colcon_core.verb:set package 'start_auv' build argument 'catkin_cmake_args' from command line to 'None'
[1.495s] Level 5:colcon.colcon_core.verb:set package 'start_auv' build argument 'catkin_skip_building_tests' from command line to 'False'
[1.495s] DEBUG:colcon.colcon_core.verb:Building package 'start_auv' with the following arguments: {'ament_cmake_args': None, 'build_base': '/home/orangepi/AUV_ROS2/build/start_auv', 'catkin_cmake_args': None, 'catkin_skip_building_tests': False, 'cmake_args': None, 'cmake_clean_cache': False, 'cmake_clean_first': False, 'cmake_force_configure': False, 'cmake_target': None, 'cmake_target_skip_unavailable': False, 'install_base': '/home/orangepi/AUV_ROS2/install/start_auv', 'merge_install': False, 'path': '/home/orangepi/AUV_ROS2/src/start_auv', 'symlink_install': False, 'test_result_base': None}
[1.512s] Level 5:colcon.colcon_core.verb:set package 'task1_node' build argument 'cmake_args' from command line to 'None'
[1.512s] Level 5:colcon.colcon_core.verb:set package 'task1_node' build argument 'cmake_target' from command line to 'None'
[1.512s] Level 5:colcon.colcon_core.verb:set package 'task1_node' build argument 'cmake_target_skip_unavailable' from command line to 'False'
[1.512s] Level 5:colcon.colcon_core.verb:set package 'task1_node' build argument 'cmake_clean_cache' from command line to 'False'
[1.512s] Level 5:colcon.colcon_core.verb:set package 'task1_node' build argument 'cmake_clean_first' from command line to 'False'
[1.512s] Level 5:colcon.colcon_core.verb:set package 'task1_node' build argument 'cmake_force_configure' from command line to 'False'
[1.512s] Level 5:colcon.colcon_core.verb:set package 'task1_node' build argument 'ament_cmake_args' from command line to 'None'
[1.512s] Level 5:colcon.colcon_core.verb:set package 'task1_node' build argument 'catkin_cmake_args' from command line to 'None'
[1.512s] Level 5:colcon.colcon_core.verb:set package 'task1_node' build argument 'catkin_skip_building_tests' from command line to 'False'
[1.512s] DEBUG:colcon.colcon_core.verb:Building package 'task1_node' with the following arguments: {'ament_cmake_args': None, 'build_base': '/home/orangepi/AUV_ROS2/build/task1_node', 'catkin_cmake_args': None, 'catkin_skip_building_tests': False, 'cmake_args': None, 'cmake_clean_cache': False, 'cmake_clean_first': False, 'cmake_force_configure': False, 'cmake_target': None, 'cmake_target_skip_unavailable': False, 'install_base': '/home/orangepi/AUV_ROS2/install/task1_node', 'merge_install': False, 'path': '/home/orangepi/AUV_ROS2/src/task1_node', 'symlink_install': False, 'test_result_base': None}
[1.530s] Level 5:colcon.colcon_core.verb:set package 'task2_node' build argument 'cmake_args' from command line to 'None'
[1.530s] Level 5:colcon.colcon_core.verb:set package 'task2_node' build argument 'cmake_target' from command line to 'None'
[1.530s] Level 5:colcon.colcon_core.verb:set package 'task2_node' build argument 'cmake_target_skip_unavailable' from command line to 'False'
[1.530s] Level 5:colcon.colcon_core.verb:set package 'task2_node' build argument 'cmake_clean_cache' from command line to 'False'
[1.530s] Level 5:colcon.colcon_core.verb:set package 'task2_node' build argument 'cmake_clean_first' from command line to 'False'
[1.530s] Level 5:colcon.colcon_core.verb:set package 'task2_node' build argument 'cmake_force_configure' from command line to 'False'
[1.530s] Level 5:colcon.colcon_core.verb:set package 'task2_node' build argument 'ament_cmake_args' from command line to 'None'
[1.530s] Level 5:colcon.colcon_core.verb:set package 'task2_node' build argument 'catkin_cmake_args' from command line to 'None'
[1.530s] Level 5:colcon.colcon_core.verb:set package 'task2_node' build argument 'catkin_skip_building_tests' from command line to 'False'
[1.530s] DEBUG:colcon.colcon_core.verb:Building package 'task2_node' with the following arguments: {'ament_cmake_args': None, 'build_base': '/home/orangepi/AUV_ROS2/build/task2_node', 'catkin_cmake_args': None, 'catkin_skip_building_tests': False, 'cmake_args': None, 'cmake_clean_cache': False, 'cmake_clean_first': False, 'cmake_force_configure': False, 'cmake_target': None, 'cmake_target_skip_unavailable': False, 'install_base': '/home/orangepi/AUV_ROS2/install/task2_node', 'merge_install': False, 'path': '/home/orangepi/AUV_ROS2/src/task2_node', 'symlink_install': False, 'test_result_base': None}
[1.547s] INFO:colcon.colcon_core.executor:Executing jobs using 'parallel' executor
[1.565s] DEBUG:colcon.colcon_parallel_executor.executor.parallel:run_until_complete
[1.565s] INFO:colcon.colcon_ros.task.ament_python.build:Building ROS package in '/home/orangepi/AUV_ROS2/src/buoyancy_node' with build type 'ament_python'
[1.566s] Level 1:colcon.colcon_core.shell:create_environment_hook('buoyancy_node', 'ament_prefix_path')
[1.588s] INFO:colcon.colcon_core.plugin_system:Skipping extension 'colcon_core.shell.bat': Not used on non-Windows systems
[1.588s] INFO:colcon.colcon_core.shell:Creating environment hook '/home/orangepi/AUV_ROS2/install/buoyancy_node/share/buoyancy_node/hook/ament_prefix_path.ps1'
[1.589s] INFO:colcon.colcon_core.shell:Creating environment descriptor '/home/orangepi/AUV_ROS2/install/buoyancy_node/share/buoyancy_node/hook/ament_prefix_path.dsv'
[1.589s] INFO:colcon.colcon_core.shell:Creating environment hook '/home/orangepi/AUV_ROS2/install/buoyancy_node/share/buoyancy_node/hook/ament_prefix_path.sh'
[1.608s] INFO:colcon.colcon_core.shell:Skip shell extension 'powershell' for command environment: Not usable outside of PowerShell
[1.608s] DEBUG:colcon.colcon_core.shell:Skip shell extension 'dsv' for command environment
[1.684s] INFO:colcon.colcon_ros.task.ament_cmake.build:Building ROS package in '/home/orangepi/AUV_ROS2/src/control_interfaces' with build type 'ament_cmake'
[1.684s] INFO:colcon.colcon_cmake.task.cmake.build:Building CMake package in '/home/orangepi/AUV_ROS2/src/control_interfaces'
[1.703s] INFO:colcon.colcon_core.shell:Skip shell extension 'powershell' for command environment: Not usable outside of PowerShell
[1.703s] DEBUG:colcon.colcon_core.shell:Skip shell extension 'dsv' for command environment
[1.776s] INFO:colcon.colcon_ros.task.ament_python.build:Building ROS package in '/home/orangepi/AUV_ROS2/src/control_node' with build type 'ament_python'
[1.777s] Level 1:colcon.colcon_core.shell:create_environment_hook('control_node', 'ament_prefix_path')
[1.795s] INFO:colcon.colcon_core.shell:Creating environment hook '/home/orangepi/AUV_ROS2/install/control_node/share/control_node/hook/ament_prefix_path.ps1'
[1.796s] INFO:colcon.colcon_core.shell:Creating environment descriptor '/home/orangepi/AUV_ROS2/install/control_node/share/control_node/hook/ament_prefix_path.dsv'
[1.796s] INFO:colcon.colcon_core.shell:Creating environment hook '/home/orangepi/AUV_ROS2/install/control_node/share/control_node/hook/ament_prefix_path.sh'
[1.814s] INFO:colcon.colcon_core.shell:Skip shell extension 'powershell' for command environment: Not usable outside of PowerShell
[1.814s] DEBUG:colcon.colcon_core.shell:Skip shell extension 'dsv' for command environment
[1.888s] INFO:colcon.colcon_ros.task.ament_python.build:Building ROS package in '/home/orangepi/AUV_ROS2/src/master_node' with build type 'ament_python'
[1.888s] Level 1:colcon.colcon_core.shell:create_environment_hook('master_node', 'ament_prefix_path')
[1.906s] INFO:colcon.colcon_core.shell:Creating environment hook '/home/orangepi/AUV_ROS2/install/master_node/share/master_node/hook/ament_prefix_path.ps1'
[1.907s] INFO:colcon.colcon_core.shell:Creating environment descriptor '/home/orangepi/AUV_ROS2/install/master_node/share/master_node/hook/ament_prefix_path.dsv'
[1.907s] INFO:colcon.colcon_core.shell:Creating environment hook '/home/orangepi/AUV_ROS2/install/master_node/share/master_node/hook/ament_prefix_path.sh'
[1.925s] INFO:colcon.colcon_core.shell:Skip shell extension 'powershell' for command environment: Not usable outside of PowerShell
[1.925s] DEBUG:colcon.colcon_core.shell:Skip shell extension 'dsv' for command environment
[2.003s] INFO:colcon.colcon_ros.task.ament_python.build:Building ROS package in '/home/orangepi/AUV_ROS2/src/remote_node' with build type 'ament_python'
[2.003s] Level 1:colcon.colcon_core.shell:create_environment_hook('remote_node', 'ament_prefix_path')
[2.021s] INFO:colcon.colcon_core.shell:Creating environment hook '/home/orangepi/AUV_ROS2/install/remote_node/share/remote_node/hook/ament_prefix_path.ps1'
[2.022s] INFO:colcon.colcon_core.shell:Creating environment descriptor '/home/orangepi/AUV_ROS2/install/remote_node/share/remote_node/hook/ament_prefix_path.dsv'
[2.022s] INFO:colcon.colcon_core.shell:Creating environment hook '/home/orangepi/AUV_ROS2/install/remote_node/share/remote_node/hook/ament_prefix_path.sh'
[2.040s] INFO:colcon.colcon_core.shell:Skip shell extension 'powershell' for command environment: Not usable outside of PowerShell
[2.041s] DEBUG:colcon.colcon_core.shell:Skip shell extension 'dsv' for command environment
[2.115s] INFO:colcon.colcon_ros.task.ament_python.build:Building ROS package in '/home/orangepi/AUV_ROS2/src/start_auv' with build type 'ament_python'
[2.115s] Level 1:colcon.colcon_core.shell:create_environment_hook('start_auv', 'ament_prefix_path')
[2.133s] INFO:colcon.colcon_core.shell:Creating environment hook '/home/orangepi/AUV_ROS2/install/start_auv/share/start_auv/hook/ament_prefix_path.ps1'
[2.134s] INFO:colcon.colcon_core.shell:Creating environment descriptor '/home/orangepi/AUV_ROS2/install/start_auv/share/start_auv/hook/ament_prefix_path.dsv'
[2.134s] INFO:colcon.colcon_core.shell:Creating environment hook '/home/orangepi/AUV_ROS2/install/start_auv/share/start_auv/hook/ament_prefix_path.sh'
[2.153s] INFO:colcon.colcon_core.shell:Skip shell extension 'powershell' for command environment: Not usable outside of PowerShell
[2.153s] DEBUG:colcon.colcon_core.shell:Skip shell extension 'dsv' for command environment
[2.227s] INFO:colcon.colcon_ros.task.ament_python.build:Building ROS package in '/home/orangepi/AUV_ROS2/src/task1_node' with build type 'ament_python'
[2.227s] Level 1:colcon.colcon_core.shell:create_environment_hook('task1_node', 'ament_prefix_path')
[2.245s] INFO:colcon.colcon_core.shell:Creating environment hook '/home/orangepi/AUV_ROS2/install/task1_node/share/task1_node/hook/ament_prefix_path.ps1'
[2.246s] INFO:colcon.colcon_core.shell:Creating environment descriptor '/home/orangepi/AUV_ROS2/install/task1_node/share/task1_node/hook/ament_prefix_path.dsv'
[2.246s] INFO:colcon.colcon_core.shell:Creating environment hook '/home/orangepi/AUV_ROS2/install/task1_node/share/task1_node/hook/ament_prefix_path.sh'
[2.264s] INFO:colcon.colcon_core.shell:Skip shell extension 'powershell' for command environment: Not usable outside of PowerShell
[2.264s] DEBUG:colcon.colcon_core.shell:Skip shell extension 'dsv' for command environment
[2.362s] INFO:colcon.colcon_ros.task.ament_python.build:Building ROS package in '/home/orangepi/AUV_ROS2/src/task2_node' with build type 'ament_python'
[2.362s] Level 1:colcon.colcon_core.shell:create_environment_hook('task2_node', 'ament_prefix_path')
[2.381s] INFO:colcon.colcon_core.shell:Creating environment hook '/home/orangepi/AUV_ROS2/install/task2_node/share/task2_node/hook/ament_prefix_path.ps1'
[2.382s] INFO:colcon.colcon_core.shell:Creating environment descriptor '/home/orangepi/AUV_ROS2/install/task2_node/share/task2_node/hook/ament_prefix_path.dsv'
[2.382s] INFO:colcon.colcon_core.shell:Creating environment hook '/home/orangepi/AUV_ROS2/install/task2_node/share/task2_node/hook/ament_prefix_path.sh'
[2.400s] INFO:colcon.colcon_core.shell:Skip shell extension 'powershell' for command environment: Not usable outside of PowerShell
[2.400s] DEBUG:colcon.colcon_core.shell:Skip shell extension 'dsv' for command environment
[2.833s] INFO:colcon.colcon_core.task.python.build:Building Python package in '/home/orangepi/AUV_ROS2/src/buoyancy_node'
[2.852s] INFO:colcon.colcon_core.shell:Skip shell extension 'powershell' for command environment: Not usable outside of PowerShell
[2.852s] DEBUG:colcon.colcon_core.shell:Skip shell extension 'dsv' for command environment
[2.937s] DEBUG:colcon.colcon_core.event_handler.log_command:Invoking command in '/home/orangepi/AUV_ROS2/build/control_interfaces': CMAKE_PREFIX_PATH=${CMAKE_PREFIX_PATH}:/home/orangepi/AUV_ROS2/install/task2_node:/home/orangepi/AUV_ROS2/install/task1_node:/home/orangepi/AUV_ROS2/install/start_auv:/home/orangepi/AUV_ROS2/install/remote_node:/home/orangepi/AUV_ROS2/install/master_node:/home/orangepi/AUV_ROS2/install/control_node:/home/orangepi/AUV_ROS2/install/buoyancy_node:/home/orangepi/opencv_ws/install/task2_drum_detection:/home/orangepi/opencv_ws/install/task1_gate_detection:/home/orangepi/opencv_ws/install/task1_flare_detection:/home/orangepi/opencv_ws/install/q_gate_detection:/home/orangepi/opencv_ws/install/master_node_simulation:/home/orangepi/opencv_ws/install/facer_input:/opt/ros/humble /usr/bin/cmake --build /home/orangepi/AUV_ROS2/build/control_interfaces -- -j8 -l8
[3.335s] INFO:colcon.colcon_core.task.python.build:Building Python package in '/home/orangepi/AUV_ROS2/src/control_node'
[3.355s] INFO:colcon.colcon_core.shell:Skip shell extension 'powershell' for command environment: Not usable outside of PowerShell
[3.355s] DEBUG:colcon.colcon_core.shell:Skip shell extension 'dsv' for command environment
[3.814s] INFO:colcon.colcon_core.task.python.build:Building Python package in '/home/orangepi/AUV_ROS2/src/master_node'
[3.834s] INFO:colcon.colcon_core.shell:Skip shell extension 'powershell' for command environment: Not usable outside of PowerShell
[3.834s] DEBUG:colcon.colcon_core.shell:Skip shell extension 'dsv' for command environment
[4.316s] INFO:colcon.colcon_core.task.python.build:Building Python package in '/home/orangepi/AUV_ROS2/src/remote_node'
[4.337s] INFO:colcon.colcon_core.shell:Skip shell extension 'powershell' for command environment: Not usable outside of PowerShell
[4.337s] DEBUG:colcon.colcon_core.shell:Skip shell extension 'dsv' for command environment
[4.795s] INFO:colcon.colcon_core.task.python.build:Building Python package in '/home/orangepi/AUV_ROS2/src/start_auv'
[4.819s] INFO:colcon.colcon_core.shell:Skip shell extension 'powershell' for command environment: Not usable outside of PowerShell
[4.819s] DEBUG:colcon.colcon_core.shell:Skip shell extension 'dsv' for command environment
[5.303s] INFO:colcon.colcon_core.task.python.build:Building Python package in '/home/orangepi/AUV_ROS2/src/task1_node'
[5.323s] INFO:colcon.colcon_core.shell:Skip shell extension 'powershell' for command environment: Not usable outside of PowerShell
[5.323s] DEBUG:colcon.colcon_core.shell:Skip shell extension 'dsv' for command environment
[5.806s] INFO:colcon.colcon_core.task.python.build:Building Python package in '/home/orangepi/AUV_ROS2/src/task2_node'
[5.828s] INFO:colcon.colcon_core.shell:Skip shell extension 'powershell' for command environment: Not usable outside of PowerShell
[5.829s] DEBUG:colcon.colcon_core.shell:Skip shell extension 'dsv' for command environment
[5.935s] DEBUG:colcon.colcon_core.event_handler.log_command:Invoked command in '/home/orangepi/AUV_ROS2/build/control_interfaces' returned '0': CMAKE_PREFIX_PATH=${CMAKE_PREFIX_PATH}:/home/orangepi/AUV_ROS2/install/task2_node:/home/orangepi/AUV_ROS2/install/task1_node:/home/orangepi/AUV_ROS2/install/start_auv:/home/orangepi/AUV_ROS2/install/remote_node:/home/orangepi/AUV_ROS2/install/master_node:/home/orangepi/AUV_ROS2/install/control_node:/home/orangepi/AUV_ROS2/install/buoyancy_node:/home/orangepi/opencv_ws/install/task2_drum_detection:/home/orangepi/opencv_ws/install/task1_gate_detection:/home/orangepi/opencv_ws/install/task1_flare_detection:/home/orangepi/opencv_ws/install/q_gate_detection:/home/orangepi/opencv_ws/install/master_node_simulation:/home/orangepi/opencv_ws/install/facer_input:/opt/ros/humble /usr/bin/cmake --build /home/orangepi/AUV_ROS2/build/control_interfaces -- -j8 -l8
[6.481s] DEBUG:colcon.colcon_core.event_handler.log_command:Invoking command in '/home/orangepi/AUV_ROS2/src/remote_node': PYTHONPATH=/home/orangepi/AUV_ROS2/build/remote_node/prefix_override:/home/orangepi/AUV_ROS2/install/remote_node/lib/python3.10/site-packages:${PYTHONPATH} /usr/bin/python3 setup.py egg_info --egg-base ../../build/remote_node build --build-base /home/orangepi/AUV_ROS2/build/remote_node/build install --record /home/orangepi/AUV_ROS2/build/remote_node/install.log --single-version-externally-managed
[6.501s] DEBUG:colcon.colcon_core.event_handler.log_command:Invoking command in '/home/orangepi/AUV_ROS2/src/task1_node': PYTHONPATH=/home/orangepi/AUV_ROS2/build/task1_node/prefix_override:/home/orangepi/AUV_ROS2/install/task1_node/lib/python3.10/site-packages:${PYTHONPATH} /usr/bin/python3 setup.py egg_info --egg-base ../../build/task1_node build --build-base /home/orangepi/AUV_ROS2/build/task1_node/build install --record /home/orangepi/AUV_ROS2/build/task1_node/install.log --single-version-externally-managed
[6.563s] DEBUG:colcon.colcon_core.event_handler.log_command:Invoking command in '/home/orangepi/AUV_ROS2/src/task2_node': PYTHONPATH=/home/orangepi/AUV_ROS2/build/task2_node/prefix_override:/home/orangepi/AUV_ROS2/install/task2_node/lib/python3.10/site-packages:${PYTHONPATH} /usr/bin/python3 setup.py egg_info --egg-base ../../build/task2_node build --build-base /home/orangepi/AUV_ROS2/build/task2_node/build install --record /home/orangepi/AUV_ROS2/build/task2_node/install.log --single-version-externally-managed
[6.995s] DEBUG:colcon.colcon_core.event_handler.log_command:Invoked command in '/home/orangepi/AUV_ROS2/src/remote_node' returned '0': PYTHONPATH=/home/orangepi/AUV_ROS2/build/remote_node/prefix_override:/home/orangepi/AUV_ROS2/install/remote_node/lib/python3.10/site-packages:${PYTHONPATH} /usr/bin/python3 setup.py egg_info --egg-base ../../build/remote_node build --build-base /home/orangepi/AUV_ROS2/build/remote_node/build install --record /home/orangepi/AUV_ROS2/build/remote_node/install.log --single-version-externally-managed
[7.034s] Level 1:colcon.colcon_core.environment:checking '/home/orangepi/AUV_ROS2/install/remote_node' for CMake module files
[7.035s] Level 1:colcon.colcon_core.environment:checking '/home/orangepi/AUV_ROS2/install/remote_node' for CMake config files
[7.036s] Level 1:colcon.colcon_core.environment:checking '/home/orangepi/AUV_ROS2/install/remote_node/lib'
[7.037s] Level 1:colcon.colcon_core.environment:checking '/home/orangepi/AUV_ROS2/install/remote_node/bin'
[7.037s] Level 1:colcon.colcon_core.environment:checking '/home/orangepi/AUV_ROS2/install/remote_node/lib/pkgconfig/remote_node.pc'
[7.037s] Level 1:colcon.colcon_core.environment:checking '/home/orangepi/AUV_ROS2/install/remote_node/lib/python3.10/site-packages'
[7.037s] Level 1:colcon.colcon_core.shell:create_environment_hook('remote_node', 'pythonpath')
[7.062s] INFO:colcon.colcon_core.shell:Creating environment hook '/home/orangepi/AUV_ROS2/install/remote_node/share/remote_node/hook/pythonpath.ps1'
[7.063s] INFO:colcon.colcon_core.shell:Creating environment descriptor '/home/orangepi/AUV_ROS2/install/remote_node/share/remote_node/hook/pythonpath.dsv'
[7.064s] INFO:colcon.colcon_core.shell:Creating environment hook '/home/orangepi/AUV_ROS2/install/remote_node/share/remote_node/hook/pythonpath.sh'
[7.065s] Level 1:colcon.colcon_core.environment:checking '/home/orangepi/AUV_ROS2/install/remote_node/bin'
[7.065s] Level 1:colcon.colcon_core.environment:create_environment_scripts_only(remote_node)
[7.088s] INFO:colcon.colcon_core.shell:Creating package script '/home/orangepi/AUV_ROS2/install/remote_node/share/remote_node/package.ps1'
[7.090s] INFO:colcon.colcon_core.shell:Creating package descriptor '/home/orangepi/AUV_ROS2/install/remote_node/share/remote_node/package.dsv'
[7.091s] INFO:colcon.colcon_core.shell:Creating package script '/home/orangepi/AUV_ROS2/install/remote_node/share/remote_node/package.sh'
[7.092s] INFO:colcon.colcon_core.shell:Creating package script '/home/orangepi/AUV_ROS2/install/remote_node/share/remote_node/package.bash'
[7.094s] INFO:colcon.colcon_core.shell:Creating package script '/home/orangepi/AUV_ROS2/install/remote_node/share/remote_node/package.zsh'
[7.095s] Level 1:colcon.colcon_core.environment:create_file_with_runtime_dependencies(/home/orangepi/AUV_ROS2/install/remote_node/share/colcon-core/packages/remote_node)
[7.098s] DEBUG:colcon.colcon_core.event_handler.log_command:Invoked command in '/home/orangepi/AUV_ROS2/src/task1_node' returned '0': PYTHONPATH=/home/orangepi/AUV_ROS2/build/task1_node/prefix_override:/home/orangepi/AUV_ROS2/install/task1_node/lib/python3.10/site-packages:${PYTHONPATH} /usr/bin/python3 setup.py egg_info --egg-base ../../build/task1_node build --build-base /home/orangepi/AUV_ROS2/build/task1_node/build install --record /home/orangepi/AUV_ROS2/build/task1_node/install.log --single-version-externally-managed
[7.119s] Level 1:colcon.colcon_core.environment:checking '/home/orangepi/AUV_ROS2/install/task1_node' for CMake module files
[7.119s] Level 1:colcon.colcon_core.environment:checking '/home/orangepi/AUV_ROS2/install/task1_node' for CMake config files
[7.121s] Level 1:colcon.colcon_core.environment:checking '/home/orangepi/AUV_ROS2/install/task1_node/lib'
[7.121s] Level 1:colcon.colcon_core.environment:checking '/home/orangepi/AUV_ROS2/install/task1_node/bin'
[7.121s] Level 1:colcon.colcon_core.environment:checking '/home/orangepi/AUV_ROS2/install/task1_node/lib/pkgconfig/task1_node.pc'
[7.122s] Level 1:colcon.colcon_core.environment:checking '/home/orangepi/AUV_ROS2/install/task1_node/lib/python3.10/site-packages'
[7.122s] Level 1:colcon.colcon_core.shell:create_environment_hook('task1_node', 'pythonpath')
[7.141s] INFO:colcon.colcon_core.shell:Creating environment hook '/home/orangepi/AUV_ROS2/install/task1_node/share/task1_node/hook/pythonpath.ps1'
[7.142s] INFO:colcon.colcon_core.shell:Creating environment descriptor '/home/orangepi/AUV_ROS2/install/task1_node/share/task1_node/hook/pythonpath.dsv'
[7.143s] INFO:colcon.colcon_core.shell:Creating environment hook '/home/orangepi/AUV_ROS2/install/task1_node/share/task1_node/hook/pythonpath.sh'
[7.144s] Level 1:colcon.colcon_core.environment:checking '/home/orangepi/AUV_ROS2/install/task1_node/bin'
[7.144s] Level 1:colcon.colcon_core.environment:create_environment_scripts_only(task1_node)
[7.163s] INFO:colcon.colcon_core.shell:Creating package script '/home/orangepi/AUV_ROS2/install/task1_node/share/task1_node/package.ps1'
[7.164s] INFO:colcon.colcon_core.shell:Creating package descriptor '/home/orangepi/AUV_ROS2/install/task1_node/share/task1_node/package.dsv'
[7.165s] INFO:colcon.colcon_core.shell:Creating package script '/home/orangepi/AUV_ROS2/install/task1_node/share/task1_node/package.sh'
[7.166s] INFO:colcon.colcon_core.shell:Creating package script '/home/orangepi/AUV_ROS2/install/task1_node/share/task1_node/package.bash'
[7.166s] INFO:colcon.colcon_core.shell:Creating package script '/home/orangepi/AUV_ROS2/install/task1_node/share/task1_node/package.zsh'
[7.167s] Level 1:colcon.colcon_core.environment:create_file_with_runtime_dependencies(/home/orangepi/AUV_ROS2/install/task1_node/share/colcon-core/packages/task1_node)
[7.169s] DEBUG:colcon.colcon_core.event_handler.log_command:Invoked command in '/home/orangepi/AUV_ROS2/src/task2_node' returned '0': PYTHONPATH=/home/orangepi/AUV_ROS2/build/task2_node/prefix_override:/home/orangepi/AUV_ROS2/install/task2_node/lib/python3.10/site-packages:${PYTHONPATH} /usr/bin/python3 setup.py egg_info --egg-base ../../build/task2_node build --build-base /home/orangepi/AUV_ROS2/build/task2_node/build install --record /home/orangepi/AUV_ROS2/build/task2_node/install.log --single-version-externally-managed
[7.189s] Level 1:colcon.colcon_core.environment:checking '/home/orangepi/AUV_ROS2/install/task2_node' for CMake module files
[7.190s] Level 1:colcon.colcon_core.environment:checking '/home/orangepi/AUV_ROS2/install/task2_node' for CMake config files
[7.190s] Level 1:colcon.colcon_core.environment:checking '/home/orangepi/AUV_ROS2/install/task2_node/lib'
[7.191s] Level 1:colcon.colcon_core.environment:checking '/home/orangepi/AUV_ROS2/install/task2_node/bin'
[7.191s] Level 1:colcon.colcon_core.environment:checking '/home/orangepi/AUV_ROS2/install/task2_node/lib/pkgconfig/task2_node.pc'
[7.191s] Level 1:colcon.colcon_core.environment:checking '/home/orangepi/AUV_ROS2/install/task2_node/lib/python3.10/site-packages'
[7.191s] Level 1:colcon.colcon_core.shell:create_environment_hook('task2_node', 'pythonpath')
[7.210s] INFO:colcon.colcon_core.shell:Creating environment hook '/home/orangepi/AUV_ROS2/install/task2_node/share/task2_node/hook/pythonpath.ps1'
[7.211s] INFO:colcon.colcon_core.shell:Creating environment descriptor '/home/orangepi/AUV_ROS2/install/task2_node/share/task2_node/hook/pythonpath.dsv'
[7.212s] INFO:colcon.colcon_core.shell:Creating environment hook '/home/orangepi/AUV_ROS2/install/task2_node/share/task2_node/hook/pythonpath.sh'
[7.213s] Level 1:colcon.colcon_core.environment:checking '/home/orangepi/AUV_ROS2/install/task2_node/bin'
[7.213s] Level 1:colcon.colcon_core.environment:create_environment_scripts_only(task2_node)
[7.279s] INFO:colcon.colcon_core.shell:Creating package script '/home/orangepi/AUV_ROS2/install/task2_node/share/task2_node/package.ps1'
[7.282s] INFO:colcon.colcon_core.shell:Creating package descriptor '/home/orangepi/AUV_ROS2/install/task2_node/share/task2_node/package.dsv'
[7.285s] INFO:colcon.colcon_core.shell:Creating package script '/home/orangepi/AUV_ROS2/install/task2_node/share/task2_node/package.sh'
[7.287s] INFO:colcon.colcon_core.shell:Creating package script '/home/orangepi/AUV_ROS2/install/task2_node/share/task2_node/package.bash'
[7.289s] INFO:colcon.colcon_core.shell:Creating package script '/home/orangepi/AUV_ROS2/install/task2_node/share/task2_node/package.zsh'
[7.291s] Level 1:colcon.colcon_core.environment:create_file_with_runtime_dependencies(/home/orangepi/AUV_ROS2/install/task2_node/share/colcon-core/packages/task2_node)
[7.332s] DEBUG:colcon.colcon_core.event_handler.log_command:Invoking command in '/home/orangepi/AUV_ROS2/build/control_interfaces': CMAKE_PREFIX_PATH=${CMAKE_PREFIX_PATH}:/home/orangepi/AUV_ROS2/install/task2_node:/home/orangepi/AUV_ROS2/install/task1_node:/home/orangepi/AUV_ROS2/install/start_auv:/home/orangepi/AUV_ROS2/install/remote_node:/home/orangepi/AUV_ROS2/install/master_node:/home/orangepi/AUV_ROS2/install/control_node:/home/orangepi/AUV_ROS2/install/buoyancy_node:/home/orangepi/opencv_ws/install/task2_drum_detection:/home/orangepi/opencv_ws/install/task1_gate_detection:/home/orangepi/opencv_ws/install/task1_flare_detection:/home/orangepi/opencv_ws/install/q_gate_detection:/home/orangepi/opencv_ws/install/master_node_simulation:/home/orangepi/opencv_ws/install/facer_input:/opt/ros/humble /usr/bin/cmake --install /home/orangepi/AUV_ROS2/build/control_interfaces
[7.343s] DEBUG:colcon.colcon_core.event_handler.log_command:Invoking command in '/home/orangepi/AUV_ROS2/src/buoyancy_node': PYTHONPATH=/home/orangepi/AUV_ROS2/build/buoyancy_node/prefix_override:/home/orangepi/AUV_ROS2/install/buoyancy_node/lib/python3.10/site-packages:${PYTHONPATH} /usr/bin/python3 setup.py egg_info --egg-base ../../build/buoyancy_node build --build-base /home/orangepi/AUV_ROS2/build/buoyancy_node/build install --record /home/orangepi/AUV_ROS2/build/buoyancy_node/install.log --single-version-externally-managed
[7.346s] DEBUG:colcon.colcon_core.event_handler.log_command:Invoking command in '/home/orangepi/AUV_ROS2/src/control_node': PYTHONPATH=/home/orangepi/AUV_ROS2/build/control_node/prefix_override:/home/orangepi/AUV_ROS2/install/control_node/lib/python3.10/site-packages:${PYTHONPATH} /usr/bin/python3 setup.py egg_info --egg-base ../../build/control_node build --build-base /home/orangepi/AUV_ROS2/build/control_node/build install --record /home/orangepi/AUV_ROS2/build/control_node/install.log --single-version-externally-managed
[7.473s] DEBUG:colcon.colcon_core.event_handler.log_command:Invoking command in '/home/orangepi/AUV_ROS2/src/start_auv': PYTHONPATH=/home/orangepi/AUV_ROS2/build/start_auv/prefix_override:/home/orangepi/AUV_ROS2/install/start_auv/lib/python3.10/site-packages:${PYTHONPATH} /usr/bin/python3 setup.py egg_info --egg-base ../../build/start_auv build --build-base /home/orangepi/AUV_ROS2/build/start_auv/build install --record /home/orangepi/AUV_ROS2/build/start_auv/install.log --single-version-externally-managed
[7.505s] DEBUG:colcon.colcon_core.event_handler.log_command:Invoking command in '/home/orangepi/AUV_ROS2/src/master_node': PYTHONPATH=/home/orangepi/AUV_ROS2/build/master_node/prefix_override:/home/orangepi/AUV_ROS2/install/master_node/lib/python3.10/site-packages:${PYTHONPATH} /usr/bin/python3 setup.py egg_info --egg-base ../../build/master_node build --build-base /home/orangepi/AUV_ROS2/build/master_node/build install --record /home/orangepi/AUV_ROS2/build/master_node/install.log --single-version-externally-managed
[7.677s] Level 1:colcon.colcon_core.environment:create_environment_scripts_only(control_interfaces)
[7.700s] DEBUG:colcon.colcon_core.event_handler.log_command:Invoked command in '/home/orangepi/AUV_ROS2/build/control_interfaces' returned '0': CMAKE_PREFIX_PATH=${CMAKE_PREFIX_PATH}:/home/orangepi/AUV_ROS2/install/task2_node:/home/orangepi/AUV_ROS2/install/task1_node:/home/orangepi/AUV_ROS2/install/start_auv:/home/orangepi/AUV_ROS2/install/remote_node:/home/orangepi/AUV_ROS2/install/master_node:/home/orangepi/AUV_ROS2/install/control_node:/home/orangepi/AUV_ROS2/install/buoyancy_node:/home/orangepi/opencv_ws/install/task2_drum_detection:/home/orangepi/opencv_ws/install/task1_gate_detection:/home/orangepi/opencv_ws/install/task1_flare_detection:/home/orangepi/opencv_ws/install/q_gate_detection:/home/orangepi/opencv_ws/install/master_node_simulation:/home/orangepi/opencv_ws/install/facer_input:/opt/ros/humble /usr/bin/cmake --install /home/orangepi/AUV_ROS2/build/control_interfaces
[7.812s] Level 1:colcon.colcon_core.environment:checking '/home/orangepi/AUV_ROS2/install/control_interfaces' for CMake module files
[7.821s] Level 1:colcon.colcon_core.environment:checking '/home/orangepi/AUV_ROS2/install/control_interfaces' for CMake config files
[7.832s] Level 1:colcon.colcon_core.shell:create_environment_hook('control_interfaces', 'cmake_prefix_path')
[7.907s] INFO:colcon.colcon_core.shell:Creating environment hook '/home/orangepi/AUV_ROS2/install/control_interfaces/share/control_interfaces/hook/cmake_prefix_path.ps1'
[7.908s] INFO:colcon.colcon_core.shell:Creating environment descriptor '/home/orangepi/AUV_ROS2/install/control_interfaces/share/control_interfaces/hook/cmake_prefix_path.dsv'
[7.908s] INFO:colcon.colcon_core.shell:Creating environment hook '/home/orangepi/AUV_ROS2/install/control_interfaces/share/control_interfaces/hook/cmake_prefix_path.sh'
[7.909s] Level 1:colcon.colcon_core.environment:checking '/home/orangepi/AUV_ROS2/install/control_interfaces/lib'
[7.909s] Level 1:colcon.colcon_core.shell:create_environment_hook('control_interfaces', 'ld_library_path_lib')
[7.930s] INFO:colcon.colcon_core.shell:Creating environment hook '/home/orangepi/AUV_ROS2/install/control_interfaces/share/control_interfaces/hook/ld_library_path_lib.ps1'
[7.931s] INFO:colcon.colcon_core.shell:Creating environment descriptor '/home/orangepi/AUV_ROS2/install/control_interfaces/share/control_interfaces/hook/ld_library_path_lib.dsv'
[7.932s] INFO:colcon.colcon_core.shell:Creating environment hook '/home/orangepi/AUV_ROS2/install/control_interfaces/share/control_interfaces/hook/ld_library_path_lib.sh'
[7.932s] Level 1:colcon.colcon_core.environment:checking '/home/orangepi/AUV_ROS2/install/control_interfaces/bin'
[7.932s] Level 1:colcon.colcon_core.environment:checking '/home/orangepi/AUV_ROS2/install/control_interfaces/lib/pkgconfig/control_interfaces.pc'
[7.933s] Level 1:colcon.colcon_core.environment:checking '/home/orangepi/AUV_ROS2/install/control_interfaces/lib/python3.10/site-packages'
[7.933s] Level 1:colcon.colcon_core.environment:checking '/home/orangepi/AUV_ROS2/install/control_interfaces/bin'
[7.954s] INFO:colcon.colcon_core.shell:Creating package script '/home/orangepi/AUV_ROS2/install/control_interfaces/share/control_interfaces/package.ps1'
[7.955s] INFO:colcon.colcon_core.shell:Creating package descriptor '/home/orangepi/AUV_ROS2/install/control_interfaces/share/control_interfaces/package.dsv'
[7.955s] INFO:colcon.colcon_core.shell:Creating package script '/home/orangepi/AUV_ROS2/install/control_interfaces/share/control_interfaces/package.sh'
[7.956s] INFO:colcon.colcon_core.shell:Creating package script '/home/orangepi/AUV_ROS2/install/control_interfaces/share/control_interfaces/package.bash'
[7.956s] INFO:colcon.colcon_core.shell:Creating package script '/home/orangepi/AUV_ROS2/install/control_interfaces/share/control_interfaces/package.zsh'
[7.957s] Level 1:colcon.colcon_core.environment:create_file_with_runtime_dependencies(/home/orangepi/AUV_ROS2/install/control_interfaces/share/colcon-core/packages/control_interfaces)
[7.961s] DEBUG:colcon.colcon_core.event_handler.log_command:Invoked command in '/home/orangepi/AUV_ROS2/src/control_node' returned '0': PYTHONPATH=/home/orangepi/AUV_ROS2/build/control_node/prefix_override:/home/orangepi/AUV_ROS2/install/control_node/lib/python3.10/site-packages:${PYTHONPATH} /usr/bin/python3 setup.py egg_info --egg-base ../../build/control_node build --build-base /home/orangepi/AUV_ROS2/build/control_node/build install --record /home/orangepi/AUV_ROS2/build/control_node/install.log --single-version-externally-managed
[7.980s] Level 1:colcon.colcon_core.environment:checking '/home/orangepi/AUV_ROS2/install/control_node' for CMake module files
[7.980s] Level 1:colcon.colcon_core.environment:checking '/home/orangepi/AUV_ROS2/install/control_node' for CMake config files
[7.981s] Level 1:colcon.colcon_core.environment:checking '/home/orangepi/AUV_ROS2/install/control_node/lib'
[7.981s] Level 1:colcon.colcon_core.environment:checking '/home/orangepi/AUV_ROS2/install/control_node/bin'
[7.981s] Level 1:colcon.colcon_core.environment:checking '/home/orangepi/AUV_ROS2/install/control_node/lib/pkgconfig/control_node.pc'
[7.981s] Level 1:colcon.colcon_core.environment:checking '/home/orangepi/AUV_ROS2/install/control_node/lib/python3.10/site-packages'
[7.982s] Level 1:colcon.colcon_core.shell:create_environment_hook('control_node', 'pythonpath')
[8.000s] INFO:colcon.colcon_core.shell:Creating environment hook '/home/orangepi/AUV_ROS2/install/control_node/share/control_node/hook/pythonpath.ps1'
[8.001s] INFO:colcon.colcon_core.shell:Creating environment descriptor '/home/orangepi/AUV_ROS2/install/control_node/share/control_node/hook/pythonpath.dsv'
[8.001s] INFO:colcon.colcon_core.shell:Creating environment hook '/home/orangepi/AUV_ROS2/install/control_node/share/control_node/hook/pythonpath.sh'
[8.002s] Level 1:colcon.colcon_core.environment:checking '/home/orangepi/AUV_ROS2/install/control_node/bin'
[8.002s] Level 1:colcon.colcon_core.environment:create_environment_scripts_only(control_node)
[8.021s] INFO:colcon.colcon_core.shell:Creating package script '/home/orangepi/AUV_ROS2/install/control_node/share/control_node/package.ps1'
[8.021s] INFO:colcon.colcon_core.shell:Creating package descriptor '/home/orangepi/AUV_ROS2/install/control_node/share/control_node/package.dsv'
[8.022s] INFO:colcon.colcon_core.shell:Creating package script '/home/orangepi/AUV_ROS2/install/control_node/share/control_node/package.sh'
[8.023s] INFO:colcon.colcon_core.shell:Creating package script '/home/orangepi/AUV_ROS2/install/control_node/share/control_node/package.bash'
[8.024s] INFO:colcon.colcon_core.shell:Creating package script '/home/orangepi/AUV_ROS2/install/control_node/share/control_node/package.zsh'
[8.024s] Level 1:colcon.colcon_core.environment:create_file_with_runtime_dependencies(/home/orangepi/AUV_ROS2/install/control_node/share/colcon-core/packages/control_node)
[8.033s] DEBUG:colcon.colcon_core.event_handler.log_command:Invoked command in '/home/orangepi/AUV_ROS2/src/buoyancy_node' returned '0': PYTHONPATH=/home/orangepi/AUV_ROS2/build/buoyancy_node/prefix_override:/home/orangepi/AUV_ROS2/install/buoyancy_node/lib/python3.10/site-packages:${PYTHONPATH} /usr/bin/python3 setup.py egg_info --egg-base ../../build/buoyancy_node build --build-base /home/orangepi/AUV_ROS2/build/buoyancy_node/build install --record /home/orangepi/AUV_ROS2/build/buoyancy_node/install.log --single-version-externally-managed
[8.057s] Level 1:colcon.colcon_core.environment:checking '/home/orangepi/AUV_ROS2/install/buoyancy_node' for CMake module files
[8.057s] Level 1:colcon.colcon_core.environment:checking '/home/orangepi/AUV_ROS2/install/buoyancy_node' for CMake config files
[8.058s] Level 1:colcon.colcon_core.environment:checking '/home/orangepi/AUV_ROS2/install/buoyancy_node/lib'
[8.058s] Level 1:colcon.colcon_core.environment:checking '/home/orangepi/AUV_ROS2/install/buoyancy_node/bin'
[8.058s] Level 1:colcon.colcon_core.environment:checking '/home/orangepi/AUV_ROS2/install/buoyancy_node/lib/pkgconfig/buoyancy_node.pc'
[8.059s] Level 1:colcon.colcon_core.environment:checking '/home/orangepi/AUV_ROS2/install/buoyancy_node/lib/python3.10/site-packages'
[8.059s] Level 1:colcon.colcon_core.shell:create_environment_hook('buoyancy_node', 'pythonpath')
[8.077s] INFO:colcon.colcon_core.shell:Creating environment hook '/home/orangepi/AUV_ROS2/install/buoyancy_node/share/buoyancy_node/hook/pythonpath.ps1'
[8.078s] INFO:colcon.colcon_core.shell:Creating environment descriptor '/home/orangepi/AUV_ROS2/install/buoyancy_node/share/buoyancy_node/hook/pythonpath.dsv'
[8.079s] INFO:colcon.colcon_core.shell:Creating environment hook '/home/orangepi/AUV_ROS2/install/buoyancy_node/share/buoyancy_node/hook/pythonpath.sh'
[8.079s] Level 1:colcon.colcon_core.environment:checking '/home/orangepi/AUV_ROS2/install/buoyancy_node/bin'
[8.080s] Level 1:colcon.colcon_core.environment:create_environment_scripts_only(buoyancy_node)
[8.101s] INFO:colcon.colcon_core.shell:Creating package script '/home/orangepi/AUV_ROS2/install/buoyancy_node/share/buoyancy_node/package.ps1'
[8.108s] INFO:colcon.colcon_core.shell:Creating package descriptor '/home/orangepi/AUV_ROS2/install/buoyancy_node/share/buoyancy_node/package.dsv'
[8.110s] INFO:colcon.colcon_core.shell:Creating package script '/home/orangepi/AUV_ROS2/install/buoyancy_node/share/buoyancy_node/package.sh'
[8.112s] INFO:colcon.colcon_core.shell:Creating package script '/home/orangepi/AUV_ROS2/install/buoyancy_node/share/buoyancy_node/package.bash'
[8.114s] INFO:colcon.colcon_core.shell:Creating package script '/home/orangepi/AUV_ROS2/install/buoyancy_node/share/buoyancy_node/package.zsh'
[8.115s] Level 1:colcon.colcon_core.environment:create_file_with_runtime_dependencies(/home/orangepi/AUV_ROS2/install/buoyancy_node/share/colcon-core/packages/buoyancy_node)
[8.121s] DEBUG:colcon.colcon_core.event_handler.log_command:Invoked command in '/home/orangepi/AUV_ROS2/src/start_auv' returned '0': PYTHONPATH=/home/orangepi/AUV_ROS2/build/start_auv/prefix_override:/home/orangepi/AUV_ROS2/install/start_auv/lib/python3.10/site-packages:${PYTHONPATH} /usr/bin/python3 setup.py egg_info --egg-base ../../build/start_auv build --build-base /home/orangepi/AUV_ROS2/build/start_auv/build install --record /home/orangepi/AUV_ROS2/build/start_auv/install.log --single-version-externally-managed
[8.140s] Level 1:colcon.colcon_core.environment:checking '/home/orangepi/AUV_ROS2/install/start_auv' for CMake module files
[8.140s] Level 1:colcon.colcon_core.environment:checking '/home/orangepi/AUV_ROS2/install/start_auv' for CMake config files
[8.141s] Level 1:colcon.colcon_core.environment:checking '/home/orangepi/AUV_ROS2/install/start_auv/lib'
[8.141s] Level 1:colcon.colcon_core.environment:checking '/home/orangepi/AUV_ROS2/install/start_auv/bin'
[8.141s] Level 1:colcon.colcon_core.environment:checking '/home/orangepi/AUV_ROS2/install/start_auv/lib/pkgconfig/start_auv.pc'
[8.142s] Level 1:colcon.colcon_core.environment:checking '/home/orangepi/AUV_ROS2/install/start_auv/lib/python3.10/site-packages'
[8.142s] Level 1:colcon.colcon_core.shell:create_environment_hook('start_auv', 'pythonpath')
[8.163s] INFO:colcon.colcon_core.shell:Creating environment hook '/home/orangepi/AUV_ROS2/install/start_auv/share/start_auv/hook/pythonpath.ps1'
[8.163s] INFO:colcon.colcon_core.shell:Creating environment descriptor '/home/orangepi/AUV_ROS2/install/start_auv/share/start_auv/hook/pythonpath.dsv'
[8.164s] INFO:colcon.colcon_core.shell:Creating environment hook '/home/orangepi/AUV_ROS2/install/start_auv/share/start_auv/hook/pythonpath.sh'
[8.165s] Level 1:colcon.colcon_core.environment:checking '/home/orangepi/AUV_ROS2/install/start_auv/bin'
[8.165s] Level 1:colcon.colcon_core.environment:create_environment_scripts_only(start_auv)
[8.184s] INFO:colcon.colcon_core.shell:Creating package script '/home/orangepi/AUV_ROS2/install/start_auv/share/start_auv/package.ps1'
[8.185s] INFO:colcon.colcon_core.shell:Creating package descriptor '/home/orangepi/AUV_ROS2/install/start_auv/share/start_auv/package.dsv'
[8.186s] INFO:colcon.colcon_core.shell:Creating package script '/home/orangepi/AUV_ROS2/install/start_auv/share/start_auv/package.sh'
[8.186s] INFO:colcon.colcon_core.shell:Creating package script '/home/orangepi/AUV_ROS2/install/start_auv/share/start_auv/package.bash'
[8.187s] INFO:colcon.colcon_core.shell:Creating package script '/home/orangepi/AUV_ROS2/install/start_auv/share/start_auv/package.zsh'
[8.187s] Level 1:colcon.colcon_core.environment:create_file_with_runtime_dependencies(/home/orangepi/AUV_ROS2/install/start_auv/share/colcon-core/packages/start_auv)
[8.206s] DEBUG:colcon.colcon_core.event_handler.log_command:Invoked command in '/home/orangepi/AUV_ROS2/src/master_node' returned '0': PYTHONPATH=/home/orangepi/AUV_ROS2/build/master_node/prefix_override:/home/orangepi/AUV_ROS2/install/master_node/lib/python3.10/site-packages:${PYTHONPATH} /usr/bin/python3 setup.py egg_info --egg-base ../../build/master_node build --build-base /home/orangepi/AUV_ROS2/build/master_node/build install --record /home/orangepi/AUV_ROS2/build/master_node/install.log --single-version-externally-managed
[8.224s] Level 1:colcon.colcon_core.environment:checking '/home/orangepi/AUV_ROS2/install/master_node' for CMake module files
[8.225s] Level 1:colcon.colcon_core.environment:checking '/home/orangepi/AUV_ROS2/install/master_node' for CMake config files
[8.226s] Level 1:colcon.colcon_core.environment:checking '/home/orangepi/AUV_ROS2/install/master_node/lib'
[8.226s] Level 1:colcon.colcon_core.environment:checking '/home/orangepi/AUV_ROS2/install/master_node/bin'
[8.226s] Level 1:colcon.colcon_core.environment:checking '/home/orangepi/AUV_ROS2/install/master_node/lib/pkgconfig/master_node.pc'
[8.227s] Level 1:colcon.colcon_core.environment:checking '/home/orangepi/AUV_ROS2/install/master_node/lib/python3.10/site-packages'
[8.227s] Level 1:colcon.colcon_core.shell:create_environment_hook('master_node', 'pythonpath')
[8.245s] INFO:colcon.colcon_core.shell:Creating environment hook '/home/orangepi/AUV_ROS2/install/master_node/share/master_node/hook/pythonpath.ps1'
[8.246s] INFO:colcon.colcon_core.shell:Creating environment descriptor '/home/orangepi/AUV_ROS2/install/master_node/share/master_node/hook/pythonpath.dsv'
[8.246s] INFO:colcon.colcon_core.shell:Creating environment hook '/home/orangepi/AUV_ROS2/install/master_node/share/master_node/hook/pythonpath.sh'
[8.247s] Level 1:colcon.colcon_core.environment:checking '/home/orangepi/AUV_ROS2/install/master_node/bin'
[8.247s] Level 1:colcon.colcon_core.environment:create_environment_scripts_only(master_node)
[8.266s] INFO:colcon.colcon_core.shell:Creating package script '/home/orangepi/AUV_ROS2/install/master_node/share/master_node/package.ps1'
[8.267s] INFO:colcon.colcon_core.shell:Creating package descriptor '/home/orangepi/AUV_ROS2/install/master_node/share/master_node/package.dsv'
[8.267s] INFO:colcon.colcon_core.shell:Creating package script '/home/orangepi/AUV_ROS2/install/master_node/share/master_node/package.sh'
[8.268s] INFO:colcon.colcon_core.shell:Creating package script '/home/orangepi/AUV_ROS2/install/master_node/share/master_node/package.bash'
[8.268s] INFO:colcon.colcon_core.shell:Creating package script '/home/orangepi/AUV_ROS2/install/master_node/share/master_node/package.zsh'
[8.269s] Level 1:colcon.colcon_core.environment:create_file_with_runtime_dependencies(/home/orangepi/AUV_ROS2/install/master_node/share/colcon-core/packages/master_node)
[8.290s] Level 1:colcon.colcon_core.environment:create_environment_scripts_only(control_interfaces)
[8.309s] Level 1:colcon.colcon_core.environment:checking '/home/orangepi/AUV_ROS2/install/control_interfaces' for CMake module files
[8.310s] Level 1:colcon.colcon_core.environment:checking '/home/orangepi/AUV_ROS2/install/control_interfaces' for CMake config files
[8.310s] Level 1:colcon.colcon_core.shell:create_environment_hook('control_interfaces', 'cmake_prefix_path')
[8.329s] INFO:colcon.colcon_core.shell:Creating environment hook '/home/orangepi/AUV_ROS2/install/control_interfaces/share/control_interfaces/hook/cmake_prefix_path.ps1'
[8.330s] INFO:colcon.colcon_core.shell:Creating environment descriptor '/home/orangepi/AUV_ROS2/install/control_interfaces/share/control_interfaces/hook/cmake_prefix_path.dsv'
[8.330s] INFO:colcon.colcon_core.shell:Creating environment hook '/home/orangepi/AUV_ROS2/install/control_interfaces/share/control_interfaces/hook/cmake_prefix_path.sh'
[8.331s] Level 1:colcon.colcon_core.environment:checking '/home/orangepi/AUV_ROS2/install/control_interfaces/lib'
[8.331s] Level 1:colcon.colcon_core.shell:create_environment_hook('control_interfaces', 'ld_library_path_lib')
[8.350s] INFO:colcon.colcon_core.shell:Creating environment hook '/home/orangepi/AUV_ROS2/install/control_interfaces/share/control_interfaces/hook/ld_library_path_lib.ps1'
[8.351s] INFO:colcon.colcon_core.shell:Creating environment descriptor '/home/orangepi/AUV_ROS2/install/control_interfaces/share/control_interfaces/hook/ld_library_path_lib.dsv'
[8.351s] INFO:colcon.colcon_core.shell:Creating environment hook '/home/orangepi/AUV_ROS2/install/control_interfaces/share/control_interfaces/hook/ld_library_path_lib.sh'
[8.352s] Level 1:colcon.colcon_core.environment:checking '/home/orangepi/AUV_ROS2/install/control_interfaces/bin'
[8.352s] Level 1:colcon.colcon_core.environment:checking '/home/orangepi/AUV_ROS2/install/control_interfaces/lib/pkgconfig/control_interfaces.pc'
[8.352s] Level 1:colcon.colcon_core.environment:checking '/home/orangepi/AUV_ROS2/install/control_interfaces/lib/python3.10/site-packages'
[8.352s] Level 1:colcon.colcon_core.environment:checking '/home/orangepi/AUV_ROS2/install/control_interfaces/bin'
[8.371s] INFO:colcon.colcon_core.shell:Creating package script '/home/orangepi/AUV_ROS2/install/control_interfaces/share/control_interfaces/package.ps1'
[8.372s] INFO:colcon.colcon_core.shell:Creating package descriptor '/home/orangepi/AUV_ROS2/install/control_interfaces/share/control_interfaces/package.dsv'
[8.372s] INFO:colcon.colcon_core.shell:Creating package script '/home/orangepi/AUV_ROS2/install/control_interfaces/share/control_interfaces/package.sh'
[8.373s] INFO:colcon.colcon_core.shell:Creating package script '/home/orangepi/AUV_ROS2/install/control_interfaces/share/control_interfaces/package.bash'
[8.373s] INFO:colcon.colcon_core.shell:Creating package script '/home/orangepi/AUV_ROS2/install/control_interfaces/share/control_interfaces/package.zsh'
[8.374s] Level 1:colcon.colcon_core.environment:create_file_with_runtime_dependencies(/home/orangepi/AUV_ROS2/install/control_interfaces/share/colcon-core/packages/control_interfaces)
[8.374s] DEBUG:colcon.colcon_parallel_executor.executor.parallel:closing loop
[8.375s] DEBUG:colcon.colcon_parallel_executor.executor.parallel:loop closed
[8.375s] DEBUG:colcon.colcon_parallel_executor.executor.parallel:run_until_complete finished with '0'
[8.375s] DEBUG:colcon.colcon_core.event_reactor:joining thread
[8.443s] INFO:colcon.colcon_core.plugin_system:Skipping extension 'colcon_notification.desktop_notification.terminal_notifier': Not used on non-Darwin systems
[8.443s] INFO:colcon.colcon_core.plugin_system:Skipping extension 'colcon_notification.desktop_notification.win32': Not used on non-Windows systems
[8.443s] INFO:colcon.colcon_notification.desktop_notification:Sending desktop notification using 'notify2'
[8.477s] DEBUG:colcon.colcon_core.event_reactor:joined thread
[8.497s] INFO:colcon.colcon_core.shell:Creating prefix script '/home/orangepi/AUV_ROS2/install/local_setup.ps1'
[8.499s] INFO:colcon.colcon_core.shell:Creating prefix util module '/home/orangepi/AUV_ROS2/install/_local_setup_util_ps1.py'
[8.501s] INFO:colcon.colcon_core.shell:Creating prefix chain script '/home/orangepi/AUV_ROS2/install/setup.ps1'
[8.522s] INFO:colcon.colcon_core.shell:Creating prefix script '/home/orangepi/AUV_ROS2/install/local_setup.sh'
[8.523s] INFO:colcon.colcon_core.shell:Creating prefix util module '/home/orangepi/AUV_ROS2/install/_local_setup_util_sh.py'
[8.523s] INFO:colcon.colcon_core.shell:Creating prefix chain script '/home/orangepi/AUV_ROS2/install/setup.sh'
[8.544s] INFO:colcon.colcon_core.shell:Creating prefix script '/home/orangepi/AUV_ROS2/install/local_setup.bash'
[8.545s] INFO:colcon.colcon_core.shell:Creating prefix chain script '/home/orangepi/AUV_ROS2/install/setup.bash'
[8.566s] INFO:colcon.colcon_core.shell:Creating prefix script '/home/orangepi/AUV_ROS2/install/local_setup.zsh'
[8.567s] INFO:colcon.colcon_core.shell:Creating prefix chain script '/home/orangepi/AUV_ROS2/install/setup.zsh'
