[8.343s] Invoking command in '/home/orangepi/AUV_ROS2/src/start_auv': PYTHONPATH=/home/orangepi/AUV_ROS2/build/start_auv/prefix_override:/home/orangepi/AUV_ROS2/install/start_auv/lib/python3.10/site-packages:${PYTHONPATH} /usr/bin/python3 setup.py egg_info --egg-base ../../build/start_auv build --build-base /home/orangepi/AUV_ROS2/build/start_auv/build install --record /home/orangepi/AUV_ROS2/build/start_auv/install.log --single-version-externally-managed
[9.432s] running egg_info
[9.432s] writing ../../build/start_auv/start_auv.egg-info/PKG-INFO
[9.432s] writing dependency_links to ../../build/start_auv/start_auv.egg-info/dependency_links.txt
[9.432s] writing entry points to ../../build/start_auv/start_auv.egg-info/entry_points.txt
[9.432s] writing requirements to ../../build/start_auv/start_auv.egg-info/requires.txt
[9.433s] writing top-level names to ../../build/start_auv/start_auv.egg-info/top_level.txt
[9.433s] reading manifest file '../../build/start_auv/start_auv.egg-info/SOURCES.txt'
[9.433s] writing manifest file '../../build/start_auv/start_auv.egg-info/SOURCES.txt'
[9.433s] running build
[9.433s] running build_py
[9.433s] running install
[9.433s] running install_lib
[9.433s] running install_data
[9.433s] running install_egg_info
[9.433s] /usr/lib/python3/dist-packages/setuptools/command/install.py:34: SetuptoolsDeprecationWarning: setup.py install is deprecated. Use build and pip and other standards-based tools.
[9.433s]   warnings.warn(
[9.434s] removing '/home/orangepi/AUV_ROS2/install/start_auv/lib/python3.10/site-packages/start_auv-0.0.0-py3.10.egg-info' (and everything under it)
[9.437s] Copying ../../build/start_auv/start_auv.egg-info to /home/orangepi/AUV_ROS2/install/start_auv/lib/python3.10/site-packages/start_auv-0.0.0-py3.10.egg-info
[9.446s] running install_scripts
[9.584s] writing list of installed files to '/home/orangepi/AUV_ROS2/build/start_auv/install.log'
[10.963s] Invoked command in '/home/orangepi/AUV_ROS2/src/start_auv' returned '0': PYTHONPATH=/home/orangepi/AUV_ROS2/build/start_auv/prefix_override:/home/orangepi/AUV_ROS2/install/start_auv/lib/python3.10/site-packages:${PYTHONPATH} /usr/bin/python3 setup.py egg_info --egg-base ../../build/start_auv build --build-base /home/orangepi/AUV_ROS2/build/start_auv/build install --record /home/orangepi/AUV_ROS2/build/start_auv/install.log --single-version-externally-managed
