[1.603s] Invoking command in '/home/orangepi/AUV_ROS2/build/control_interfaces': CMAKE_PREFIX_PATH=${CMAKE_PREFIX_PATH}:/home/orangepi/AUV_ROS2/install/task2_node:/home/orangepi/AUV_ROS2/install/task2_drum_detection:/home/orangepi/AUV_ROS2/install/task1_node:/home/orangepi/AUV_ROS2/install/task1_gate_detection:/home/orangepi/AUV_ROS2/install/task1_flare_detection:/home/orangepi/AUV_ROS2/install/start_auv:/home/orangepi/AUV_ROS2/install/remote_node:/home/orangepi/AUV_ROS2/install/q_gate_detection:/home/orangepi/AUV_ROS2/install/master_node_simulation:/home/orangepi/AUV_ROS2/install/master_node:/home/orangepi/AUV_ROS2/install/facer_input:/home/orangepi/AUV_ROS2/install/control_node:/home/orangepi/AUV_ROS2/install/buoyancy_node:/home/orangepi/opencv_ws/install/task2_drum_detection:/home/orangepi/opencv_ws/install/task1_gate_detection:/home/orangepi/opencv_ws/install/task1_flare_detection:/home/orangepi/opencv_ws/install/q_gate_detection:/home/orangepi/opencv_ws/install/master_node_simulation:/home/orangepi/opencv_ws/install/facer_input:/opt/ros/humble /usr/bin/cmake --build /home/orangepi/AUV_ROS2/build/control_interfaces -- -j8 -l8
[6.623s] [35m[1mConsolidate compiler generated dependencies of target control_interfaces__rosidl_generator_c[0m
[6.623s] [  1%] Built target control_interfaces__cpp
[6.623s] [  1%] Built target ament_cmake_python_copy_control_interfaces
[6.623s] [ 12%] Built target control_interfaces__rosidl_generator_c
[6.623s] [35m[1mConsolidate compiler generated dependencies of target control_interfaces__rosidl_typesupport_introspection_cpp[0m
[6.623s] [35m[1mConsolidate compiler generated dependencies of target control_interfaces__rosidl_typesupport_fastrtps_cpp[0m
[6.624s] [35m[1mConsolidate compiler generated dependencies of target control_interfaces__rosidl_typesupport_introspection_c[0m
[6.624s] [35m[1mConsolidate compiler generated dependencies of target control_interfaces__rosidl_typesupport_fastrtps_c[0m
[6.624s] [ 23%] Built target control_interfaces__rosidl_typesupport_introspection_cpp
[6.624s] [35m[1mConsolidate compiler generated dependencies of target control_interfaces__rosidl_typesupport_cpp[0m
[6.624s] [35m[1mConsolidate compiler generated dependencies of target control_interfaces__rosidl_typesupport_c[0m
[6.624s] [ 34%] Built target control_interfaces__rosidl_typesupport_fastrtps_cpp
[6.624s] [ 46%] Built target control_interfaces__rosidl_typesupport_introspection_c
[6.624s] [ 57%] Built target control_interfaces__rosidl_typesupport_cpp
[6.624s] [ 68%] Built target control_interfaces__rosidl_typesupport_c
[6.624s] [ 79%] Built target control_interfaces__rosidl_typesupport_fastrtps_c
[6.624s] [ 79%] Built target control_interfaces
[6.625s] [ 80%] Built target control_interfaces__py
[6.625s] running egg_info
[6.625s] writing control_interfaces.egg-info/PKG-INFO
[6.625s] writing dependency_links to control_interfaces.egg-info/dependency_links.txt
[6.625s] writing top-level names to control_interfaces.egg-info/top_level.txt
[6.625s] [35m[1mConsolidate compiler generated dependencies of target control_interfaces__rosidl_generator_py[0m
[6.625s] reading manifest file 'control_interfaces.egg-info/SOURCES.txt'
[6.625s] writing manifest file 'control_interfaces.egg-info/SOURCES.txt'
[6.625s] [ 80%] Built target ament_cmake_python_build_control_interfaces_egg
[6.625s] [ 90%] Built target control_interfaces__rosidl_generator_py
[6.625s] [35m[1mConsolidate compiler generated dependencies of target control_interfaces__rosidl_typesupport_introspection_c__pyext[0m
[6.626s] [35m[1mConsolidate compiler generated dependencies of target control_interfaces__rosidl_typesupport_c__pyext[0m
[6.626s] [35m[1mConsolidate compiler generated dependencies of target control_interfaces__rosidl_typesupport_fastrtps_c__pyext[0m
[6.626s] [ 93%] Built target control_interfaces__rosidl_typesupport_introspection_c__pyext
[6.626s] [ 96%] Built target control_interfaces__rosidl_typesupport_c__pyext
[6.626s] [100%] Built target control_interfaces__rosidl_typesupport_fastrtps_c__pyext
[6.670s] Invoked command in '/home/orangepi/AUV_ROS2/build/control_interfaces' returned '0': CMAKE_PREFIX_PATH=${CMAKE_PREFIX_PATH}:/home/orangepi/AUV_ROS2/install/task2_node:/home/orangepi/AUV_ROS2/install/task2_drum_detection:/home/orangepi/AUV_ROS2/install/task1_node:/home/orangepi/AUV_ROS2/install/task1_gate_detection:/home/orangepi/AUV_ROS2/install/task1_flare_detection:/home/orangepi/AUV_ROS2/install/start_auv:/home/orangepi/AUV_ROS2/install/remote_node:/home/orangepi/AUV_ROS2/install/q_gate_detection:/home/orangepi/AUV_ROS2/install/master_node_simulation:/home/orangepi/AUV_ROS2/install/master_node:/home/orangepi/AUV_ROS2/install/facer_input:/home/orangepi/AUV_ROS2/install/control_node:/home/orangepi/AUV_ROS2/install/buoyancy_node:/home/orangepi/opencv_ws/install/task2_drum_detection:/home/orangepi/opencv_ws/install/task1_gate_detection:/home/orangepi/opencv_ws/install/task1_flare_detection:/home/orangepi/opencv_ws/install/q_gate_detection:/home/orangepi/opencv_ws/install/master_node_simulation:/home/orangepi/opencv_ws/install/facer_input:/opt/ros/humble /usr/bin/cmake --build /home/orangepi/AUV_ROS2/build/control_interfaces -- -j8 -l8
[9.692s] Invoking command in '/home/orangepi/AUV_ROS2/build/control_interfaces': CMAKE_PREFIX_PATH=${CMAKE_PREFIX_PATH}:/home/orangepi/AUV_ROS2/install/task2_node:/home/orangepi/AUV_ROS2/install/task2_drum_detection:/home/orangepi/AUV_ROS2/install/task1_node:/home/orangepi/AUV_ROS2/install/task1_gate_detection:/home/orangepi/AUV_ROS2/install/task1_flare_detection:/home/orangepi/AUV_ROS2/install/start_auv:/home/orangepi/AUV_ROS2/install/remote_node:/home/orangepi/AUV_ROS2/install/q_gate_detection:/home/orangepi/AUV_ROS2/install/master_node_simulation:/home/orangepi/AUV_ROS2/install/master_node:/home/orangepi/AUV_ROS2/install/facer_input:/home/orangepi/AUV_ROS2/install/control_node:/home/orangepi/AUV_ROS2/install/buoyancy_node:/home/orangepi/opencv_ws/install/task2_drum_detection:/home/orangepi/opencv_ws/install/task1_gate_detection:/home/orangepi/opencv_ws/install/task1_flare_detection:/home/orangepi/opencv_ws/install/q_gate_detection:/home/orangepi/opencv_ws/install/master_node_simulation:/home/orangepi/opencv_ws/install/facer_input:/opt/ros/humble /usr/bin/cmake --install /home/orangepi/AUV_ROS2/build/control_interfaces
[10.568s] -- Install configuration: ""
[10.568s] -- Up-to-date: /home/orangepi/AUV_ROS2/install/control_interfaces/share/ament_index/resource_index/rosidl_interfaces/control_interfaces
[10.568s] -- Up-to-date: /home/orangepi/AUV_ROS2/install/control_interfaces/include/control_interfaces/control_interfaces
[10.568s] -- Up-to-date: /home/orangepi/AUV_ROS2/install/control_interfaces/include/control_interfaces/control_interfaces/srv
[10.568s] -- Up-to-date: /home/orangepi/AUV_ROS2/install/control_interfaces/include/control_interfaces/control_interfaces/srv/buoyancy_control.h
[10.568s] -- Up-to-date: /home/orangepi/AUV_ROS2/install/control_interfaces/include/control_interfaces/control_interfaces/srv/detail
[10.568s] -- Up-to-date: /home/orangepi/AUV_ROS2/install/control_interfaces/include/control_interfaces/control_interfaces/srv/detail/get_command__functions.c
[10.569s] -- Up-to-date: /home/orangepi/AUV_ROS2/install/control_interfaces/include/control_interfaces/control_interfaces/srv/detail/get_command__struct.h
[10.569s] -- Up-to-date: /home/orangepi/AUV_ROS2/install/control_interfaces/include/control_interfaces/control_interfaces/srv/detail/get_task__struct.h
[10.569s] -- Up-to-date: /home/orangepi/AUV_ROS2/install/control_interfaces/include/control_interfaces/control_interfaces/srv/detail/buoyancy_control__struct.h
[10.569s] -- Up-to-date: /home/orangepi/AUV_ROS2/install/control_interfaces/include/control_interfaces/control_interfaces/srv/detail/get_command__type_support.h
[10.569s] -- Up-to-date: /home/orangepi/AUV_ROS2/install/control_interfaces/include/control_interfaces/control_interfaces/srv/detail/buoyancy_control__functions.c
[10.569s] -- Up-to-date: /home/orangepi/AUV_ROS2/install/control_interfaces/include/control_interfaces/control_interfaces/srv/detail/get_command__functions.h
[10.569s] -- Up-to-date: /home/orangepi/AUV_ROS2/install/control_interfaces/include/control_interfaces/control_interfaces/srv/detail/get_task__functions.c
[10.569s] -- Up-to-date: /home/orangepi/AUV_ROS2/install/control_interfaces/include/control_interfaces/control_interfaces/srv/detail/get_task__type_support.h
[10.569s] -- Up-to-date: /home/orangepi/AUV_ROS2/install/control_interfaces/include/control_interfaces/control_interfaces/srv/detail/get_task__functions.h
[10.569s] -- Up-to-date: /home/orangepi/AUV_ROS2/install/control_interfaces/include/control_interfaces/control_interfaces/srv/detail/buoyancy_control__functions.h
[10.569s] -- Up-to-date: /home/orangepi/AUV_ROS2/install/control_interfaces/include/control_interfaces/control_interfaces/srv/detail/buoyancy_control__type_support.h
[10.570s] -- Up-to-date: /home/orangepi/AUV_ROS2/install/control_interfaces/include/control_interfaces/control_interfaces/srv/get_task.h
[10.570s] -- Up-to-date: /home/orangepi/AUV_ROS2/install/control_interfaces/include/control_interfaces/control_interfaces/srv/get_command.h
[10.570s] -- Up-to-date: /home/orangepi/AUV_ROS2/install/control_interfaces/include/control_interfaces/control_interfaces/msg
[10.570s] -- Up-to-date: /home/orangepi/AUV_ROS2/install/control_interfaces/include/control_interfaces/control_interfaces/msg/auv_status.h
[10.570s] -- Up-to-date: /home/orangepi/AUV_ROS2/install/control_interfaces/include/control_interfaces/control_interfaces/msg/detail
[10.570s] -- Up-to-date: /home/orangepi/AUV_ROS2/install/control_interfaces/include/control_interfaces/control_interfaces/msg/detail/auv_buoyancy__functions.h
[10.570s] -- Up-to-date: /home/orangepi/AUV_ROS2/install/control_interfaces/include/control_interfaces/control_interfaces/msg/detail/auv_status__functions.h
[10.570s] -- Up-to-date: /home/orangepi/AUV_ROS2/install/control_interfaces/include/control_interfaces/control_interfaces/msg/detail/auv_status__type_support.h
[10.570s] -- Up-to-date: /home/orangepi/AUV_ROS2/install/control_interfaces/include/control_interfaces/control_interfaces/msg/detail/auv_status__functions.c
[10.570s] -- Up-to-date: /home/orangepi/AUV_ROS2/install/control_interfaces/include/control_interfaces/control_interfaces/msg/detail/auv_buoyancy__type_support.h
[10.570s] -- Up-to-date: /home/orangepi/AUV_ROS2/install/control_interfaces/include/control_interfaces/control_interfaces/msg/detail/auv_buoyancy__functions.c
[10.571s] -- Up-to-date: /home/orangepi/AUV_ROS2/install/control_interfaces/include/control_interfaces/control_interfaces/msg/detail/auv_status__struct.h
[10.571s] -- Up-to-date: /home/orangepi/AUV_ROS2/install/control_interfaces/include/control_interfaces/control_interfaces/msg/detail/auv_buoyancy__struct.h
[10.571s] -- Up-to-date: /home/orangepi/AUV_ROS2/install/control_interfaces/include/control_interfaces/control_interfaces/msg/auv_buoyancy.h
[10.571s] -- Up-to-date: /home/orangepi/AUV_ROS2/install/control_interfaces/include/control_interfaces/control_interfaces/msg/rosidl_generator_c__visibility_control.h
[10.571s] -- Up-to-date: /home/orangepi/AUV_ROS2/install/control_interfaces/share/control_interfaces/environment/library_path.sh
[10.571s] -- Up-to-date: /home/orangepi/AUV_ROS2/install/control_interfaces/share/control_interfaces/environment/library_path.dsv
[10.571s] -- Up-to-date: /home/orangepi/AUV_ROS2/install/control_interfaces/lib/libcontrol_interfaces__rosidl_generator_c.so
[10.571s] -- Up-to-date: /home/orangepi/AUV_ROS2/install/control_interfaces/include/control_interfaces/control_interfaces
[10.571s] -- Up-to-date: /home/orangepi/AUV_ROS2/install/control_interfaces/include/control_interfaces/control_interfaces/srv
[10.571s] -- Up-to-date: /home/orangepi/AUV_ROS2/install/control_interfaces/include/control_interfaces/control_interfaces/srv/detail
[10.571s] -- Up-to-date: /home/orangepi/AUV_ROS2/install/control_interfaces/include/control_interfaces/control_interfaces/srv/detail/get_task__rosidl_typesupport_fastrtps_c.h
[10.572s] -- Up-to-date: /home/orangepi/AUV_ROS2/install/control_interfaces/include/control_interfaces/control_interfaces/srv/detail/get_command__rosidl_typesupport_fastrtps_c.h
[10.572s] -- Up-to-date: /home/orangepi/AUV_ROS2/install/control_interfaces/include/control_interfaces/control_interfaces/srv/detail/buoyancy_control__rosidl_typesupport_fastrtps_c.h
[10.572s] -- Up-to-date: /home/orangepi/AUV_ROS2/install/control_interfaces/include/control_interfaces/control_interfaces/msg
[10.572s] -- Up-to-date: /home/orangepi/AUV_ROS2/install/control_interfaces/include/control_interfaces/control_interfaces/msg/rosidl_typesupport_fastrtps_c__visibility_control.h
[10.572s] -- Up-to-date: /home/orangepi/AUV_ROS2/install/control_interfaces/include/control_interfaces/control_interfaces/msg/detail
[10.572s] -- Up-to-date: /home/orangepi/AUV_ROS2/install/control_interfaces/include/control_interfaces/control_interfaces/msg/detail/auv_buoyancy__rosidl_typesupport_fastrtps_c.h
[10.573s] -- Up-to-date: /home/orangepi/AUV_ROS2/install/control_interfaces/include/control_interfaces/control_interfaces/msg/detail/auv_status__rosidl_typesupport_fastrtps_c.h
[10.573s] -- Up-to-date: /home/orangepi/AUV_ROS2/install/control_interfaces/lib/libcontrol_interfaces__rosidl_typesupport_fastrtps_c.so
[10.573s] -- Up-to-date: /home/orangepi/AUV_ROS2/install/control_interfaces/include/control_interfaces/control_interfaces
[10.573s] -- Up-to-date: /home/orangepi/AUV_ROS2/install/control_interfaces/include/control_interfaces/control_interfaces/srv
[10.573s] -- Up-to-date: /home/orangepi/AUV_ROS2/install/control_interfaces/include/control_interfaces/control_interfaces/srv/detail
[10.573s] -- Up-to-date: /home/orangepi/AUV_ROS2/install/control_interfaces/include/control_interfaces/control_interfaces/srv/detail/buoyancy_control__rosidl_typesupport_introspection_c.h
[10.573s] -- Up-to-date: /home/orangepi/AUV_ROS2/install/control_interfaces/include/control_interfaces/control_interfaces/srv/detail/get_command__rosidl_typesupport_introspection_c.h
[10.573s] -- Up-to-date: /home/orangepi/AUV_ROS2/install/control_interfaces/include/control_interfaces/control_interfaces/srv/detail/buoyancy_control__type_support.c
[10.573s] -- Up-to-date: /home/orangepi/AUV_ROS2/install/control_interfaces/include/control_interfaces/control_interfaces/srv/detail/get_command__type_support.c
[10.573s] -- Up-to-date: /home/orangepi/AUV_ROS2/install/control_interfaces/include/control_interfaces/control_interfaces/srv/detail/get_task__type_support.c
[10.573s] -- Up-to-date: /home/orangepi/AUV_ROS2/install/control_interfaces/include/control_interfaces/control_interfaces/srv/detail/get_task__rosidl_typesupport_introspection_c.h
[10.574s] -- Up-to-date: /home/orangepi/AUV_ROS2/install/control_interfaces/include/control_interfaces/control_interfaces/msg
[10.574s] -- Up-to-date: /home/orangepi/AUV_ROS2/install/control_interfaces/include/control_interfaces/control_interfaces/msg/rosidl_typesupport_introspection_c__visibility_control.h
[10.574s] -- Up-to-date: /home/orangepi/AUV_ROS2/install/control_interfaces/include/control_interfaces/control_interfaces/msg/detail
[10.574s] -- Up-to-date: /home/orangepi/AUV_ROS2/install/control_interfaces/include/control_interfaces/control_interfaces/msg/detail/auv_buoyancy__rosidl_typesupport_introspection_c.h
[10.574s] -- Up-to-date: /home/orangepi/AUV_ROS2/install/control_interfaces/include/control_interfaces/control_interfaces/msg/detail/auv_status__rosidl_typesupport_introspection_c.h
[10.574s] -- Up-to-date: /home/orangepi/AUV_ROS2/install/control_interfaces/include/control_interfaces/control_interfaces/msg/detail/auv_status__type_support.c
[10.574s] -- Up-to-date: /home/orangepi/AUV_ROS2/install/control_interfaces/include/control_interfaces/control_interfaces/msg/detail/auv_buoyancy__type_support.c
[10.574s] -- Up-to-date: /home/orangepi/AUV_ROS2/install/control_interfaces/lib/libcontrol_interfaces__rosidl_typesupport_introspection_c.so
[10.574s] -- Up-to-date: /home/orangepi/AUV_ROS2/install/control_interfaces/lib/libcontrol_interfaces__rosidl_typesupport_c.so
[10.574s] -- Up-to-date: /home/orangepi/AUV_ROS2/install/control_interfaces/include/control_interfaces/control_interfaces
[10.574s] -- Up-to-date: /home/orangepi/AUV_ROS2/install/control_interfaces/include/control_interfaces/control_interfaces/srv
[10.575s] -- Up-to-date: /home/orangepi/AUV_ROS2/install/control_interfaces/include/control_interfaces/control_interfaces/srv/get_task.hpp
[10.575s] -- Up-to-date: /home/orangepi/AUV_ROS2/install/control_interfaces/include/control_interfaces/control_interfaces/srv/buoyancy_control.hpp
[10.575s] -- Up-to-date: /home/orangepi/AUV_ROS2/install/control_interfaces/include/control_interfaces/control_interfaces/srv/detail
[10.578s] -- Up-to-date: /home/orangepi/AUV_ROS2/install/control_interfaces/include/control_interfaces/control_interfaces/srv/detail/get_command__struct.hpp
[10.579s] -- Up-to-date: /home/orangepi/AUV_ROS2/install/control_interfaces/include/control_interfaces/control_interfaces/srv/detail/get_task__builder.hpp
[10.579s] -- Up-to-date: /home/orangepi/AUV_ROS2/install/control_interfaces/include/control_interfaces/control_interfaces/srv/detail/buoyancy_control__builder.hpp
[10.579s] -- Up-to-date: /home/orangepi/AUV_ROS2/install/control_interfaces/include/control_interfaces/control_interfaces/srv/detail/get_task__struct.hpp
[10.579s] -- Up-to-date: /home/orangepi/AUV_ROS2/install/control_interfaces/include/control_interfaces/control_interfaces/srv/detail/get_task__traits.hpp
[10.579s] -- Up-to-date: /home/orangepi/AUV_ROS2/install/control_interfaces/include/control_interfaces/control_interfaces/srv/detail/get_command__builder.hpp
[10.579s] -- Up-to-date: /home/orangepi/AUV_ROS2/install/control_interfaces/include/control_interfaces/control_interfaces/srv/detail/buoyancy_control__struct.hpp
[10.579s] -- Up-to-date: /home/orangepi/AUV_ROS2/install/control_interfaces/include/control_interfaces/control_interfaces/srv/detail/get_command__traits.hpp
[10.579s] -- Up-to-date: /home/orangepi/AUV_ROS2/install/control_interfaces/include/control_interfaces/control_interfaces/srv/detail/buoyancy_control__traits.hpp
[10.579s] -- Up-to-date: /home/orangepi/AUV_ROS2/install/control_interfaces/include/control_interfaces/control_interfaces/srv/get_command.hpp
[10.579s] -- Up-to-date: /home/orangepi/AUV_ROS2/install/control_interfaces/include/control_interfaces/control_interfaces/msg
[10.580s] -- Up-to-date: /home/orangepi/AUV_ROS2/install/control_interfaces/include/control_interfaces/control_interfaces/msg/auv_buoyancy.hpp
[10.580s] -- Up-to-date: /home/orangepi/AUV_ROS2/install/control_interfaces/include/control_interfaces/control_interfaces/msg/auv_status.hpp
[10.580s] -- Up-to-date: /home/orangepi/AUV_ROS2/install/control_interfaces/include/control_interfaces/control_interfaces/msg/detail
[10.580s] -- Up-to-date: /home/orangepi/AUV_ROS2/install/control_interfaces/include/control_interfaces/control_interfaces/msg/detail/auv_buoyancy__struct.hpp
[10.580s] -- Up-to-date: /home/orangepi/AUV_ROS2/install/control_interfaces/include/control_interfaces/control_interfaces/msg/detail/auv_status__builder.hpp
[10.580s] -- Up-to-date: /home/orangepi/AUV_ROS2/install/control_interfaces/include/control_interfaces/control_interfaces/msg/detail/auv_status__traits.hpp
[10.580s] -- Up-to-date: /home/orangepi/AUV_ROS2/install/control_interfaces/include/control_interfaces/control_interfaces/msg/detail/auv_buoyancy__traits.hpp
[10.580s] -- Up-to-date: /home/orangepi/AUV_ROS2/install/control_interfaces/include/control_interfaces/control_interfaces/msg/detail/auv_buoyancy__builder.hpp
[10.580s] -- Up-to-date: /home/orangepi/AUV_ROS2/install/control_interfaces/include/control_interfaces/control_interfaces/msg/detail/auv_status__struct.hpp
[10.580s] -- Up-to-date: /home/orangepi/AUV_ROS2/install/control_interfaces/include/control_interfaces/control_interfaces
[10.580s] -- Up-to-date: /home/orangepi/AUV_ROS2/install/control_interfaces/include/control_interfaces/control_interfaces/srv
[10.580s] -- Up-to-date: /home/orangepi/AUV_ROS2/install/control_interfaces/include/control_interfaces/control_interfaces/srv/detail
[10.581s] -- Up-to-date: /home/orangepi/AUV_ROS2/install/control_interfaces/include/control_interfaces/control_interfaces/srv/detail/get_command__rosidl_typesupport_fastrtps_cpp.hpp
[10.581s] -- Up-to-date: /home/orangepi/AUV_ROS2/install/control_interfaces/include/control_interfaces/control_interfaces/srv/detail/dds_fastrtps
[10.581s] -- Up-to-date: /home/orangepi/AUV_ROS2/install/control_interfaces/include/control_interfaces/control_interfaces/srv/detail/get_task__rosidl_typesupport_fastrtps_cpp.hpp
[10.581s] -- Up-to-date: /home/orangepi/AUV_ROS2/install/control_interfaces/include/control_interfaces/control_interfaces/srv/detail/buoyancy_control__rosidl_typesupport_fastrtps_cpp.hpp
[10.581s] -- Up-to-date: /home/orangepi/AUV_ROS2/install/control_interfaces/include/control_interfaces/control_interfaces/msg
[10.581s] -- Up-to-date: /home/orangepi/AUV_ROS2/install/control_interfaces/include/control_interfaces/control_interfaces/msg/rosidl_typesupport_fastrtps_cpp__visibility_control.h
[10.581s] -- Up-to-date: /home/orangepi/AUV_ROS2/install/control_interfaces/include/control_interfaces/control_interfaces/msg/detail
[10.581s] -- Up-to-date: /home/orangepi/AUV_ROS2/install/control_interfaces/include/control_interfaces/control_interfaces/msg/detail/auv_status__rosidl_typesupport_fastrtps_cpp.hpp
[10.581s] -- Up-to-date: /home/orangepi/AUV_ROS2/install/control_interfaces/include/control_interfaces/control_interfaces/msg/detail/dds_fastrtps
[10.581s] -- Up-to-date: /home/orangepi/AUV_ROS2/install/control_interfaces/include/control_interfaces/control_interfaces/msg/detail/auv_buoyancy__rosidl_typesupport_fastrtps_cpp.hpp
[10.582s] -- Up-to-date: /home/orangepi/AUV_ROS2/install/control_interfaces/lib/libcontrol_interfaces__rosidl_typesupport_fastrtps_cpp.so
[10.582s] -- Up-to-date: /home/orangepi/AUV_ROS2/install/control_interfaces/include/control_interfaces/control_interfaces
[10.582s] -- Up-to-date: /home/orangepi/AUV_ROS2/install/control_interfaces/include/control_interfaces/control_interfaces/srv
[10.582s] -- Up-to-date: /home/orangepi/AUV_ROS2/install/control_interfaces/include/control_interfaces/control_interfaces/srv/detail
[10.582s] -- Up-to-date: /home/orangepi/AUV_ROS2/install/control_interfaces/include/control_interfaces/control_interfaces/srv/detail/buoyancy_control__rosidl_typesupport_introspection_cpp.hpp
[10.582s] -- Up-to-date: /home/orangepi/AUV_ROS2/install/control_interfaces/include/control_interfaces/control_interfaces/srv/detail/get_command__rosidl_typesupport_introspection_cpp.hpp
[10.582s] -- Up-to-date: /home/orangepi/AUV_ROS2/install/control_interfaces/include/control_interfaces/control_interfaces/srv/detail/buoyancy_control__type_support.cpp
[10.582s] -- Up-to-date: /home/orangepi/AUV_ROS2/install/control_interfaces/include/control_interfaces/control_interfaces/srv/detail/get_task__type_support.cpp
[10.582s] -- Up-to-date: /home/orangepi/AUV_ROS2/install/control_interfaces/include/control_interfaces/control_interfaces/srv/detail/get_task__rosidl_typesupport_introspection_cpp.hpp
[10.582s] -- Up-to-date: /home/orangepi/AUV_ROS2/install/control_interfaces/include/control_interfaces/control_interfaces/srv/detail/get_command__type_support.cpp
[10.582s] -- Up-to-date: /home/orangepi/AUV_ROS2/install/control_interfaces/include/control_interfaces/control_interfaces/msg
[10.583s] -- Up-to-date: /home/orangepi/AUV_ROS2/install/control_interfaces/include/control_interfaces/control_interfaces/msg/detail
[10.583s] -- Up-to-date: /home/orangepi/AUV_ROS2/install/control_interfaces/include/control_interfaces/control_interfaces/msg/detail/auv_status__type_support.cpp
[10.583s] -- Up-to-date: /home/orangepi/AUV_ROS2/install/control_interfaces/include/control_interfaces/control_interfaces/msg/detail/auv_buoyancy__type_support.cpp
[10.583s] -- Up-to-date: /home/orangepi/AUV_ROS2/install/control_interfaces/include/control_interfaces/control_interfaces/msg/detail/auv_status__rosidl_typesupport_introspection_cpp.hpp
[10.583s] -- Up-to-date: /home/orangepi/AUV_ROS2/install/control_interfaces/include/control_interfaces/control_interfaces/msg/detail/auv_buoyancy__rosidl_typesupport_introspection_cpp.hpp
[10.583s] -- Up-to-date: /home/orangepi/AUV_ROS2/install/control_interfaces/lib/libcontrol_interfaces__rosidl_typesupport_introspection_cpp.so
[10.583s] -- Up-to-date: /home/orangepi/AUV_ROS2/install/control_interfaces/lib/libcontrol_interfaces__rosidl_typesupport_cpp.so
[10.583s] -- Up-to-date: /home/orangepi/AUV_ROS2/install/control_interfaces/share/control_interfaces/environment/pythonpath.sh
[10.583s] -- Up-to-date: /home/orangepi/AUV_ROS2/install/control_interfaces/share/control_interfaces/environment/pythonpath.dsv
[10.583s] -- Up-to-date: /home/orangepi/AUV_ROS2/install/control_interfaces/local/lib/python3.10/dist-packages/control_interfaces-0.0.0-py3.10.egg-info
[10.583s] -- Installing: /home/orangepi/AUV_ROS2/install/control_interfaces/local/lib/python3.10/dist-packages/control_interfaces-0.0.0-py3.10.egg-info/SOURCES.txt
[10.583s] -- Installing: /home/orangepi/AUV_ROS2/install/control_interfaces/local/lib/python3.10/dist-packages/control_interfaces-0.0.0-py3.10.egg-info/top_level.txt
[10.584s] -- Installing: /home/orangepi/AUV_ROS2/install/control_interfaces/local/lib/python3.10/dist-packages/control_interfaces-0.0.0-py3.10.egg-info/dependency_links.txt
[10.584s] -- Installing: /home/orangepi/AUV_ROS2/install/control_interfaces/local/lib/python3.10/dist-packages/control_interfaces-0.0.0-py3.10.egg-info/PKG-INFO
[10.584s] -- Up-to-date: /home/orangepi/AUV_ROS2/install/control_interfaces/local/lib/python3.10/dist-packages/control_interfaces
[10.584s] -- Up-to-date: /home/orangepi/AUV_ROS2/install/control_interfaces/local/lib/python3.10/dist-packages/control_interfaces/control_interfaces_s__rosidl_typesupport_c.cpython-310-aarch64-linux-gnu.so
[10.584s] -- Up-to-date: /home/orangepi/AUV_ROS2/install/control_interfaces/local/lib/python3.10/dist-packages/control_interfaces/__init__.py
[10.584s] -- Up-to-date: /home/orangepi/AUV_ROS2/install/control_interfaces/local/lib/python3.10/dist-packages/control_interfaces/control_interfaces_s__rosidl_typesupport_fastrtps_c.cpython-310-aarch64-linux-gnu.so
[10.584s] -- Up-to-date: /home/orangepi/AUV_ROS2/install/control_interfaces/local/lib/python3.10/dist-packages/control_interfaces/_control_interfaces_s.ep.rosidl_typesupport_introspection_c.c
[10.584s] -- Up-to-date: /home/orangepi/AUV_ROS2/install/control_interfaces/local/lib/python3.10/dist-packages/control_interfaces/srv
[10.584s] -- Up-to-date: /home/orangepi/AUV_ROS2/install/control_interfaces/local/lib/python3.10/dist-packages/control_interfaces/srv/_get_task.py
[10.584s] -- Up-to-date: /home/orangepi/AUV_ROS2/install/control_interfaces/local/lib/python3.10/dist-packages/control_interfaces/srv/__init__.py
[10.584s] -- Up-to-date: /home/orangepi/AUV_ROS2/install/control_interfaces/local/lib/python3.10/dist-packages/control_interfaces/srv/_buoyancy_control_s.c
[10.585s] -- Up-to-date: /home/orangepi/AUV_ROS2/install/control_interfaces/local/lib/python3.10/dist-packages/control_interfaces/srv/_get_command_s.c
[10.585s] -- Up-to-date: /home/orangepi/AUV_ROS2/install/control_interfaces/local/lib/python3.10/dist-packages/control_interfaces/srv/_buoyancy_control.py
[10.585s] -- Up-to-date: /home/orangepi/AUV_ROS2/install/control_interfaces/local/lib/python3.10/dist-packages/control_interfaces/srv/_get_command.py
[10.585s] -- Up-to-date: /home/orangepi/AUV_ROS2/install/control_interfaces/local/lib/python3.10/dist-packages/control_interfaces/srv/_get_task_s.c
[10.585s] -- Up-to-date: /home/orangepi/AUV_ROS2/install/control_interfaces/local/lib/python3.10/dist-packages/control_interfaces/control_interfaces_s__rosidl_typesupport_introspection_c.cpython-310-aarch64-linux-gnu.so
[10.603s] -- Up-to-date: /home/orangepi/AUV_ROS2/install/control_interfaces/local/lib/python3.10/dist-packages/control_interfaces/_control_interfaces_s.ep.rosidl_typesupport_c.c
[10.603s] -- Up-to-date: /home/orangepi/AUV_ROS2/install/control_interfaces/local/lib/python3.10/dist-packages/control_interfaces/msg
[10.603s] -- Up-to-date: /home/orangepi/AUV_ROS2/install/control_interfaces/local/lib/python3.10/dist-packages/control_interfaces/msg/__init__.py
[10.603s] -- Up-to-date: /home/orangepi/AUV_ROS2/install/control_interfaces/local/lib/python3.10/dist-packages/control_interfaces/msg/_auv_status_s.c
[10.604s] -- Up-to-date: /home/orangepi/AUV_ROS2/install/control_interfaces/local/lib/python3.10/dist-packages/control_interfaces/msg/_auv_status.py
[10.604s] -- Up-to-date: /home/orangepi/AUV_ROS2/install/control_interfaces/local/lib/python3.10/dist-packages/control_interfaces/msg/_auv_buoyancy.py
[10.604s] -- Up-to-date: /home/orangepi/AUV_ROS2/install/control_interfaces/local/lib/python3.10/dist-packages/control_interfaces/msg/_auv_buoyancy_s.c
[10.604s] -- Up-to-date: /home/orangepi/AUV_ROS2/install/control_interfaces/local/lib/python3.10/dist-packages/control_interfaces/libcontrol_interfaces__rosidl_generator_py.so
[10.604s] -- Up-to-date: /home/orangepi/AUV_ROS2/install/control_interfaces/local/lib/python3.10/dist-packages/control_interfaces/_control_interfaces_s.ep.rosidl_typesupport_fastrtps_c.c
[10.765s] Listing '/home/orangepi/AUV_ROS2/install/control_interfaces/local/lib/python3.10/dist-packages/control_interfaces'...
[10.769s] Listing '/home/orangepi/AUV_ROS2/install/control_interfaces/local/lib/python3.10/dist-packages/control_interfaces/msg'...
[10.769s] Listing '/home/orangepi/AUV_ROS2/install/control_interfaces/local/lib/python3.10/dist-packages/control_interfaces/srv'...
[10.777s] -- Up-to-date: /home/orangepi/AUV_ROS2/install/control_interfaces/local/lib/python3.10/dist-packages/control_interfaces/control_interfaces_s__rosidl_typesupport_fastrtps_c.cpython-310-aarch64-linux-gnu.so
[10.782s] -- Up-to-date: /home/orangepi/AUV_ROS2/install/control_interfaces/local/lib/python3.10/dist-packages/control_interfaces/control_interfaces_s__rosidl_typesupport_introspection_c.cpython-310-aarch64-linux-gnu.so
[10.784s] -- Up-to-date: /home/orangepi/AUV_ROS2/install/control_interfaces/local/lib/python3.10/dist-packages/control_interfaces/control_interfaces_s__rosidl_typesupport_c.cpython-310-aarch64-linux-gnu.so
[10.786s] -- Up-to-date: /home/orangepi/AUV_ROS2/install/control_interfaces/lib/libcontrol_interfaces__rosidl_generator_py.so
[10.787s] -- Up-to-date: /home/orangepi/AUV_ROS2/install/control_interfaces/share/control_interfaces/srv/GetCommand.idl
[10.788s] -- Up-to-date: /home/orangepi/AUV_ROS2/install/control_interfaces/share/control_interfaces/srv/GetTask.idl
[10.789s] -- Up-to-date: /home/orangepi/AUV_ROS2/install/control_interfaces/share/control_interfaces/srv/BuoyancyControl.idl
[10.789s] -- Up-to-date: /home/orangepi/AUV_ROS2/install/control_interfaces/share/control_interfaces/msg/AUVBuoyancy.idl
[10.789s] -- Up-to-date: /home/orangepi/AUV_ROS2/install/control_interfaces/share/control_interfaces/msg/AUVStatus.idl
[10.789s] -- Up-to-date: /home/orangepi/AUV_ROS2/install/control_interfaces/share/control_interfaces/srv/GetCommand.srv
[10.789s] -- Up-to-date: /home/orangepi/AUV_ROS2/install/control_interfaces/share/control_interfaces/srv/GetCommand_Request.msg
[10.789s] -- Up-to-date: /home/orangepi/AUV_ROS2/install/control_interfaces/share/control_interfaces/srv/GetCommand_Response.msg
[10.789s] -- Up-to-date: /home/orangepi/AUV_ROS2/install/control_interfaces/share/control_interfaces/srv/GetTask.srv
[10.789s] -- Up-to-date: /home/orangepi/AUV_ROS2/install/control_interfaces/share/control_interfaces/srv/GetTask_Request.msg
[10.790s] -- Up-to-date: /home/orangepi/AUV_ROS2/install/control_interfaces/share/control_interfaces/srv/GetTask_Response.msg
[10.791s] -- Up-to-date: /home/orangepi/AUV_ROS2/install/control_interfaces/share/control_interfaces/srv/BuoyancyControl.srv
[10.791s] -- Up-to-date: /home/orangepi/AUV_ROS2/install/control_interfaces/share/control_interfaces/srv/BuoyancyControl_Request.msg
[10.791s] -- Up-to-date: /home/orangepi/AUV_ROS2/install/control_interfaces/share/control_interfaces/srv/BuoyancyControl_Response.msg
[10.791s] -- Up-to-date: /home/orangepi/AUV_ROS2/install/control_interfaces/share/control_interfaces/msg/AUVBuoyancy.msg
[10.791s] -- Up-to-date: /home/orangepi/AUV_ROS2/install/control_interfaces/share/control_interfaces/msg/AUVStatus.msg
[10.792s] -- Up-to-date: /home/orangepi/AUV_ROS2/install/control_interfaces/share/ament_index/resource_index/package_run_dependencies/control_interfaces
[10.792s] -- Up-to-date: /home/orangepi/AUV_ROS2/install/control_interfaces/share/ament_index/resource_index/parent_prefix_path/control_interfaces
[10.792s] -- Up-to-date: /home/orangepi/AUV_ROS2/install/control_interfaces/share/control_interfaces/environment/ament_prefix_path.sh
[10.792s] -- Up-to-date: /home/orangepi/AUV_ROS2/install/control_interfaces/share/control_interfaces/environment/ament_prefix_path.dsv
[10.792s] -- Up-to-date: /home/orangepi/AUV_ROS2/install/control_interfaces/share/control_interfaces/environment/path.sh
[10.792s] -- Up-to-date: /home/orangepi/AUV_ROS2/install/control_interfaces/share/control_interfaces/environment/path.dsv
[10.792s] -- Up-to-date: /home/orangepi/AUV_ROS2/install/control_interfaces/share/control_interfaces/local_setup.bash
[10.792s] -- Up-to-date: /home/orangepi/AUV_ROS2/install/control_interfaces/share/control_interfaces/local_setup.sh
[10.792s] -- Up-to-date: /home/orangepi/AUV_ROS2/install/control_interfaces/share/control_interfaces/local_setup.zsh
[10.793s] -- Up-to-date: /home/orangepi/AUV_ROS2/install/control_interfaces/share/control_interfaces/local_setup.dsv
[10.793s] -- Installing: /home/orangepi/AUV_ROS2/install/control_interfaces/share/control_interfaces/package.dsv
[10.793s] -- Up-to-date: /home/orangepi/AUV_ROS2/install/control_interfaces/share/ament_index/resource_index/packages/control_interfaces
[10.793s] -- Up-to-date: /home/orangepi/AUV_ROS2/install/control_interfaces/share/control_interfaces/cmake/export_control_interfaces__rosidl_generator_cExport.cmake
[10.793s] -- Up-to-date: /home/orangepi/AUV_ROS2/install/control_interfaces/share/control_interfaces/cmake/export_control_interfaces__rosidl_generator_cExport-noconfig.cmake
[10.793s] -- Up-to-date: /home/orangepi/AUV_ROS2/install/control_interfaces/share/control_interfaces/cmake/export_control_interfaces__rosidl_typesupport_fastrtps_cExport.cmake
[10.793s] -- Up-to-date: /home/orangepi/AUV_ROS2/install/control_interfaces/share/control_interfaces/cmake/export_control_interfaces__rosidl_typesupport_fastrtps_cExport-noconfig.cmake
[10.793s] -- Up-to-date: /home/orangepi/AUV_ROS2/install/control_interfaces/share/control_interfaces/cmake/control_interfaces__rosidl_typesupport_introspection_cExport.cmake
[10.793s] -- Up-to-date: /home/orangepi/AUV_ROS2/install/control_interfaces/share/control_interfaces/cmake/control_interfaces__rosidl_typesupport_introspection_cExport-noconfig.cmake
[10.793s] -- Up-to-date: /home/orangepi/AUV_ROS2/install/control_interfaces/share/control_interfaces/cmake/control_interfaces__rosidl_typesupport_cExport.cmake
[10.794s] -- Up-to-date: /home/orangepi/AUV_ROS2/install/control_interfaces/share/control_interfaces/cmake/control_interfaces__rosidl_typesupport_cExport-noconfig.cmake
[10.794s] -- Up-to-date: /home/orangepi/AUV_ROS2/install/control_interfaces/share/control_interfaces/cmake/export_control_interfaces__rosidl_generator_cppExport.cmake
[10.795s] -- Up-to-date: /home/orangepi/AUV_ROS2/install/control_interfaces/share/control_interfaces/cmake/export_control_interfaces__rosidl_typesupport_fastrtps_cppExport.cmake
[10.795s] -- Up-to-date: /home/orangepi/AUV_ROS2/install/control_interfaces/share/control_interfaces/cmake/export_control_interfaces__rosidl_typesupport_fastrtps_cppExport-noconfig.cmake
[10.796s] -- Up-to-date: /home/orangepi/AUV_ROS2/install/control_interfaces/share/control_interfaces/cmake/control_interfaces__rosidl_typesupport_introspection_cppExport.cmake
[10.796s] -- Up-to-date: /home/orangepi/AUV_ROS2/install/control_interfaces/share/control_interfaces/cmake/control_interfaces__rosidl_typesupport_introspection_cppExport-noconfig.cmake
[10.796s] -- Up-to-date: /home/orangepi/AUV_ROS2/install/control_interfaces/share/control_interfaces/cmake/control_interfaces__rosidl_typesupport_cppExport.cmake
[10.796s] -- Up-to-date: /home/orangepi/AUV_ROS2/install/control_interfaces/share/control_interfaces/cmake/control_interfaces__rosidl_typesupport_cppExport-noconfig.cmake
[10.796s] -- Up-to-date: /home/orangepi/AUV_ROS2/install/control_interfaces/share/control_interfaces/cmake/export_control_interfaces__rosidl_generator_pyExport.cmake
[10.796s] -- Up-to-date: /home/orangepi/AUV_ROS2/install/control_interfaces/share/control_interfaces/cmake/export_control_interfaces__rosidl_generator_pyExport-noconfig.cmake
[10.797s] -- Up-to-date: /home/orangepi/AUV_ROS2/install/control_interfaces/share/control_interfaces/cmake/rosidl_cmake-extras.cmake
[10.797s] -- Up-to-date: /home/orangepi/AUV_ROS2/install/control_interfaces/share/control_interfaces/cmake/ament_cmake_export_include_directories-extras.cmake
[10.797s] -- Up-to-date: /home/orangepi/AUV_ROS2/install/control_interfaces/share/control_interfaces/cmake/ament_cmake_export_libraries-extras.cmake
[10.797s] -- Up-to-date: /home/orangepi/AUV_ROS2/install/control_interfaces/share/control_interfaces/cmake/ament_cmake_export_targets-extras.cmake
[10.797s] -- Up-to-date: /home/orangepi/AUV_ROS2/install/control_interfaces/share/control_interfaces/cmake/rosidl_cmake_export_typesupport_targets-extras.cmake
[10.797s] -- Up-to-date: /home/orangepi/AUV_ROS2/install/control_interfaces/share/control_interfaces/cmake/ament_cmake_export_dependencies-extras.cmake
[10.797s] -- Up-to-date: /home/orangepi/AUV_ROS2/install/control_interfaces/share/control_interfaces/cmake/rosidl_cmake_export_typesupport_libraries-extras.cmake
[10.797s] -- Up-to-date: /home/orangepi/AUV_ROS2/install/control_interfaces/share/control_interfaces/cmake/control_interfacesConfig.cmake
[10.797s] -- Up-to-date: /home/orangepi/AUV_ROS2/install/control_interfaces/share/control_interfaces/cmake/control_interfacesConfig-version.cmake
[10.798s] -- Up-to-date: /home/orangepi/AUV_ROS2/install/control_interfaces/share/control_interfaces/package.xml
[12.760s] Invoked command in '/home/orangepi/AUV_ROS2/build/control_interfaces' returned '0': CMAKE_PREFIX_PATH=${CMAKE_PREFIX_PATH}:/home/orangepi/AUV_ROS2/install/task2_node:/home/orangepi/AUV_ROS2/install/task2_drum_detection:/home/orangepi/AUV_ROS2/install/task1_node:/home/orangepi/AUV_ROS2/install/task1_gate_detection:/home/orangepi/AUV_ROS2/install/task1_flare_detection:/home/orangepi/AUV_ROS2/install/start_auv:/home/orangepi/AUV_ROS2/install/remote_node:/home/orangepi/AUV_ROS2/install/q_gate_detection:/home/orangepi/AUV_ROS2/install/master_node_simulation:/home/orangepi/AUV_ROS2/install/master_node:/home/orangepi/AUV_ROS2/install/facer_input:/home/orangepi/AUV_ROS2/install/control_node:/home/orangepi/AUV_ROS2/install/buoyancy_node:/home/orangepi/opencv_ws/install/task2_drum_detection:/home/orangepi/opencv_ws/install/task1_gate_detection:/home/orangepi/opencv_ws/install/task1_flare_detection:/home/orangepi/opencv_ws/install/q_gate_detection:/home/orangepi/opencv_ws/install/master_node_simulation:/home/orangepi/opencv_ws/install/facer_input:/opt/ros/humble /usr/bin/cmake --install /home/orangepi/AUV_ROS2/build/control_interfaces
