[5.548s] Invoking command in '/home/orangepi/AUV_ROS2/src/control_node': PYTHONPATH=/home/orangepi/AUV_ROS2/build/control_node/prefix_override:/home/orangepi/AUV_ROS2/install/control_node/lib/python3.10/site-packages:${PYTHONPATH} /usr/bin/python3 setup.py egg_info --egg-base ../../build/control_node build --build-base /home/orangepi/AUV_ROS2/build/control_node/build install --record /home/orangepi/AUV_ROS2/build/control_node/install.log --single-version-externally-managed
[6.977s] running egg_info
[6.979s] writing ../../build/control_node/control_node.egg-info/PKG-INFO
[6.980s] writing dependency_links to ../../build/control_node/control_node.egg-info/dependency_links.txt
[6.987s] writing entry points to ../../build/control_node/control_node.egg-info/entry_points.txt
[6.987s] writing requirements to ../../build/control_node/control_node.egg-info/requires.txt
[6.987s] writing top-level names to ../../build/control_node/control_node.egg-info/top_level.txt
[6.987s] package init file 'control_node/submodules/__init__.py' not found (or not a regular file)
[6.987s] /usr/lib/python3/dist-packages/setuptools/command/install.py:34: SetuptoolsDeprecationWarning: setup.py install is deprecated. Use build and pip and other standards-based tools.
[6.988s]   warnings.warn(
[6.988s] reading manifest file '../../build/control_node/control_node.egg-info/SOURCES.txt'
[6.988s] adding license file 'LICENSE'
[6.988s] writing manifest file '../../build/control_node/control_node.egg-info/SOURCES.txt'
[6.988s] running build
[6.988s] running build_py
[6.988s] copying control_node/control_node.py -> /home/orangepi/AUV_ROS2/build/control_node/build/lib/control_node
[6.988s] running install
[6.988s] running install_lib
[6.988s] copying /home/orangepi/AUV_ROS2/build/control_node/build/lib/control_node/control_node.py -> /home/orangepi/AUV_ROS2/install/control_node/lib/python3.10/site-packages/control_node
[6.989s] byte-compiling /home/orangepi/AUV_ROS2/install/control_node/lib/python3.10/site-packages/control_node/control_node.py to control_node.cpython-310.pyc
[6.990s] running install_data
[6.991s] running install_egg_info
[6.999s] removing '/home/orangepi/AUV_ROS2/install/control_node/lib/python3.10/site-packages/control_node-0.0.0-py3.10.egg-info' (and everything under it)
[6.999s] Copying ../../build/control_node/control_node.egg-info to /home/orangepi/AUV_ROS2/install/control_node/lib/python3.10/site-packages/control_node-0.0.0-py3.10.egg-info
[7.026s] running install_scripts
[7.041s] Installing control_node script to /home/orangepi/AUV_ROS2/install/control_node/lib/control_node
[7.042s] writing list of installed files to '/home/orangepi/AUV_ROS2/build/control_node/install.log'
[9.528s] Invoked command in '/home/orangepi/AUV_ROS2/src/control_node' returned '0': PYTHONPATH=/home/orangepi/AUV_ROS2/build/control_node/prefix_override:/home/orangepi/AUV_ROS2/install/control_node/lib/python3.10/site-packages:${PYTHONPATH} /usr/bin/python3 setup.py egg_info --egg-base ../../build/control_node build --build-base /home/orangepi/AUV_ROS2/build/control_node/build install --record /home/orangepi/AUV_ROS2/build/control_node/install.log --single-version-externally-managed
