[3.680s] Invoking command in '/home/orangepi/AUV_ROS2/src/task2_drum_detection': AMENT_PREFIX_PATH=/home/orangepi/AUV_ROS2/install/facer_interfaces:${AMENT_PREFIX_PATH} CMAKE_PREFIX_PATH=/home/orangepi/AUV_ROS2/install/facer_interfaces:${CMAKE_PREFIX_PATH} LD_LIBRARY_PATH=/home/orangepi/AUV_ROS2/install/facer_interfaces/lib:${LD_LIBRARY_PATH} PYTHONPATH=/home/orangepi/AUV_ROS2/build/task2_drum_detection/prefix_override:/home/orangepi/AUV_ROS2/install/task2_drum_detection/lib/python3.10/site-packages:/home/orangepi/AUV_ROS2/install/facer_interfaces/local/lib/python3.10/dist-packages:${PYTHONPATH} /usr/bin/python3 setup.py egg_info --egg-base ../../build/task2_drum_detection build --build-base /home/orangepi/AUV_ROS2/build/task2_drum_detection/build install --record /home/orangepi/AUV_ROS2/build/task2_drum_detection/install.log --single-version-externally-managed
[4.081s] running egg_info
[4.082s] creating ../../build/task2_drum_detection/task2_drum_detection.egg-info
[4.083s] writing ../../build/task2_drum_detection/task2_drum_detection.egg-info/PKG-INFO
[4.083s] writing dependency_links to ../../build/task2_drum_detection/task2_drum_detection.egg-info/dependency_links.txt
[4.084s] writing entry points to ../../build/task2_drum_detection/task2_drum_detection.egg-info/entry_points.txt
[4.084s] writing requirements to ../../build/task2_drum_detection/task2_drum_detection.egg-info/requires.txt
[4.085s] writing top-level names to ../../build/task2_drum_detection/task2_drum_detection.egg-info/top_level.txt
[4.085s] writing manifest file '../../build/task2_drum_detection/task2_drum_detection.egg-info/SOURCES.txt'
[4.086s] reading manifest file '../../build/task2_drum_detection/task2_drum_detection.egg-info/SOURCES.txt'
[4.086s] writing manifest file '../../build/task2_drum_detection/task2_drum_detection.egg-info/SOURCES.txt'
[4.086s] running build
[4.087s] running build_py
[4.087s] creating /home/orangepi/AUV_ROS2/build/task2_drum_detection/build
[4.088s] creating /home/orangepi/AUV_ROS2/build/task2_drum_detection/build/lib
[4.088s] creating /home/orangepi/AUV_ROS2/build/task2_drum_detection/build/lib/task2_drum_detection
[4.089s] copying task2_drum_detection/__init__.py -> /home/orangepi/AUV_ROS2/build/task2_drum_detection/build/lib/task2_drum_detection
[4.089s] copying task2_drum_detection/drum_detection_functions.py -> /home/orangepi/AUV_ROS2/build/task2_drum_detection/build/lib/task2_drum_detection
[4.090s] copying task2_drum_detection/drum_detection.py -> /home/orangepi/AUV_ROS2/build/task2_drum_detection/build/lib/task2_drum_detection
[4.090s] /usr/lib/python3/dist-packages/setuptools/command/install.py:34: SetuptoolsDeprecationWarning: setup.py install is deprecated. Use build and pip and other standards-based tools.
[4.090s]   warnings.warn(
[4.091s] running install
[4.091s] running install_lib
[4.092s] creating /home/orangepi/AUV_ROS2/install/task2_drum_detection/lib/python3.10/site-packages/task2_drum_detection
[4.092s] copying /home/orangepi/AUV_ROS2/build/task2_drum_detection/build/lib/task2_drum_detection/__init__.py -> /home/orangepi/AUV_ROS2/install/task2_drum_detection/lib/python3.10/site-packages/task2_drum_detection
[4.102s] copying /home/orangepi/AUV_ROS2/build/task2_drum_detection/build/lib/task2_drum_detection/drum_detection_functions.py -> /home/orangepi/AUV_ROS2/install/task2_drum_detection/lib/python3.10/site-packages/task2_drum_detection
[4.103s] copying /home/orangepi/AUV_ROS2/build/task2_drum_detection/build/lib/task2_drum_detection/drum_detection.py -> /home/orangepi/AUV_ROS2/install/task2_drum_detection/lib/python3.10/site-packages/task2_drum_detection
[4.103s] byte-compiling /home/orangepi/AUV_ROS2/install/task2_drum_detection/lib/python3.10/site-packages/task2_drum_detection/__init__.py to __init__.cpython-310.pyc
[4.104s] byte-compiling /home/orangepi/AUV_ROS2/install/task2_drum_detection/lib/python3.10/site-packages/task2_drum_detection/drum_detection_functions.py to drum_detection_functions.cpython-310.pyc
[4.104s] byte-compiling /home/orangepi/AUV_ROS2/install/task2_drum_detection/lib/python3.10/site-packages/task2_drum_detection/drum_detection.py to drum_detection.cpython-310.pyc
[4.105s] running install_data
[4.105s] creating /home/orangepi/AUV_ROS2/install/task2_drum_detection/share/ament_index
[4.106s] creating /home/orangepi/AUV_ROS2/install/task2_drum_detection/share/ament_index/resource_index
[4.106s] creating /home/orangepi/AUV_ROS2/install/task2_drum_detection/share/ament_index/resource_index/packages
[4.107s] copying resource/task2_drum_detection -> /home/orangepi/AUV_ROS2/install/task2_drum_detection/share/ament_index/resource_index/packages
[4.107s] copying package.xml -> /home/orangepi/AUV_ROS2/install/task2_drum_detection/share/task2_drum_detection
[4.108s] running install_egg_info
[4.108s] Copying ../../build/task2_drum_detection/task2_drum_detection.egg-info to /home/orangepi/AUV_ROS2/install/task2_drum_detection/lib/python3.10/site-packages/task2_drum_detection-0.0.0-py3.10.egg-info
[4.112s] running install_scripts
[4.128s] Installing drum_detection script to /home/orangepi/AUV_ROS2/install/task2_drum_detection/lib/task2_drum_detection
[4.129s] writing list of installed files to '/home/orangepi/AUV_ROS2/build/task2_drum_detection/install.log'
[4.524s] Invoked command in '/home/orangepi/AUV_ROS2/src/task2_drum_detection' returned '0': AMENT_PREFIX_PATH=/home/orangepi/AUV_ROS2/install/facer_interfaces:${AMENT_PREFIX_PATH} CMAKE_PREFIX_PATH=/home/orangepi/AUV_ROS2/install/facer_interfaces:${CMAKE_PREFIX_PATH} LD_LIBRARY_PATH=/home/orangepi/AUV_ROS2/install/facer_interfaces/lib:${LD_LIBRARY_PATH} PYTHONPATH=/home/orangepi/AUV_ROS2/build/task2_drum_detection/prefix_override:/home/orangepi/AUV_ROS2/install/task2_drum_detection/lib/python3.10/site-packages:/home/orangepi/AUV_ROS2/install/facer_interfaces/local/lib/python3.10/dist-packages:${PYTHONPATH} /usr/bin/python3 setup.py egg_info --egg-base ../../build/task2_drum_detection build --build-base /home/orangepi/AUV_ROS2/build/task2_drum_detection/build install --record /home/orangepi/AUV_ROS2/build/task2_drum_detection/install.log --single-version-externally-managed
