[6.902s] Invoking command in '/home/orangepi/AUV_ROS2/src/facer_input': PYTHONPATH=/home/orangepi/AUV_ROS2/build/facer_input/prefix_override:/home/orangepi/AUV_ROS2/install/facer_input/lib/python3.10/site-packages:${PYTHONPATH} /usr/bin/python3 setup.py egg_info --egg-base ../../build/facer_input build --build-base /home/orangepi/AUV_ROS2/build/facer_input/build install --record /home/orangepi/AUV_ROS2/build/facer_input/install.log --single-version-externally-managed
[8.135s] running egg_info
[8.137s] writing ../../build/facer_input/facer_input.egg-info/PKG-INFO
[8.142s] writing dependency_links to ../../build/facer_input/facer_input.egg-info/dependency_links.txt
[8.142s] writing entry points to ../../build/facer_input/facer_input.egg-info/entry_points.txt
[8.144s] writing requirements to ../../build/facer_input/facer_input.egg-info/requires.txt
[8.144s] writing top-level names to ../../build/facer_input/facer_input.egg-info/top_level.txt
[8.148s] reading manifest file '../../build/facer_input/facer_input.egg-info/SOURCES.txt'
[8.150s] writing manifest file '../../build/facer_input/facer_input.egg-info/SOURCES.txt'
[8.150s] running build
[8.150s] running build_py
[8.151s] /usr/lib/python3/dist-packages/setuptools/command/install.py:34: SetuptoolsDeprecationWarning: setup.py install is deprecated. Use build and pip and other standards-based tools.
[8.152s]   warnings.warn(
[8.154s] running install
[8.159s] running install_lib
[8.160s] running install_data
[8.160s] running install_egg_info
[8.160s] removing '/home/orangepi/AUV_ROS2/install/facer_input/lib/python3.10/site-packages/facer_input-0.0.0-py3.10.egg-info' (and everything under it)
[8.160s] Copying ../../build/facer_input/facer_input.egg-info to /home/orangepi/AUV_ROS2/install/facer_input/lib/python3.10/site-packages/facer_input-0.0.0-py3.10.egg-info
[8.160s] running install_scripts
[8.199s] Installing capture_image script to /home/orangepi/AUV_ROS2/install/facer_input/lib/facer_input
[8.200s] writing list of installed files to '/home/orangepi/AUV_ROS2/build/facer_input/install.log'
[8.272s] Invoked command in '/home/orangepi/AUV_ROS2/src/facer_input' returned '0': PYTHONPATH=/home/orangepi/AUV_ROS2/build/facer_input/prefix_override:/home/orangepi/AUV_ROS2/install/facer_input/lib/python3.10/site-packages:${PYTHONPATH} /usr/bin/python3 setup.py egg_info --egg-base ../../build/facer_input build --build-base /home/orangepi/AUV_ROS2/build/facer_input/build install --record /home/orangepi/AUV_ROS2/build/facer_input/install.log --single-version-externally-managed
