[4.972s] Invoking command in '/home/orangepi/AUV_ROS2/src/task1_node': PYTHONPATH=/home/orangepi/AUV_ROS2/build/task1_node/prefix_override:/home/orangepi/AUV_ROS2/install/task1_node/lib/python3.10/site-packages:${PYTHONPATH} /usr/bin/python3 setup.py egg_info --egg-base ../../build/task1_node build --build-base /home/orangepi/AUV_ROS2/build/task1_node/build install --record /home/orangepi/AUV_ROS2/build/task1_node/install.log --single-version-externally-managed
[5.490s] running egg_info
[5.507s] writing ../../build/task1_node/task1_node.egg-info/PKG-INFO
[5.508s] writing dependency_links to ../../build/task1_node/task1_node.egg-info/dependency_links.txt
[5.509s] writing entry points to ../../build/task1_node/task1_node.egg-info/entry_points.txt
[5.510s] writing requirements to ../../build/task1_node/task1_node.egg-info/requires.txt
[5.511s] writing top-level names to ../../build/task1_node/task1_node.egg-info/top_level.txt
[5.517s] reading manifest file '../../build/task1_node/task1_node.egg-info/SOURCES.txt'
[5.519s] adding license file 'LICENSE'
[5.520s] writing manifest file '../../build/task1_node/task1_node.egg-info/SOURCES.txt'
[5.521s] running build
[5.521s] running build_py
[5.523s] running install
[5.527s] /usr/lib/python3/dist-packages/setuptools/command/install.py:34: SetuptoolsDeprecationWarning: setup.py install is deprecated. Use build and pip and other standards-based tools.
[5.527s]   warnings.warn(
[5.528s] running install_lib
[5.547s] running install_data
[5.549s] running install_egg_info
[5.554s] removing '/home/orangepi/AUV_ROS2/install/task1_node/lib/python3.10/site-packages/task1_node-0.0.0-py3.10.egg-info' (and everything under it)
[5.554s] Copying ../../build/task1_node/task1_node.egg-info to /home/orangepi/AUV_ROS2/install/task1_node/lib/python3.10/site-packages/task1_node-0.0.0-py3.10.egg-info
[5.559s] running install_scripts
[5.617s] Installing task1_node script to /home/orangepi/AUV_ROS2/install/task1_node/lib/task1_node
[5.617s] writing list of installed files to '/home/orangepi/AUV_ROS2/build/task1_node/install.log'
[5.742s] Invoked command in '/home/orangepi/AUV_ROS2/src/task1_node' returned '0': PYTHONPATH=/home/orangepi/AUV_ROS2/build/task1_node/prefix_override:/home/orangepi/AUV_ROS2/install/task1_node/lib/python3.10/site-packages:${PYTHONPATH} /usr/bin/python3 setup.py egg_info --egg-base ../../build/task1_node build --build-base /home/orangepi/AUV_ROS2/build/task1_node/build install --record /home/orangepi/AUV_ROS2/build/task1_node/install.log --single-version-externally-managed
