[6.808s] Invoking command in '/home/orangepi/AUV_ROS2/src/remote_node': PYTHONPATH=/home/orangepi/AUV_ROS2/build/remote_node/prefix_override:/home/orangepi/AUV_ROS2/install/remote_node/lib/python3.10/site-packages:${PYTHONPATH} /usr/bin/python3 setup.py egg_info --egg-base ../../build/remote_node build --build-base /home/orangepi/AUV_ROS2/build/remote_node/build install --record /home/orangepi/AUV_ROS2/build/remote_node/install.log --single-version-externally-managed
[8.252s] /usr/lib/python3/dist-packages/setuptools/command/install.py:34: SetuptoolsDeprecationWarning: setup.py install is deprecated. Use build and pip and other standards-based tools.
[8.255s]   warnings.warn(
[8.256s] running egg_info
[8.257s] writing ../../build/remote_node/remote_node.egg-info/PKG-INFO
[8.258s] writing dependency_links to ../../build/remote_node/remote_node.egg-info/dependency_links.txt
[8.258s] writing entry points to ../../build/remote_node/remote_node.egg-info/entry_points.txt
[8.259s] writing requirements to ../../build/remote_node/remote_node.egg-info/requires.txt
[8.260s] writing top-level names to ../../build/remote_node/remote_node.egg-info/top_level.txt
[8.262s] reading manifest file '../../build/remote_node/remote_node.egg-info/SOURCES.txt'
[8.262s] writing manifest file '../../build/remote_node/remote_node.egg-info/SOURCES.txt'
[8.263s] running build
[8.263s] running build_py
[8.264s] running install
[8.264s] running install_lib
[8.264s] running install_data
[8.265s] running install_egg_info
[8.265s] removing '/home/orangepi/AUV_ROS2/install/remote_node/lib/python3.10/site-packages/remote_node-0.0.0-py3.10.egg-info' (and everything under it)
[8.266s] Copying ../../build/remote_node/remote_node.egg-info to /home/orangepi/AUV_ROS2/install/remote_node/lib/python3.10/site-packages/remote_node-0.0.0-py3.10.egg-info
[8.266s] running install_scripts
[8.267s] writing list of installed files to '/home/orangepi/AUV_ROS2/build/remote_node/install.log'
[9.074s] Invoked command in '/home/orangepi/AUV_ROS2/src/remote_node' returned '0': PYTHONPATH=/home/orangepi/AUV_ROS2/build/remote_node/prefix_override:/home/orangepi/AUV_ROS2/install/remote_node/lib/python3.10/site-packages:${PYTHONPATH} /usr/bin/python3 setup.py egg_info --egg-base ../../build/remote_node build --build-base /home/orangepi/AUV_ROS2/build/remote_node/build install --record /home/orangepi/AUV_ROS2/build/remote_node/install.log --single-version-externally-managed
