[7.831s] Invoking command in '/home/orangepi/AUV_ROS2/src/remote_node': PYTHONPATH=/home/orangepi/AUV_ROS2/build/remote_node/prefix_override:/home/orangepi/AUV_ROS2/install/remote_node/lib/python3.10/site-packages:${PYTHONPATH} /usr/bin/python3 setup.py egg_info --egg-base ../../build/remote_node build --build-base /home/orangepi/AUV_ROS2/build/remote_node/build install --record /home/orangepi/AUV_ROS2/build/remote_node/install.log --single-version-externally-managed
[8.274s] running egg_info
[8.275s] writing ../../build/remote_node/remote_node.egg-info/PKG-INFO
[8.275s] writing dependency_links to ../../build/remote_node/remote_node.egg-info/dependency_links.txt
[8.275s] writing entry points to ../../build/remote_node/remote_node.egg-info/entry_points.txt
[8.275s] writing requirements to ../../build/remote_node/remote_node.egg-info/requires.txt
[8.275s] writing top-level names to ../../build/remote_node/remote_node.egg-info/top_level.txt
[8.278s] reading manifest file '../../build/remote_node/remote_node.egg-info/SOURCES.txt'
[8.279s] writing manifest file '../../build/remote_node/remote_node.egg-info/SOURCES.txt'
[8.282s] running build
[8.282s] running build_py
[8.282s] running install
[8.284s] /usr/lib/python3/dist-packages/setuptools/command/install.py:34: SetuptoolsDeprecationWarning: setup.py install is deprecated. Use build and pip and other standards-based tools.
[8.284s]   warnings.warn(
[8.284s] running install_lib
[8.286s] running install_data
[8.286s] running install_egg_info
[8.294s] removing '/home/orangepi/AUV_ROS2/install/remote_node/lib/python3.10/site-packages/remote_node-0.0.0-py3.10.egg-info' (and everything under it)
[8.294s] Copying ../../build/remote_node/remote_node.egg-info to /home/orangepi/AUV_ROS2/install/remote_node/lib/python3.10/site-packages/remote_node-0.0.0-py3.10.egg-info
[8.295s] running install_scripts
[8.330s] writing list of installed files to '/home/orangepi/AUV_ROS2/build/remote_node/install.log'
[11.015s] Invoked command in '/home/orangepi/AUV_ROS2/src/remote_node' returned '0': PYTHONPATH=/home/orangepi/AUV_ROS2/build/remote_node/prefix_override:/home/orangepi/AUV_ROS2/install/remote_node/lib/python3.10/site-packages:${PYTHONPATH} /usr/bin/python3 setup.py egg_info --egg-base ../../build/remote_node build --build-base /home/orangepi/AUV_ROS2/build/remote_node/build install --record /home/orangepi/AUV_ROS2/build/remote_node/install.log --single-version-externally-managed
