[6.509s] Invoking command in '/home/orangepi/AUV_ROS2/src/task1_gate_detection': PYTHONPATH=/home/orangepi/AUV_ROS2/build/task1_gate_detection/prefix_override:/home/orangepi/AUV_ROS2/install/task1_gate_detection/lib/python3.10/site-packages:${PYTHONPATH} /usr/bin/python3 setup.py egg_info --egg-base ../../build/task1_gate_detection build --build-base /home/orangepi/AUV_ROS2/build/task1_gate_detection/build install --record /home/orangepi/AUV_ROS2/build/task1_gate_detection/install.log --single-version-externally-managed
[7.126s] running egg_info
[7.127s] writing ../../build/task1_gate_detection/task1_gate_detection.egg-info/PKG-INFO
[7.128s] writing dependency_links to ../../build/task1_gate_detection/task1_gate_detection.egg-info/dependency_links.txt
[7.128s] writing entry points to ../../build/task1_gate_detection/task1_gate_detection.egg-info/entry_points.txt
[7.128s] writing requirements to ../../build/task1_gate_detection/task1_gate_detection.egg-info/requires.txt
[7.128s] writing top-level names to ../../build/task1_gate_detection/task1_gate_detection.egg-info/top_level.txt
[7.132s] reading manifest file '../../build/task1_gate_detection/task1_gate_detection.egg-info/SOURCES.txt'
[7.134s] writing manifest file '../../build/task1_gate_detection/task1_gate_detection.egg-info/SOURCES.txt'
[7.134s] running build
[7.134s] running build_py
[7.134s] running install
[7.135s] /usr/lib/python3/dist-packages/setuptools/command/install.py:34: SetuptoolsDeprecationWarning: setup.py install is deprecated. Use build and pip and other standards-based tools.
[7.135s]   warnings.warn(
[7.135s] running install_lib
[7.138s] running install_data
[7.139s] running install_egg_info
[7.143s] removing '/home/orangepi/AUV_ROS2/install/task1_gate_detection/lib/python3.10/site-packages/task1_gate_detection-0.0.0-py3.10.egg-info' (and everything under it)
[7.143s] Copying ../../build/task1_gate_detection/task1_gate_detection.egg-info to /home/orangepi/AUV_ROS2/install/task1_gate_detection/lib/python3.10/site-packages/task1_gate_detection-0.0.0-py3.10.egg-info
[7.144s] running install_scripts
[7.186s] Installing identify_image script to /home/orangepi/AUV_ROS2/install/task1_gate_detection/lib/task1_gate_detection
[7.186s] writing list of installed files to '/home/orangepi/AUV_ROS2/build/task1_gate_detection/install.log'
[7.291s] Invoked command in '/home/orangepi/AUV_ROS2/src/task1_gate_detection' returned '0': PYTHONPATH=/home/orangepi/AUV_ROS2/build/task1_gate_detection/prefix_override:/home/orangepi/AUV_ROS2/install/task1_gate_detection/lib/python3.10/site-packages:${PYTHONPATH} /usr/bin/python3 setup.py egg_info --egg-base ../../build/task1_gate_detection build --build-base /home/orangepi/AUV_ROS2/build/task1_gate_detection/build install --record /home/orangepi/AUV_ROS2/build/task1_gate_detection/install.log --single-version-externally-managed
