[4.220s] Invoking command in '/home/orangepi/AUV_ROS2/src/buoyancy_node': PYTHONPATH=/home/orangepi/AUV_ROS2/build/buoyancy_node/prefix_override:/home/orangepi/AUV_ROS2/install/buoyancy_node/lib/python3.10/site-packages:${PYTHONPATH} /usr/bin/python3 setup.py egg_info --egg-base ../../build/buoyancy_node build --build-base /home/orangepi/AUV_ROS2/build/buoyancy_node/build install --record /home/orangepi/AUV_ROS2/build/buoyancy_node/install.log --single-version-externally-managed
[4.729s] running egg_info
[4.739s] writing ../../build/buoyancy_node/buoyancy_node.egg-info/PKG-INFO
[4.740s] writing dependency_links to ../../build/buoyancy_node/buoyancy_node.egg-info/dependency_links.txt
[4.741s] writing entry points to ../../build/buoyancy_node/buoyancy_node.egg-info/entry_points.txt
[4.741s] writing requirements to ../../build/buoyancy_node/buoyancy_node.egg-info/requires.txt
[4.742s] writing top-level names to ../../build/buoyancy_node/buoyancy_node.egg-info/top_level.txt
[4.752s] reading manifest file '../../build/buoyancy_node/buoyancy_node.egg-info/SOURCES.txt'
[4.755s] writing manifest file '../../build/buoyancy_node/buoyancy_node.egg-info/SOURCES.txt'
[4.756s] running build
[4.757s] running build_py
[4.760s] copying buoyancy_node/buoyancy_node.py -> /home/orangepi/AUV_ROS2/build/buoyancy_node/build/lib/buoyancy_node
[4.761s] running install
[4.761s] /usr/lib/python3/dist-packages/setuptools/command/install.py:34: SetuptoolsDeprecationWarning: setup.py install is deprecated. Use build and pip and other standards-based tools.
[4.762s]   warnings.warn(
[4.765s] running install_lib
[4.766s] copying /home/orangepi/AUV_ROS2/build/buoyancy_node/build/lib/buoyancy_node/buoyancy_node.py -> /home/orangepi/AUV_ROS2/install/buoyancy_node/lib/python3.10/site-packages/buoyancy_node
[4.766s] byte-compiling /home/orangepi/AUV_ROS2/install/buoyancy_node/lib/python3.10/site-packages/buoyancy_node/buoyancy_node.py to buoyancy_node.cpython-310.pyc
[4.767s] running install_data
[4.768s] running install_egg_info
[4.769s] removing '/home/orangepi/AUV_ROS2/install/buoyancy_node/lib/python3.10/site-packages/buoyancy_node-0.0.0-py3.10.egg-info' (and everything under it)
[4.770s] Copying ../../build/buoyancy_node/buoyancy_node.egg-info to /home/orangepi/AUV_ROS2/install/buoyancy_node/lib/python3.10/site-packages/buoyancy_node-0.0.0-py3.10.egg-info
[4.771s] running install_scripts
[4.789s] Installing buoyancy_node script to /home/orangepi/AUV_ROS2/install/buoyancy_node/lib/buoyancy_node
[4.789s] writing list of installed files to '/home/orangepi/AUV_ROS2/build/buoyancy_node/install.log'
[5.003s] Invoked command in '/home/orangepi/AUV_ROS2/src/buoyancy_node' returned '0': PYTHONPATH=/home/orangepi/AUV_ROS2/build/buoyancy_node/prefix_override:/home/orangepi/AUV_ROS2/install/buoyancy_node/lib/python3.10/site-packages:${PYTHONPATH} /usr/bin/python3 setup.py egg_info --egg-base ../../build/buoyancy_node build --build-base /home/orangepi/AUV_ROS2/build/buoyancy_node/build install --record /home/orangepi/AUV_ROS2/build/buoyancy_node/install.log --single-version-externally-managed
