[4.360s] Invoking command in '/home/orangepi/AUV_ROS2/src/start_auv': PYTHONPATH=/home/orangepi/AUV_ROS2/build/start_auv/prefix_override:/home/orangepi/AUV_ROS2/install/start_auv/lib/python3.10/site-packages:${PYTHONPATH} /usr/bin/python3 setup.py egg_info --egg-base ../../build/start_auv build --build-base /home/orangepi/AUV_ROS2/build/start_auv/build install --record /home/orangepi/AUV_ROS2/build/start_auv/install.log --single-version-externally-managed
[4.730s] running egg_info
[4.731s] writing ../../build/start_auv/start_auv.egg-info/PKG-INFO
[4.733s] writing dependency_links to ../../build/start_auv/start_auv.egg-info/dependency_links.txt
[4.734s] writing entry points to ../../build/start_auv/start_auv.egg-info/entry_points.txt
[4.735s] writing requirements to ../../build/start_auv/start_auv.egg-info/requires.txt
[4.735s] writing top-level names to ../../build/start_auv/start_auv.egg-info/top_level.txt
[4.736s] reading manifest file '../../build/start_auv/start_auv.egg-info/SOURCES.txt'
[4.736s] writing manifest file '../../build/start_auv/start_auv.egg-info/SOURCES.txt'
[4.736s] running build
[4.737s] running build_py
[4.737s] /usr/lib/python3/dist-packages/setuptools/command/install.py:34: SetuptoolsDeprecationWarning: setup.py install is deprecated. Use build and pip and other standards-based tools.
[4.738s]   warnings.warn(
[4.738s] running install
[4.739s] running install_lib
[4.740s] running install_data
[4.741s] copying launch/auv.launch.py -> /home/orangepi/AUV_ROS2/install/start_auv/share/start_auv/launch
[4.743s] running install_egg_info
[4.744s] removing '/home/orangepi/AUV_ROS2/install/start_auv/lib/python3.10/site-packages/start_auv-0.0.0-py3.10.egg-info' (and everything under it)
[4.745s] Copying ../../build/start_auv/start_auv.egg-info to /home/orangepi/AUV_ROS2/install/start_auv/lib/python3.10/site-packages/start_auv-0.0.0-py3.10.egg-info
[4.746s] running install_scripts
[4.776s] writing list of installed files to '/home/orangepi/AUV_ROS2/build/start_auv/install.log'
[5.116s] Invoked command in '/home/orangepi/AUV_ROS2/src/start_auv' returned '0': PYTHONPATH=/home/orangepi/AUV_ROS2/build/start_auv/prefix_override:/home/orangepi/AUV_ROS2/install/start_auv/lib/python3.10/site-packages:${PYTHONPATH} /usr/bin/python3 setup.py egg_info --egg-base ../../build/start_auv build --build-base /home/orangepi/AUV_ROS2/build/start_auv/build install --record /home/orangepi/AUV_ROS2/build/start_auv/install.log --single-version-externally-managed
