[5.801s] Invoking command in '/home/orangepi/AUV_ROS2/src/start_auv': PYTHONPATH=/home/orangepi/AUV_ROS2/build/start_auv/prefix_override:/home/orangepi/AUV_ROS2/install/start_auv/lib/python3.10/site-packages:${PYTHONPATH} /usr/bin/python3 -W ignore:setup.py install is deprecated setup.py egg_info --egg-base ../../build/start_auv build --build-base /home/orangepi/AUV_ROS2/build/start_auv/build install --record /home/orangepi/AUV_ROS2/build/start_auv/install.log --single-version-externally-managed install_data
[6.339s] running egg_info
[6.342s] writing ../../build/start_auv/start_auv.egg-info/PKG-INFO
[6.343s] writing dependency_links to ../../build/start_auv/start_auv.egg-info/dependency_links.txt
[6.344s] writing entry points to ../../build/start_auv/start_auv.egg-info/entry_points.txt
[6.345s] writing requirements to ../../build/start_auv/start_auv.egg-info/requires.txt
[6.346s] writing top-level names to ../../build/start_auv/start_auv.egg-info/top_level.txt
[6.347s] reading manifest file '../../build/start_auv/start_auv.egg-info/SOURCES.txt'
[6.348s] writing manifest file '../../build/start_auv/start_auv.egg-info/SOURCES.txt'
[6.349s] running build
[6.352s] running build_py
[6.352s] running install
[6.352s] running install_lib
[6.352s] running install_data
[6.353s] running install_egg_info
[6.353s] removing '/home/orangepi/AUV_ROS2/install/start_auv/lib/python3.10/site-packages/start_auv-0.0.0-py3.10.egg-info' (and everything under it)
[6.353s] Copying ../../build/start_auv/start_auv.egg-info to /home/orangepi/AUV_ROS2/install/start_auv/lib/python3.10/site-packages/start_auv-0.0.0-py3.10.egg-info
[6.353s] running install_scripts
[6.353s] writing list of installed files to '/home/orangepi/AUV_ROS2/build/start_auv/install.log'
[6.418s] Invoked command in '/home/orangepi/AUV_ROS2/src/start_auv' returned '0': PYTHONPATH=/home/orangepi/AUV_ROS2/build/start_auv/prefix_override:/home/orangepi/AUV_ROS2/install/start_auv/lib/python3.10/site-packages:${PYTHONPATH} /usr/bin/python3 -W ignore:setup.py install is deprecated setup.py egg_info --egg-base ../../build/start_auv build --build-base /home/orangepi/AUV_ROS2/build/start_auv/build install --record /home/orangepi/AUV_ROS2/build/start_auv/install.log --single-version-externally-managed install_data
