[4.228s] Invoking command in '/home/orangepi/AUV_ROS2/src/remote_node': PYTHONPATH=/home/orangepi/AUV_ROS2/build/remote_node/prefix_override:/home/orangepi/AUV_ROS2/install/remote_node/lib/python3.10/site-packages:${PYTHONPATH} /usr/bin/python3 -W ignore:setup.py install is deprecated setup.py egg_info --egg-base ../../build/remote_node build --build-base /home/orangepi/AUV_ROS2/build/remote_node/build install --record /home/orangepi/AUV_ROS2/build/remote_node/install.log --single-version-externally-managed install_data
[4.673s] running egg_info
[4.674s] writing ../../build/remote_node/remote_node.egg-info/PKG-INFO
[4.675s] writing dependency_links to ../../build/remote_node/remote_node.egg-info/dependency_links.txt
[4.676s] writing entry points to ../../build/remote_node/remote_node.egg-info/entry_points.txt
[4.677s] writing requirements to ../../build/remote_node/remote_node.egg-info/requires.txt
[4.677s] writing top-level names to ../../build/remote_node/remote_node.egg-info/top_level.txt
[4.680s] reading manifest file '../../build/remote_node/remote_node.egg-info/SOURCES.txt'
[4.681s] writing manifest file '../../build/remote_node/remote_node.egg-info/SOURCES.txt'
[4.682s] running build
[4.683s] running build_py
[4.683s] running install
[4.684s] running install_lib
[4.685s] running install_data
[4.686s] running install_egg_info
[4.699s] removing '/home/orangepi/AUV_ROS2/install/remote_node/lib/python3.10/site-packages/remote_node-0.0.0-py3.10.egg-info' (and everything under it)
[4.700s] Copying ../../build/remote_node/remote_node.egg-info to /home/orangepi/AUV_ROS2/install/remote_node/lib/python3.10/site-packages/remote_node-0.0.0-py3.10.egg-info
[4.701s] running install_scripts
[4.740s] writing list of installed files to '/home/orangepi/AUV_ROS2/build/remote_node/install.log'
[5.597s] Invoked command in '/home/orangepi/AUV_ROS2/src/remote_node' returned '0': PYTHONPATH=/home/orangepi/AUV_ROS2/build/remote_node/prefix_override:/home/orangepi/AUV_ROS2/install/remote_node/lib/python3.10/site-packages:${PYTHONPATH} /usr/bin/python3 -W ignore:setup.py install is deprecated setup.py egg_info --egg-base ../../build/remote_node build --build-base /home/orangepi/AUV_ROS2/build/remote_node/build install --record /home/orangepi/AUV_ROS2/build/remote_node/install.log --single-version-externally-managed install_data
