[6.788s] Invoking command in '/home/orangepi/AUV_ROS2/src/start_auv': PYTHONPATH=/home/orangepi/AUV_ROS2/build/start_auv/prefix_override:/home/orangepi/AUV_ROS2/install/start_auv/lib/python3.10/site-packages:${PYTHONPATH} /usr/bin/python3 setup.py egg_info --egg-base ../../build/start_auv build --build-base /home/orangepi/AUV_ROS2/build/start_auv/build install --record /home/orangepi/AUV_ROS2/build/start_auv/install.log --single-version-externally-managed
[7.678s] running egg_info
[7.679s] writing ../../build/start_auv/start_auv.egg-info/PKG-INFO
[7.679s] writing dependency_links to ../../build/start_auv/start_auv.egg-info/dependency_links.txt
[7.679s] writing entry points to ../../build/start_auv/start_auv.egg-info/entry_points.txt
[7.679s] writing requirements to ../../build/start_auv/start_auv.egg-info/requires.txt
[7.679s] writing top-level names to ../../build/start_auv/start_auv.egg-info/top_level.txt
[7.679s] reading manifest file '../../build/start_auv/start_auv.egg-info/SOURCES.txt'
[7.679s] writing manifest file '../../build/start_auv/start_auv.egg-info/SOURCES.txt'
[7.679s] running build
[7.679s] running build_py
[7.679s] running install
[7.680s] running install_lib
[7.680s] running install_data
[7.680s] running install_egg_info
[7.680s] removing '/home/orangepi/AUV_ROS2/install/start_auv/lib/python3.10/site-packages/start_auv-0.0.0-py3.10.egg-info' (and everything under it)
[7.680s] Copying ../../build/start_auv/start_auv.egg-info to /home/orangepi/AUV_ROS2/install/start_auv/lib/python3.10/site-packages/start_auv-0.0.0-py3.10.egg-info
[7.680s] running install_scripts
[7.680s] writing list of installed files to '/home/orangepi/AUV_ROS2/build/start_auv/install.log'
[7.680s] /usr/lib/python3/dist-packages/setuptools/command/install.py:34: SetuptoolsDeprecationWarning: setup.py install is deprecated. Use build and pip and other standards-based tools.
[7.680s]   warnings.warn(
[10.113s] Invoked command in '/home/orangepi/AUV_ROS2/src/start_auv' returned '0': PYTHONPATH=/home/orangepi/AUV_ROS2/build/start_auv/prefix_override:/home/orangepi/AUV_ROS2/install/start_auv/lib/python3.10/site-packages:${PYTHONPATH} /usr/bin/python3 setup.py egg_info --egg-base ../../build/start_auv build --build-base /home/orangepi/AUV_ROS2/build/start_auv/build install --record /home/orangepi/AUV_ROS2/build/start_auv/install.log --single-version-externally-managed
