[5.224s] Invoking command in '/home/orangepi/AUV_ROS2/src/task2_node': PYTHONPATH=/home/orangepi/AUV_ROS2/build/task2_node/prefix_override:/home/orangepi/AUV_ROS2/install/task2_node/lib/python3.10/site-packages:${PYTHONPATH} /usr/bin/python3 setup.py egg_info --egg-base ../../build/task2_node build --build-base /home/orangepi/AUV_ROS2/build/task2_node/build install --record /home/orangepi/AUV_ROS2/build/task2_node/install.log --single-version-externally-managed
[5.747s] running egg_info
[5.747s] writing ../../build/task2_node/task2_node.egg-info/PKG-INFO
[5.748s] writing dependency_links to ../../build/task2_node/task2_node.egg-info/dependency_links.txt
[5.750s] writing entry points to ../../build/task2_node/task2_node.egg-info/entry_points.txt
[5.750s] writing requirements to ../../build/task2_node/task2_node.egg-info/requires.txt
[5.750s] writing top-level names to ../../build/task2_node/task2_node.egg-info/top_level.txt
[5.751s] reading manifest file '../../build/task2_node/task2_node.egg-info/SOURCES.txt'
[5.751s] adding license file 'LICENSE'
[5.751s] writing manifest file '../../build/task2_node/task2_node.egg-info/SOURCES.txt'
[5.752s] running build
[5.753s] running build_py
[5.755s] running install
[5.756s] running install_lib
[5.756s] running install_data
[5.756s] running install_egg_info
[5.757s] removing '/home/orangepi/AUV_ROS2/install/task2_node/lib/python3.10/site-packages/task2_node-0.0.0-py3.10.egg-info' (and everything under it)
[5.758s] Copying ../../build/task2_node/task2_node.egg-info to /home/orangepi/AUV_ROS2/install/task2_node/lib/python3.10/site-packages/task2_node-0.0.0-py3.10.egg-info
[5.760s] running install_scripts
[5.761s] Installing task2_node script to /home/orangepi/AUV_ROS2/install/task2_node/lib/task2_node
[5.762s] writing list of installed files to '/home/orangepi/AUV_ROS2/build/task2_node/install.log'
[5.763s] /usr/lib/python3/dist-packages/setuptools/command/install.py:34: SetuptoolsDeprecationWarning: setup.py install is deprecated. Use build and pip and other standards-based tools.
[5.764s]   warnings.warn(
[5.765s] Invoked command in '/home/orangepi/AUV_ROS2/src/task2_node' returned '0': PYTHONPATH=/home/orangepi/AUV_ROS2/build/task2_node/prefix_override:/home/orangepi/AUV_ROS2/install/task2_node/lib/python3.10/site-packages:${PYTHONPATH} /usr/bin/python3 setup.py egg_info --egg-base ../../build/task2_node build --build-base /home/orangepi/AUV_ROS2/build/task2_node/build install --record /home/orangepi/AUV_ROS2/build/task2_node/install.log --single-version-externally-managed
