[4.803s] Invoking command in '/home/orangepi/AUV_ROS2/src/start_auv': PYTHONPATH=/home/orangepi/AUV_ROS2/build/start_auv/prefix_override:/home/orangepi/AUV_ROS2/install/start_auv/lib/python3.10/site-packages:${PYTHONPATH} /usr/bin/python3 setup.py egg_info --egg-base ../../build/start_auv build --build-base /home/orangepi/AUV_ROS2/build/start_auv/build install --record /home/orangepi/AUV_ROS2/build/start_auv/install.log --single-version-externally-managed
[5.482s] running egg_info
[5.484s] writing ../../build/start_auv/start_auv.egg-info/PKG-INFO
[5.485s] writing dependency_links to ../../build/start_auv/start_auv.egg-info/dependency_links.txt
[5.485s] writing entry points to ../../build/start_auv/start_auv.egg-info/entry_points.txt
[5.487s] writing requirements to ../../build/start_auv/start_auv.egg-info/requires.txt
[5.488s] writing top-level names to ../../build/start_auv/start_auv.egg-info/top_level.txt
[5.489s] reading manifest file '../../build/start_auv/start_auv.egg-info/SOURCES.txt'
[5.491s] writing manifest file '../../build/start_auv/start_auv.egg-info/SOURCES.txt'
[5.493s] running build
[5.495s] running build_py
[5.496s] running install
[5.497s] /usr/lib/python3/dist-packages/setuptools/command/install.py:34: SetuptoolsDeprecationWarning: setup.py install is deprecated. Use build and pip and other standards-based tools.
[5.498s]   warnings.warn(
[5.499s] running install_lib
[5.503s] running install_data
[5.504s] running install_egg_info
[5.505s] removing '/home/orangepi/AUV_ROS2/install/start_auv/lib/python3.10/site-packages/start_auv-0.0.0-py3.10.egg-info' (and everything under it)
[5.506s] Copying ../../build/start_auv/start_auv.egg-info to /home/orangepi/AUV_ROS2/install/start_auv/lib/python3.10/site-packages/start_auv-0.0.0-py3.10.egg-info
[5.506s] running install_scripts
[5.533s] writing list of installed files to '/home/orangepi/AUV_ROS2/build/start_auv/install.log'
[5.897s] Invoked command in '/home/orangepi/AUV_ROS2/src/start_auv' returned '0': PYTHONPATH=/home/orangepi/AUV_ROS2/build/start_auv/prefix_override:/home/orangepi/AUV_ROS2/install/start_auv/lib/python3.10/site-packages:${PYTHONPATH} /usr/bin/python3 setup.py egg_info --egg-base ../../build/start_auv build --build-base /home/orangepi/AUV_ROS2/build/start_auv/build install --record /home/orangepi/AUV_ROS2/build/start_auv/install.log --single-version-externally-managed
