[3.473s] Invoking command in '/home/orangepi/AUV_ROS2/src/remote_node': PYTHONPATH=/home/orangepi/AUV_ROS2/build/remote_node/prefix_override:/home/orangepi/AUV_ROS2/install/remote_node/lib/python3.10/site-packages:${PYTHONPATH} /usr/bin/python3 -W ignore:setup.py install is deprecated setup.py egg_info --egg-base ../../build/remote_node build --build-base /home/orangepi/AUV_ROS2/build/remote_node/build install --record /home/orangepi/AUV_ROS2/build/remote_node/install.log --single-version-externally-managed install_data
[3.925s] running egg_info
[3.926s] writing ../../build/remote_node/remote_node.egg-info/PKG-INFO
[3.927s] writing dependency_links to ../../build/remote_node/remote_node.egg-info/dependency_links.txt
[3.927s] writing entry points to ../../build/remote_node/remote_node.egg-info/entry_points.txt
[3.928s] writing requirements to ../../build/remote_node/remote_node.egg-info/requires.txt
[3.928s] writing top-level names to ../../build/remote_node/remote_node.egg-info/top_level.txt
[3.932s] reading manifest file '../../build/remote_node/remote_node.egg-info/SOURCES.txt'
[3.933s] writing manifest file '../../build/remote_node/remote_node.egg-info/SOURCES.txt'
[3.934s] running build
[3.934s] running build_py
[3.934s] running install
[3.936s] running install_lib
[3.937s] running install_data
[3.937s] running install_egg_info
[3.940s] removing '/home/orangepi/AUV_ROS2/install/remote_node/lib/python3.10/site-packages/remote_node-0.0.0-py3.10.egg-info' (and everything under it)
[3.948s] Copying ../../build/remote_node/remote_node.egg-info to /home/orangepi/AUV_ROS2/install/remote_node/lib/python3.10/site-packages/remote_node-0.0.0-py3.10.egg-info
[3.952s] running install_scripts
[3.989s] writing list of installed files to '/home/orangepi/AUV_ROS2/build/remote_node/install.log'
[4.427s] Invoked command in '/home/orangepi/AUV_ROS2/src/remote_node' returned '0': PYTHONPATH=/home/orangepi/AUV_ROS2/build/remote_node/prefix_override:/home/orangepi/AUV_ROS2/install/remote_node/lib/python3.10/site-packages:${PYTHONPATH} /usr/bin/python3 -W ignore:setup.py install is deprecated setup.py egg_info --egg-base ../../build/remote_node build --build-base /home/orangepi/AUV_ROS2/build/remote_node/build install --record /home/orangepi/AUV_ROS2/build/remote_node/install.log --single-version-externally-managed install_data
