[2.317s] Invoking command in '/home/orangepi/AUV_ROS2/src/task2_drum_detection': PYTHONPATH=/home/orangepi/AUV_ROS2/build/task2_drum_detection/prefix_override:/home/orangepi/AUV_ROS2/install/task2_drum_detection/lib/python3.10/site-packages:${PYTHONPATH} /usr/bin/python3 -W ignore:setup.py install is deprecated setup.py egg_info --egg-base ../../build/task2_drum_detection build --build-base /home/orangepi/AUV_ROS2/build/task2_drum_detection/build install --record /home/orangepi/AUV_ROS2/build/task2_drum_detection/install.log --single-version-externally-managed install_data
[2.868s] running egg_info
[2.869s] writing ../../build/task2_drum_detection/task2_drum_detection.egg-info/PKG-INFO
[2.870s] writing dependency_links to ../../build/task2_drum_detection/task2_drum_detection.egg-info/dependency_links.txt
[2.870s] writing entry points to ../../build/task2_drum_detection/task2_drum_detection.egg-info/entry_points.txt
[2.871s] writing requirements to ../../build/task2_drum_detection/task2_drum_detection.egg-info/requires.txt
[2.871s] writing top-level names to ../../build/task2_drum_detection/task2_drum_detection.egg-info/top_level.txt
[2.873s] reading manifest file '../../build/task2_drum_detection/task2_drum_detection.egg-info/SOURCES.txt'
[2.874s] writing manifest file '../../build/task2_drum_detection/task2_drum_detection.egg-info/SOURCES.txt'
[2.874s] running build
[2.874s] running build_py
[2.875s] running install
[2.875s] running install_lib
[2.878s] running install_data
[2.878s] running install_egg_info
[2.881s] removing '/home/orangepi/AUV_ROS2/install/task2_drum_detection/lib/python3.10/site-packages/task2_drum_detection-0.0.0-py3.10.egg-info' (and everything under it)
[2.881s] Copying ../../build/task2_drum_detection/task2_drum_detection.egg-info to /home/orangepi/AUV_ROS2/install/task2_drum_detection/lib/python3.10/site-packages/task2_drum_detection-0.0.0-py3.10.egg-info
[2.882s] running install_scripts
[2.917s] Installing drum_detection script to /home/orangepi/AUV_ROS2/install/task2_drum_detection/lib/task2_drum_detection
[2.917s] writing list of installed files to '/home/orangepi/AUV_ROS2/build/task2_drum_detection/install.log'
[2.981s] Invoked command in '/home/orangepi/AUV_ROS2/src/task2_drum_detection' returned '0': PYTHONPATH=/home/orangepi/AUV_ROS2/build/task2_drum_detection/prefix_override:/home/orangepi/AUV_ROS2/install/task2_drum_detection/lib/python3.10/site-packages:${PYTHONPATH} /usr/bin/python3 -W ignore:setup.py install is deprecated setup.py egg_info --egg-base ../../build/task2_drum_detection build --build-base /home/orangepi/AUV_ROS2/build/task2_drum_detection/build install --record /home/orangepi/AUV_ROS2/build/task2_drum_detection/install.log --single-version-externally-managed install_data
