[2.695s] Invoking command in '/home/orangepi/AUV_ROS2/src/task1_node': PYTHONPATH=/home/orangepi/AUV_ROS2/build/task1_node/prefix_override:/home/orangepi/AUV_ROS2/install/task1_node/lib/python3.10/site-packages:${PYTHONPATH} /usr/bin/python3 -W ignore:setup.py install is deprecated setup.py egg_info --egg-base ../../build/task1_node build --build-base /home/orangepi/AUV_ROS2/build/task1_node/build install --record /home/orangepi/AUV_ROS2/build/task1_node/install.log --single-version-externally-managed install_data
[3.123s] running egg_info
[3.127s] writing ../../build/task1_node/task1_node.egg-info/PKG-INFO
[3.128s] writing dependency_links to ../../build/task1_node/task1_node.egg-info/dependency_links.txt
[3.128s] writing entry points to ../../build/task1_node/task1_node.egg-info/entry_points.txt
[3.128s] writing requirements to ../../build/task1_node/task1_node.egg-info/requires.txt
[3.129s] writing top-level names to ../../build/task1_node/task1_node.egg-info/top_level.txt
[3.136s] reading manifest file '../../build/task1_node/task1_node.egg-info/SOURCES.txt'
[3.137s] adding license file 'LICENSE'
[3.137s] writing manifest file '../../build/task1_node/task1_node.egg-info/SOURCES.txt'
[3.138s] running build
[3.138s] running build_py
[3.138s] running install
[3.140s] running install_lib
[3.141s] running install_data
[3.142s] running install_egg_info
[3.143s] removing '/home/orangepi/AUV_ROS2/install/task1_node/lib/python3.10/site-packages/task1_node-0.0.0-py3.10.egg-info' (and everything under it)
[3.143s] Copying ../../build/task1_node/task1_node.egg-info to /home/orangepi/AUV_ROS2/install/task1_node/lib/python3.10/site-packages/task1_node-0.0.0-py3.10.egg-info
[3.144s] running install_scripts
[3.180s] Installing task1_node script to /home/orangepi/AUV_ROS2/install/task1_node/lib/task1_node
[3.183s] writing list of installed files to '/home/orangepi/AUV_ROS2/build/task1_node/install.log'
[4.105s] Invoked command in '/home/orangepi/AUV_ROS2/src/task1_node' returned '0': PYTHONPATH=/home/orangepi/AUV_ROS2/build/task1_node/prefix_override:/home/orangepi/AUV_ROS2/install/task1_node/lib/python3.10/site-packages:${PYTHONPATH} /usr/bin/python3 -W ignore:setup.py install is deprecated setup.py egg_info --egg-base ../../build/task1_node build --build-base /home/orangepi/AUV_ROS2/build/task1_node/build install --record /home/orangepi/AUV_ROS2/build/task1_node/install.log --single-version-externally-managed install_data
