[3.943s] Invoking command in '/home/orangepi/AUV_ROS2/src/remote_node': PYTHONPATH=/home/orangepi/AUV_ROS2/build/remote_node/prefix_override:/home/orangepi/AUV_ROS2/install/remote_node/lib/python3.10/site-packages:${PYTHONPATH} /usr/bin/python3 -W ignore:setup.py install is deprecated setup.py egg_info --egg-base ../../build/remote_node build --build-base /home/orangepi/AUV_ROS2/build/remote_node/build install --record /home/orangepi/AUV_ROS2/build/remote_node/install.log --single-version-externally-managed install_data
[4.354s] running egg_info
[4.357s] writing ../../build/remote_node/remote_node.egg-info/PKG-INFO
[4.357s] writing dependency_links to ../../build/remote_node/remote_node.egg-info/dependency_links.txt
[4.358s] writing entry points to ../../build/remote_node/remote_node.egg-info/entry_points.txt
[4.359s] writing requirements to ../../build/remote_node/remote_node.egg-info/requires.txt
[4.359s] writing top-level names to ../../build/remote_node/remote_node.egg-info/top_level.txt
[4.361s] reading manifest file '../../build/remote_node/remote_node.egg-info/SOURCES.txt'
[4.365s] writing manifest file '../../build/remote_node/remote_node.egg-info/SOURCES.txt'
[4.366s] running build
[4.367s] running build_py
[4.368s] running install
[4.368s] running install_lib
[4.374s] running install_data
[4.375s] running install_egg_info
[4.378s] removing '/home/orangepi/AUV_ROS2/install/remote_node/lib/python3.10/site-packages/remote_node-0.0.0-py3.10.egg-info' (and everything under it)
[4.387s] Copying ../../build/remote_node/remote_node.egg-info to /home/orangepi/AUV_ROS2/install/remote_node/lib/python3.10/site-packages/remote_node-0.0.0-py3.10.egg-info
[4.389s] running install_scripts
[4.445s] writing list of installed files to '/home/orangepi/AUV_ROS2/build/remote_node/install.log'
[4.939s] Invoked command in '/home/orangepi/AUV_ROS2/src/remote_node' returned '0': PYTHONPATH=/home/orangepi/AUV_ROS2/build/remote_node/prefix_override:/home/orangepi/AUV_ROS2/install/remote_node/lib/python3.10/site-packages:${PYTHONPATH} /usr/bin/python3 -W ignore:setup.py install is deprecated setup.py egg_info --egg-base ../../build/remote_node build --build-base /home/orangepi/AUV_ROS2/build/remote_node/build install --record /home/orangepi/AUV_ROS2/build/remote_node/install.log --single-version-externally-managed install_data
