[5.136s] Invoking command in '/home/orangepi/AUV_ROS2/src/task1_node': PYTHONPATH=/home/orangepi/AUV_ROS2/build/task1_node/prefix_override:/home/orangepi/AUV_ROS2/install/task1_node/lib/python3.10/site-packages:${PYTHONPATH} /usr/bin/python3 setup.py egg_info --egg-base ../../build/task1_node build --build-base /home/orangepi/AUV_ROS2/build/task1_node/build install --record /home/orangepi/AUV_ROS2/build/task1_node/install.log --single-version-externally-managed
[5.522s] running egg_info
[5.524s] writing ../../build/task1_node/task1_node.egg-info/PKG-INFO
[5.525s] writing dependency_links to ../../build/task1_node/task1_node.egg-info/dependency_links.txt
[5.525s] writing entry points to ../../build/task1_node/task1_node.egg-info/entry_points.txt
[5.528s] writing requirements to ../../build/task1_node/task1_node.egg-info/requires.txt
[5.530s] writing top-level names to ../../build/task1_node/task1_node.egg-info/top_level.txt
[5.534s] reading manifest file '../../build/task1_node/task1_node.egg-info/SOURCES.txt'
[5.535s] adding license file 'LICENSE'
[5.536s] writing manifest file '../../build/task1_node/task1_node.egg-info/SOURCES.txt'
[5.536s] running build
[5.537s] running build_py
[5.537s] /usr/lib/python3/dist-packages/setuptools/command/install.py:34: SetuptoolsDeprecationWarning: setup.py install is deprecated. Use build and pip and other standards-based tools.
[5.538s]   warnings.warn(
[5.542s] running install
[5.547s] running install_lib
[5.548s] running install_data
[5.552s] running install_egg_info
[5.552s] removing '/home/orangepi/AUV_ROS2/install/task1_node/lib/python3.10/site-packages/task1_node-0.0.0-py3.10.egg-info' (and everything under it)
[5.552s] Copying ../../build/task1_node/task1_node.egg-info to /home/orangepi/AUV_ROS2/install/task1_node/lib/python3.10/site-packages/task1_node-0.0.0-py3.10.egg-info
[5.552s] running install_scripts
[5.575s] Installing task1_node script to /home/orangepi/AUV_ROS2/install/task1_node/lib/task1_node
[5.575s] writing list of installed files to '/home/orangepi/AUV_ROS2/build/task1_node/install.log'
[5.760s] Invoked command in '/home/orangepi/AUV_ROS2/src/task1_node' returned '0': PYTHONPATH=/home/orangepi/AUV_ROS2/build/task1_node/prefix_override:/home/orangepi/AUV_ROS2/install/task1_node/lib/python3.10/site-packages:${PYTHONPATH} /usr/bin/python3 setup.py egg_info --egg-base ../../build/task1_node build --build-base /home/orangepi/AUV_ROS2/build/task1_node/build install --record /home/orangepi/AUV_ROS2/build/task1_node/install.log --single-version-externally-managed
