[4.690s] Invoking command in '/home/orangepi/AUV_ROS2/src/facer_input': PYTHONPATH=/home/orangepi/AUV_ROS2/build/facer_input/prefix_override:/home/orangepi/AUV_ROS2/install/facer_input/lib/python3.10/site-packages:${PYTHONPATH} /usr/bin/python3 -W ignore:setup.py install is deprecated setup.py egg_info --egg-base ../../build/facer_input build --build-base /home/orangepi/AUV_ROS2/build/facer_input/build install --record /home/orangepi/AUV_ROS2/build/facer_input/install.log --single-version-externally-managed install_data
[5.129s] running egg_info
[5.130s] writing ../../build/facer_input/facer_input.egg-info/PKG-INFO
[5.130s] writing dependency_links to ../../build/facer_input/facer_input.egg-info/dependency_links.txt
[5.131s] writing entry points to ../../build/facer_input/facer_input.egg-info/entry_points.txt
[5.131s] writing requirements to ../../build/facer_input/facer_input.egg-info/requires.txt
[5.132s] writing top-level names to ../../build/facer_input/facer_input.egg-info/top_level.txt
[5.134s] reading manifest file '../../build/facer_input/facer_input.egg-info/SOURCES.txt'
[5.135s] writing manifest file '../../build/facer_input/facer_input.egg-info/SOURCES.txt'
[5.136s] running build
[5.136s] running build_py
[5.137s] running install
[5.137s] running install_lib
[5.139s] running install_data
[5.139s] running install_egg_info
[5.142s] removing '/home/orangepi/AUV_ROS2/install/facer_input/lib/python3.10/site-packages/facer_input-0.0.0-py3.10.egg-info' (and everything under it)
[5.142s] Copying ../../build/facer_input/facer_input.egg-info to /home/orangepi/AUV_ROS2/install/facer_input/lib/python3.10/site-packages/facer_input-0.0.0-py3.10.egg-info
[5.143s] running install_scripts
[5.178s] Installing capture_image script to /home/orangepi/AUV_ROS2/install/facer_input/lib/facer_input
[5.179s] writing list of installed files to '/home/orangepi/AUV_ROS2/build/facer_input/install.log'
[5.237s] Invoked command in '/home/orangepi/AUV_ROS2/src/facer_input' returned '0': PYTHONPATH=/home/orangepi/AUV_ROS2/build/facer_input/prefix_override:/home/orangepi/AUV_ROS2/install/facer_input/lib/python3.10/site-packages:${PYTHONPATH} /usr/bin/python3 -W ignore:setup.py install is deprecated setup.py egg_info --egg-base ../../build/facer_input build --build-base /home/orangepi/AUV_ROS2/build/facer_input/build install --record /home/orangepi/AUV_ROS2/build/facer_input/install.log --single-version-externally-managed install_data
