[6.214s] Invoking command in '/home/orangepi/AUV_ROS2/src/task2_node': PYTHONPATH=/home/orangepi/AUV_ROS2/build/task2_node/prefix_override:/home/orangepi/AUV_ROS2/install/task2_node/lib/python3.10/site-packages:${PYTHONPATH} /usr/bin/python3 setup.py egg_info --egg-base ../../build/task2_node build --build-base /home/orangepi/AUV_ROS2/build/task2_node/build install --record /home/orangepi/AUV_ROS2/build/task2_node/install.log --single-version-externally-managed
[6.599s] running egg_info
[6.602s] writing ../../build/task2_node/task2_node.egg-info/PKG-INFO
[6.602s] writing dependency_links to ../../build/task2_node/task2_node.egg-info/dependency_links.txt
[6.603s] writing entry points to ../../build/task2_node/task2_node.egg-info/entry_points.txt
[6.603s] writing requirements to ../../build/task2_node/task2_node.egg-info/requires.txt
[6.603s] writing top-level names to ../../build/task2_node/task2_node.egg-info/top_level.txt
[6.606s] reading manifest file '../../build/task2_node/task2_node.egg-info/SOURCES.txt'
[6.608s] adding license file 'LICENSE'
[6.609s] writing manifest file '../../build/task2_node/task2_node.egg-info/SOURCES.txt'
[6.610s] running build
[6.610s] running build_py
[6.610s] running install
[6.611s] /usr/lib/python3/dist-packages/setuptools/command/install.py:34: SetuptoolsDeprecationWarning: setup.py install is deprecated. Use build and pip and other standards-based tools.
[6.611s]   warnings.warn(
[6.612s] running install_lib
[6.616s] running install_data
[6.617s] running install_egg_info
[6.621s] removing '/home/orangepi/AUV_ROS2/install/task2_node/lib/python3.10/site-packages/task2_node-0.0.0-py3.10.egg-info' (and everything under it)
[6.621s] Copying ../../build/task2_node/task2_node.egg-info to /home/orangepi/AUV_ROS2/install/task2_node/lib/python3.10/site-packages/task2_node-0.0.0-py3.10.egg-info
[6.622s] running install_scripts
[6.699s] Installing task2_node script to /home/orangepi/AUV_ROS2/install/task2_node/lib/task2_node
[6.700s] writing list of installed files to '/home/orangepi/AUV_ROS2/build/task2_node/install.log'
[7.270s] Invoked command in '/home/orangepi/AUV_ROS2/src/task2_node' returned '0': PYTHONPATH=/home/orangepi/AUV_ROS2/build/task2_node/prefix_override:/home/orangepi/AUV_ROS2/install/task2_node/lib/python3.10/site-packages:${PYTHONPATH} /usr/bin/python3 setup.py egg_info --egg-base ../../build/task2_node build --build-base /home/orangepi/AUV_ROS2/build/task2_node/build install --record /home/orangepi/AUV_ROS2/build/task2_node/install.log --single-version-externally-managed
