[4.413s] Invoking command in '/home/orangepi/AUV_ROS2/src/task2_node': PYTHONPATH=/home/orangepi/AUV_ROS2/build/task2_node/prefix_override:/home/orangepi/AUV_ROS2/install/task2_node/lib/python3.10/site-packages:${PYTHONPATH} /usr/bin/python3 setup.py egg_info --egg-base ../../build/task2_node build --build-base /home/orangepi/AUV_ROS2/build/task2_node/build install --record /home/orangepi/AUV_ROS2/build/task2_node/install.log --single-version-externally-managed
[5.050s] running egg_info
[5.051s] writing ../../build/task2_node/task2_node.egg-info/PKG-INFO
[5.052s] writing dependency_links to ../../build/task2_node/task2_node.egg-info/dependency_links.txt
[5.052s] writing entry points to ../../build/task2_node/task2_node.egg-info/entry_points.txt
[5.053s] writing requirements to ../../build/task2_node/task2_node.egg-info/requires.txt
[5.053s] writing top-level names to ../../build/task2_node/task2_node.egg-info/top_level.txt
[5.054s] reading manifest file '../../build/task2_node/task2_node.egg-info/SOURCES.txt'
[5.055s] adding license file 'LICENSE'
[5.056s] writing manifest file '../../build/task2_node/task2_node.egg-info/SOURCES.txt'
[5.057s] running build
[5.057s] running build_py
[5.058s] running install
[5.058s] /usr/lib/python3/dist-packages/setuptools/command/install.py:34: SetuptoolsDeprecationWarning: setup.py install is deprecated. Use build and pip and other standards-based tools.
[5.058s]   warnings.warn(
[5.059s] running install_lib
[5.060s] running install_data
[5.060s] running install_egg_info
[5.064s] removing '/home/orangepi/AUV_ROS2/install/task2_node/lib/python3.10/site-packages/task2_node-0.0.0-py3.10.egg-info' (and everything under it)
[5.066s] Copying ../../build/task2_node/task2_node.egg-info to /home/orangepi/AUV_ROS2/install/task2_node/lib/python3.10/site-packages/task2_node-0.0.0-py3.10.egg-info
[5.067s] running install_scripts
[5.100s] Installing task2_node script to /home/orangepi/AUV_ROS2/install/task2_node/lib/task2_node
[5.101s] writing list of installed files to '/home/orangepi/AUV_ROS2/build/task2_node/install.log'
[5.189s] Invoked command in '/home/orangepi/AUV_ROS2/src/task2_node' returned '0': PYTHONPATH=/home/orangepi/AUV_ROS2/build/task2_node/prefix_override:/home/orangepi/AUV_ROS2/install/task2_node/lib/python3.10/site-packages:${PYTHONPATH} /usr/bin/python3 setup.py egg_info --egg-base ../../build/task2_node build --build-base /home/orangepi/AUV_ROS2/build/task2_node/build install --record /home/orangepi/AUV_ROS2/build/task2_node/install.log --single-version-externally-managed
