[4.133s] Invoking command in '/home/orangepi/AUV_ROS2/src/remote_node': PYTHONPATH=/home/orangepi/AUV_ROS2/build/remote_node/prefix_override:/home/orangepi/AUV_ROS2/install/remote_node/lib/python3.10/site-packages:${PYTHONPATH} /usr/bin/python3 setup.py egg_info --egg-base ../../build/remote_node build --build-base /home/orangepi/AUV_ROS2/build/remote_node/build install --record /home/orangepi/AUV_ROS2/build/remote_node/install.log --single-version-externally-managed
[4.530s] running egg_info
[4.532s] writing ../../build/remote_node/remote_node.egg-info/PKG-INFO
[4.533s] writing dependency_links to ../../build/remote_node/remote_node.egg-info/dependency_links.txt
[4.533s] writing entry points to ../../build/remote_node/remote_node.egg-info/entry_points.txt
[4.534s] writing requirements to ../../build/remote_node/remote_node.egg-info/requires.txt
[4.534s] writing top-level names to ../../build/remote_node/remote_node.egg-info/top_level.txt
[4.535s] reading manifest file '../../build/remote_node/remote_node.egg-info/SOURCES.txt'
[4.537s] writing manifest file '../../build/remote_node/remote_node.egg-info/SOURCES.txt'
[4.538s] running build
[4.538s] running build_py
[4.540s] running install
[4.541s] /usr/lib/python3/dist-packages/setuptools/command/install.py:34: SetuptoolsDeprecationWarning: setup.py install is deprecated. Use build and pip and other standards-based tools.
[4.542s]   warnings.warn(
[4.543s] running install_lib
[4.548s] running install_data
[4.549s] running install_egg_info
[4.551s] removing '/home/orangepi/AUV_ROS2/install/remote_node/lib/python3.10/site-packages/remote_node-0.0.0-py3.10.egg-info' (and everything under it)
[4.565s] Copying ../../build/remote_node/remote_node.egg-info to /home/orangepi/AUV_ROS2/install/remote_node/lib/python3.10/site-packages/remote_node-0.0.0-py3.10.egg-info
[4.577s] running install_scripts
[4.684s] writing list of installed files to '/home/orangepi/AUV_ROS2/build/remote_node/install.log'
[5.326s] Invoked command in '/home/orangepi/AUV_ROS2/src/remote_node' returned '0': PYTHONPATH=/home/orangepi/AUV_ROS2/build/remote_node/prefix_override:/home/orangepi/AUV_ROS2/install/remote_node/lib/python3.10/site-packages:${PYTHONPATH} /usr/bin/python3 setup.py egg_info --egg-base ../../build/remote_node build --build-base /home/orangepi/AUV_ROS2/build/remote_node/build install --record /home/orangepi/AUV_ROS2/build/remote_node/install.log --single-version-externally-managed
