[1.904s] Invoking command in '/home/orangepi/AUV_ROS2/src/task1_node': PYTHONPATH=/home/orangepi/AUV_ROS2/build/task1_node/prefix_override:/home/orangepi/AUV_ROS2/install/task1_node/lib/python3.10/site-packages:${PYTHONPATH} /usr/bin/python3 -W ignore:setup.py install is deprecated setup.py egg_info --egg-base ../../build/task1_node build --build-base /home/orangepi/AUV_ROS2/build/task1_node/build install --record /home/orangepi/AUV_ROS2/build/task1_node/install.log --single-version-externally-managed install_data
[2.297s] running egg_info
[2.298s] writing ../../build/task1_node/task1_node.egg-info/PKG-INFO
[2.299s] writing dependency_links to ../../build/task1_node/task1_node.egg-info/dependency_links.txt
[2.300s] writing entry points to ../../build/task1_node/task1_node.egg-info/entry_points.txt
[2.300s] writing requirements to ../../build/task1_node/task1_node.egg-info/requires.txt
[2.300s] writing top-level names to ../../build/task1_node/task1_node.egg-info/top_level.txt
[2.303s] reading manifest file '../../build/task1_node/task1_node.egg-info/SOURCES.txt'
[2.303s] adding license file 'LICENSE'
[2.304s] writing manifest file '../../build/task1_node/task1_node.egg-info/SOURCES.txt'
[2.305s] running build
[2.305s] running build_py
[2.306s] running install
[2.306s] running install_lib
[2.307s] running install_data
[2.308s] running install_egg_info
[2.311s] removing '/home/orangepi/AUV_ROS2/install/task1_node/lib/python3.10/site-packages/task1_node-0.0.0-py3.10.egg-info' (and everything under it)
[2.311s] Copying ../../build/task1_node/task1_node.egg-info to /home/orangepi/AUV_ROS2/install/task1_node/lib/python3.10/site-packages/task1_node-0.0.0-py3.10.egg-info
[2.312s] running install_scripts
[2.347s] Installing task1_node script to /home/orangepi/AUV_ROS2/install/task1_node/lib/task1_node
[2.348s] writing list of installed files to '/home/orangepi/AUV_ROS2/build/task1_node/install.log'
[4.289s] Invoked command in '/home/orangepi/AUV_ROS2/src/task1_node' returned '0': PYTHONPATH=/home/orangepi/AUV_ROS2/build/task1_node/prefix_override:/home/orangepi/AUV_ROS2/install/task1_node/lib/python3.10/site-packages:${PYTHONPATH} /usr/bin/python3 -W ignore:setup.py install is deprecated setup.py egg_info --egg-base ../../build/task1_node build --build-base /home/orangepi/AUV_ROS2/build/task1_node/build install --record /home/orangepi/AUV_ROS2/build/task1_node/install.log --single-version-externally-managed install_data
