[12.546s] Invoking command in '/home/orangepi/AUV_ROS2/src/task2_node': PYTHONPATH=/home/orangepi/AUV_ROS2/build/task2_node/prefix_override:/home/orangepi/AUV_ROS2/install/task2_node/lib/python3.10/site-packages:${PYTHONPATH} /usr/bin/python3 setup.py egg_info --egg-base ../../build/task2_node build --build-base /home/orangepi/AUV_ROS2/build/task2_node/build install --record /home/orangepi/AUV_ROS2/build/task2_node/install.log --single-version-externally-managed
[14.431s] running egg_info
[14.434s] writing ../../build/task2_node/task2_node.egg-info/PKG-INFO
[14.435s] writing dependency_links to ../../build/task2_node/task2_node.egg-info/dependency_links.txt
[14.436s] writing entry points to ../../build/task2_node/task2_node.egg-info/entry_points.txt
[14.437s] writing requirements to ../../build/task2_node/task2_node.egg-info/requires.txt
[14.437s] writing top-level names to ../../build/task2_node/task2_node.egg-info/top_level.txt
[14.446s] reading manifest file '../../build/task2_node/task2_node.egg-info/SOURCES.txt'
[14.448s] adding license file 'LICENSE'
[14.452s] writing manifest file '../../build/task2_node/task2_node.egg-info/SOURCES.txt'
[14.452s] running build
[14.452s] running build_py
[14.455s] /usr/lib/python3/dist-packages/setuptools/command/install.py:34: SetuptoolsDeprecationWarning: setup.py install is deprecated. Use build and pip and other standards-based tools.
[14.455s]   warnings.warn(
[14.456s] running install
[14.457s] running install_lib
[14.471s] running install_data
[14.471s] running install_egg_info
[14.485s] removing '/home/orangepi/AUV_ROS2/install/task2_node/lib/python3.10/site-packages/task2_node-0.0.0-py3.10.egg-info' (and everything under it)
[14.487s] Copying ../../build/task2_node/task2_node.egg-info to /home/orangepi/AUV_ROS2/install/task2_node/lib/python3.10/site-packages/task2_node-0.0.0-py3.10.egg-info
[14.488s] running install_scripts
[14.610s] Installing task2_node script to /home/orangepi/AUV_ROS2/install/task2_node/lib/task2_node
[14.611s] writing list of installed files to '/home/orangepi/AUV_ROS2/build/task2_node/install.log'
[14.839s] Invoked command in '/home/orangepi/AUV_ROS2/src/task2_node' returned '0': PYTHONPATH=/home/orangepi/AUV_ROS2/build/task2_node/prefix_override:/home/orangepi/AUV_ROS2/install/task2_node/lib/python3.10/site-packages:${PYTHONPATH} /usr/bin/python3 setup.py egg_info --egg-base ../../build/task2_node build --build-base /home/orangepi/AUV_ROS2/build/task2_node/build install --record /home/orangepi/AUV_ROS2/build/task2_node/install.log --single-version-externally-managed
