[2.618s] Invoking command in '/home/orangepi/AUV_ROS2/src/facer_input': PYTHONPATH=/home/orangepi/AUV_ROS2/build/facer_input/prefix_override:/home/orangepi/AUV_ROS2/install/facer_input/lib/python3.10/site-packages:${PYTHONPATH} /usr/bin/python3 -W ignore:setup.py install is deprecated setup.py egg_info --egg-base ../../build/facer_input build --build-base /home/orangepi/AUV_ROS2/build/facer_input/build install --record /home/orangepi/AUV_ROS2/build/facer_input/install.log --single-version-externally-managed install_data
[3.487s] running egg_info
[3.489s] writing ../../build/facer_input/facer_input.egg-info/PKG-INFO
[3.489s] writing dependency_links to ../../build/facer_input/facer_input.egg-info/dependency_links.txt
[3.490s] writing entry points to ../../build/facer_input/facer_input.egg-info/entry_points.txt
[3.491s] writing requirements to ../../build/facer_input/facer_input.egg-info/requires.txt
[3.491s] writing top-level names to ../../build/facer_input/facer_input.egg-info/top_level.txt
[3.495s] reading manifest file '../../build/facer_input/facer_input.egg-info/SOURCES.txt'
[3.497s] writing manifest file '../../build/facer_input/facer_input.egg-info/SOURCES.txt'
[3.497s] running build
[3.498s] running build_py
[3.498s] running install
[3.499s] running install_lib
[3.500s] running install_data
[3.501s] running install_egg_info
[3.505s] removing '/home/orangepi/AUV_ROS2/install/facer_input/lib/python3.10/site-packages/facer_input-0.0.0-py3.10.egg-info' (and everything under it)
[3.506s] Copying ../../build/facer_input/facer_input.egg-info to /home/orangepi/AUV_ROS2/install/facer_input/lib/python3.10/site-packages/facer_input-0.0.0-py3.10.egg-info
[3.506s] running install_scripts
[3.549s] Installing capture_image script to /home/orangepi/AUV_ROS2/install/facer_input/lib/facer_input
[3.550s] writing list of installed files to '/home/orangepi/AUV_ROS2/build/facer_input/install.log'
[4.048s] Invoked command in '/home/orangepi/AUV_ROS2/src/facer_input' returned '0': PYTHONPATH=/home/orangepi/AUV_ROS2/build/facer_input/prefix_override:/home/orangepi/AUV_ROS2/install/facer_input/lib/python3.10/site-packages:${PYTHONPATH} /usr/bin/python3 -W ignore:setup.py install is deprecated setup.py egg_info --egg-base ../../build/facer_input build --build-base /home/orangepi/AUV_ROS2/build/facer_input/build install --record /home/orangepi/AUV_ROS2/build/facer_input/install.log --single-version-externally-managed install_data
