[3.767s] Invoking command in '/home/orangepi/AUV_ROS2/src/task1_node': PYTHONPATH=/home/orangepi/AUV_ROS2/build/task1_node/prefix_override:/home/orangepi/AUV_ROS2/install/task1_node/lib/python3.10/site-packages:${PYTHONPATH} /usr/bin/python3 -W ignore:setup.py install is deprecated setup.py egg_info --egg-base ../../build/task1_node build --build-base /home/orangepi/AUV_ROS2/build/task1_node/build install --record /home/orangepi/AUV_ROS2/build/task1_node/install.log --single-version-externally-managed install_data
[4.158s] running egg_info
[4.161s] writing ../../build/task1_node/task1_node.egg-info/PKG-INFO
[4.162s] writing dependency_links to ../../build/task1_node/task1_node.egg-info/dependency_links.txt
[4.162s] writing entry points to ../../build/task1_node/task1_node.egg-info/entry_points.txt
[4.163s] writing requirements to ../../build/task1_node/task1_node.egg-info/requires.txt
[4.163s] writing top-level names to ../../build/task1_node/task1_node.egg-info/top_level.txt
[4.171s] reading manifest file '../../build/task1_node/task1_node.egg-info/SOURCES.txt'
[4.171s] adding license file 'LICENSE'
[4.172s] writing manifest file '../../build/task1_node/task1_node.egg-info/SOURCES.txt'
[4.172s] running build
[4.173s] running build_py
[4.173s] running install
[4.174s] running install_lib
[4.174s] running install_data
[4.175s] running install_egg_info
[4.175s] removing '/home/orangepi/AUV_ROS2/install/task1_node/lib/python3.10/site-packages/task1_node-0.0.0-py3.10.egg-info' (and everything under it)
[4.176s] Copying ../../build/task1_node/task1_node.egg-info to /home/orangepi/AUV_ROS2/install/task1_node/lib/python3.10/site-packages/task1_node-0.0.0-py3.10.egg-info
[4.176s] running install_scripts
[4.210s] Installing task1_node script to /home/orangepi/AUV_ROS2/install/task1_node/lib/task1_node
[4.211s] writing list of installed files to '/home/orangepi/AUV_ROS2/build/task1_node/install.log'
[4.321s] Invoked command in '/home/orangepi/AUV_ROS2/src/task1_node' returned '0': PYTHONPATH=/home/orangepi/AUV_ROS2/build/task1_node/prefix_override:/home/orangepi/AUV_ROS2/install/task1_node/lib/python3.10/site-packages:${PYTHONPATH} /usr/bin/python3 -W ignore:setup.py install is deprecated setup.py egg_info --egg-base ../../build/task1_node build --build-base /home/orangepi/AUV_ROS2/build/task1_node/build install --record /home/orangepi/AUV_ROS2/build/task1_node/install.log --single-version-externally-managed install_data
