[0.077s] Invoking command in '/home/orangepi/AUV_ROS2/build/facer_interfaces': CMAKE_PREFIX_PATH=${CMAKE_PREFIX_PATH}:/home/orangepi/AUV_ROS2/install/task2_node:/home/orangepi/AUV_ROS2/install/task2_drum_detection:/home/orangepi/AUV_ROS2/install/task1_node:/home/orangepi/AUV_ROS2/install/task1_gate_detection:/home/orangepi/AUV_ROS2/install/task1_flare_detection:/home/orangepi/AUV_ROS2/install/status_node:/home/orangepi/AUV_ROS2/install/start_auv:/home/orangepi/AUV_ROS2/install/remote_node:/home/orangepi/AUV_ROS2/install/q_gate_detection:/home/orangepi/AUV_ROS2/install/master_node_simulation:/home/orangepi/AUV_ROS2/install/master_node:/home/orangepi/AUV_ROS2/install/facer_input:/home/orangepi/AUV_ROS2/install/control_node:/home/orangepi/AUV_ROS2/install/buoyancy_node:/home/orangepi/opencv_ws/install/task2_drum_detection:/home/orangepi/opencv_ws/install/task1_gate_detection:/home/orangepi/opencv_ws/install/task1_flare_detection:/home/orangepi/opencv_ws/install/q_gate_detection:/home/orangepi/opencv_ws/install/master_node_simulation:/home/orangepi/opencv_ws/install/facer_input:/opt/ros/humble /usr/bin/cmake --build /home/orangepi/AUV_ROS2/build/facer_interfaces -- -j8 -l8
[2.424s] [  3%] Built target facer_interfaces__cpp
[2.424s] [ 12%] Built target facer_interfaces__rosidl_generator_c
[2.425s] [ 12%] Built target ament_cmake_python_copy_facer_interfaces
[2.425s] [ 22%] Built target facer_interfaces__rosidl_typesupport_cpp
[2.426s] [ 32%] Built target facer_interfaces__rosidl_typesupport_introspection_cpp
[2.426s] [ 41%] Built target facer_interfaces__rosidl_typesupport_introspection_c
[2.427s] [ 51%] Built target facer_interfaces__rosidl_typesupport_c
[2.427s] [ 61%] Built target facer_interfaces__rosidl_typesupport_fastrtps_cpp
[2.428s] [ 70%] Built target facer_interfaces__rosidl_typesupport_fastrtps_c
[2.429s] [ 70%] Built target facer_interfaces
[2.429s] [ 74%] Built target facer_interfaces__py
[2.431s] [ 80%] Built target facer_interfaces__rosidl_generator_py
[2.431s] [ 87%] Built target facer_interfaces__rosidl_typesupport_introspection_c__pyext
[2.432s] [100%] Built target facer_interfaces__rosidl_typesupport_c__pyext
[2.432s] [100%] Built target facer_interfaces__rosidl_typesupport_fastrtps_c__pyext
[2.432s] running egg_info
[2.433s] writing facer_interfaces.egg-info/PKG-INFO
[2.433s] writing dependency_links to facer_interfaces.egg-info/dependency_links.txt
[2.434s] writing top-level names to facer_interfaces.egg-info/top_level.txt
[2.434s] reading manifest file 'facer_interfaces.egg-info/SOURCES.txt'
[2.434s] writing manifest file 'facer_interfaces.egg-info/SOURCES.txt'
[2.435s] [100%] Built target ament_cmake_python_build_facer_interfaces_egg
[2.881s] Invoked command in '/home/orangepi/AUV_ROS2/build/facer_interfaces' returned '0': CMAKE_PREFIX_PATH=${CMAKE_PREFIX_PATH}:/home/orangepi/AUV_ROS2/install/task2_node:/home/orangepi/AUV_ROS2/install/task2_drum_detection:/home/orangepi/AUV_ROS2/install/task1_node:/home/orangepi/AUV_ROS2/install/task1_gate_detection:/home/orangepi/AUV_ROS2/install/task1_flare_detection:/home/orangepi/AUV_ROS2/install/status_node:/home/orangepi/AUV_ROS2/install/start_auv:/home/orangepi/AUV_ROS2/install/remote_node:/home/orangepi/AUV_ROS2/install/q_gate_detection:/home/orangepi/AUV_ROS2/install/master_node_simulation:/home/orangepi/AUV_ROS2/install/master_node:/home/orangepi/AUV_ROS2/install/facer_input:/home/orangepi/AUV_ROS2/install/control_node:/home/orangepi/AUV_ROS2/install/buoyancy_node:/home/orangepi/opencv_ws/install/task2_drum_detection:/home/orangepi/opencv_ws/install/task1_gate_detection:/home/orangepi/opencv_ws/install/task1_flare_detection:/home/orangepi/opencv_ws/install/q_gate_detection:/home/orangepi/opencv_ws/install/master_node_simulation:/home/orangepi/opencv_ws/install/facer_input:/opt/ros/humble /usr/bin/cmake --build /home/orangepi/AUV_ROS2/build/facer_interfaces -- -j8 -l8
[3.129s] Invoking command in '/home/orangepi/AUV_ROS2/build/facer_interfaces': CMAKE_PREFIX_PATH=${CMAKE_PREFIX_PATH}:/home/orangepi/AUV_ROS2/install/task2_node:/home/orangepi/AUV_ROS2/install/task2_drum_detection:/home/orangepi/AUV_ROS2/install/task1_node:/home/orangepi/AUV_ROS2/install/task1_gate_detection:/home/orangepi/AUV_ROS2/install/task1_flare_detection:/home/orangepi/AUV_ROS2/install/status_node:/home/orangepi/AUV_ROS2/install/start_auv:/home/orangepi/AUV_ROS2/install/remote_node:/home/orangepi/AUV_ROS2/install/q_gate_detection:/home/orangepi/AUV_ROS2/install/master_node_simulation:/home/orangepi/AUV_ROS2/install/master_node:/home/orangepi/AUV_ROS2/install/facer_input:/home/orangepi/AUV_ROS2/install/control_node:/home/orangepi/AUV_ROS2/install/buoyancy_node:/home/orangepi/opencv_ws/install/task2_drum_detection:/home/orangepi/opencv_ws/install/task1_gate_detection:/home/orangepi/opencv_ws/install/task1_flare_detection:/home/orangepi/opencv_ws/install/q_gate_detection:/home/orangepi/opencv_ws/install/master_node_simulation:/home/orangepi/opencv_ws/install/facer_input:/opt/ros/humble /usr/bin/cmake --install /home/orangepi/AUV_ROS2/build/facer_interfaces
[3.157s] -- Install configuration: ""
[3.161s] -- Up-to-date: /home/orangepi/AUV_ROS2/install/facer_interfaces/share/ament_index/resource_index/rosidl_interfaces/facer_interfaces
[3.162s] -- Up-to-date: /home/orangepi/AUV_ROS2/install/facer_interfaces/include/facer_interfaces/facer_interfaces
[3.163s] -- Up-to-date: /home/orangepi/AUV_ROS2/install/facer_interfaces/include/facer_interfaces/facer_interfaces/srv
[3.164s] -- Up-to-date: /home/orangepi/AUV_ROS2/install/facer_interfaces/include/facer_interfaces/facer_interfaces/srv/detection_result.h
[3.164s] -- Up-to-date: /home/orangepi/AUV_ROS2/install/facer_interfaces/include/facer_interfaces/facer_interfaces/srv/detail
[3.165s] -- Up-to-date: /home/orangepi/AUV_ROS2/install/facer_interfaces/include/facer_interfaces/facer_interfaces/srv/detail/detection_result__functions.c
[3.166s] -- Up-to-date: /home/orangepi/AUV_ROS2/install/facer_interfaces/include/facer_interfaces/facer_interfaces/srv/detail/detection_result__functions.h
[3.166s] -- Up-to-date: /home/orangepi/AUV_ROS2/install/facer_interfaces/include/facer_interfaces/facer_interfaces/srv/detail/detection_result__struct.h
[3.167s] -- Up-to-date: /home/orangepi/AUV_ROS2/install/facer_interfaces/include/facer_interfaces/facer_interfaces/srv/detail/detection_result__type_support.h
[3.168s] -- Up-to-date: /home/orangepi/AUV_ROS2/install/facer_interfaces/include/facer_interfaces/facer_interfaces/msg
[3.168s] -- Up-to-date: /home/orangepi/AUV_ROS2/install/facer_interfaces/include/facer_interfaces/facer_interfaces/msg/rosidl_generator_c__visibility_control.h
[3.169s] -- Up-to-date: /home/orangepi/AUV_ROS2/install/facer_interfaces/share/facer_interfaces/environment/library_path.sh
[3.170s] -- Up-to-date: /home/orangepi/AUV_ROS2/install/facer_interfaces/share/facer_interfaces/environment/library_path.dsv
[3.172s] -- Up-to-date: /home/orangepi/AUV_ROS2/install/facer_interfaces/lib/libfacer_interfaces__rosidl_generator_c.so
[3.174s] -- Up-to-date: /home/orangepi/AUV_ROS2/install/facer_interfaces/include/facer_interfaces/facer_interfaces
[3.175s] -- Up-to-date: /home/orangepi/AUV_ROS2/install/facer_interfaces/include/facer_interfaces/facer_interfaces/srv
[3.175s] -- Up-to-date: /home/orangepi/AUV_ROS2/install/facer_interfaces/include/facer_interfaces/facer_interfaces/srv/detail
[3.176s] -- Up-to-date: /home/orangepi/AUV_ROS2/install/facer_interfaces/include/facer_interfaces/facer_interfaces/srv/detail/detection_result__rosidl_typesupport_fastrtps_c.h
[3.177s] -- Up-to-date: /home/orangepi/AUV_ROS2/install/facer_interfaces/include/facer_interfaces/facer_interfaces/msg
[3.177s] -- Up-to-date: /home/orangepi/AUV_ROS2/install/facer_interfaces/include/facer_interfaces/facer_interfaces/msg/rosidl_typesupport_fastrtps_c__visibility_control.h
[3.179s] -- Up-to-date: /home/orangepi/AUV_ROS2/install/facer_interfaces/lib/libfacer_interfaces__rosidl_typesupport_fastrtps_c.so
[3.180s] -- Up-to-date: /home/orangepi/AUV_ROS2/install/facer_interfaces/include/facer_interfaces/facer_interfaces
[3.181s] -- Up-to-date: /home/orangepi/AUV_ROS2/install/facer_interfaces/include/facer_interfaces/facer_interfaces/srv
[3.181s] -- Up-to-date: /home/orangepi/AUV_ROS2/install/facer_interfaces/include/facer_interfaces/facer_interfaces/srv/detail
[3.182s] -- Up-to-date: /home/orangepi/AUV_ROS2/install/facer_interfaces/include/facer_interfaces/facer_interfaces/srv/detail/detection_result__rosidl_typesupport_introspection_c.h
[3.183s] -- Up-to-date: /home/orangepi/AUV_ROS2/install/facer_interfaces/include/facer_interfaces/facer_interfaces/srv/detail/detection_result__type_support.c
[3.183s] -- Up-to-date: /home/orangepi/AUV_ROS2/install/facer_interfaces/include/facer_interfaces/facer_interfaces/msg
[3.184s] -- Up-to-date: /home/orangepi/AUV_ROS2/install/facer_interfaces/include/facer_interfaces/facer_interfaces/msg/rosidl_typesupport_introspection_c__visibility_control.h
[3.185s] -- Up-to-date: /home/orangepi/AUV_ROS2/install/facer_interfaces/lib/libfacer_interfaces__rosidl_typesupport_introspection_c.so
[3.187s] -- Up-to-date: /home/orangepi/AUV_ROS2/install/facer_interfaces/lib/libfacer_interfaces__rosidl_typesupport_c.so
[3.189s] -- Up-to-date: /home/orangepi/AUV_ROS2/install/facer_interfaces/include/facer_interfaces/facer_interfaces
[3.189s] -- Up-to-date: /home/orangepi/AUV_ROS2/install/facer_interfaces/include/facer_interfaces/facer_interfaces/srv
[3.190s] -- Up-to-date: /home/orangepi/AUV_ROS2/install/facer_interfaces/include/facer_interfaces/facer_interfaces/srv/detection_result.hpp
[3.191s] -- Up-to-date: /home/orangepi/AUV_ROS2/install/facer_interfaces/include/facer_interfaces/facer_interfaces/srv/detail
[3.191s] -- Up-to-date: /home/orangepi/AUV_ROS2/install/facer_interfaces/include/facer_interfaces/facer_interfaces/srv/detail/detection_result__builder.hpp
[3.192s] -- Up-to-date: /home/orangepi/AUV_ROS2/install/facer_interfaces/include/facer_interfaces/facer_interfaces/srv/detail/detection_result__struct.hpp
[3.193s] -- Up-to-date: /home/orangepi/AUV_ROS2/install/facer_interfaces/include/facer_interfaces/facer_interfaces/srv/detail/detection_result__traits.hpp
[3.204s] -- Up-to-date: /home/orangepi/AUV_ROS2/install/facer_interfaces/include/facer_interfaces/facer_interfaces
[3.204s] -- Up-to-date: /home/orangepi/AUV_ROS2/install/facer_interfaces/include/facer_interfaces/facer_interfaces/srv
[3.205s] -- Up-to-date: /home/orangepi/AUV_ROS2/install/facer_interfaces/include/facer_interfaces/facer_interfaces/srv/detail
[3.205s] -- Up-to-date: /home/orangepi/AUV_ROS2/install/facer_interfaces/include/facer_interfaces/facer_interfaces/srv/detail/detection_result__rosidl_typesupport_fastrtps_cpp.hpp
[3.206s] -- Up-to-date: /home/orangepi/AUV_ROS2/install/facer_interfaces/include/facer_interfaces/facer_interfaces/srv/detail/dds_fastrtps
[3.206s] -- Up-to-date: /home/orangepi/AUV_ROS2/install/facer_interfaces/include/facer_interfaces/facer_interfaces/msg
[3.206s] -- Up-to-date: /home/orangepi/AUV_ROS2/install/facer_interfaces/include/facer_interfaces/facer_interfaces/msg/rosidl_typesupport_fastrtps_cpp__visibility_control.h
[3.207s] -- Up-to-date: /home/orangepi/AUV_ROS2/install/facer_interfaces/lib/libfacer_interfaces__rosidl_typesupport_fastrtps_cpp.so
[3.207s] -- Up-to-date: /home/orangepi/AUV_ROS2/install/facer_interfaces/include/facer_interfaces/facer_interfaces
[3.207s] -- Up-to-date: /home/orangepi/AUV_ROS2/install/facer_interfaces/include/facer_interfaces/facer_interfaces/srv
[3.208s] -- Up-to-date: /home/orangepi/AUV_ROS2/install/facer_interfaces/include/facer_interfaces/facer_interfaces/srv/detail
[3.208s] -- Up-to-date: /home/orangepi/AUV_ROS2/install/facer_interfaces/include/facer_interfaces/facer_interfaces/srv/detail/detection_result__rosidl_typesupport_introspection_cpp.hpp
[3.209s] -- Up-to-date: /home/orangepi/AUV_ROS2/install/facer_interfaces/include/facer_interfaces/facer_interfaces/srv/detail/detection_result__type_support.cpp
[3.209s] -- Up-to-date: /home/orangepi/AUV_ROS2/install/facer_interfaces/lib/libfacer_interfaces__rosidl_typesupport_introspection_cpp.so
[3.209s] -- Up-to-date: /home/orangepi/AUV_ROS2/install/facer_interfaces/lib/libfacer_interfaces__rosidl_typesupport_cpp.so
[3.210s] -- Up-to-date: /home/orangepi/AUV_ROS2/install/facer_interfaces/share/facer_interfaces/environment/pythonpath.sh
[3.210s] -- Up-to-date: /home/orangepi/AUV_ROS2/install/facer_interfaces/share/facer_interfaces/environment/pythonpath.dsv
[3.211s] -- Up-to-date: /home/orangepi/AUV_ROS2/install/facer_interfaces/local/lib/python3.10/dist-packages/facer_interfaces-0.0.0-py3.10.egg-info
[3.211s] -- Installing: /home/orangepi/AUV_ROS2/install/facer_interfaces/local/lib/python3.10/dist-packages/facer_interfaces-0.0.0-py3.10.egg-info/SOURCES.txt
[3.211s] -- Installing: /home/orangepi/AUV_ROS2/install/facer_interfaces/local/lib/python3.10/dist-packages/facer_interfaces-0.0.0-py3.10.egg-info/top_level.txt
[3.212s] -- Installing: /home/orangepi/AUV_ROS2/install/facer_interfaces/local/lib/python3.10/dist-packages/facer_interfaces-0.0.0-py3.10.egg-info/dependency_links.txt
[3.212s] -- Installing: /home/orangepi/AUV_ROS2/install/facer_interfaces/local/lib/python3.10/dist-packages/facer_interfaces-0.0.0-py3.10.egg-info/PKG-INFO
[3.213s] -- Up-to-date: /home/orangepi/AUV_ROS2/install/facer_interfaces/local/lib/python3.10/dist-packages/facer_interfaces
[3.213s] -- Up-to-date: /home/orangepi/AUV_ROS2/install/facer_interfaces/local/lib/python3.10/dist-packages/facer_interfaces/libfacer_interfaces__rosidl_generator_py.so
[3.213s] -- Up-to-date: /home/orangepi/AUV_ROS2/install/facer_interfaces/local/lib/python3.10/dist-packages/facer_interfaces/__init__.py
[3.214s] -- Up-to-date: /home/orangepi/AUV_ROS2/install/facer_interfaces/local/lib/python3.10/dist-packages/facer_interfaces/_facer_interfaces_s.ep.rosidl_typesupport_c.c
[3.214s] -- Up-to-date: /home/orangepi/AUV_ROS2/install/facer_interfaces/local/lib/python3.10/dist-packages/facer_interfaces/_facer_interfaces_s.ep.rosidl_typesupport_fastrtps_c.c
[3.215s] -- Up-to-date: /home/orangepi/AUV_ROS2/install/facer_interfaces/local/lib/python3.10/dist-packages/facer_interfaces/facer_interfaces_s__rosidl_typesupport_fastrtps_c.cpython-310-aarch64-linux-gnu.so
[3.215s] -- Up-to-date: /home/orangepi/AUV_ROS2/install/facer_interfaces/local/lib/python3.10/dist-packages/facer_interfaces/facer_interfaces_s__rosidl_typesupport_introspection_c.cpython-310-aarch64-linux-gnu.so
[3.215s] -- Up-to-date: /home/orangepi/AUV_ROS2/install/facer_interfaces/local/lib/python3.10/dist-packages/facer_interfaces/facer_interfaces_s__rosidl_typesupport_c.cpython-310-aarch64-linux-gnu.so
[3.216s] -- Up-to-date: /home/orangepi/AUV_ROS2/install/facer_interfaces/local/lib/python3.10/dist-packages/facer_interfaces/_facer_interfaces_s.ep.rosidl_typesupport_introspection_c.c
[3.216s] -- Up-to-date: /home/orangepi/AUV_ROS2/install/facer_interfaces/local/lib/python3.10/dist-packages/facer_interfaces/srv
[3.217s] -- Up-to-date: /home/orangepi/AUV_ROS2/install/facer_interfaces/local/lib/python3.10/dist-packages/facer_interfaces/srv/_detection_result_s.c
[3.217s] -- Up-to-date: /home/orangepi/AUV_ROS2/install/facer_interfaces/local/lib/python3.10/dist-packages/facer_interfaces/srv/__init__.py
[3.217s] -- Up-to-date: /home/orangepi/AUV_ROS2/install/facer_interfaces/local/lib/python3.10/dist-packages/facer_interfaces/srv/_detection_result.py
[3.453s] Listing '/home/orangepi/AUV_ROS2/install/facer_interfaces/local/lib/python3.10/dist-packages/facer_interfaces'...
[3.454s] Listing '/home/orangepi/AUV_ROS2/install/facer_interfaces/local/lib/python3.10/dist-packages/facer_interfaces/srv'...
[3.509s] -- Up-to-date: /home/orangepi/AUV_ROS2/install/facer_interfaces/local/lib/python3.10/dist-packages/facer_interfaces/facer_interfaces_s__rosidl_typesupport_fastrtps_c.cpython-310-aarch64-linux-gnu.so
[3.511s] -- Up-to-date: /home/orangepi/AUV_ROS2/install/facer_interfaces/local/lib/python3.10/dist-packages/facer_interfaces/facer_interfaces_s__rosidl_typesupport_introspection_c.cpython-310-aarch64-linux-gnu.so
[3.515s] -- Up-to-date: /home/orangepi/AUV_ROS2/install/facer_interfaces/local/lib/python3.10/dist-packages/facer_interfaces/facer_interfaces_s__rosidl_typesupport_c.cpython-310-aarch64-linux-gnu.so
[3.522s] -- Up-to-date: /home/orangepi/AUV_ROS2/install/facer_interfaces/lib/libfacer_interfaces__rosidl_generator_py.so
[3.527s] -- Up-to-date: /home/orangepi/AUV_ROS2/install/facer_interfaces/share/facer_interfaces/srv/DetectionResult.idl
[3.528s] -- Up-to-date: /home/orangepi/AUV_ROS2/install/facer_interfaces/share/facer_interfaces/srv/DetectionResult.srv
[3.528s] -- Up-to-date: /home/orangepi/AUV_ROS2/install/facer_interfaces/share/facer_interfaces/srv/DetectionResult_Request.msg
[3.529s] -- Up-to-date: /home/orangepi/AUV_ROS2/install/facer_interfaces/share/facer_interfaces/srv/DetectionResult_Response.msg
[3.529s] -- Up-to-date: /home/orangepi/AUV_ROS2/install/facer_interfaces/share/ament_index/resource_index/package_run_dependencies/facer_interfaces
[3.530s] -- Up-to-date: /home/orangepi/AUV_ROS2/install/facer_interfaces/share/ament_index/resource_index/parent_prefix_path/facer_interfaces
[3.530s] -- Up-to-date: /home/orangepi/AUV_ROS2/install/facer_interfaces/share/facer_interfaces/environment/ament_prefix_path.sh
[3.532s] -- Up-to-date: /home/orangepi/AUV_ROS2/install/facer_interfaces/share/facer_interfaces/environment/ament_prefix_path.dsv
[3.534s] -- Up-to-date: /home/orangepi/AUV_ROS2/install/facer_interfaces/share/facer_interfaces/environment/path.sh
[3.536s] -- Up-to-date: /home/orangepi/AUV_ROS2/install/facer_interfaces/share/facer_interfaces/environment/path.dsv
[3.542s] -- Up-to-date: /home/orangepi/AUV_ROS2/install/facer_interfaces/share/facer_interfaces/local_setup.bash
[3.543s] -- Up-to-date: /home/orangepi/AUV_ROS2/install/facer_interfaces/share/facer_interfaces/local_setup.sh
[3.544s] -- Up-to-date: /home/orangepi/AUV_ROS2/install/facer_interfaces/share/facer_interfaces/local_setup.zsh
[3.544s] -- Up-to-date: /home/orangepi/AUV_ROS2/install/facer_interfaces/share/facer_interfaces/local_setup.dsv
[3.557s] -- Installing: /home/orangepi/AUV_ROS2/install/facer_interfaces/share/facer_interfaces/package.dsv
[3.558s] -- Up-to-date: /home/orangepi/AUV_ROS2/install/facer_interfaces/share/ament_index/resource_index/packages/facer_interfaces
[3.561s] -- Up-to-date: /home/orangepi/AUV_ROS2/install/facer_interfaces/share/facer_interfaces/cmake/export_facer_interfaces__rosidl_generator_cExport.cmake
[3.571s] -- Up-to-date: /home/orangepi/AUV_ROS2/install/facer_interfaces/share/facer_interfaces/cmake/export_facer_interfaces__rosidl_generator_cExport-noconfig.cmake
[3.572s] -- Up-to-date: /home/orangepi/AUV_ROS2/install/facer_interfaces/share/facer_interfaces/cmake/export_facer_interfaces__rosidl_typesupport_fastrtps_cExport.cmake
[3.572s] -- Up-to-date: /home/orangepi/AUV_ROS2/install/facer_interfaces/share/facer_interfaces/cmake/export_facer_interfaces__rosidl_typesupport_fastrtps_cExport-noconfig.cmake
[3.574s] -- Up-to-date: /home/orangepi/AUV_ROS2/install/facer_interfaces/share/facer_interfaces/cmake/facer_interfaces__rosidl_typesupport_introspection_cExport.cmake
[3.575s] -- Up-to-date: /home/orangepi/AUV_ROS2/install/facer_interfaces/share/facer_interfaces/cmake/facer_interfaces__rosidl_typesupport_introspection_cExport-noconfig.cmake
[3.575s] -- Up-to-date: /home/orangepi/AUV_ROS2/install/facer_interfaces/share/facer_interfaces/cmake/facer_interfaces__rosidl_typesupport_cExport.cmake
[3.576s] -- Up-to-date: /home/orangepi/AUV_ROS2/install/facer_interfaces/share/facer_interfaces/cmake/facer_interfaces__rosidl_typesupport_cExport-noconfig.cmake
[3.576s] -- Up-to-date: /home/orangepi/AUV_ROS2/install/facer_interfaces/share/facer_interfaces/cmake/export_facer_interfaces__rosidl_generator_cppExport.cmake
[3.576s] -- Up-to-date: /home/orangepi/AUV_ROS2/install/facer_interfaces/share/facer_interfaces/cmake/export_facer_interfaces__rosidl_typesupport_fastrtps_cppExport.cmake
[3.577s] -- Up-to-date: /home/orangepi/AUV_ROS2/install/facer_interfaces/share/facer_interfaces/cmake/export_facer_interfaces__rosidl_typesupport_fastrtps_cppExport-noconfig.cmake
[3.577s] -- Up-to-date: /home/orangepi/AUV_ROS2/install/facer_interfaces/share/facer_interfaces/cmake/facer_interfaces__rosidl_typesupport_introspection_cppExport.cmake
[3.578s] -- Up-to-date: /home/orangepi/AUV_ROS2/install/facer_interfaces/share/facer_interfaces/cmake/facer_interfaces__rosidl_typesupport_introspection_cppExport-noconfig.cmake
[3.578s] -- Up-to-date: /home/orangepi/AUV_ROS2/install/facer_interfaces/share/facer_interfaces/cmake/facer_interfaces__rosidl_typesupport_cppExport.cmake
[3.579s] -- Up-to-date: /home/orangepi/AUV_ROS2/install/facer_interfaces/share/facer_interfaces/cmake/facer_interfaces__rosidl_typesupport_cppExport-noconfig.cmake
[3.579s] -- Up-to-date: /home/orangepi/AUV_ROS2/install/facer_interfaces/share/facer_interfaces/cmake/export_facer_interfaces__rosidl_generator_pyExport.cmake
[3.579s] -- Up-to-date: /home/orangepi/AUV_ROS2/install/facer_interfaces/share/facer_interfaces/cmake/export_facer_interfaces__rosidl_generator_pyExport-noconfig.cmake
[3.580s] -- Up-to-date: /home/orangepi/AUV_ROS2/install/facer_interfaces/share/facer_interfaces/cmake/rosidl_cmake-extras.cmake
[3.580s] -- Up-to-date: /home/orangepi/AUV_ROS2/install/facer_interfaces/share/facer_interfaces/cmake/ament_cmake_export_include_directories-extras.cmake
[3.581s] -- Up-to-date: /home/orangepi/AUV_ROS2/install/facer_interfaces/share/facer_interfaces/cmake/ament_cmake_export_libraries-extras.cmake
[3.581s] -- Up-to-date: /home/orangepi/AUV_ROS2/install/facer_interfaces/share/facer_interfaces/cmake/ament_cmake_export_targets-extras.cmake
[3.581s] -- Up-to-date: /home/orangepi/AUV_ROS2/install/facer_interfaces/share/facer_interfaces/cmake/rosidl_cmake_export_typesupport_targets-extras.cmake
[3.584s] -- Up-to-date: /home/orangepi/AUV_ROS2/install/facer_interfaces/share/facer_interfaces/cmake/ament_cmake_export_dependencies-extras.cmake
[3.584s] -- Up-to-date: /home/orangepi/AUV_ROS2/install/facer_interfaces/share/facer_interfaces/cmake/rosidl_cmake_export_typesupport_libraries-extras.cmake
[3.586s] -- Up-to-date: /home/orangepi/AUV_ROS2/install/facer_interfaces/share/facer_interfaces/cmake/facer_interfacesConfig.cmake
[3.587s] -- Up-to-date: /home/orangepi/AUV_ROS2/install/facer_interfaces/share/facer_interfaces/cmake/facer_interfacesConfig-version.cmake
[3.601s] -- Up-to-date: /home/orangepi/AUV_ROS2/install/facer_interfaces/share/facer_interfaces/package.xml
[3.611s] Invoked command in '/home/orangepi/AUV_ROS2/build/facer_interfaces' returned '0': CMAKE_PREFIX_PATH=${CMAKE_PREFIX_PATH}:/home/orangepi/AUV_ROS2/install/task2_node:/home/orangepi/AUV_ROS2/install/task2_drum_detection:/home/orangepi/AUV_ROS2/install/task1_node:/home/orangepi/AUV_ROS2/install/task1_gate_detection:/home/orangepi/AUV_ROS2/install/task1_flare_detection:/home/orangepi/AUV_ROS2/install/status_node:/home/orangepi/AUV_ROS2/install/start_auv:/home/orangepi/AUV_ROS2/install/remote_node:/home/orangepi/AUV_ROS2/install/q_gate_detection:/home/orangepi/AUV_ROS2/install/master_node_simulation:/home/orangepi/AUV_ROS2/install/master_node:/home/orangepi/AUV_ROS2/install/facer_input:/home/orangepi/AUV_ROS2/install/control_node:/home/orangepi/AUV_ROS2/install/buoyancy_node:/home/orangepi/opencv_ws/install/task2_drum_detection:/home/orangepi/opencv_ws/install/task1_gate_detection:/home/orangepi/opencv_ws/install/task1_flare_detection:/home/orangepi/opencv_ws/install/q_gate_detection:/home/orangepi/opencv_ws/install/master_node_simulation:/home/orangepi/opencv_ws/install/facer_input:/opt/ros/humble /usr/bin/cmake --install /home/orangepi/AUV_ROS2/build/facer_interfaces
