[4.985s] Invoking command in '/home/orangepi/AUV_ROS2/src/remote_node': PYTHONPATH=/home/orangepi/AUV_ROS2/build/remote_node/prefix_override:/home/orangepi/AUV_ROS2/install/remote_node/lib/python3.10/site-packages:${PYTHONPATH} /usr/bin/python3 setup.py egg_info --egg-base ../../build/remote_node build --build-base /home/orangepi/AUV_ROS2/build/remote_node/build install --record /home/orangepi/AUV_ROS2/build/remote_node/install.log --single-version-externally-managed
[5.366s] running egg_info
[5.371s] writing ../../build/remote_node/remote_node.egg-info/PKG-INFO
[5.372s] writing dependency_links to ../../build/remote_node/remote_node.egg-info/dependency_links.txt
[5.374s] writing entry points to ../../build/remote_node/remote_node.egg-info/entry_points.txt
[5.375s] writing requirements to ../../build/remote_node/remote_node.egg-info/requires.txt
[5.375s] writing top-level names to ../../build/remote_node/remote_node.egg-info/top_level.txt
[5.376s] reading manifest file '../../build/remote_node/remote_node.egg-info/SOURCES.txt'
[5.376s] writing manifest file '../../build/remote_node/remote_node.egg-info/SOURCES.txt'
[5.376s] running build
[5.377s] running build_py
[5.377s] running install
[5.378s] /usr/lib/python3/dist-packages/setuptools/command/install.py:34: SetuptoolsDeprecationWarning: setup.py install is deprecated. Use build and pip and other standards-based tools.
[5.378s]   warnings.warn(
[5.380s] running install_lib
[5.383s] running install_data
[5.384s] running install_egg_info
[5.384s] removing '/home/orangepi/AUV_ROS2/install/remote_node/lib/python3.10/site-packages/remote_node-0.0.0-py3.10.egg-info' (and everything under it)
[5.384s] Copying ../../build/remote_node/remote_node.egg-info to /home/orangepi/AUV_ROS2/install/remote_node/lib/python3.10/site-packages/remote_node-0.0.0-py3.10.egg-info
[5.385s] running install_scripts
[5.419s] writing list of installed files to '/home/orangepi/AUV_ROS2/build/remote_node/install.log'
[6.074s] Invoked command in '/home/orangepi/AUV_ROS2/src/remote_node' returned '0': PYTHONPATH=/home/orangepi/AUV_ROS2/build/remote_node/prefix_override:/home/orangepi/AUV_ROS2/install/remote_node/lib/python3.10/site-packages:${PYTHONPATH} /usr/bin/python3 setup.py egg_info --egg-base ../../build/remote_node build --build-base /home/orangepi/AUV_ROS2/build/remote_node/build install --record /home/orangepi/AUV_ROS2/build/remote_node/install.log --single-version-externally-managed
