[5.863s] Invoking command in '/home/orangepi/AUV_ROS2/src/facer_input': PYTHONPATH=/home/orangepi/AUV_ROS2/build/facer_input/prefix_override:/home/orangepi/AUV_ROS2/install/facer_input/lib/python3.10/site-packages:${PYTHONPATH} /usr/bin/python3 setup.py egg_info --egg-base ../../build/facer_input build --build-base /home/orangepi/AUV_ROS2/build/facer_input/build install --record /home/orangepi/AUV_ROS2/build/facer_input/install.log --single-version-externally-managed
[6.253s] running egg_info
[6.257s] writing ../../build/facer_input/facer_input.egg-info/PKG-INFO
[6.259s] writing dependency_links to ../../build/facer_input/facer_input.egg-info/dependency_links.txt
[6.260s] writing entry points to ../../build/facer_input/facer_input.egg-info/entry_points.txt
[6.261s] writing requirements to ../../build/facer_input/facer_input.egg-info/requires.txt
[6.263s] writing top-level names to ../../build/facer_input/facer_input.egg-info/top_level.txt
[6.264s] reading manifest file '../../build/facer_input/facer_input.egg-info/SOURCES.txt'
[6.266s] writing manifest file '../../build/facer_input/facer_input.egg-info/SOURCES.txt'
[6.267s] running build
[6.269s] running build_py
[6.270s] running install
[6.271s] running install_lib
[6.273s] /usr/lib/python3/dist-packages/setuptools/command/install.py:34: SetuptoolsDeprecationWarning: setup.py install is deprecated. Use build and pip and other standards-based tools.
[6.274s]   warnings.warn(
[6.276s] running install_data
[6.277s] running install_egg_info
[6.278s] removing '/home/orangepi/AUV_ROS2/install/facer_input/lib/python3.10/site-packages/facer_input-0.0.0-py3.10.egg-info' (and everything under it)
[6.286s] Copying ../../build/facer_input/facer_input.egg-info to /home/orangepi/AUV_ROS2/install/facer_input/lib/python3.10/site-packages/facer_input-0.0.0-py3.10.egg-info
[6.288s] running install_scripts
[6.319s] Installing capture_image script to /home/orangepi/AUV_ROS2/install/facer_input/lib/facer_input
[6.320s] writing list of installed files to '/home/orangepi/AUV_ROS2/build/facer_input/install.log'
[6.609s] Invoked command in '/home/orangepi/AUV_ROS2/src/facer_input' returned '0': PYTHONPATH=/home/orangepi/AUV_ROS2/build/facer_input/prefix_override:/home/orangepi/AUV_ROS2/install/facer_input/lib/python3.10/site-packages:${PYTHONPATH} /usr/bin/python3 setup.py egg_info --egg-base ../../build/facer_input build --build-base /home/orangepi/AUV_ROS2/build/facer_input/build install --record /home/orangepi/AUV_ROS2/build/facer_input/install.log --single-version-externally-managed
