[3.811s] Invoking command in '/home/orangepi/AUV_ROS2/src/task2_node': PYTHONPATH=/home/orangepi/AUV_ROS2/build/task2_node/prefix_override:/home/orangepi/AUV_ROS2/install/task2_node/lib/python3.10/site-packages:${PYTHONPATH} /usr/bin/python3 -W ignore:setup.py install is deprecated setup.py egg_info --egg-base ../../build/task2_node build --build-base /home/orangepi/AUV_ROS2/build/task2_node/build install --record /home/orangepi/AUV_ROS2/build/task2_node/install.log --single-version-externally-managed install_data
[4.213s] running egg_info
[4.223s] writing ../../build/task2_node/task2_node.egg-info/PKG-INFO
[4.256s] writing dependency_links to ../../build/task2_node/task2_node.egg-info/dependency_links.txt
[4.257s] writing entry points to ../../build/task2_node/task2_node.egg-info/entry_points.txt
[4.257s] writing requirements to ../../build/task2_node/task2_node.egg-info/requires.txt
[4.258s] writing top-level names to ../../build/task2_node/task2_node.egg-info/top_level.txt
[4.258s] reading manifest file '../../build/task2_node/task2_node.egg-info/SOURCES.txt'
[4.259s] adding license file 'LICENSE'
[4.259s] writing manifest file '../../build/task2_node/task2_node.egg-info/SOURCES.txt'
[4.260s] running build
[4.260s] running build_py
[4.261s] running install
[4.262s] running install_lib
[4.262s] running install_data
[4.263s] running install_egg_info
[4.263s] removing '/home/orangepi/AUV_ROS2/install/task2_node/lib/python3.10/site-packages/task2_node-0.0.0-py3.10.egg-info' (and everything under it)
[4.277s] Copying ../../build/task2_node/task2_node.egg-info to /home/orangepi/AUV_ROS2/install/task2_node/lib/python3.10/site-packages/task2_node-0.0.0-py3.10.egg-info
[4.277s] running install_scripts
[4.282s] Installing task2_node script to /home/orangepi/AUV_ROS2/install/task2_node/lib/task2_node
[4.296s] writing list of installed files to '/home/orangepi/AUV_ROS2/build/task2_node/install.log'
[4.347s] Invoked command in '/home/orangepi/AUV_ROS2/src/task2_node' returned '0': PYTHONPATH=/home/orangepi/AUV_ROS2/build/task2_node/prefix_override:/home/orangepi/AUV_ROS2/install/task2_node/lib/python3.10/site-packages:${PYTHONPATH} /usr/bin/python3 -W ignore:setup.py install is deprecated setup.py egg_info --egg-base ../../build/task2_node build --build-base /home/orangepi/AUV_ROS2/build/task2_node/build install --record /home/orangepi/AUV_ROS2/build/task2_node/install.log --single-version-externally-managed install_data
