[1.267s] Invoking command in '/home/orangepi/AUV_ROS2/build/control_interfaces': CMAKE_PREFIX_PATH=${CMAKE_PREFIX_PATH}:/home/orangepi/AUV_ROS2/install/task2_node:/home/orangepi/AUV_ROS2/install/task2_drum_detection:/home/orangepi/AUV_ROS2/install/task1_node:/home/orangepi/AUV_ROS2/install/task1_gate_detection:/home/orangepi/AUV_ROS2/install/task1_flare_detection:/home/orangepi/AUV_ROS2/install/status_node:/home/orangepi/AUV_ROS2/install/start_auv:/home/orangepi/AUV_ROS2/install/remote_node:/home/orangepi/AUV_ROS2/install/q_gate_detection:/home/orangepi/AUV_ROS2/install/master_node_simulation:/home/orangepi/AUV_ROS2/install/master_node:/home/orangepi/AUV_ROS2/install/facer_input:/home/orangepi/AUV_ROS2/install/control_node:/home/orangepi/AUV_ROS2/install/buoyancy_node:/home/orangepi/opencv_ws/install/task2_drum_detection:/home/orangepi/opencv_ws/install/task1_gate_detection:/home/orangepi/opencv_ws/install/task1_flare_detection:/home/orangepi/opencv_ws/install/q_gate_detection:/home/orangepi/opencv_ws/install/master_node_simulation:/home/orangepi/opencv_ws/install/facer_input:/opt/ros/humble /usr/bin/cmake --build /home/orangepi/AUV_ROS2/build/control_interfaces -- -j8 -l8
[3.365s] [ 11%] Built target control_interfaces__rosidl_generator_c
[3.365s] [ 12%] Built target control_interfaces__cpp
[3.366s] [ 12%] Built target ament_cmake_python_copy_control_interfaces
[3.366s] [ 23%] Built target control_interfaces__rosidl_typesupport_cpp
[3.367s] [ 34%] Built target control_interfaces__rosidl_typesupport_introspection_cpp
[3.367s] [ 46%] Built target control_interfaces__rosidl_typesupport_fastrtps_cpp
[3.368s] [ 68%] Built target control_interfaces__rosidl_typesupport_introspection_c
[3.368s] [ 68%] Built target control_interfaces__rosidl_typesupport_c
[3.369s] [ 79%] Built target control_interfaces__rosidl_typesupport_fastrtps_c
[3.369s] [ 79%] Built target control_interfaces
[3.370s] [ 80%] Built target control_interfaces__py
[3.370s] [ 90%] Built target control_interfaces__rosidl_generator_py
[3.371s] [ 93%] Built target control_interfaces__rosidl_typesupport_fastrtps_c__pyext
[3.371s] [ 96%] Built target control_interfaces__rosidl_typesupport_c__pyext
[3.372s] [100%] Built target control_interfaces__rosidl_typesupport_introspection_c__pyext
[3.372s] running egg_info
[3.372s] writing control_interfaces.egg-info/PKG-INFO
[3.373s] writing dependency_links to control_interfaces.egg-info/dependency_links.txt
[3.373s] writing top-level names to control_interfaces.egg-info/top_level.txt
[3.374s] reading manifest file 'control_interfaces.egg-info/SOURCES.txt'
[3.374s] writing manifest file 'control_interfaces.egg-info/SOURCES.txt'
[3.375s] [100%] Built target ament_cmake_python_build_control_interfaces_egg
[3.916s] Invoked command in '/home/orangepi/AUV_ROS2/build/control_interfaces' returned '0': CMAKE_PREFIX_PATH=${CMAKE_PREFIX_PATH}:/home/orangepi/AUV_ROS2/install/task2_node:/home/orangepi/AUV_ROS2/install/task2_drum_detection:/home/orangepi/AUV_ROS2/install/task1_node:/home/orangepi/AUV_ROS2/install/task1_gate_detection:/home/orangepi/AUV_ROS2/install/task1_flare_detection:/home/orangepi/AUV_ROS2/install/status_node:/home/orangepi/AUV_ROS2/install/start_auv:/home/orangepi/AUV_ROS2/install/remote_node:/home/orangepi/AUV_ROS2/install/q_gate_detection:/home/orangepi/AUV_ROS2/install/master_node_simulation:/home/orangepi/AUV_ROS2/install/master_node:/home/orangepi/AUV_ROS2/install/facer_input:/home/orangepi/AUV_ROS2/install/control_node:/home/orangepi/AUV_ROS2/install/buoyancy_node:/home/orangepi/opencv_ws/install/task2_drum_detection:/home/orangepi/opencv_ws/install/task1_gate_detection:/home/orangepi/opencv_ws/install/task1_flare_detection:/home/orangepi/opencv_ws/install/q_gate_detection:/home/orangepi/opencv_ws/install/master_node_simulation:/home/orangepi/opencv_ws/install/facer_input:/opt/ros/humble /usr/bin/cmake --build /home/orangepi/AUV_ROS2/build/control_interfaces -- -j8 -l8
[4.549s] Invoking command in '/home/orangepi/AUV_ROS2/build/control_interfaces': CMAKE_PREFIX_PATH=${CMAKE_PREFIX_PATH}:/home/orangepi/AUV_ROS2/install/task2_node:/home/orangepi/AUV_ROS2/install/task2_drum_detection:/home/orangepi/AUV_ROS2/install/task1_node:/home/orangepi/AUV_ROS2/install/task1_gate_detection:/home/orangepi/AUV_ROS2/install/task1_flare_detection:/home/orangepi/AUV_ROS2/install/status_node:/home/orangepi/AUV_ROS2/install/start_auv:/home/orangepi/AUV_ROS2/install/remote_node:/home/orangepi/AUV_ROS2/install/q_gate_detection:/home/orangepi/AUV_ROS2/install/master_node_simulation:/home/orangepi/AUV_ROS2/install/master_node:/home/orangepi/AUV_ROS2/install/facer_input:/home/orangepi/AUV_ROS2/install/control_node:/home/orangepi/AUV_ROS2/install/buoyancy_node:/home/orangepi/opencv_ws/install/task2_drum_detection:/home/orangepi/opencv_ws/install/task1_gate_detection:/home/orangepi/opencv_ws/install/task1_flare_detection:/home/orangepi/opencv_ws/install/q_gate_detection:/home/orangepi/opencv_ws/install/master_node_simulation:/home/orangepi/opencv_ws/install/facer_input:/opt/ros/humble /usr/bin/cmake --install /home/orangepi/AUV_ROS2/build/control_interfaces
[4.952s] -- Install configuration: ""
[4.952s] -- Up-to-date: /home/orangepi/AUV_ROS2/install/control_interfaces/share/ament_index/resource_index/rosidl_interfaces/control_interfaces
[4.952s] -- Up-to-date: /home/orangepi/AUV_ROS2/install/control_interfaces/include/control_interfaces/control_interfaces
[4.954s] -- Up-to-date: /home/orangepi/AUV_ROS2/install/control_interfaces/include/control_interfaces/control_interfaces/srv
[4.955s] -- Up-to-date: /home/orangepi/AUV_ROS2/install/control_interfaces/include/control_interfaces/control_interfaces/srv/buoyancy_control.h
[4.955s] -- Up-to-date: /home/orangepi/AUV_ROS2/install/control_interfaces/include/control_interfaces/control_interfaces/srv/detail
[4.955s] -- Up-to-date: /home/orangepi/AUV_ROS2/install/control_interfaces/include/control_interfaces/control_interfaces/srv/detail/get_command__functions.c
[4.956s] -- Up-to-date: /home/orangepi/AUV_ROS2/install/control_interfaces/include/control_interfaces/control_interfaces/srv/detail/get_command__struct.h
[4.956s] -- Up-to-date: /home/orangepi/AUV_ROS2/install/control_interfaces/include/control_interfaces/control_interfaces/srv/detail/get_task__struct.h
[4.956s] -- Up-to-date: /home/orangepi/AUV_ROS2/install/control_interfaces/include/control_interfaces/control_interfaces/srv/detail/buoyancy_control__struct.h
[4.956s] -- Up-to-date: /home/orangepi/AUV_ROS2/install/control_interfaces/include/control_interfaces/control_interfaces/srv/detail/get_command__type_support.h
[4.956s] -- Up-to-date: /home/orangepi/AUV_ROS2/install/control_interfaces/include/control_interfaces/control_interfaces/srv/detail/buoyancy_control__functions.c
[4.956s] -- Up-to-date: /home/orangepi/AUV_ROS2/install/control_interfaces/include/control_interfaces/control_interfaces/srv/detail/get_command__functions.h
[4.956s] -- Up-to-date: /home/orangepi/AUV_ROS2/install/control_interfaces/include/control_interfaces/control_interfaces/srv/detail/get_task__functions.c
[4.956s] -- Up-to-date: /home/orangepi/AUV_ROS2/install/control_interfaces/include/control_interfaces/control_interfaces/srv/detail/get_task__type_support.h
[4.956s] -- Up-to-date: /home/orangepi/AUV_ROS2/install/control_interfaces/include/control_interfaces/control_interfaces/srv/detail/get_task__functions.h
[4.956s] -- Up-to-date: /home/orangepi/AUV_ROS2/install/control_interfaces/include/control_interfaces/control_interfaces/srv/detail/buoyancy_control__functions.h
[4.956s] -- Up-to-date: /home/orangepi/AUV_ROS2/install/control_interfaces/include/control_interfaces/control_interfaces/srv/detail/buoyancy_control__type_support.h
[4.957s] -- Up-to-date: /home/orangepi/AUV_ROS2/install/control_interfaces/include/control_interfaces/control_interfaces/srv/get_task.h
[4.957s] -- Up-to-date: /home/orangepi/AUV_ROS2/install/control_interfaces/include/control_interfaces/control_interfaces/srv/get_command.h
[4.957s] -- Up-to-date: /home/orangepi/AUV_ROS2/install/control_interfaces/include/control_interfaces/control_interfaces/msg
[4.957s] -- Up-to-date: /home/orangepi/AUV_ROS2/install/control_interfaces/include/control_interfaces/control_interfaces/msg/auv_status.h
[4.957s] -- Up-to-date: /home/orangepi/AUV_ROS2/install/control_interfaces/include/control_interfaces/control_interfaces/msg/detail
[4.957s] -- Up-to-date: /home/orangepi/AUV_ROS2/install/control_interfaces/include/control_interfaces/control_interfaces/msg/detail/auv_buoyancy__functions.h
[4.957s] -- Up-to-date: /home/orangepi/AUV_ROS2/install/control_interfaces/include/control_interfaces/control_interfaces/msg/detail/auv_status__functions.h
[4.957s] -- Up-to-date: /home/orangepi/AUV_ROS2/install/control_interfaces/include/control_interfaces/control_interfaces/msg/detail/auv_status__type_support.h
[4.957s] -- Up-to-date: /home/orangepi/AUV_ROS2/install/control_interfaces/include/control_interfaces/control_interfaces/msg/detail/auv_status__functions.c
[4.958s] -- Up-to-date: /home/orangepi/AUV_ROS2/install/control_interfaces/include/control_interfaces/control_interfaces/msg/detail/auv_buoyancy__type_support.h
[4.958s] -- Up-to-date: /home/orangepi/AUV_ROS2/install/control_interfaces/include/control_interfaces/control_interfaces/msg/detail/auv_buoyancy__functions.c
[4.958s] -- Up-to-date: /home/orangepi/AUV_ROS2/install/control_interfaces/include/control_interfaces/control_interfaces/msg/detail/auv_status__struct.h
[4.958s] -- Up-to-date: /home/orangepi/AUV_ROS2/install/control_interfaces/include/control_interfaces/control_interfaces/msg/detail/auv_buoyancy__struct.h
[4.958s] -- Up-to-date: /home/orangepi/AUV_ROS2/install/control_interfaces/include/control_interfaces/control_interfaces/msg/auv_buoyancy.h
[4.958s] -- Up-to-date: /home/orangepi/AUV_ROS2/install/control_interfaces/include/control_interfaces/control_interfaces/msg/rosidl_generator_c__visibility_control.h
[4.958s] -- Up-to-date: /home/orangepi/AUV_ROS2/install/control_interfaces/share/control_interfaces/environment/library_path.sh
[4.958s] -- Up-to-date: /home/orangepi/AUV_ROS2/install/control_interfaces/share/control_interfaces/environment/library_path.dsv
[4.958s] -- Up-to-date: /home/orangepi/AUV_ROS2/install/control_interfaces/lib/libcontrol_interfaces__rosidl_generator_c.so
[4.958s] -- Up-to-date: /home/orangepi/AUV_ROS2/install/control_interfaces/include/control_interfaces/control_interfaces
[4.958s] -- Up-to-date: /home/orangepi/AUV_ROS2/install/control_interfaces/include/control_interfaces/control_interfaces/srv
[4.958s] -- Up-to-date: /home/orangepi/AUV_ROS2/install/control_interfaces/include/control_interfaces/control_interfaces/srv/detail
[4.959s] -- Up-to-date: /home/orangepi/AUV_ROS2/install/control_interfaces/include/control_interfaces/control_interfaces/srv/detail/get_task__rosidl_typesupport_fastrtps_c.h
[4.959s] -- Up-to-date: /home/orangepi/AUV_ROS2/install/control_interfaces/include/control_interfaces/control_interfaces/srv/detail/get_command__rosidl_typesupport_fastrtps_c.h
[4.959s] -- Up-to-date: /home/orangepi/AUV_ROS2/install/control_interfaces/include/control_interfaces/control_interfaces/srv/detail/buoyancy_control__rosidl_typesupport_fastrtps_c.h
[4.959s] -- Up-to-date: /home/orangepi/AUV_ROS2/install/control_interfaces/include/control_interfaces/control_interfaces/msg
[4.959s] -- Up-to-date: /home/orangepi/AUV_ROS2/install/control_interfaces/include/control_interfaces/control_interfaces/msg/rosidl_typesupport_fastrtps_c__visibility_control.h
[4.959s] -- Up-to-date: /home/orangepi/AUV_ROS2/install/control_interfaces/include/control_interfaces/control_interfaces/msg/detail
[4.959s] -- Up-to-date: /home/orangepi/AUV_ROS2/install/control_interfaces/include/control_interfaces/control_interfaces/msg/detail/auv_buoyancy__rosidl_typesupport_fastrtps_c.h
[4.959s] -- Up-to-date: /home/orangepi/AUV_ROS2/install/control_interfaces/include/control_interfaces/control_interfaces/msg/detail/auv_status__rosidl_typesupport_fastrtps_c.h
[4.959s] -- Up-to-date: /home/orangepi/AUV_ROS2/install/control_interfaces/lib/libcontrol_interfaces__rosidl_typesupport_fastrtps_c.so
[4.959s] -- Up-to-date: /home/orangepi/AUV_ROS2/install/control_interfaces/include/control_interfaces/control_interfaces
[4.959s] -- Up-to-date: /home/orangepi/AUV_ROS2/install/control_interfaces/include/control_interfaces/control_interfaces/srv
[4.959s] -- Up-to-date: /home/orangepi/AUV_ROS2/install/control_interfaces/include/control_interfaces/control_interfaces/srv/detail
[4.960s] -- Up-to-date: /home/orangepi/AUV_ROS2/install/control_interfaces/include/control_interfaces/control_interfaces/srv/detail/buoyancy_control__rosidl_typesupport_introspection_c.h
[4.960s] -- Up-to-date: /home/orangepi/AUV_ROS2/install/control_interfaces/include/control_interfaces/control_interfaces/srv/detail/get_command__rosidl_typesupport_introspection_c.h
[4.960s] -- Up-to-date: /home/orangepi/AUV_ROS2/install/control_interfaces/include/control_interfaces/control_interfaces/srv/detail/buoyancy_control__type_support.c
[4.960s] -- Up-to-date: /home/orangepi/AUV_ROS2/install/control_interfaces/include/control_interfaces/control_interfaces/srv/detail/get_command__type_support.c
[4.960s] -- Up-to-date: /home/orangepi/AUV_ROS2/install/control_interfaces/include/control_interfaces/control_interfaces/srv/detail/get_task__type_support.c
[4.960s] -- Up-to-date: /home/orangepi/AUV_ROS2/install/control_interfaces/include/control_interfaces/control_interfaces/srv/detail/get_task__rosidl_typesupport_introspection_c.h
[4.960s] -- Up-to-date: /home/orangepi/AUV_ROS2/install/control_interfaces/include/control_interfaces/control_interfaces/msg
[4.960s] -- Up-to-date: /home/orangepi/AUV_ROS2/install/control_interfaces/include/control_interfaces/control_interfaces/msg/rosidl_typesupport_introspection_c__visibility_control.h
[4.961s] -- Up-to-date: /home/orangepi/AUV_ROS2/install/control_interfaces/include/control_interfaces/control_interfaces/msg/detail
[4.961s] -- Up-to-date: /home/orangepi/AUV_ROS2/install/control_interfaces/include/control_interfaces/control_interfaces/msg/detail/auv_buoyancy__rosidl_typesupport_introspection_c.h
[4.961s] -- Up-to-date: /home/orangepi/AUV_ROS2/install/control_interfaces/include/control_interfaces/control_interfaces/msg/detail/auv_status__rosidl_typesupport_introspection_c.h
[4.961s] -- Up-to-date: /home/orangepi/AUV_ROS2/install/control_interfaces/include/control_interfaces/control_interfaces/msg/detail/auv_status__type_support.c
[4.962s] -- Up-to-date: /home/orangepi/AUV_ROS2/install/control_interfaces/include/control_interfaces/control_interfaces/msg/detail/auv_buoyancy__type_support.c
[4.962s] -- Up-to-date: /home/orangepi/AUV_ROS2/install/control_interfaces/lib/libcontrol_interfaces__rosidl_typesupport_introspection_c.so
[4.962s] -- Up-to-date: /home/orangepi/AUV_ROS2/install/control_interfaces/lib/libcontrol_interfaces__rosidl_typesupport_c.so
[4.962s] -- Up-to-date: /home/orangepi/AUV_ROS2/install/control_interfaces/include/control_interfaces/control_interfaces
[4.962s] -- Up-to-date: /home/orangepi/AUV_ROS2/install/control_interfaces/include/control_interfaces/control_interfaces/srv
[4.962s] -- Up-to-date: /home/orangepi/AUV_ROS2/install/control_interfaces/include/control_interfaces/control_interfaces/srv/get_task.hpp
[4.962s] -- Up-to-date: /home/orangepi/AUV_ROS2/install/control_interfaces/include/control_interfaces/control_interfaces/srv/buoyancy_control.hpp
[4.962s] -- Up-to-date: /home/orangepi/AUV_ROS2/install/control_interfaces/include/control_interfaces/control_interfaces/srv/detail
[4.962s] -- Up-to-date: /home/orangepi/AUV_ROS2/install/control_interfaces/include/control_interfaces/control_interfaces/srv/detail/get_command__struct.hpp
[4.962s] -- Up-to-date: /home/orangepi/AUV_ROS2/install/control_interfaces/include/control_interfaces/control_interfaces/srv/detail/get_task__builder.hpp
[4.963s] -- Up-to-date: /home/orangepi/AUV_ROS2/install/control_interfaces/include/control_interfaces/control_interfaces/srv/detail/buoyancy_control__builder.hpp
[4.963s] -- Up-to-date: /home/orangepi/AUV_ROS2/install/control_interfaces/include/control_interfaces/control_interfaces/srv/detail/get_task__struct.hpp
[4.963s] -- Up-to-date: /home/orangepi/AUV_ROS2/install/control_interfaces/include/control_interfaces/control_interfaces/srv/detail/get_task__traits.hpp
[4.965s] -- Up-to-date: /home/orangepi/AUV_ROS2/install/control_interfaces/include/control_interfaces/control_interfaces/srv/detail/get_command__builder.hpp
[4.965s] -- Up-to-date: /home/orangepi/AUV_ROS2/install/control_interfaces/include/control_interfaces/control_interfaces/srv/detail/buoyancy_control__struct.hpp
[4.965s] -- Up-to-date: /home/orangepi/AUV_ROS2/install/control_interfaces/include/control_interfaces/control_interfaces/srv/detail/get_command__traits.hpp
[4.965s] -- Up-to-date: /home/orangepi/AUV_ROS2/install/control_interfaces/include/control_interfaces/control_interfaces/srv/detail/buoyancy_control__traits.hpp
[4.965s] -- Up-to-date: /home/orangepi/AUV_ROS2/install/control_interfaces/include/control_interfaces/control_interfaces/srv/get_command.hpp
[4.965s] -- Up-to-date: /home/orangepi/AUV_ROS2/install/control_interfaces/include/control_interfaces/control_interfaces/msg
[4.965s] -- Up-to-date: /home/orangepi/AUV_ROS2/install/control_interfaces/include/control_interfaces/control_interfaces/msg/auv_buoyancy.hpp
[4.966s] -- Up-to-date: /home/orangepi/AUV_ROS2/install/control_interfaces/include/control_interfaces/control_interfaces/msg/auv_status.hpp
[4.966s] -- Up-to-date: /home/orangepi/AUV_ROS2/install/control_interfaces/include/control_interfaces/control_interfaces/msg/detail
[4.966s] -- Up-to-date: /home/orangepi/AUV_ROS2/install/control_interfaces/include/control_interfaces/control_interfaces/msg/detail/auv_buoyancy__struct.hpp
[4.966s] -- Up-to-date: /home/orangepi/AUV_ROS2/install/control_interfaces/include/control_interfaces/control_interfaces/msg/detail/auv_status__builder.hpp
[4.966s] -- Up-to-date: /home/orangepi/AUV_ROS2/install/control_interfaces/include/control_interfaces/control_interfaces/msg/detail/auv_status__traits.hpp
[4.966s] -- Up-to-date: /home/orangepi/AUV_ROS2/install/control_interfaces/include/control_interfaces/control_interfaces/msg/detail/auv_buoyancy__traits.hpp
[4.966s] -- Up-to-date: /home/orangepi/AUV_ROS2/install/control_interfaces/include/control_interfaces/control_interfaces/msg/detail/auv_buoyancy__builder.hpp
[4.966s] -- Up-to-date: /home/orangepi/AUV_ROS2/install/control_interfaces/include/control_interfaces/control_interfaces/msg/detail/auv_status__struct.hpp
[4.966s] -- Up-to-date: /home/orangepi/AUV_ROS2/install/control_interfaces/include/control_interfaces/control_interfaces
[4.966s] -- Up-to-date: /home/orangepi/AUV_ROS2/install/control_interfaces/include/control_interfaces/control_interfaces/srv
[4.966s] -- Up-to-date: /home/orangepi/AUV_ROS2/install/control_interfaces/include/control_interfaces/control_interfaces/srv/detail
[4.967s] -- Up-to-date: /home/orangepi/AUV_ROS2/install/control_interfaces/include/control_interfaces/control_interfaces/srv/detail/get_command__rosidl_typesupport_fastrtps_cpp.hpp
[4.967s] -- Up-to-date: /home/orangepi/AUV_ROS2/install/control_interfaces/include/control_interfaces/control_interfaces/srv/detail/dds_fastrtps
[4.967s] -- Up-to-date: /home/orangepi/AUV_ROS2/install/control_interfaces/include/control_interfaces/control_interfaces/srv/detail/get_task__rosidl_typesupport_fastrtps_cpp.hpp
[4.967s] -- Up-to-date: /home/orangepi/AUV_ROS2/install/control_interfaces/include/control_interfaces/control_interfaces/srv/detail/buoyancy_control__rosidl_typesupport_fastrtps_cpp.hpp
[4.967s] -- Up-to-date: /home/orangepi/AUV_ROS2/install/control_interfaces/include/control_interfaces/control_interfaces/msg
[4.967s] -- Up-to-date: /home/orangepi/AUV_ROS2/install/control_interfaces/include/control_interfaces/control_interfaces/msg/rosidl_typesupport_fastrtps_cpp__visibility_control.h
[4.967s] -- Up-to-date: /home/orangepi/AUV_ROS2/install/control_interfaces/include/control_interfaces/control_interfaces/msg/detail
[4.967s] -- Up-to-date: /home/orangepi/AUV_ROS2/install/control_interfaces/include/control_interfaces/control_interfaces/msg/detail/auv_status__rosidl_typesupport_fastrtps_cpp.hpp
[4.967s] -- Up-to-date: /home/orangepi/AUV_ROS2/install/control_interfaces/include/control_interfaces/control_interfaces/msg/detail/dds_fastrtps
[4.968s] -- Up-to-date: /home/orangepi/AUV_ROS2/install/control_interfaces/include/control_interfaces/control_interfaces/msg/detail/auv_buoyancy__rosidl_typesupport_fastrtps_cpp.hpp
[4.968s] -- Up-to-date: /home/orangepi/AUV_ROS2/install/control_interfaces/lib/libcontrol_interfaces__rosidl_typesupport_fastrtps_cpp.so
[4.968s] -- Up-to-date: /home/orangepi/AUV_ROS2/install/control_interfaces/include/control_interfaces/control_interfaces
[4.968s] -- Up-to-date: /home/orangepi/AUV_ROS2/install/control_interfaces/include/control_interfaces/control_interfaces/srv
[4.968s] -- Up-to-date: /home/orangepi/AUV_ROS2/install/control_interfaces/include/control_interfaces/control_interfaces/srv/detail
[4.968s] -- Up-to-date: /home/orangepi/AUV_ROS2/install/control_interfaces/include/control_interfaces/control_interfaces/srv/detail/buoyancy_control__rosidl_typesupport_introspection_cpp.hpp
[4.968s] -- Up-to-date: /home/orangepi/AUV_ROS2/install/control_interfaces/include/control_interfaces/control_interfaces/srv/detail/get_command__rosidl_typesupport_introspection_cpp.hpp
[4.968s] -- Up-to-date: /home/orangepi/AUV_ROS2/install/control_interfaces/include/control_interfaces/control_interfaces/srv/detail/buoyancy_control__type_support.cpp
[4.968s] -- Up-to-date: /home/orangepi/AUV_ROS2/install/control_interfaces/include/control_interfaces/control_interfaces/srv/detail/get_task__type_support.cpp
[4.969s] -- Up-to-date: /home/orangepi/AUV_ROS2/install/control_interfaces/include/control_interfaces/control_interfaces/srv/detail/get_task__rosidl_typesupport_introspection_cpp.hpp
[4.969s] -- Up-to-date: /home/orangepi/AUV_ROS2/install/control_interfaces/include/control_interfaces/control_interfaces/srv/detail/get_command__type_support.cpp
[4.969s] -- Up-to-date: /home/orangepi/AUV_ROS2/install/control_interfaces/include/control_interfaces/control_interfaces/msg
[4.969s] -- Up-to-date: /home/orangepi/AUV_ROS2/install/control_interfaces/include/control_interfaces/control_interfaces/msg/detail
[4.969s] -- Up-to-date: /home/orangepi/AUV_ROS2/install/control_interfaces/include/control_interfaces/control_interfaces/msg/detail/auv_status__type_support.cpp
[4.969s] -- Up-to-date: /home/orangepi/AUV_ROS2/install/control_interfaces/include/control_interfaces/control_interfaces/msg/detail/auv_buoyancy__type_support.cpp
[4.969s] -- Up-to-date: /home/orangepi/AUV_ROS2/install/control_interfaces/include/control_interfaces/control_interfaces/msg/detail/auv_status__rosidl_typesupport_introspection_cpp.hpp
[4.969s] -- Up-to-date: /home/orangepi/AUV_ROS2/install/control_interfaces/include/control_interfaces/control_interfaces/msg/detail/auv_buoyancy__rosidl_typesupport_introspection_cpp.hpp
[4.969s] -- Up-to-date: /home/orangepi/AUV_ROS2/install/control_interfaces/lib/libcontrol_interfaces__rosidl_typesupport_introspection_cpp.so
[4.970s] -- Up-to-date: /home/orangepi/AUV_ROS2/install/control_interfaces/lib/libcontrol_interfaces__rosidl_typesupport_cpp.so
[4.970s] -- Up-to-date: /home/orangepi/AUV_ROS2/install/control_interfaces/share/control_interfaces/environment/pythonpath.sh
[4.970s] -- Up-to-date: /home/orangepi/AUV_ROS2/install/control_interfaces/share/control_interfaces/environment/pythonpath.dsv
[4.970s] -- Up-to-date: /home/orangepi/AUV_ROS2/install/control_interfaces/local/lib/python3.10/dist-packages/control_interfaces-0.0.0-py3.10.egg-info
[4.970s] -- Installing: /home/orangepi/AUV_ROS2/install/control_interfaces/local/lib/python3.10/dist-packages/control_interfaces-0.0.0-py3.10.egg-info/SOURCES.txt
[4.970s] -- Installing: /home/orangepi/AUV_ROS2/install/control_interfaces/local/lib/python3.10/dist-packages/control_interfaces-0.0.0-py3.10.egg-info/top_level.txt
[4.970s] -- Installing: /home/orangepi/AUV_ROS2/install/control_interfaces/local/lib/python3.10/dist-packages/control_interfaces-0.0.0-py3.10.egg-info/dependency_links.txt
[4.970s] -- Installing: /home/orangepi/AUV_ROS2/install/control_interfaces/local/lib/python3.10/dist-packages/control_interfaces-0.0.0-py3.10.egg-info/PKG-INFO
[4.970s] -- Up-to-date: /home/orangepi/AUV_ROS2/install/control_interfaces/local/lib/python3.10/dist-packages/control_interfaces
[4.971s] -- Up-to-date: /home/orangepi/AUV_ROS2/install/control_interfaces/local/lib/python3.10/dist-packages/control_interfaces/control_interfaces_s__rosidl_typesupport_c.cpython-310-aarch64-linux-gnu.so
[4.971s] -- Up-to-date: /home/orangepi/AUV_ROS2/install/control_interfaces/local/lib/python3.10/dist-packages/control_interfaces/__init__.py
[4.971s] -- Up-to-date: /home/orangepi/AUV_ROS2/install/control_interfaces/local/lib/python3.10/dist-packages/control_interfaces/control_interfaces_s__rosidl_typesupport_fastrtps_c.cpython-310-aarch64-linux-gnu.so
[4.971s] -- Up-to-date: /home/orangepi/AUV_ROS2/install/control_interfaces/local/lib/python3.10/dist-packages/control_interfaces/_control_interfaces_s.ep.rosidl_typesupport_introspection_c.c
[4.971s] -- Up-to-date: /home/orangepi/AUV_ROS2/install/control_interfaces/local/lib/python3.10/dist-packages/control_interfaces/srv
[4.971s] -- Up-to-date: /home/orangepi/AUV_ROS2/install/control_interfaces/local/lib/python3.10/dist-packages/control_interfaces/srv/_get_task.py
[4.971s] -- Up-to-date: /home/orangepi/AUV_ROS2/install/control_interfaces/local/lib/python3.10/dist-packages/control_interfaces/srv/__init__.py
[4.971s] -- Up-to-date: /home/orangepi/AUV_ROS2/install/control_interfaces/local/lib/python3.10/dist-packages/control_interfaces/srv/_buoyancy_control_s.c
[4.971s] -- Up-to-date: /home/orangepi/AUV_ROS2/install/control_interfaces/local/lib/python3.10/dist-packages/control_interfaces/srv/_get_command_s.c
[4.971s] -- Up-to-date: /home/orangepi/AUV_ROS2/install/control_interfaces/local/lib/python3.10/dist-packages/control_interfaces/srv/_buoyancy_control.py
[4.971s] -- Up-to-date: /home/orangepi/AUV_ROS2/install/control_interfaces/local/lib/python3.10/dist-packages/control_interfaces/srv/_get_command.py
[4.972s] -- Up-to-date: /home/orangepi/AUV_ROS2/install/control_interfaces/local/lib/python3.10/dist-packages/control_interfaces/srv/_get_task_s.c
[4.972s] -- Up-to-date: /home/orangepi/AUV_ROS2/install/control_interfaces/local/lib/python3.10/dist-packages/control_interfaces/control_interfaces_s__rosidl_typesupport_introspection_c.cpython-310-aarch64-linux-gnu.so
[4.972s] -- Up-to-date: /home/orangepi/AUV_ROS2/install/control_interfaces/local/lib/python3.10/dist-packages/control_interfaces/_control_interfaces_s.ep.rosidl_typesupport_c.c
[4.972s] -- Up-to-date: /home/orangepi/AUV_ROS2/install/control_interfaces/local/lib/python3.10/dist-packages/control_interfaces/msg
[4.972s] -- Up-to-date: /home/orangepi/AUV_ROS2/install/control_interfaces/local/lib/python3.10/dist-packages/control_interfaces/msg/__init__.py
[4.972s] -- Up-to-date: /home/orangepi/AUV_ROS2/install/control_interfaces/local/lib/python3.10/dist-packages/control_interfaces/msg/_auv_status_s.c
[4.972s] -- Up-to-date: /home/orangepi/AUV_ROS2/install/control_interfaces/local/lib/python3.10/dist-packages/control_interfaces/msg/_auv_status.py
[4.972s] -- Up-to-date: /home/orangepi/AUV_ROS2/install/control_interfaces/local/lib/python3.10/dist-packages/control_interfaces/msg/_auv_buoyancy.py
[4.972s] -- Up-to-date: /home/orangepi/AUV_ROS2/install/control_interfaces/local/lib/python3.10/dist-packages/control_interfaces/msg/_auv_buoyancy_s.c
[4.972s] -- Up-to-date: /home/orangepi/AUV_ROS2/install/control_interfaces/local/lib/python3.10/dist-packages/control_interfaces/libcontrol_interfaces__rosidl_generator_py.so
[4.972s] -- Up-to-date: /home/orangepi/AUV_ROS2/install/control_interfaces/local/lib/python3.10/dist-packages/control_interfaces/_control_interfaces_s.ep.rosidl_typesupport_fastrtps_c.c
[5.081s] Listing '/home/orangepi/AUV_ROS2/install/control_interfaces/local/lib/python3.10/dist-packages/control_interfaces'...
[5.082s] Listing '/home/orangepi/AUV_ROS2/install/control_interfaces/local/lib/python3.10/dist-packages/control_interfaces/msg'...
[5.082s] Listing '/home/orangepi/AUV_ROS2/install/control_interfaces/local/lib/python3.10/dist-packages/control_interfaces/srv'...
[5.093s] -- Up-to-date: /home/orangepi/AUV_ROS2/install/control_interfaces/local/lib/python3.10/dist-packages/control_interfaces/control_interfaces_s__rosidl_typesupport_fastrtps_c.cpython-310-aarch64-linux-gnu.so
[5.094s] -- Up-to-date: /home/orangepi/AUV_ROS2/install/control_interfaces/local/lib/python3.10/dist-packages/control_interfaces/control_interfaces_s__rosidl_typesupport_introspection_c.cpython-310-aarch64-linux-gnu.so
[5.095s] -- Up-to-date: /home/orangepi/AUV_ROS2/install/control_interfaces/local/lib/python3.10/dist-packages/control_interfaces/control_interfaces_s__rosidl_typesupport_c.cpython-310-aarch64-linux-gnu.so
[5.098s] -- Up-to-date: /home/orangepi/AUV_ROS2/install/control_interfaces/lib/libcontrol_interfaces__rosidl_generator_py.so
[5.099s] -- Up-to-date: /home/orangepi/AUV_ROS2/install/control_interfaces/share/control_interfaces/srv/GetCommand.idl
[5.099s] -- Up-to-date: /home/orangepi/AUV_ROS2/install/control_interfaces/share/control_interfaces/srv/GetTask.idl
[5.100s] -- Up-to-date: /home/orangepi/AUV_ROS2/install/control_interfaces/share/control_interfaces/srv/BuoyancyControl.idl
[5.101s] -- Up-to-date: /home/orangepi/AUV_ROS2/install/control_interfaces/share/control_interfaces/msg/AUVBuoyancy.idl
[5.102s] -- Up-to-date: /home/orangepi/AUV_ROS2/install/control_interfaces/share/control_interfaces/msg/AUVStatus.idl
[5.102s] -- Up-to-date: /home/orangepi/AUV_ROS2/install/control_interfaces/share/control_interfaces/srv/GetCommand.srv
[5.103s] -- Up-to-date: /home/orangepi/AUV_ROS2/install/control_interfaces/share/control_interfaces/srv/GetCommand_Request.msg
[5.103s] -- Up-to-date: /home/orangepi/AUV_ROS2/install/control_interfaces/share/control_interfaces/srv/GetCommand_Response.msg
[5.104s] -- Up-to-date: /home/orangepi/AUV_ROS2/install/control_interfaces/share/control_interfaces/srv/GetTask.srv
[5.104s] -- Up-to-date: /home/orangepi/AUV_ROS2/install/control_interfaces/share/control_interfaces/srv/GetTask_Request.msg
[5.105s] -- Up-to-date: /home/orangepi/AUV_ROS2/install/control_interfaces/share/control_interfaces/srv/GetTask_Response.msg
[5.105s] -- Up-to-date: /home/orangepi/AUV_ROS2/install/control_interfaces/share/control_interfaces/srv/BuoyancyControl.srv
[5.106s] -- Up-to-date: /home/orangepi/AUV_ROS2/install/control_interfaces/share/control_interfaces/srv/BuoyancyControl_Request.msg
[5.106s] -- Up-to-date: /home/orangepi/AUV_ROS2/install/control_interfaces/share/control_interfaces/srv/BuoyancyControl_Response.msg
[5.106s] -- Up-to-date: /home/orangepi/AUV_ROS2/install/control_interfaces/share/control_interfaces/msg/AUVBuoyancy.msg
[5.107s] -- Up-to-date: /home/orangepi/AUV_ROS2/install/control_interfaces/share/control_interfaces/msg/AUVStatus.msg
[5.107s] -- Up-to-date: /home/orangepi/AUV_ROS2/install/control_interfaces/share/ament_index/resource_index/package_run_dependencies/control_interfaces
[5.108s] -- Up-to-date: /home/orangepi/AUV_ROS2/install/control_interfaces/share/ament_index/resource_index/parent_prefix_path/control_interfaces
[5.108s] -- Up-to-date: /home/orangepi/AUV_ROS2/install/control_interfaces/share/control_interfaces/environment/ament_prefix_path.sh
[5.109s] -- Up-to-date: /home/orangepi/AUV_ROS2/install/control_interfaces/share/control_interfaces/environment/ament_prefix_path.dsv
[5.109s] -- Up-to-date: /home/orangepi/AUV_ROS2/install/control_interfaces/share/control_interfaces/environment/path.sh
[5.109s] -- Up-to-date: /home/orangepi/AUV_ROS2/install/control_interfaces/share/control_interfaces/environment/path.dsv
[5.110s] -- Up-to-date: /home/orangepi/AUV_ROS2/install/control_interfaces/share/control_interfaces/local_setup.bash
[5.112s] -- Up-to-date: /home/orangepi/AUV_ROS2/install/control_interfaces/share/control_interfaces/local_setup.sh
[5.112s] -- Up-to-date: /home/orangepi/AUV_ROS2/install/control_interfaces/share/control_interfaces/local_setup.zsh
[5.113s] -- Up-to-date: /home/orangepi/AUV_ROS2/install/control_interfaces/share/control_interfaces/local_setup.dsv
[5.113s] -- Installing: /home/orangepi/AUV_ROS2/install/control_interfaces/share/control_interfaces/package.dsv
[5.114s] -- Up-to-date: /home/orangepi/AUV_ROS2/install/control_interfaces/share/ament_index/resource_index/packages/control_interfaces
[5.114s] -- Up-to-date: /home/orangepi/AUV_ROS2/install/control_interfaces/share/control_interfaces/cmake/export_control_interfaces__rosidl_generator_cExport.cmake
[5.115s] -- Up-to-date: /home/orangepi/AUV_ROS2/install/control_interfaces/share/control_interfaces/cmake/export_control_interfaces__rosidl_generator_cExport-noconfig.cmake
[5.115s] -- Up-to-date: /home/orangepi/AUV_ROS2/install/control_interfaces/share/control_interfaces/cmake/export_control_interfaces__rosidl_typesupport_fastrtps_cExport.cmake
[5.116s] -- Up-to-date: /home/orangepi/AUV_ROS2/install/control_interfaces/share/control_interfaces/cmake/export_control_interfaces__rosidl_typesupport_fastrtps_cExport-noconfig.cmake
[5.116s] -- Up-to-date: /home/orangepi/AUV_ROS2/install/control_interfaces/share/control_interfaces/cmake/control_interfaces__rosidl_typesupport_introspection_cExport.cmake
[5.116s] -- Up-to-date: /home/orangepi/AUV_ROS2/install/control_interfaces/share/control_interfaces/cmake/control_interfaces__rosidl_typesupport_introspection_cExport-noconfig.cmake
[5.118s] -- Up-to-date: /home/orangepi/AUV_ROS2/install/control_interfaces/share/control_interfaces/cmake/control_interfaces__rosidl_typesupport_cExport.cmake
[5.118s] -- Up-to-date: /home/orangepi/AUV_ROS2/install/control_interfaces/share/control_interfaces/cmake/control_interfaces__rosidl_typesupport_cExport-noconfig.cmake
[5.119s] -- Up-to-date: /home/orangepi/AUV_ROS2/install/control_interfaces/share/control_interfaces/cmake/export_control_interfaces__rosidl_generator_cppExport.cmake
[5.122s] -- Up-to-date: /home/orangepi/AUV_ROS2/install/control_interfaces/share/control_interfaces/cmake/export_control_interfaces__rosidl_typesupport_fastrtps_cppExport.cmake
[5.123s] -- Up-to-date: /home/orangepi/AUV_ROS2/install/control_interfaces/share/control_interfaces/cmake/export_control_interfaces__rosidl_typesupport_fastrtps_cppExport-noconfig.cmake
[5.124s] -- Up-to-date: /home/orangepi/AUV_ROS2/install/control_interfaces/share/control_interfaces/cmake/control_interfaces__rosidl_typesupport_introspection_cppExport.cmake
[5.124s] -- Up-to-date: /home/orangepi/AUV_ROS2/install/control_interfaces/share/control_interfaces/cmake/control_interfaces__rosidl_typesupport_introspection_cppExport-noconfig.cmake
[5.125s] -- Up-to-date: /home/orangepi/AUV_ROS2/install/control_interfaces/share/control_interfaces/cmake/control_interfaces__rosidl_typesupport_cppExport.cmake
[5.126s] -- Up-to-date: /home/orangepi/AUV_ROS2/install/control_interfaces/share/control_interfaces/cmake/control_interfaces__rosidl_typesupport_cppExport-noconfig.cmake
[5.126s] -- Up-to-date: /home/orangepi/AUV_ROS2/install/control_interfaces/share/control_interfaces/cmake/export_control_interfaces__rosidl_generator_pyExport.cmake
[5.128s] -- Up-to-date: /home/orangepi/AUV_ROS2/install/control_interfaces/share/control_interfaces/cmake/export_control_interfaces__rosidl_generator_pyExport-noconfig.cmake
[5.129s] -- Up-to-date: /home/orangepi/AUV_ROS2/install/control_interfaces/share/control_interfaces/cmake/rosidl_cmake-extras.cmake
[5.129s] -- Up-to-date: /home/orangepi/AUV_ROS2/install/control_interfaces/share/control_interfaces/cmake/ament_cmake_export_include_directories-extras.cmake
[5.131s] -- Up-to-date: /home/orangepi/AUV_ROS2/install/control_interfaces/share/control_interfaces/cmake/ament_cmake_export_libraries-extras.cmake
[5.134s] -- Up-to-date: /home/orangepi/AUV_ROS2/install/control_interfaces/share/control_interfaces/cmake/ament_cmake_export_targets-extras.cmake
[5.138s] -- Up-to-date: /home/orangepi/AUV_ROS2/install/control_interfaces/share/control_interfaces/cmake/rosidl_cmake_export_typesupport_targets-extras.cmake
[5.139s] -- Up-to-date: /home/orangepi/AUV_ROS2/install/control_interfaces/share/control_interfaces/cmake/ament_cmake_export_dependencies-extras.cmake
[5.141s] -- Up-to-date: /home/orangepi/AUV_ROS2/install/control_interfaces/share/control_interfaces/cmake/rosidl_cmake_export_typesupport_libraries-extras.cmake
[5.142s] -- Up-to-date: /home/orangepi/AUV_ROS2/install/control_interfaces/share/control_interfaces/cmake/control_interfacesConfig.cmake
[5.143s] -- Up-to-date: /home/orangepi/AUV_ROS2/install/control_interfaces/share/control_interfaces/cmake/control_interfacesConfig-version.cmake
[5.146s] -- Up-to-date: /home/orangepi/AUV_ROS2/install/control_interfaces/share/control_interfaces/package.xml
[5.767s] Invoked command in '/home/orangepi/AUV_ROS2/build/control_interfaces' returned '0': CMAKE_PREFIX_PATH=${CMAKE_PREFIX_PATH}:/home/orangepi/AUV_ROS2/install/task2_node:/home/orangepi/AUV_ROS2/install/task2_drum_detection:/home/orangepi/AUV_ROS2/install/task1_node:/home/orangepi/AUV_ROS2/install/task1_gate_detection:/home/orangepi/AUV_ROS2/install/task1_flare_detection:/home/orangepi/AUV_ROS2/install/status_node:/home/orangepi/AUV_ROS2/install/start_auv:/home/orangepi/AUV_ROS2/install/remote_node:/home/orangepi/AUV_ROS2/install/q_gate_detection:/home/orangepi/AUV_ROS2/install/master_node_simulation:/home/orangepi/AUV_ROS2/install/master_node:/home/orangepi/AUV_ROS2/install/facer_input:/home/orangepi/AUV_ROS2/install/control_node:/home/orangepi/AUV_ROS2/install/buoyancy_node:/home/orangepi/opencv_ws/install/task2_drum_detection:/home/orangepi/opencv_ws/install/task1_gate_detection:/home/orangepi/opencv_ws/install/task1_flare_detection:/home/orangepi/opencv_ws/install/q_gate_detection:/home/orangepi/opencv_ws/install/master_node_simulation:/home/orangepi/opencv_ws/install/facer_input:/opt/ros/humble /usr/bin/cmake --install /home/orangepi/AUV_ROS2/build/control_interfaces
