[5.497s] Invoking command in '/home/orangepi/AUV_ROS2/src/buoyancy_node': PYTHONPATH=/home/orangepi/AUV_ROS2/build/buoyancy_node/prefix_override:/home/orangepi/AUV_ROS2/install/buoyancy_node/lib/python3.10/site-packages:${PYTHONPATH} /usr/bin/python3 setup.py egg_info --egg-base ../../build/buoyancy_node build --build-base /home/orangepi/AUV_ROS2/build/buoyancy_node/build install --record /home/orangepi/AUV_ROS2/build/buoyancy_node/install.log --single-version-externally-managed
[5.883s] package init file 'buoyancy_node/submodules/__init__.py' not found (or not a regular file)
[5.885s] running egg_info
[5.885s] writing ../../build/buoyancy_node/buoyancy_node.egg-info/PKG-INFO
[5.886s] writing dependency_links to ../../build/buoyancy_node/buoyancy_node.egg-info/dependency_links.txt
[5.888s] writing entry points to ../../build/buoyancy_node/buoyancy_node.egg-info/entry_points.txt
[5.889s] writing requirements to ../../build/buoyancy_node/buoyancy_node.egg-info/requires.txt
[5.894s] writing top-level names to ../../build/buoyancy_node/buoyancy_node.egg-info/top_level.txt
[5.896s] reading manifest file '../../build/buoyancy_node/buoyancy_node.egg-info/SOURCES.txt'
[5.897s] /usr/lib/python3/dist-packages/setuptools/command/install.py:34: SetuptoolsDeprecationWarning: setup.py install is deprecated. Use build and pip and other standards-based tools.
[5.899s]   warnings.warn(
[5.900s] writing manifest file '../../build/buoyancy_node/buoyancy_node.egg-info/SOURCES.txt'
[5.901s] running build
[5.902s] running build_py
[5.903s] running install
[5.905s] running install_lib
[5.913s] running install_data
[5.915s] running install_egg_info
[5.916s] removing '/home/orangepi/AUV_ROS2/install/buoyancy_node/lib/python3.10/site-packages/buoyancy_node-0.0.0-py3.10.egg-info' (and everything under it)
[5.917s] Copying ../../build/buoyancy_node/buoyancy_node.egg-info to /home/orangepi/AUV_ROS2/install/buoyancy_node/lib/python3.10/site-packages/buoyancy_node-0.0.0-py3.10.egg-info
[5.919s] running install_scripts
[5.950s] Installing buoyancy_node script to /home/orangepi/AUV_ROS2/install/buoyancy_node/lib/buoyancy_node
[5.953s] writing list of installed files to '/home/orangepi/AUV_ROS2/build/buoyancy_node/install.log'
[6.521s] Invoked command in '/home/orangepi/AUV_ROS2/src/buoyancy_node' returned '0': PYTHONPATH=/home/orangepi/AUV_ROS2/build/buoyancy_node/prefix_override:/home/orangepi/AUV_ROS2/install/buoyancy_node/lib/python3.10/site-packages:${PYTHONPATH} /usr/bin/python3 setup.py egg_info --egg-base ../../build/buoyancy_node build --build-base /home/orangepi/AUV_ROS2/build/buoyancy_node/build install --record /home/orangepi/AUV_ROS2/build/buoyancy_node/install.log --single-version-externally-managed
