[3.713s] Invoking command in '/home/orangepi/AUV_ROS2/src/remote_node': PYTHONPATH=/home/orangepi/AUV_ROS2/build/remote_node/prefix_override:/home/orangepi/AUV_ROS2/install/remote_node/lib/python3.10/site-packages:${PYTHONPATH} /usr/bin/python3 -W ignore:setup.py install is deprecated setup.py egg_info --egg-base ../../build/remote_node build --build-base /home/orangepi/AUV_ROS2/build/remote_node/build install --record /home/orangepi/AUV_ROS2/build/remote_node/install.log --single-version-externally-managed install_data
[4.314s] running egg_info
[4.315s] writing ../../build/remote_node/remote_node.egg-info/PKG-INFO
[4.316s] writing dependency_links to ../../build/remote_node/remote_node.egg-info/dependency_links.txt
[4.317s] writing entry points to ../../build/remote_node/remote_node.egg-info/entry_points.txt
[4.317s] writing requirements to ../../build/remote_node/remote_node.egg-info/requires.txt
[4.318s] writing top-level names to ../../build/remote_node/remote_node.egg-info/top_level.txt
[4.320s] reading manifest file '../../build/remote_node/remote_node.egg-info/SOURCES.txt'
[4.321s] writing manifest file '../../build/remote_node/remote_node.egg-info/SOURCES.txt'
[4.322s] running build
[4.322s] running build_py
[4.323s] running install
[4.323s] running install_lib
[4.325s] running install_data
[4.326s] running install_egg_info
[4.332s] removing '/home/orangepi/AUV_ROS2/install/remote_node/lib/python3.10/site-packages/remote_node-0.0.0-py3.10.egg-info' (and everything under it)
[4.332s] Copying ../../build/remote_node/remote_node.egg-info to /home/orangepi/AUV_ROS2/install/remote_node/lib/python3.10/site-packages/remote_node-0.0.0-py3.10.egg-info
[4.334s] running install_scripts
[4.411s] writing list of installed files to '/home/orangepi/AUV_ROS2/build/remote_node/install.log'
[4.999s] Invoked command in '/home/orangepi/AUV_ROS2/src/remote_node' returned '0': PYTHONPATH=/home/orangepi/AUV_ROS2/build/remote_node/prefix_override:/home/orangepi/AUV_ROS2/install/remote_node/lib/python3.10/site-packages:${PYTHONPATH} /usr/bin/python3 -W ignore:setup.py install is deprecated setup.py egg_info --egg-base ../../build/remote_node build --build-base /home/orangepi/AUV_ROS2/build/remote_node/build install --record /home/orangepi/AUV_ROS2/build/remote_node/install.log --single-version-externally-managed install_data
