running egg_info
creating ../../build/master_node_simulation/master_node_simulation.egg-info
writing ../../build/master_node_simulation/master_node_simulation.egg-info/PKG-INFO
writing dependency_links to ../../build/master_node_simulation/master_node_simulation.egg-info/dependency_links.txt
writing entry points to ../../build/master_node_simulation/master_node_simulation.egg-info/entry_points.txt
writing requirements to ../../build/master_node_simulation/master_node_simulation.egg-info/requires.txt
writing top-level names to ../../build/master_node_simulation/master_node_simulation.egg-info/top_level.txt
writing manifest file '../../build/master_node_simulation/master_node_simulation.egg-info/SOURCES.txt'
reading manifest file '../../build/master_node_simulation/master_node_simulation.egg-info/SOURCES.txt'
writing manifest file '../../build/master_node_simulation/master_node_simulation.egg-info/SOURCES.txt'
running build
running build_py
creating /home/orangepi/AUV_ROS2/build/master_node_simulation/build
creating /home/orangepi/AUV_ROS2/build/master_node_simulation/build/lib
creating /home/orangepi/AUV_ROS2/build/master_node_simulation/build/lib/master_node_simulation
copying master_node_simulation/__init__.py -> /home/orangepi/AUV_ROS2/build/master_node_simulation/build/lib/master_node_simulation
copying master_node_simulation/master_node.py -> /home/orangepi/AUV_ROS2/build/master_node_simulation/build/lib/master_node_simulation
running install
/usr/lib/python3/dist-packages/setuptools/command/install.py:34: SetuptoolsDeprecationWarning: setup.py install is deprecated. Use build and pip and other standards-based tools.
  warnings.warn(
running install_lib
creating /home/orangepi/AUV_ROS2/install/master_node_simulation/lib/python3.10/site-packages/master_node_simulation
copying /home/orangepi/AUV_ROS2/build/master_node_simulation/build/lib/master_node_simulation/__init__.py -> /home/orangepi/AUV_ROS2/install/master_node_simulation/lib/python3.10/site-packages/master_node_simulation
copying /home/orangepi/AUV_ROS2/build/master_node_simulation/build/lib/master_node_simulation/master_node.py -> /home/orangepi/AUV_ROS2/install/master_node_simulation/lib/python3.10/site-packages/master_node_simulation
byte-compiling /home/orangepi/AUV_ROS2/install/master_node_simulation/lib/python3.10/site-packages/master_node_simulation/__init__.py to __init__.cpython-310.pyc
byte-compiling /home/orangepi/AUV_ROS2/install/master_node_simulation/lib/python3.10/site-packages/master_node_simulation/master_node.py to master_node.cpython-310.pyc
running install_data
creating /home/orangepi/AUV_ROS2/install/master_node_simulation/share/ament_index
creating /home/orangepi/AUV_ROS2/install/master_node_simulation/share/ament_index/resource_index
creating /home/orangepi/AUV_ROS2/install/master_node_simulation/share/ament_index/resource_index/packages
copying resource/master_node_simulation -> /home/orangepi/AUV_ROS2/install/master_node_simulation/share/ament_index/resource_index/packages
copying package.xml -> /home/orangepi/AUV_ROS2/install/master_node_simulation/share/master_node_simulation
running install_egg_info
Copying ../../build/master_node_simulation/master_node_simulation.egg-info to /home/orangepi/AUV_ROS2/install/master_node_simulation/lib/python3.10/site-packages/master_node_simulation-0.0.0-py3.10.egg-info
running install_scripts
Installing master_node script to /home/orangepi/AUV_ROS2/install/master_node_simulation/lib/master_node_simulation
writing list of installed files to '/home/orangepi/AUV_ROS2/build/master_node_simulation/install.log'
