[6.073s] Invoking command in '/home/orangepi/AUV_ROS2/src/control_node': PYTHONPATH=/home/orangepi/AUV_ROS2/build/control_node/prefix_override:/home/orangepi/AUV_ROS2/install/control_node/lib/python3.10/site-packages:${PYTHONPATH} /usr/bin/python3 setup.py egg_info --egg-base ../../build/control_node build --build-base /home/orangepi/AUV_ROS2/build/control_node/build install --record /home/orangepi/AUV_ROS2/build/control_node/install.log --single-version-externally-managed
[6.786s] running egg_info
[6.787s] writing ../../build/control_node/control_node.egg-info/PKG-INFO
[6.788s] writing dependency_links to ../../build/control_node/control_node.egg-info/dependency_links.txt
[6.789s] writing entry points to ../../build/control_node/control_node.egg-info/entry_points.txt
[6.789s] writing requirements to ../../build/control_node/control_node.egg-info/requires.txt
[6.789s] writing top-level names to ../../build/control_node/control_node.egg-info/top_level.txt
[6.791s] package init file 'control_node/submodules/__init__.py' not found (or not a regular file)
[6.792s] reading manifest file '../../build/control_node/control_node.egg-info/SOURCES.txt'
[6.792s] adding license file 'LICENSE'
[6.793s] writing manifest file '../../build/control_node/control_node.egg-info/SOURCES.txt'
[6.794s] running build
[6.794s] running build_py
[6.794s] running install
[6.794s] /usr/lib/python3/dist-packages/setuptools/command/install.py:34: SetuptoolsDeprecationWarning: setup.py install is deprecated. Use build and pip and other standards-based tools.
[6.795s]   warnings.warn(
[6.795s] running install_lib
[6.802s] running install_data
[6.802s] running install_egg_info
[6.802s] removing '/home/orangepi/AUV_ROS2/install/control_node/lib/python3.10/site-packages/control_node-0.0.0-py3.10.egg-info' (and everything under it)
[6.802s] Copying ../../build/control_node/control_node.egg-info to /home/orangepi/AUV_ROS2/install/control_node/lib/python3.10/site-packages/control_node-0.0.0-py3.10.egg-info
[6.803s] running install_scripts
[6.854s] Installing control_node script to /home/orangepi/AUV_ROS2/install/control_node/lib/control_node
[6.855s] writing list of installed files to '/home/orangepi/AUV_ROS2/build/control_node/install.log'
[8.133s] Invoked command in '/home/orangepi/AUV_ROS2/src/control_node' returned '0': PYTHONPATH=/home/orangepi/AUV_ROS2/build/control_node/prefix_override:/home/orangepi/AUV_ROS2/install/control_node/lib/python3.10/site-packages:${PYTHONPATH} /usr/bin/python3 setup.py egg_info --egg-base ../../build/control_node build --build-base /home/orangepi/AUV_ROS2/build/control_node/build install --record /home/orangepi/AUV_ROS2/build/control_node/install.log --single-version-externally-managed
