[5.669s] Invoking command in '/home/orangepi/AUV_ROS2/src/control_node': PYTHONPATH=/home/orangepi/AUV_ROS2/build/control_node/prefix_override:/home/orangepi/AUV_ROS2/install/control_node/lib/python3.10/site-packages:${PYTHONPATH} /usr/bin/python3 setup.py egg_info --egg-base ../../build/control_node build --build-base /home/orangepi/AUV_ROS2/build/control_node/build install --record /home/orangepi/AUV_ROS2/build/control_node/install.log --single-version-externally-managed
[6.156s] running egg_info
[6.157s] writing ../../build/control_node/control_node.egg-info/PKG-INFO
[6.158s] writing dependency_links to ../../build/control_node/control_node.egg-info/dependency_links.txt
[6.159s] writing entry points to ../../build/control_node/control_node.egg-info/entry_points.txt
[6.159s] writing requirements to ../../build/control_node/control_node.egg-info/requires.txt
[6.159s] writing top-level names to ../../build/control_node/control_node.egg-info/top_level.txt
[6.161s] package init file 'control_node/submodules/__init__.py' not found (or not a regular file)
[6.161s] reading manifest file '../../build/control_node/control_node.egg-info/SOURCES.txt'
[6.162s] adding license file 'LICENSE'
[6.163s] writing manifest file '../../build/control_node/control_node.egg-info/SOURCES.txt'
[6.163s] running build
[6.164s] running build_py
[6.164s] running install
[6.165s] /usr/lib/python3/dist-packages/setuptools/command/install.py:34: SetuptoolsDeprecationWarning: setup.py install is deprecated. Use build and pip and other standards-based tools.
[6.165s]   warnings.warn(
[6.165s] running install_lib
[6.167s] running install_data
[6.168s] running install_egg_info
[6.171s] removing '/home/orangepi/AUV_ROS2/install/control_node/lib/python3.10/site-packages/control_node-0.0.0-py3.10.egg-info' (and everything under it)
[6.172s] Copying ../../build/control_node/control_node.egg-info to /home/orangepi/AUV_ROS2/install/control_node/lib/python3.10/site-packages/control_node-0.0.0-py3.10.egg-info
[6.173s] running install_scripts
[6.208s] Installing control_node script to /home/orangepi/AUV_ROS2/install/control_node/lib/control_node
[6.208s] writing list of installed files to '/home/orangepi/AUV_ROS2/build/control_node/install.log'
[7.216s] Invoked command in '/home/orangepi/AUV_ROS2/src/control_node' returned '0': PYTHONPATH=/home/orangepi/AUV_ROS2/build/control_node/prefix_override:/home/orangepi/AUV_ROS2/install/control_node/lib/python3.10/site-packages:${PYTHONPATH} /usr/bin/python3 setup.py egg_info --egg-base ../../build/control_node build --build-base /home/orangepi/AUV_ROS2/build/control_node/build install --record /home/orangepi/AUV_ROS2/build/control_node/install.log --single-version-externally-managed
