[4.165s] Invoking command in '/home/orangepi/AUV_ROS2/src/control_node': PYTHONPATH=/home/orangepi/AUV_ROS2/build/control_node/prefix_override:/home/orangepi/AUV_ROS2/install/control_node/lib/python3.10/site-packages:${PYTHONPATH} /usr/bin/python3 setup.py egg_info --egg-base ../../build/control_node build --build-base /home/orangepi/AUV_ROS2/build/control_node/build install --record /home/orangepi/AUV_ROS2/build/control_node/install.log --single-version-externally-managed
[4.782s] running egg_info
[4.787s] writing ../../build/control_node/control_node.egg-info/PKG-INFO
[4.788s] writing dependency_links to ../../build/control_node/control_node.egg-info/dependency_links.txt
[4.789s] writing entry points to ../../build/control_node/control_node.egg-info/entry_points.txt
[4.793s] writing requirements to ../../build/control_node/control_node.egg-info/requires.txt
[4.794s] writing top-level names to ../../build/control_node/control_node.egg-info/top_level.txt
[4.795s] reading manifest file '../../build/control_node/control_node.egg-info/SOURCES.txt'
[4.796s] adding license file 'LICENSE'
[4.797s] writing manifest file '../../build/control_node/control_node.egg-info/SOURCES.txt'
[4.798s] running build
[4.799s] running build_py
[4.800s] running install
[4.800s] /usr/lib/python3/dist-packages/setuptools/command/install.py:34: SetuptoolsDeprecationWarning: setup.py install is deprecated. Use build and pip and other standards-based tools.
[4.800s]   warnings.warn(
[4.801s] running install_lib
[4.801s] running install_data
[4.802s] running install_egg_info
[4.802s] removing '/home/orangepi/AUV_ROS2/install/control_node/lib/python3.10/site-packages/control_node-0.0.0-py3.10.egg-info' (and everything under it)
[4.802s] Copying ../../build/control_node/control_node.egg-info to /home/orangepi/AUV_ROS2/install/control_node/lib/python3.10/site-packages/control_node-0.0.0-py3.10.egg-info
[4.803s] running install_scripts
[4.831s] Installing control_node script to /home/orangepi/AUV_ROS2/install/control_node/lib/control_node
[4.832s] writing list of installed files to '/home/orangepi/AUV_ROS2/build/control_node/install.log'
[5.150s] Invoked command in '/home/orangepi/AUV_ROS2/src/control_node' returned '0': PYTHONPATH=/home/orangepi/AUV_ROS2/build/control_node/prefix_override:/home/orangepi/AUV_ROS2/install/control_node/lib/python3.10/site-packages:${PYTHONPATH} /usr/bin/python3 setup.py egg_info --egg-base ../../build/control_node build --build-base /home/orangepi/AUV_ROS2/build/control_node/build install --record /home/orangepi/AUV_ROS2/build/control_node/install.log --single-version-externally-managed
