[4.413s] Invoking command in '/home/orangepi/AUV_ROS2/src/master_node': PYTHONPATH=/home/orangepi/AUV_ROS2/build/master_node/prefix_override:/home/orangepi/AUV_ROS2/install/master_node/lib/python3.10/site-packages:${PYTHONPATH} /usr/bin/python3 -W ignore:setup.py install is deprecated setup.py egg_info --egg-base ../../build/master_node build --build-base /home/orangepi/AUV_ROS2/build/master_node/build install --record /home/orangepi/AUV_ROS2/build/master_node/install.log --single-version-externally-managed install_data
[4.841s] running egg_info
[4.841s] writing ../../build/master_node/master_node.egg-info/PKG-INFO
[4.842s] writing dependency_links to ../../build/master_node/master_node.egg-info/dependency_links.txt
[4.842s] writing entry points to ../../build/master_node/master_node.egg-info/entry_points.txt
[4.848s] writing requirements to ../../build/master_node/master_node.egg-info/requires.txt
[4.848s] writing top-level names to ../../build/master_node/master_node.egg-info/top_level.txt
[4.850s] reading manifest file '../../build/master_node/master_node.egg-info/SOURCES.txt'
[4.850s] adding license file 'LICENSE'
[4.852s] writing manifest file '../../build/master_node/master_node.egg-info/SOURCES.txt'
[4.853s] running build
[4.854s] running build_py
[4.854s] running install
[4.854s] running install_lib
[4.855s] running install_data
[4.856s] running install_egg_info
[4.856s] removing '/home/orangepi/AUV_ROS2/install/master_node/lib/python3.10/site-packages/master_node-0.0.0-py3.10.egg-info' (and everything under it)
[4.857s] Copying ../../build/master_node/master_node.egg-info to /home/orangepi/AUV_ROS2/install/master_node/lib/python3.10/site-packages/master_node-0.0.0-py3.10.egg-info
[4.857s] running install_scripts
[4.888s] Installing master_node script to /home/orangepi/AUV_ROS2/install/master_node/lib/master_node
[4.888s] writing list of installed files to '/home/orangepi/AUV_ROS2/build/master_node/install.log'
[6.655s] Invoked command in '/home/orangepi/AUV_ROS2/src/master_node' returned '0': PYTHONPATH=/home/orangepi/AUV_ROS2/build/master_node/prefix_override:/home/orangepi/AUV_ROS2/install/master_node/lib/python3.10/site-packages:${PYTHONPATH} /usr/bin/python3 -W ignore:setup.py install is deprecated setup.py egg_info --egg-base ../../build/master_node build --build-base /home/orangepi/AUV_ROS2/build/master_node/build install --record /home/orangepi/AUV_ROS2/build/master_node/install.log --single-version-externally-managed install_data
