[6.242s] Invoking command in '/home/orangepi/AUV_ROS2/src/master_node': PYTHONPATH=/home/orangepi/AUV_ROS2/build/master_node/prefix_override:/home/orangepi/AUV_ROS2/install/master_node/lib/python3.10/site-packages:${PYTHONPATH} /usr/bin/python3 setup.py egg_info --egg-base ../../build/master_node build --build-base /home/orangepi/AUV_ROS2/build/master_node/build install --record /home/orangepi/AUV_ROS2/build/master_node/install.log --single-version-externally-managed
[7.562s] running egg_info
[7.566s] writing ../../build/master_node/master_node.egg-info/PKG-INFO
[7.567s] writing dependency_links to ../../build/master_node/master_node.egg-info/dependency_links.txt
[7.568s] writing entry points to ../../build/master_node/master_node.egg-info/entry_points.txt
[7.568s] writing requirements to ../../build/master_node/master_node.egg-info/requires.txt
[7.569s] writing top-level names to ../../build/master_node/master_node.egg-info/top_level.txt
[7.579s] reading manifest file '../../build/master_node/master_node.egg-info/SOURCES.txt'
[7.581s] adding license file 'LICENSE'
[7.585s] writing manifest file '../../build/master_node/master_node.egg-info/SOURCES.txt'
[7.586s] running build
[7.586s] running build_py
[7.588s] running install
[7.589s] /usr/lib/python3/dist-packages/setuptools/command/install.py:34: SetuptoolsDeprecationWarning: setup.py install is deprecated. Use build and pip and other standards-based tools.
[7.589s]   warnings.warn(
[7.591s] running install_lib
[7.599s] running install_data
[7.602s] running install_egg_info
[7.612s] removing '/home/orangepi/AUV_ROS2/install/master_node/lib/python3.10/site-packages/master_node-0.0.0-py3.10.egg-info' (and everything under it)
[7.614s] Copying ../../build/master_node/master_node.egg-info to /home/orangepi/AUV_ROS2/install/master_node/lib/python3.10/site-packages/master_node-0.0.0-py3.10.egg-info
[7.619s] running install_scripts
[7.743s] Installing master_node script to /home/orangepi/AUV_ROS2/install/master_node/lib/master_node
[7.745s] writing list of installed files to '/home/orangepi/AUV_ROS2/build/master_node/install.log'
[7.962s] Invoked command in '/home/orangepi/AUV_ROS2/src/master_node' returned '0': PYTHONPATH=/home/orangepi/AUV_ROS2/build/master_node/prefix_override:/home/orangepi/AUV_ROS2/install/master_node/lib/python3.10/site-packages:${PYTHONPATH} /usr/bin/python3 setup.py egg_info --egg-base ../../build/master_node build --build-base /home/orangepi/AUV_ROS2/build/master_node/build install --record /home/orangepi/AUV_ROS2/build/master_node/install.log --single-version-externally-managed
