[3.373s] Invoking command in '/home/orangepi/AUV_ROS2/src/master_node': PYTHONPATH=/home/orangepi/AUV_ROS2/build/master_node/prefix_override:/home/orangepi/AUV_ROS2/install/master_node/lib/python3.10/site-packages:${PYTHONPATH} /usr/bin/python3 -W ignore:setup.py install is deprecated setup.py egg_info --egg-base ../../build/master_node build --build-base /home/orangepi/AUV_ROS2/build/master_node/build install --record /home/orangepi/AUV_ROS2/build/master_node/install.log --single-version-externally-managed install_data
[3.810s] running egg_info
[3.812s] writing ../../build/master_node/master_node.egg-info/PKG-INFO
[3.812s] writing dependency_links to ../../build/master_node/master_node.egg-info/dependency_links.txt
[3.813s] writing entry points to ../../build/master_node/master_node.egg-info/entry_points.txt
[3.814s] writing requirements to ../../build/master_node/master_node.egg-info/requires.txt
[3.814s] writing top-level names to ../../build/master_node/master_node.egg-info/top_level.txt
[3.818s] reading manifest file '../../build/master_node/master_node.egg-info/SOURCES.txt'
[3.819s] adding license file 'LICENSE'
[3.820s] writing manifest file '../../build/master_node/master_node.egg-info/SOURCES.txt'
[3.821s] running build
[3.821s] running build_py
[3.822s] copying master_node/master_node.py -> /home/orangepi/AUV_ROS2/build/master_node/build/lib/master_node
[3.822s] running install
[3.823s] running install_lib
[3.825s] copying /home/orangepi/AUV_ROS2/build/master_node/build/lib/master_node/master_node.py -> /home/orangepi/AUV_ROS2/install/master_node/lib/python3.10/site-packages/master_node
[3.827s] byte-compiling /home/orangepi/AUV_ROS2/install/master_node/lib/python3.10/site-packages/master_node/master_node.py to master_node.cpython-310.pyc
[3.829s] running install_data
[3.830s] running install_egg_info
[3.833s] removing '/home/orangepi/AUV_ROS2/install/master_node/lib/python3.10/site-packages/master_node-0.0.0-py3.10.egg-info' (and everything under it)
[3.834s] Copying ../../build/master_node/master_node.egg-info to /home/orangepi/AUV_ROS2/install/master_node/lib/python3.10/site-packages/master_node-0.0.0-py3.10.egg-info
[3.836s] running install_scripts
[3.878s] Installing master_node script to /home/orangepi/AUV_ROS2/install/master_node/lib/master_node
[3.880s] writing list of installed files to '/home/orangepi/AUV_ROS2/build/master_node/install.log'
[4.476s] Invoked command in '/home/orangepi/AUV_ROS2/src/master_node' returned '0': PYTHONPATH=/home/orangepi/AUV_ROS2/build/master_node/prefix_override:/home/orangepi/AUV_ROS2/install/master_node/lib/python3.10/site-packages:${PYTHONPATH} /usr/bin/python3 -W ignore:setup.py install is deprecated setup.py egg_info --egg-base ../../build/master_node build --build-base /home/orangepi/AUV_ROS2/build/master_node/build install --record /home/orangepi/AUV_ROS2/build/master_node/install.log --single-version-externally-managed install_data
