[1.309s] Invoking command in '/home/orangepi/AUV_ROS2/src/task2_node': PYTHONPATH=/home/orangepi/AUV_ROS2/build/task2_node/prefix_override:/home/orangepi/AUV_ROS2/install/task2_node/lib/python3.10/site-packages:${PYTHONPATH} /usr/bin/python3 -W ignore:setup.py install is deprecated setup.py egg_info --egg-base ../../build/task2_node build --build-base /home/orangepi/AUV_ROS2/build/task2_node/build install --record /home/orangepi/AUV_ROS2/build/task2_node/install.log --single-version-externally-managed install_data
[1.811s] running egg_info
[1.812s] writing ../../build/task2_node/task2_node.egg-info/PKG-INFO
[1.813s] writing dependency_links to ../../build/task2_node/task2_node.egg-info/dependency_links.txt
[1.815s] writing entry points to ../../build/task2_node/task2_node.egg-info/entry_points.txt
[1.816s] writing requirements to ../../build/task2_node/task2_node.egg-info/requires.txt
[1.819s] writing top-level names to ../../build/task2_node/task2_node.egg-info/top_level.txt
[1.819s] reading manifest file '../../build/task2_node/task2_node.egg-info/SOURCES.txt'
[1.820s] adding license file 'LICENSE'
[1.820s] writing manifest file '../../build/task2_node/task2_node.egg-info/SOURCES.txt'
[1.821s] running build
[1.822s] running build_py
[1.822s] running install
[1.823s] running install_lib
[1.823s] running install_data
[1.824s] running install_egg_info
[1.824s] removing '/home/orangepi/AUV_ROS2/install/task2_node/lib/python3.10/site-packages/task2_node-0.0.0-py3.10.egg-info' (and everything under it)
[1.825s] Copying ../../build/task2_node/task2_node.egg-info to /home/orangepi/AUV_ROS2/install/task2_node/lib/python3.10/site-packages/task2_node-0.0.0-py3.10.egg-info
[1.825s] running install_scripts
[1.826s] Installing task2_node script to /home/orangepi/AUV_ROS2/install/task2_node/lib/task2_node
[1.827s] writing list of installed files to '/home/orangepi/AUV_ROS2/build/task2_node/install.log'
[1.842s] Invoked command in '/home/orangepi/AUV_ROS2/src/task2_node' returned '0': PYTHONPATH=/home/orangepi/AUV_ROS2/build/task2_node/prefix_override:/home/orangepi/AUV_ROS2/install/task2_node/lib/python3.10/site-packages:${PYTHONPATH} /usr/bin/python3 -W ignore:setup.py install is deprecated setup.py egg_info --egg-base ../../build/task2_node build --build-base /home/orangepi/AUV_ROS2/build/task2_node/build install --record /home/orangepi/AUV_ROS2/build/task2_node/install.log --single-version-externally-managed install_data
