[6.472s] Invoking command in '/home/orangepi/AUV_ROS2/src/master_node': PYTHONPATH=/home/orangepi/AUV_ROS2/build/master_node/prefix_override:/home/orangepi/AUV_ROS2/install/master_node/lib/python3.10/site-packages:${PYTHONPATH} /usr/bin/python3 setup.py egg_info --egg-base ../../build/master_node build --build-base /home/orangepi/AUV_ROS2/build/master_node/build install --record /home/orangepi/AUV_ROS2/build/master_node/install.log --single-version-externally-managed
[7.133s] running egg_info
[7.134s] writing ../../build/master_node/master_node.egg-info/PKG-INFO
[7.135s] writing dependency_links to ../../build/master_node/master_node.egg-info/dependency_links.txt
[7.135s] writing entry points to ../../build/master_node/master_node.egg-info/entry_points.txt
[7.136s] writing requirements to ../../build/master_node/master_node.egg-info/requires.txt
[7.136s] writing top-level names to ../../build/master_node/master_node.egg-info/top_level.txt
[7.139s] reading manifest file '../../build/master_node/master_node.egg-info/SOURCES.txt'
[7.140s] adding license file 'LICENSE'
[7.140s] writing manifest file '../../build/master_node/master_node.egg-info/SOURCES.txt'
[7.141s] running build
[7.142s] running build_py
[7.142s] copying master_node/master_node.py -> /home/orangepi/AUV_ROS2/build/master_node/build/lib/master_node
[7.142s] running install
[7.143s] /usr/lib/python3/dist-packages/setuptools/command/install.py:34: SetuptoolsDeprecationWarning: setup.py install is deprecated. Use build and pip and other standards-based tools.
[7.143s]   warnings.warn(
[7.144s] running install_lib
[7.144s] copying /home/orangepi/AUV_ROS2/build/master_node/build/lib/master_node/master_node.py -> /home/orangepi/AUV_ROS2/install/master_node/lib/python3.10/site-packages/master_node
[7.145s] byte-compiling /home/orangepi/AUV_ROS2/install/master_node/lib/python3.10/site-packages/master_node/master_node.py to master_node.cpython-310.pyc
[7.146s] running install_data
[7.147s] running install_egg_info
[7.150s] removing '/home/orangepi/AUV_ROS2/install/master_node/lib/python3.10/site-packages/master_node-0.0.0-py3.10.egg-info' (and everything under it)
[7.151s] Copying ../../build/master_node/master_node.egg-info to /home/orangepi/AUV_ROS2/install/master_node/lib/python3.10/site-packages/master_node-0.0.0-py3.10.egg-info
[7.151s] running install_scripts
[7.190s] Installing master_node script to /home/orangepi/AUV_ROS2/install/master_node/lib/master_node
[7.191s] writing list of installed files to '/home/orangepi/AUV_ROS2/build/master_node/install.log'
[8.830s] Invoked command in '/home/orangepi/AUV_ROS2/src/master_node' returned '0': PYTHONPATH=/home/orangepi/AUV_ROS2/build/master_node/prefix_override:/home/orangepi/AUV_ROS2/install/master_node/lib/python3.10/site-packages:${PYTHONPATH} /usr/bin/python3 setup.py egg_info --egg-base ../../build/master_node build --build-base /home/orangepi/AUV_ROS2/build/master_node/build install --record /home/orangepi/AUV_ROS2/build/master_node/install.log --single-version-externally-managed
