[3.896s] Invoking command in '/home/orangepi/AUV_ROS2/src/status_node': PYTHONPATH=/home/orangepi/AUV_ROS2/build/status_node/prefix_override:/home/orangepi/AUV_ROS2/install/status_node/lib/python3.10/site-packages:${PYTHONPATH} /usr/bin/python3 -W ignore:setup.py install is deprecated setup.py egg_info --egg-base ../../build/status_node build --build-base /home/orangepi/AUV_ROS2/build/status_node/build install --record /home/orangepi/AUV_ROS2/build/status_node/install.log --single-version-externally-managed install_data
[4.961s] running egg_info
[4.963s] writing ../../build/status_node/status_node.egg-info/PKG-INFO
[4.963s] writing dependency_links to ../../build/status_node/status_node.egg-info/dependency_links.txt
[4.963s] writing entry points to ../../build/status_node/status_node.egg-info/entry_points.txt
[4.963s] writing requirements to ../../build/status_node/status_node.egg-info/requires.txt
[4.964s] writing top-level names to ../../build/status_node/status_node.egg-info/top_level.txt
[4.969s] reading manifest file '../../build/status_node/status_node.egg-info/SOURCES.txt'
[4.971s] writing manifest file '../../build/status_node/status_node.egg-info/SOURCES.txt'
[4.976s] running build
[4.977s] running build_py
[4.978s] running install
[4.979s] running install_lib
[4.983s] running install_data
[4.983s] running install_egg_info
[4.984s] removing '/home/orangepi/AUV_ROS2/install/status_node/lib/python3.10/site-packages/status_node-0.0.0-py3.10.egg-info' (and everything under it)
[4.985s] Copying ../../build/status_node/status_node.egg-info to /home/orangepi/AUV_ROS2/install/status_node/lib/python3.10/site-packages/status_node-0.0.0-py3.10.egg-info
[4.985s] running install_scripts
[5.016s] Installing status_node script to /home/orangepi/AUV_ROS2/install/status_node/lib/status_node
[5.017s] writing list of installed files to '/home/orangepi/AUV_ROS2/build/status_node/install.log'
[5.134s] Invoked command in '/home/orangepi/AUV_ROS2/src/status_node' returned '0': PYTHONPATH=/home/orangepi/AUV_ROS2/build/status_node/prefix_override:/home/orangepi/AUV_ROS2/install/status_node/lib/python3.10/site-packages:${PYTHONPATH} /usr/bin/python3 -W ignore:setup.py install is deprecated setup.py egg_info --egg-base ../../build/status_node build --build-base /home/orangepi/AUV_ROS2/build/status_node/build install --record /home/orangepi/AUV_ROS2/build/status_node/install.log --single-version-externally-managed install_data
