[5.993s] Invoking command in '/home/orangepi/AUV_ROS2/src/control_node': PYTHONPATH=/home/orangepi/AUV_ROS2/build/control_node/prefix_override:/home/orangepi/AUV_ROS2/install/control_node/lib/python3.10/site-packages:${PYTHONPATH} /usr/bin/python3 setup.py egg_info --egg-base ../../build/control_node build --build-base /home/orangepi/AUV_ROS2/build/control_node/build install --record /home/orangepi/AUV_ROS2/build/control_node/install.log --single-version-externally-managed
[6.616s] running egg_info
[6.618s] writing ../../build/control_node/control_node.egg-info/PKG-INFO
[6.619s] writing dependency_links to ../../build/control_node/control_node.egg-info/dependency_links.txt
[6.621s] writing entry points to ../../build/control_node/control_node.egg-info/entry_points.txt
[6.622s] writing requirements to ../../build/control_node/control_node.egg-info/requires.txt
[6.622s] writing top-level names to ../../build/control_node/control_node.egg-info/top_level.txt
[6.622s] package init file 'control_node/submodules/__init__.py' not found (or not a regular file)
[6.624s] reading manifest file '../../build/control_node/control_node.egg-info/SOURCES.txt'
[6.624s] adding license file 'LICENSE'
[6.627s] writing manifest file '../../build/control_node/control_node.egg-info/SOURCES.txt'
[6.627s] running build
[6.627s] running build_py
[6.627s] copying control_node/control_node.py -> /home/orangepi/AUV_ROS2/build/control_node/build/lib/control_node
[6.628s] running install
[6.628s] /usr/lib/python3/dist-packages/setuptools/command/install.py:34: SetuptoolsDeprecationWarning: setup.py install is deprecated. Use build and pip and other standards-based tools.
[6.628s]   warnings.warn(
[6.629s] running install_lib
[6.629s] copying /home/orangepi/AUV_ROS2/build/control_node/build/lib/control_node/control_node.py -> /home/orangepi/AUV_ROS2/install/control_node/lib/python3.10/site-packages/control_node
[6.629s] byte-compiling /home/orangepi/AUV_ROS2/install/control_node/lib/python3.10/site-packages/control_node/control_node.py to control_node.cpython-310.pyc
[6.631s] running install_data
[6.632s] running install_egg_info
[6.637s] removing '/home/orangepi/AUV_ROS2/install/control_node/lib/python3.10/site-packages/control_node-0.0.0-py3.10.egg-info' (and everything under it)
[6.637s] Copying ../../build/control_node/control_node.egg-info to /home/orangepi/AUV_ROS2/install/control_node/lib/python3.10/site-packages/control_node-0.0.0-py3.10.egg-info
[6.637s] running install_scripts
[6.680s] Installing control_node script to /home/orangepi/AUV_ROS2/install/control_node/lib/control_node
[6.681s] writing list of installed files to '/home/orangepi/AUV_ROS2/build/control_node/install.log'
[8.145s] Invoked command in '/home/orangepi/AUV_ROS2/src/control_node' returned '0': PYTHONPATH=/home/orangepi/AUV_ROS2/build/control_node/prefix_override:/home/orangepi/AUV_ROS2/install/control_node/lib/python3.10/site-packages:${PYTHONPATH} /usr/bin/python3 setup.py egg_info --egg-base ../../build/control_node build --build-base /home/orangepi/AUV_ROS2/build/control_node/build install --record /home/orangepi/AUV_ROS2/build/control_node/install.log --single-version-externally-managed
