[5.777s] Invoking command in '/home/orangepi/AUV_ROS2/src/control_node': PYTHONPATH=/home/orangepi/AUV_ROS2/build/control_node/prefix_override:/home/orangepi/AUV_ROS2/install/control_node/lib/python3.10/site-packages:${PYTHONPATH} /usr/bin/python3 setup.py egg_info --egg-base ../../build/control_node build --build-base /home/orangepi/AUV_ROS2/build/control_node/build install --record /home/orangepi/AUV_ROS2/build/control_node/install.log --single-version-externally-managed
[6.197s] running egg_info
[6.199s] writing ../../build/control_node/control_node.egg-info/PKG-INFO
[6.201s] writing dependency_links to ../../build/control_node/control_node.egg-info/dependency_links.txt
[6.204s] writing entry points to ../../build/control_node/control_node.egg-info/entry_points.txt
[6.205s] writing requirements to ../../build/control_node/control_node.egg-info/requires.txt
[6.206s] writing top-level names to ../../build/control_node/control_node.egg-info/top_level.txt
[6.207s] package init file 'control_node/submodules/__init__.py' not found (or not a regular file)
[6.209s] reading manifest file '../../build/control_node/control_node.egg-info/SOURCES.txt'
[6.210s] adding license file 'LICENSE'
[6.211s] writing manifest file '../../build/control_node/control_node.egg-info/SOURCES.txt'
[6.212s] running build
[6.214s] running build_py
[6.215s] running install
[6.217s] /usr/lib/python3/dist-packages/setuptools/command/install.py:34: SetuptoolsDeprecationWarning: setup.py install is deprecated. Use build and pip and other standards-based tools.
[6.218s]   warnings.warn(
[6.219s] running install_lib
[6.220s] running install_data
[6.224s] running install_egg_info
[6.224s] removing '/home/orangepi/AUV_ROS2/install/control_node/lib/python3.10/site-packages/control_node-0.0.0-py3.10.egg-info' (and everything under it)
[6.225s] Copying ../../build/control_node/control_node.egg-info to /home/orangepi/AUV_ROS2/install/control_node/lib/python3.10/site-packages/control_node-0.0.0-py3.10.egg-info
[6.226s] running install_scripts
[6.261s] Installing control_node script to /home/orangepi/AUV_ROS2/install/control_node/lib/control_node
[6.262s] writing list of installed files to '/home/orangepi/AUV_ROS2/build/control_node/install.log'
[7.400s] Invoked command in '/home/orangepi/AUV_ROS2/src/control_node' returned '0': PYTHONPATH=/home/orangepi/AUV_ROS2/build/control_node/prefix_override:/home/orangepi/AUV_ROS2/install/control_node/lib/python3.10/site-packages:${PYTHONPATH} /usr/bin/python3 setup.py egg_info --egg-base ../../build/control_node build --build-base /home/orangepi/AUV_ROS2/build/control_node/build install --record /home/orangepi/AUV_ROS2/build/control_node/install.log --single-version-externally-managed
