[3.438s] Invoking command in '/home/orangepi/AUV_ROS2/src/buoyancy_node': PYTHONPATH=/home/orangepi/AUV_ROS2/build/buoyancy_node/prefix_override:/home/orangepi/AUV_ROS2/install/buoyancy_node/lib/python3.10/site-packages:${PYTHONPATH} /usr/bin/python3 -W ignore:setup.py install is deprecated setup.py egg_info --egg-base ../../build/buoyancy_node build --build-base /home/orangepi/AUV_ROS2/build/buoyancy_node/build install --record /home/orangepi/AUV_ROS2/build/buoyancy_node/install.log --single-version-externally-managed install_data
[3.823s] running egg_info
[3.825s] writing ../../build/buoyancy_node/buoyancy_node.egg-info/PKG-INFO
[3.826s] writing dependency_links to ../../build/buoyancy_node/buoyancy_node.egg-info/dependency_links.txt
[3.826s] writing entry points to ../../build/buoyancy_node/buoyancy_node.egg-info/entry_points.txt
[3.827s] writing requirements to ../../build/buoyancy_node/buoyancy_node.egg-info/requires.txt
[3.827s] writing top-level names to ../../build/buoyancy_node/buoyancy_node.egg-info/top_level.txt
[3.832s] package init file 'buoyancy_node/submodules/__init__.py' not found (or not a regular file)
[3.833s] reading manifest file '../../build/buoyancy_node/buoyancy_node.egg-info/SOURCES.txt'
[3.835s] writing manifest file '../../build/buoyancy_node/buoyancy_node.egg-info/SOURCES.txt'
[3.836s] running build
[3.836s] running build_py
[3.836s] running install
[3.837s] running install_lib
[3.840s] running install_data
[3.840s] running install_egg_info
[3.844s] removing '/home/orangepi/AUV_ROS2/install/buoyancy_node/lib/python3.10/site-packages/buoyancy_node-0.0.0-py3.10.egg-info' (and everything under it)
[3.844s] Copying ../../build/buoyancy_node/buoyancy_node.egg-info to /home/orangepi/AUV_ROS2/install/buoyancy_node/lib/python3.10/site-packages/buoyancy_node-0.0.0-py3.10.egg-info
[3.846s] running install_scripts
[3.986s] Installing buoyancy_node script to /home/orangepi/AUV_ROS2/install/buoyancy_node/lib/buoyancy_node
[3.988s] Installing buoyancy_node_test script to /home/orangepi/AUV_ROS2/install/buoyancy_node/lib/buoyancy_node
[3.991s] writing list of installed files to '/home/orangepi/AUV_ROS2/build/buoyancy_node/install.log'
[4.512s] Invoked command in '/home/orangepi/AUV_ROS2/src/buoyancy_node' returned '0': PYTHONPATH=/home/orangepi/AUV_ROS2/build/buoyancy_node/prefix_override:/home/orangepi/AUV_ROS2/install/buoyancy_node/lib/python3.10/site-packages:${PYTHONPATH} /usr/bin/python3 -W ignore:setup.py install is deprecated setup.py egg_info --egg-base ../../build/buoyancy_node build --build-base /home/orangepi/AUV_ROS2/build/buoyancy_node/build install --record /home/orangepi/AUV_ROS2/build/buoyancy_node/install.log --single-version-externally-managed install_data
