[4.432s] Invoking command in '/home/orangepi/AUV_ROS2/src/master_node_simulation': PYTHONPATH=/home/orangepi/AUV_ROS2/build/master_node_simulation/prefix_override:/home/orangepi/AUV_ROS2/install/master_node_simulation/lib/python3.10/site-packages:${PYTHONPATH} /usr/bin/python3 -W ignore:setup.py install is deprecated setup.py egg_info --egg-base ../../build/master_node_simulation build --build-base /home/orangepi/AUV_ROS2/build/master_node_simulation/build install --record /home/orangepi/AUV_ROS2/build/master_node_simulation/install.log --single-version-externally-managed install_data
[4.879s] running egg_info
[4.882s] writing ../../build/master_node_simulation/master_node_simulation.egg-info/PKG-INFO
[4.886s] writing dependency_links to ../../build/master_node_simulation/master_node_simulation.egg-info/dependency_links.txt
[4.886s] writing entry points to ../../build/master_node_simulation/master_node_simulation.egg-info/entry_points.txt
[4.886s] writing requirements to ../../build/master_node_simulation/master_node_simulation.egg-info/requires.txt
[4.886s] writing top-level names to ../../build/master_node_simulation/master_node_simulation.egg-info/top_level.txt
[4.896s] reading manifest file '../../build/master_node_simulation/master_node_simulation.egg-info/SOURCES.txt'
[4.901s] writing manifest file '../../build/master_node_simulation/master_node_simulation.egg-info/SOURCES.txt'
[4.901s] running build
[4.902s] running build_py
[4.904s] running install
[4.904s] running install_lib
[4.911s] running install_data
[4.911s] running install_egg_info
[4.921s] removing '/home/orangepi/AUV_ROS2/install/master_node_simulation/lib/python3.10/site-packages/master_node_simulation-0.0.0-py3.10.egg-info' (and everything under it)
[4.929s] Copying ../../build/master_node_simulation/master_node_simulation.egg-info to /home/orangepi/AUV_ROS2/install/master_node_simulation/lib/python3.10/site-packages/master_node_simulation-0.0.0-py3.10.egg-info
[4.946s] running install_scripts
[5.061s] Installing master_node script to /home/orangepi/AUV_ROS2/install/master_node_simulation/lib/master_node_simulation
[5.062s] writing list of installed files to '/home/orangepi/AUV_ROS2/build/master_node_simulation/install.log'
[5.126s] Invoked command in '/home/orangepi/AUV_ROS2/src/master_node_simulation' returned '0': PYTHONPATH=/home/orangepi/AUV_ROS2/build/master_node_simulation/prefix_override:/home/orangepi/AUV_ROS2/install/master_node_simulation/lib/python3.10/site-packages:${PYTHONPATH} /usr/bin/python3 -W ignore:setup.py install is deprecated setup.py egg_info --egg-base ../../build/master_node_simulation build --build-base /home/orangepi/AUV_ROS2/build/master_node_simulation/build install --record /home/orangepi/AUV_ROS2/build/master_node_simulation/install.log --single-version-externally-managed install_data
