[5.307s] Invoking command in '/home/orangepi/AUV_ROS2/src/task2_node': PYTHONPATH=/home/orangepi/AUV_ROS2/build/task2_node/prefix_override:/home/orangepi/AUV_ROS2/install/task2_node/lib/python3.10/site-packages:${PYTHONPATH} /usr/bin/python3 setup.py egg_info --egg-base ../../build/task2_node build --build-base /home/orangepi/AUV_ROS2/build/task2_node/build install --record /home/orangepi/AUV_ROS2/build/task2_node/install.log --single-version-externally-managed
[6.069s] running egg_info
[6.070s] writing ../../build/task2_node/task2_node.egg-info/PKG-INFO
[6.071s] writing dependency_links to ../../build/task2_node/task2_node.egg-info/dependency_links.txt
[6.072s] writing entry points to ../../build/task2_node/task2_node.egg-info/entry_points.txt
[6.072s] writing requirements to ../../build/task2_node/task2_node.egg-info/requires.txt
[6.072s] writing top-level names to ../../build/task2_node/task2_node.egg-info/top_level.txt
[6.074s] reading manifest file '../../build/task2_node/task2_node.egg-info/SOURCES.txt'
[6.075s] adding license file 'LICENSE'
[6.076s] writing manifest file '../../build/task2_node/task2_node.egg-info/SOURCES.txt'
[6.076s] running build
[6.077s] running build_py
[6.077s] running install
[6.078s] /usr/lib/python3/dist-packages/setuptools/command/install.py:34: SetuptoolsDeprecationWarning: setup.py install is deprecated. Use build and pip and other standards-based tools.
[6.078s]   warnings.warn(
[6.079s] running install_lib
[6.079s] running install_data
[6.080s] running install_egg_info
[6.083s] removing '/home/orangepi/AUV_ROS2/install/task2_node/lib/python3.10/site-packages/task2_node-0.0.0-py3.10.egg-info' (and everything under it)
[6.085s] Copying ../../build/task2_node/task2_node.egg-info to /home/orangepi/AUV_ROS2/install/task2_node/lib/python3.10/site-packages/task2_node-0.0.0-py3.10.egg-info
[6.086s] running install_scripts
[6.126s] Installing task2_node script to /home/orangepi/AUV_ROS2/install/task2_node/lib/task2_node
[6.126s] writing list of installed files to '/home/orangepi/AUV_ROS2/build/task2_node/install.log'
[6.199s] Invoked command in '/home/orangepi/AUV_ROS2/src/task2_node' returned '0': PYTHONPATH=/home/orangepi/AUV_ROS2/build/task2_node/prefix_override:/home/orangepi/AUV_ROS2/install/task2_node/lib/python3.10/site-packages:${PYTHONPATH} /usr/bin/python3 setup.py egg_info --egg-base ../../build/task2_node build --build-base /home/orangepi/AUV_ROS2/build/task2_node/build install --record /home/orangepi/AUV_ROS2/build/task2_node/install.log --single-version-externally-managed
