running egg_info
writing ../../build/control_node/control_node.egg-info/PKG-INFO
writing dependency_links to ../../build/control_node/control_node.egg-info/dependency_links.txt
writing entry points to ../../build/control_node/control_node.egg-info/entry_points.txt
writing requirements to ../../build/control_node/control_node.egg-info/requires.txt
writing top-level names to ../../build/control_node/control_node.egg-info/top_level.txt
package init file 'control_node/submodules/__init__.py' not found (or not a regular file)
reading manifest file '../../build/control_node/control_node.egg-info/SOURCES.txt'
adding license file 'LICENSE'
writing manifest file '../../build/control_node/control_node.egg-info/SOURCES.txt'
running build
running build_py
running install
running install_lib
running install_data
running install_egg_info
removing '/home/orangepi/AUV_ROS2/install/control_node/lib/python3.10/site-packages/control_node-0.0.0-py3.10.egg-info' (and everything under it)
Copying ../../build/control_node/control_node.egg-info to /home/orangepi/AUV_ROS2/install/control_node/lib/python3.10/site-packages/control_node-0.0.0-py3.10.egg-info
running install_scripts
/usr/lib/python3/dist-packages/setuptools/command/install.py:34: SetuptoolsDeprecationWarning: setup.py install is deprecated. Use build and pip and other standards-based tools.
  warnings.warn(
Installing control_node script to /home/orangepi/AUV_ROS2/install/control_node/lib/control_node
writing list of installed files to '/home/orangepi/AUV_ROS2/build/control_node/install.log'
