[3.310s] Invoking command in '/home/orangepi/AUV_ROS2/src/task2_drum_detection': PYTHONPATH=/home/orangepi/AUV_ROS2/build/task2_drum_detection/prefix_override:/home/orangepi/AUV_ROS2/install/task2_drum_detection/lib/python3.10/site-packages:${PYTHONPATH} /usr/bin/python3 setup.py egg_info --egg-base ../../build/task2_drum_detection build --build-base /home/orangepi/AUV_ROS2/build/task2_drum_detection/build install --record /home/orangepi/AUV_ROS2/build/task2_drum_detection/install.log --single-version-externally-managed
[3.673s] running egg_info
[3.674s] writing ../../build/task2_drum_detection/task2_drum_detection.egg-info/PKG-INFO
[3.675s] writing dependency_links to ../../build/task2_drum_detection/task2_drum_detection.egg-info/dependency_links.txt
[3.676s] writing entry points to ../../build/task2_drum_detection/task2_drum_detection.egg-info/entry_points.txt
[3.676s] writing requirements to ../../build/task2_drum_detection/task2_drum_detection.egg-info/requires.txt
[3.677s] writing top-level names to ../../build/task2_drum_detection/task2_drum_detection.egg-info/top_level.txt
[3.679s] reading manifest file '../../build/task2_drum_detection/task2_drum_detection.egg-info/SOURCES.txt'
[3.680s] writing manifest file '../../build/task2_drum_detection/task2_drum_detection.egg-info/SOURCES.txt'
[3.681s] running build
[3.681s] running build_py
[3.682s] running install
[3.682s] /usr/lib/python3/dist-packages/setuptools/command/install.py:34: SetuptoolsDeprecationWarning: setup.py install is deprecated. Use build and pip and other standards-based tools.
[3.683s]   warnings.warn(
[3.683s] running install_lib
[3.684s] running install_data
[3.685s] running install_egg_info
[3.688s] removing '/home/orangepi/AUV_ROS2/install/task2_drum_detection/lib/python3.10/site-packages/task2_drum_detection-0.0.0-py3.10.egg-info' (and everything under it)
[3.689s] Copying ../../build/task2_drum_detection/task2_drum_detection.egg-info to /home/orangepi/AUV_ROS2/install/task2_drum_detection/lib/python3.10/site-packages/task2_drum_detection-0.0.0-py3.10.egg-info
[3.690s] running install_scripts
[3.726s] Installing drum_detection script to /home/orangepi/AUV_ROS2/install/task2_drum_detection/lib/task2_drum_detection
[3.726s] writing list of installed files to '/home/orangepi/AUV_ROS2/build/task2_drum_detection/install.log'
[3.796s] Invoked command in '/home/orangepi/AUV_ROS2/src/task2_drum_detection' returned '0': PYTHONPATH=/home/orangepi/AUV_ROS2/build/task2_drum_detection/prefix_override:/home/orangepi/AUV_ROS2/install/task2_drum_detection/lib/python3.10/site-packages:${PYTHONPATH} /usr/bin/python3 setup.py egg_info --egg-base ../../build/task2_drum_detection build --build-base /home/orangepi/AUV_ROS2/build/task2_drum_detection/build install --record /home/orangepi/AUV_ROS2/build/task2_drum_detection/install.log --single-version-externally-managed
