[3.664s] Invoking command in '/home/orangepi/AUV_ROS2/src/facer_input': PYTHONPATH=/home/orangepi/AUV_ROS2/build/facer_input/prefix_override:/home/orangepi/AUV_ROS2/install/facer_input/lib/python3.10/site-packages:${PYTHONPATH} /usr/bin/python3 -W ignore:setup.py install is deprecated setup.py egg_info --egg-base ../../build/facer_input build --build-base /home/orangepi/AUV_ROS2/build/facer_input/build install --record /home/orangepi/AUV_ROS2/build/facer_input/install.log --single-version-externally-managed install_data
[4.168s] running egg_info
[4.170s] writing ../../build/facer_input/facer_input.egg-info/PKG-INFO
[4.172s] writing dependency_links to ../../build/facer_input/facer_input.egg-info/dependency_links.txt
[4.173s] writing entry points to ../../build/facer_input/facer_input.egg-info/entry_points.txt
[4.174s] writing requirements to ../../build/facer_input/facer_input.egg-info/requires.txt
[4.176s] writing top-level names to ../../build/facer_input/facer_input.egg-info/top_level.txt
[4.177s] reading manifest file '../../build/facer_input/facer_input.egg-info/SOURCES.txt'
[4.177s] writing manifest file '../../build/facer_input/facer_input.egg-info/SOURCES.txt'
[4.178s] running build
[4.178s] running build_py
[4.179s] running install
[4.179s] running install_lib
[4.179s] running install_data
[4.180s] running install_egg_info
[4.180s] removing '/home/orangepi/AUV_ROS2/install/facer_input/lib/python3.10/site-packages/facer_input-0.0.0-py3.10.egg-info' (and everything under it)
[4.180s] Copying ../../build/facer_input/facer_input.egg-info to /home/orangepi/AUV_ROS2/install/facer_input/lib/python3.10/site-packages/facer_input-0.0.0-py3.10.egg-info
[4.181s] running install_scripts
[4.181s] Installing capture_image script to /home/orangepi/AUV_ROS2/install/facer_input/lib/facer_input
[4.182s] writing list of installed files to '/home/orangepi/AUV_ROS2/build/facer_input/install.log'
[4.184s] Invoked command in '/home/orangepi/AUV_ROS2/src/facer_input' returned '0': PYTHONPATH=/home/orangepi/AUV_ROS2/build/facer_input/prefix_override:/home/orangepi/AUV_ROS2/install/facer_input/lib/python3.10/site-packages:${PYTHONPATH} /usr/bin/python3 -W ignore:setup.py install is deprecated setup.py egg_info --egg-base ../../build/facer_input build --build-base /home/orangepi/AUV_ROS2/build/facer_input/build install --record /home/orangepi/AUV_ROS2/build/facer_input/install.log --single-version-externally-managed install_data
