[6.249s] Invoking command in '/home/orangepi/AUV_ROS2/src/control_node': PYTHONPATH=/home/orangepi/AUV_ROS2/build/control_node/prefix_override:/home/orangepi/AUV_ROS2/install/control_node/lib/python3.10/site-packages:${PYTHONPATH} /usr/bin/python3 setup.py egg_info --egg-base ../../build/control_node build --build-base /home/orangepi/AUV_ROS2/build/control_node/build install --record /home/orangepi/AUV_ROS2/build/control_node/install.log --single-version-externally-managed
[6.617s] running egg_info
[6.619s] writing ../../build/control_node/control_node.egg-info/PKG-INFO
[6.619s] writing dependency_links to ../../build/control_node/control_node.egg-info/dependency_links.txt
[6.620s] writing entry points to ../../build/control_node/control_node.egg-info/entry_points.txt
[6.620s] writing requirements to ../../build/control_node/control_node.egg-info/requires.txt
[6.620s] writing top-level names to ../../build/control_node/control_node.egg-info/top_level.txt
[6.624s] package init file 'control_node/submodules/__init__.py' not found (or not a regular file)
[6.624s] reading manifest file '../../build/control_node/control_node.egg-info/SOURCES.txt'
[6.624s] adding license file 'LICENSE'
[6.627s] writing manifest file '../../build/control_node/control_node.egg-info/SOURCES.txt'
[6.627s] running build
[6.628s] running build_py
[6.628s] copying control_node/submodules/auv_control_function.py -> /home/orangepi/AUV_ROS2/build/control_node/build/lib/control_node/submodules
[6.628s] running install
[6.629s] /usr/lib/python3/dist-packages/setuptools/command/install.py:34: SetuptoolsDeprecationWarning: setup.py install is deprecated. Use build and pip and other standards-based tools.
[6.629s]   warnings.warn(
[6.630s] running install_lib
[6.631s] copying /home/orangepi/AUV_ROS2/build/control_node/build/lib/control_node/submodules/auv_control_function.py -> /home/orangepi/AUV_ROS2/install/control_node/lib/python3.10/site-packages/control_node/submodules
[6.632s] byte-compiling /home/orangepi/AUV_ROS2/install/control_node/lib/python3.10/site-packages/control_node/submodules/auv_control_function.py to auv_control_function.cpython-310.pyc
[6.634s] running install_data
[6.635s] running install_egg_info
[6.638s] removing '/home/orangepi/AUV_ROS2/install/control_node/lib/python3.10/site-packages/control_node-0.0.0-py3.10.egg-info' (and everything under it)
[6.639s] Copying ../../build/control_node/control_node.egg-info to /home/orangepi/AUV_ROS2/install/control_node/lib/python3.10/site-packages/control_node-0.0.0-py3.10.egg-info
[6.640s] running install_scripts
[6.676s] Installing control_node script to /home/orangepi/AUV_ROS2/install/control_node/lib/control_node
[6.679s] writing list of installed files to '/home/orangepi/AUV_ROS2/build/control_node/install.log'
[6.738s] Invoked command in '/home/orangepi/AUV_ROS2/src/control_node' returned '0': PYTHONPATH=/home/orangepi/AUV_ROS2/build/control_node/prefix_override:/home/orangepi/AUV_ROS2/install/control_node/lib/python3.10/site-packages:${PYTHONPATH} /usr/bin/python3 setup.py egg_info --egg-base ../../build/control_node build --build-base /home/orangepi/AUV_ROS2/build/control_node/build install --record /home/orangepi/AUV_ROS2/build/control_node/install.log --single-version-externally-managed
