[3.664s] Invoking command in '/home/orangepi/AUV_ROS2/src/facer_input': PYTHONPATH=/home/orangepi/AUV_ROS2/build/facer_input/prefix_override:/home/orangepi/AUV_ROS2/install/facer_input/lib/python3.10/site-packages:${PYTHONPATH} /usr/bin/python3 -W ignore:setup.py install is deprecated setup.py egg_info --egg-base ../../build/facer_input build --build-base /home/orangepi/AUV_ROS2/build/facer_input/build install --record /home/orangepi/AUV_ROS2/build/facer_input/install.log --single-version-externally-managed install_data
[4.565s] running egg_info
[4.566s] writing ../../build/facer_input/facer_input.egg-info/PKG-INFO
[4.566s] writing dependency_links to ../../build/facer_input/facer_input.egg-info/dependency_links.txt
[4.567s] writing entry points to ../../build/facer_input/facer_input.egg-info/entry_points.txt
[4.567s] writing requirements to ../../build/facer_input/facer_input.egg-info/requires.txt
[4.568s] writing top-level names to ../../build/facer_input/facer_input.egg-info/top_level.txt
[4.573s] reading manifest file '../../build/facer_input/facer_input.egg-info/SOURCES.txt'
[4.575s] writing manifest file '../../build/facer_input/facer_input.egg-info/SOURCES.txt'
[4.576s] running build
[4.576s] running build_py
[4.577s] running install
[4.577s] running install_lib
[4.577s] running install_data
[4.578s] running install_egg_info
[4.582s] removing '/home/orangepi/AUV_ROS2/install/facer_input/lib/python3.10/site-packages/facer_input-0.0.0-py3.10.egg-info' (and everything under it)
[4.583s] Copying ../../build/facer_input/facer_input.egg-info to /home/orangepi/AUV_ROS2/install/facer_input/lib/python3.10/site-packages/facer_input-0.0.0-py3.10.egg-info
[4.585s] running install_scripts
[4.622s] Installing capture_image script to /home/orangepi/AUV_ROS2/install/facer_input/lib/facer_input
[4.622s] writing list of installed files to '/home/orangepi/AUV_ROS2/build/facer_input/install.log'
[4.700s] Invoked command in '/home/orangepi/AUV_ROS2/src/facer_input' returned '0': PYTHONPATH=/home/orangepi/AUV_ROS2/build/facer_input/prefix_override:/home/orangepi/AUV_ROS2/install/facer_input/lib/python3.10/site-packages:${PYTHONPATH} /usr/bin/python3 -W ignore:setup.py install is deprecated setup.py egg_info --egg-base ../../build/facer_input build --build-base /home/orangepi/AUV_ROS2/build/facer_input/build install --record /home/orangepi/AUV_ROS2/build/facer_input/install.log --single-version-externally-managed install_data
