[4.063s] Invoking command in '/home/orangepi/AUV_ROS2/src/remote_node': PYTHONPATH=/home/orangepi/AUV_ROS2/build/remote_node/prefix_override:/home/orangepi/AUV_ROS2/install/remote_node/lib/python3.10/site-packages:${PYTHONPATH} /usr/bin/python3 -W ignore:setup.py install is deprecated setup.py egg_info --egg-base ../../build/remote_node build --build-base /home/orangepi/AUV_ROS2/build/remote_node/build install --record /home/orangepi/AUV_ROS2/build/remote_node/install.log --single-version-externally-managed install_data
[4.427s] running egg_info
[4.429s] writing ../../build/remote_node/remote_node.egg-info/PKG-INFO
[4.429s] writing dependency_links to ../../build/remote_node/remote_node.egg-info/dependency_links.txt
[4.429s] writing entry points to ../../build/remote_node/remote_node.egg-info/entry_points.txt
[4.430s] writing requirements to ../../build/remote_node/remote_node.egg-info/requires.txt
[4.430s] writing top-level names to ../../build/remote_node/remote_node.egg-info/top_level.txt
[4.433s] reading manifest file '../../build/remote_node/remote_node.egg-info/SOURCES.txt'
[4.434s] writing manifest file '../../build/remote_node/remote_node.egg-info/SOURCES.txt'
[4.435s] running build
[4.436s] running build_py
[4.436s] running install
[4.436s] running install_lib
[4.439s] running install_data
[4.439s] running install_egg_info
[4.444s] removing '/home/orangepi/AUV_ROS2/install/remote_node/lib/python3.10/site-packages/remote_node-0.0.0-py3.10.egg-info' (and everything under it)
[4.444s] Copying ../../build/remote_node/remote_node.egg-info to /home/orangepi/AUV_ROS2/install/remote_node/lib/python3.10/site-packages/remote_node-0.0.0-py3.10.egg-info
[4.445s] running install_scripts
[4.543s] writing list of installed files to '/home/orangepi/AUV_ROS2/build/remote_node/install.log'
[5.608s] Invoked command in '/home/orangepi/AUV_ROS2/src/remote_node' returned '0': PYTHONPATH=/home/orangepi/AUV_ROS2/build/remote_node/prefix_override:/home/orangepi/AUV_ROS2/install/remote_node/lib/python3.10/site-packages:${PYTHONPATH} /usr/bin/python3 -W ignore:setup.py install is deprecated setup.py egg_info --egg-base ../../build/remote_node build --build-base /home/orangepi/AUV_ROS2/build/remote_node/build install --record /home/orangepi/AUV_ROS2/build/remote_node/install.log --single-version-externally-managed install_data
