[1.282s] DEBUG:colcon:Command line arguments: ['/usr/bin/colcon', 'build']
[1.282s] DEBUG:colcon:Parsed command line arguments: Namespace(log_base=None, log_level=None, verb_name='build', build_base='build', install_base='install', merge_install=False, symlink_install=False, test_result_base=None, continue_on_error=False, executor='parallel', parallel_workers=8, event_handlers=None, ignore_user_meta=False, metas=['./colcon.meta'], base_paths=['.'], packages_ignore=None, packages_ignore_regex=None, paths=None, packages_up_to=None, packages_up_to_regex=None, packages_above=None, packages_above_and_dependencies=None, packages_above_depth=None, packages_select_by_dep=None, packages_skip_by_dep=None, packages_skip_up_to=None, packages_select_build_failed=False, packages_skip_build_finished=False, packages_select_test_failures=False, packages_skip_test_passed=False, packages_select=None, packages_skip=None, packages_select_regex=None, packages_skip_regex=None, packages_start=None, packages_end=None, cmake_args=None, cmake_target=None, cmake_target_skip_unavailable=False, cmake_clean_cache=False, cmake_clean_first=False, cmake_force_configure=False, ament_cmake_args=None, catkin_cmake_args=None, catkin_skip_building_tests=False, verb_parser=<colcon_defaults.argument_parser.defaults.DefaultArgumentsDecorator object at 0x7facb2f6d0>, verb_extension=<colcon_core.verb.build.BuildVerb object at 0x7facfdb2e0>, main=<bound method BuildVerb.main of <colcon_core.verb.build.BuildVerb object at 0x7facfdb2e0>>)
[1.346s] Level 1:colcon.colcon_core.package_discovery:discover_packages(colcon_meta) check parameters
[1.346s] Level 1:colcon.colcon_core.package_discovery:discover_packages(recursive) check parameters
[1.346s] Level 1:colcon.colcon_core.package_discovery:discover_packages(ignore) check parameters
[1.346s] Level 1:colcon.colcon_core.package_discovery:discover_packages(path) check parameters
[1.346s] Level 1:colcon.colcon_core.package_discovery:discover_packages(colcon_meta) discover
[1.346s] Level 1:colcon.colcon_core.package_discovery:discover_packages(recursive) discover
[1.346s] INFO:colcon.colcon_core.package_discovery:Crawling recursively for packages in '/home/orangepi/AUV_ROS2'
[1.346s] Level 1:colcon.colcon_core.package_identification:_identify(.) by extensions ['ignore', 'ignore_ament_install']
[1.347s] Level 1:colcon.colcon_core.package_identification:_identify(.) by extension 'ignore'
[1.347s] Level 1:colcon.colcon_core.package_identification:_identify(.) by extension 'ignore_ament_install'
[1.347s] Level 1:colcon.colcon_core.package_identification:_identify(.) by extensions ['colcon_pkg']
[1.347s] Level 1:colcon.colcon_core.package_identification:_identify(.) by extension 'colcon_pkg'
[1.347s] Level 1:colcon.colcon_core.package_identification:_identify(.) by extensions ['colcon_meta']
[1.347s] Level 1:colcon.colcon_core.package_identification:_identify(.) by extension 'colcon_meta'
[1.347s] Level 1:colcon.colcon_core.package_identification:_identify(.) by extensions ['ros']
[1.347s] Level 1:colcon.colcon_core.package_identification:_identify(.) by extension 'ros'
[1.364s] Level 1:colcon.colcon_core.package_identification:_identify(.) by extensions ['cmake', 'python']
[1.365s] Level 1:colcon.colcon_core.package_identification:_identify(.) by extension 'cmake'
[1.365s] Level 1:colcon.colcon_core.package_identification:_identify(.) by extension 'python'
[1.365s] Level 1:colcon.colcon_core.package_identification:_identify(.) by extensions ['python_setup_py']
[1.365s] Level 1:colcon.colcon_core.package_identification:_identify(.) by extension 'python_setup_py'
[1.365s] Level 1:colcon.colcon_core.package_identification:_identify(build) by extensions ['ignore', 'ignore_ament_install']
[1.365s] Level 1:colcon.colcon_core.package_identification:_identify(build) by extension 'ignore'
[1.365s] Level 1:colcon.colcon_core.package_identification:_identify(build) ignored
[1.365s] Level 1:colcon.colcon_core.package_identification:_identify(install) by extensions ['ignore', 'ignore_ament_install']
[1.365s] Level 1:colcon.colcon_core.package_identification:_identify(install) by extension 'ignore'
[1.366s] Level 1:colcon.colcon_core.package_identification:_identify(install) ignored
[1.366s] Level 1:colcon.colcon_core.package_identification:_identify(log) by extensions ['ignore', 'ignore_ament_install']
[1.366s] Level 1:colcon.colcon_core.package_identification:_identify(log) by extension 'ignore'
[1.366s] Level 1:colcon.colcon_core.package_identification:_identify(log) ignored
[1.366s] Level 1:colcon.colcon_core.package_identification:_identify(src) by extensions ['ignore', 'ignore_ament_install']
[1.366s] Level 1:colcon.colcon_core.package_identification:_identify(src) by extension 'ignore'
[1.366s] Level 1:colcon.colcon_core.package_identification:_identify(src) by extension 'ignore_ament_install'
[1.366s] Level 1:colcon.colcon_core.package_identification:_identify(src) by extensions ['colcon_pkg']
[1.366s] Level 1:colcon.colcon_core.package_identification:_identify(src) by extension 'colcon_pkg'
[1.366s] Level 1:colcon.colcon_core.package_identification:_identify(src) by extensions ['colcon_meta']
[1.366s] Level 1:colcon.colcon_core.package_identification:_identify(src) by extension 'colcon_meta'
[1.366s] Level 1:colcon.colcon_core.package_identification:_identify(src) by extensions ['ros']
[1.366s] Level 1:colcon.colcon_core.package_identification:_identify(src) by extension 'ros'
[1.367s] Level 1:colcon.colcon_core.package_identification:_identify(src) by extensions ['cmake', 'python']
[1.367s] Level 1:colcon.colcon_core.package_identification:_identify(src) by extension 'cmake'
[1.367s] Level 1:colcon.colcon_core.package_identification:_identify(src) by extension 'python'
[1.367s] Level 1:colcon.colcon_core.package_identification:_identify(src) by extensions ['python_setup_py']
[1.367s] Level 1:colcon.colcon_core.package_identification:_identify(src) by extension 'python_setup_py'
[1.367s] Level 1:colcon.colcon_core.package_identification:_identify(src/buoyancy_node) by extensions ['ignore', 'ignore_ament_install']
[1.367s] Level 1:colcon.colcon_core.package_identification:_identify(src/buoyancy_node) by extension 'ignore'
[1.367s] Level 1:colcon.colcon_core.package_identification:_identify(src/buoyancy_node) by extension 'ignore_ament_install'
[1.367s] Level 1:colcon.colcon_core.package_identification:_identify(src/buoyancy_node) by extensions ['colcon_pkg']
[1.367s] Level 1:colcon.colcon_core.package_identification:_identify(src/buoyancy_node) by extension 'colcon_pkg'
[1.367s] Level 1:colcon.colcon_core.package_identification:_identify(src/buoyancy_node) by extensions ['colcon_meta']
[1.367s] Level 1:colcon.colcon_core.package_identification:_identify(src/buoyancy_node) by extension 'colcon_meta'
[1.367s] Level 1:colcon.colcon_core.package_identification:_identify(src/buoyancy_node) by extensions ['ros']
[1.367s] Level 1:colcon.colcon_core.package_identification:_identify(src/buoyancy_node) by extension 'ros'
[1.371s] DEBUG:colcon.colcon_core.package_identification:Package 'src/buoyancy_node' with type 'ros.ament_python' and name 'buoyancy_node'
[1.371s] Level 1:colcon.colcon_core.package_identification:_identify(src/control_interfaces) by extensions ['ignore', 'ignore_ament_install']
[1.371s] Level 1:colcon.colcon_core.package_identification:_identify(src/control_interfaces) by extension 'ignore'
[1.371s] Level 1:colcon.colcon_core.package_identification:_identify(src/control_interfaces) by extension 'ignore_ament_install'
[1.371s] Level 1:colcon.colcon_core.package_identification:_identify(src/control_interfaces) by extensions ['colcon_pkg']
[1.371s] Level 1:colcon.colcon_core.package_identification:_identify(src/control_interfaces) by extension 'colcon_pkg'
[1.371s] Level 1:colcon.colcon_core.package_identification:_identify(src/control_interfaces) by extensions ['colcon_meta']
[1.371s] Level 1:colcon.colcon_core.package_identification:_identify(src/control_interfaces) by extension 'colcon_meta'
[1.371s] Level 1:colcon.colcon_core.package_identification:_identify(src/control_interfaces) by extensions ['ros']
[1.371s] Level 1:colcon.colcon_core.package_identification:_identify(src/control_interfaces) by extension 'ros'
[1.372s] DEBUG:colcon.colcon_core.package_identification:Package 'src/control_interfaces' with type 'ros.ament_cmake' and name 'control_interfaces'
[1.372s] Level 1:colcon.colcon_core.package_identification:_identify(src/control_node) by extensions ['ignore', 'ignore_ament_install']
[1.372s] Level 1:colcon.colcon_core.package_identification:_identify(src/control_node) by extension 'ignore'
[1.373s] Level 1:colcon.colcon_core.package_identification:_identify(src/control_node) by extension 'ignore_ament_install'
[1.373s] Level 1:colcon.colcon_core.package_identification:_identify(src/control_node) by extensions ['colcon_pkg']
[1.373s] Level 1:colcon.colcon_core.package_identification:_identify(src/control_node) by extension 'colcon_pkg'
[1.373s] Level 1:colcon.colcon_core.package_identification:_identify(src/control_node) by extensions ['colcon_meta']
[1.373s] Level 1:colcon.colcon_core.package_identification:_identify(src/control_node) by extension 'colcon_meta'
[1.373s] Level 1:colcon.colcon_core.package_identification:_identify(src/control_node) by extensions ['ros']
[1.373s] Level 1:colcon.colcon_core.package_identification:_identify(src/control_node) by extension 'ros'
[1.373s] DEBUG:colcon.colcon_core.package_identification:Package 'src/control_node' with type 'ros.ament_python' and name 'control_node'
[1.374s] Level 1:colcon.colcon_core.package_identification:_identify(src/master_node) by extensions ['ignore', 'ignore_ament_install']
[1.374s] Level 1:colcon.colcon_core.package_identification:_identify(src/master_node) by extension 'ignore'
[1.374s] Level 1:colcon.colcon_core.package_identification:_identify(src/master_node) by extension 'ignore_ament_install'
[1.374s] Level 1:colcon.colcon_core.package_identification:_identify(src/master_node) by extensions ['colcon_pkg']
[1.374s] Level 1:colcon.colcon_core.package_identification:_identify(src/master_node) by extension 'colcon_pkg'
[1.374s] Level 1:colcon.colcon_core.package_identification:_identify(src/master_node) by extensions ['colcon_meta']
[1.374s] Level 1:colcon.colcon_core.package_identification:_identify(src/master_node) by extension 'colcon_meta'
[1.374s] Level 1:colcon.colcon_core.package_identification:_identify(src/master_node) by extensions ['ros']
[1.374s] Level 1:colcon.colcon_core.package_identification:_identify(src/master_node) by extension 'ros'
[1.375s] DEBUG:colcon.colcon_core.package_identification:Package 'src/master_node' with type 'ros.ament_python' and name 'master_node'
[1.375s] Level 1:colcon.colcon_core.package_identification:_identify(src/remote_node) by extensions ['ignore', 'ignore_ament_install']
[1.375s] Level 1:colcon.colcon_core.package_identification:_identify(src/remote_node) by extension 'ignore'
[1.375s] Level 1:colcon.colcon_core.package_identification:_identify(src/remote_node) by extension 'ignore_ament_install'
[1.375s] Level 1:colcon.colcon_core.package_identification:_identify(src/remote_node) by extensions ['colcon_pkg']
[1.375s] Level 1:colcon.colcon_core.package_identification:_identify(src/remote_node) by extension 'colcon_pkg'
[1.375s] Level 1:colcon.colcon_core.package_identification:_identify(src/remote_node) by extensions ['colcon_meta']
[1.375s] Level 1:colcon.colcon_core.package_identification:_identify(src/remote_node) by extension 'colcon_meta'
[1.375s] Level 1:colcon.colcon_core.package_identification:_identify(src/remote_node) by extensions ['ros']
[1.375s] Level 1:colcon.colcon_core.package_identification:_identify(src/remote_node) by extension 'ros'
[1.376s] DEBUG:colcon.colcon_core.package_identification:Package 'src/remote_node' with type 'ros.ament_python' and name 'remote_node'
[1.376s] Level 1:colcon.colcon_core.package_identification:_identify(src/start_auv) by extensions ['ignore', 'ignore_ament_install']
[1.376s] Level 1:colcon.colcon_core.package_identification:_identify(src/start_auv) by extension 'ignore'
[1.376s] Level 1:colcon.colcon_core.package_identification:_identify(src/start_auv) by extension 'ignore_ament_install'
[1.376s] Level 1:colcon.colcon_core.package_identification:_identify(src/start_auv) by extensions ['colcon_pkg']
[1.376s] Level 1:colcon.colcon_core.package_identification:_identify(src/start_auv) by extension 'colcon_pkg'
[1.376s] Level 1:colcon.colcon_core.package_identification:_identify(src/start_auv) by extensions ['colcon_meta']
[1.376s] Level 1:colcon.colcon_core.package_identification:_identify(src/start_auv) by extension 'colcon_meta'
[1.376s] Level 1:colcon.colcon_core.package_identification:_identify(src/start_auv) by extensions ['ros']
[1.376s] Level 1:colcon.colcon_core.package_identification:_identify(src/start_auv) by extension 'ros'
[1.377s] DEBUG:colcon.colcon_core.package_identification:Package 'src/start_auv' with type 'ros.ament_python' and name 'start_auv'
[1.377s] Level 1:colcon.colcon_core.package_identification:_identify(src/task1_node) by extensions ['ignore', 'ignore_ament_install']
[1.377s] Level 1:colcon.colcon_core.package_identification:_identify(src/task1_node) by extension 'ignore'
[1.377s] Level 1:colcon.colcon_core.package_identification:_identify(src/task1_node) by extension 'ignore_ament_install'
[1.377s] Level 1:colcon.colcon_core.package_identification:_identify(src/task1_node) by extensions ['colcon_pkg']
[1.377s] Level 1:colcon.colcon_core.package_identification:_identify(src/task1_node) by extension 'colcon_pkg'
[1.377s] Level 1:colcon.colcon_core.package_identification:_identify(src/task1_node) by extensions ['colcon_meta']
[1.377s] Level 1:colcon.colcon_core.package_identification:_identify(src/task1_node) by extension 'colcon_meta'
[1.378s] Level 1:colcon.colcon_core.package_identification:_identify(src/task1_node) by extensions ['ros']
[1.378s] Level 1:colcon.colcon_core.package_identification:_identify(src/task1_node) by extension 'ros'
[1.378s] DEBUG:colcon.colcon_core.package_identification:Package 'src/task1_node' with type 'ros.ament_python' and name 'task1_node'
[1.378s] Level 1:colcon.colcon_core.package_identification:_identify(src/task2_node) by extensions ['ignore', 'ignore_ament_install']
[1.378s] Level 1:colcon.colcon_core.package_identification:_identify(src/task2_node) by extension 'ignore'
[1.378s] Level 1:colcon.colcon_core.package_identification:_identify(src/task2_node) by extension 'ignore_ament_install'
[1.379s] Level 1:colcon.colcon_core.package_identification:_identify(src/task2_node) by extensions ['colcon_pkg']
[1.379s] Level 1:colcon.colcon_core.package_identification:_identify(src/task2_node) by extension 'colcon_pkg'
[1.379s] Level 1:colcon.colcon_core.package_identification:_identify(src/task2_node) by extensions ['colcon_meta']
[1.379s] Level 1:colcon.colcon_core.package_identification:_identify(src/task2_node) by extension 'colcon_meta'
[1.379s] Level 1:colcon.colcon_core.package_identification:_identify(src/task2_node) by extensions ['ros']
[1.379s] Level 1:colcon.colcon_core.package_identification:_identify(src/task2_node) by extension 'ros'
[1.379s] DEBUG:colcon.colcon_core.package_identification:Package 'src/task2_node' with type 'ros.ament_python' and name 'task2_node'
[1.379s] Level 1:colcon.colcon_core.package_discovery:discover_packages(recursive) using defaults
[1.379s] Level 1:colcon.colcon_core.package_discovery:discover_packages(ignore) discover
[1.379s] Level 1:colcon.colcon_core.package_discovery:discover_packages(ignore) using defaults
[1.379s] Level 1:colcon.colcon_core.package_discovery:discover_packages(path) discover
[1.380s] Level 1:colcon.colcon_core.package_discovery:discover_packages(path) using defaults
[1.478s] Level 5:colcon.colcon_core.verb:set package 'buoyancy_node' build argument 'cmake_args' from command line to 'None'
[1.478s] Level 5:colcon.colcon_core.verb:set package 'buoyancy_node' build argument 'cmake_target' from command line to 'None'
[1.478s] Level 5:colcon.colcon_core.verb:set package 'buoyancy_node' build argument 'cmake_target_skip_unavailable' from command line to 'False'
[1.478s] Level 5:colcon.colcon_core.verb:set package 'buoyancy_node' build argument 'cmake_clean_cache' from command line to 'False'
[1.478s] Level 5:colcon.colcon_core.verb:set package 'buoyancy_node' build argument 'cmake_clean_first' from command line to 'False'
[1.478s] Level 5:colcon.colcon_core.verb:set package 'buoyancy_node' build argument 'cmake_force_configure' from command line to 'False'
[1.478s] Level 5:colcon.colcon_core.verb:set package 'buoyancy_node' build argument 'ament_cmake_args' from command line to 'None'
[1.478s] Level 5:colcon.colcon_core.verb:set package 'buoyancy_node' build argument 'catkin_cmake_args' from command line to 'None'
[1.478s] Level 5:colcon.colcon_core.verb:set package 'buoyancy_node' build argument 'catkin_skip_building_tests' from command line to 'False'
[1.479s] DEBUG:colcon.colcon_core.verb:Building package 'buoyancy_node' with the following arguments: {'ament_cmake_args': None, 'build_base': '/home/orangepi/AUV_ROS2/build/buoyancy_node', 'catkin_cmake_args': None, 'catkin_skip_building_tests': False, 'cmake_args': None, 'cmake_clean_cache': False, 'cmake_clean_first': False, 'cmake_force_configure': False, 'cmake_target': None, 'cmake_target_skip_unavailable': False, 'install_base': '/home/orangepi/AUV_ROS2/install/buoyancy_node', 'merge_install': False, 'path': '/home/orangepi/AUV_ROS2/src/buoyancy_node', 'symlink_install': False, 'test_result_base': None}
[1.496s] Level 5:colcon.colcon_core.verb:set package 'control_interfaces' build argument 'cmake_args' from command line to 'None'
[1.496s] Level 5:colcon.colcon_core.verb:set package 'control_interfaces' build argument 'cmake_target' from command line to 'None'
[1.496s] Level 5:colcon.colcon_core.verb:set package 'control_interfaces' build argument 'cmake_target_skip_unavailable' from command line to 'False'
[1.496s] Level 5:colcon.colcon_core.verb:set package 'control_interfaces' build argument 'cmake_clean_cache' from command line to 'False'
[1.496s] Level 5:colcon.colcon_core.verb:set package 'control_interfaces' build argument 'cmake_clean_first' from command line to 'False'
[1.496s] Level 5:colcon.colcon_core.verb:set package 'control_interfaces' build argument 'cmake_force_configure' from command line to 'False'
[1.496s] Level 5:colcon.colcon_core.verb:set package 'control_interfaces' build argument 'ament_cmake_args' from command line to 'None'
[1.496s] Level 5:colcon.colcon_core.verb:set package 'control_interfaces' build argument 'catkin_cmake_args' from command line to 'None'
[1.496s] Level 5:colcon.colcon_core.verb:set package 'control_interfaces' build argument 'catkin_skip_building_tests' from command line to 'False'
[1.496s] DEBUG:colcon.colcon_core.verb:Building package 'control_interfaces' with the following arguments: {'ament_cmake_args': None, 'build_base': '/home/orangepi/AUV_ROS2/build/control_interfaces', 'catkin_cmake_args': None, 'catkin_skip_building_tests': False, 'cmake_args': None, 'cmake_clean_cache': False, 'cmake_clean_first': False, 'cmake_force_configure': False, 'cmake_target': None, 'cmake_target_skip_unavailable': False, 'install_base': '/home/orangepi/AUV_ROS2/install/control_interfaces', 'merge_install': False, 'path': '/home/orangepi/AUV_ROS2/src/control_interfaces', 'symlink_install': False, 'test_result_base': None}
[1.513s] Level 5:colcon.colcon_core.verb:set package 'control_node' build argument 'cmake_args' from command line to 'None'
[1.514s] Level 5:colcon.colcon_core.verb:set package 'control_node' build argument 'cmake_target' from command line to 'None'
[1.514s] Level 5:colcon.colcon_core.verb:set package 'control_node' build argument 'cmake_target_skip_unavailable' from command line to 'False'
[1.514s] Level 5:colcon.colcon_core.verb:set package 'control_node' build argument 'cmake_clean_cache' from command line to 'False'
[1.514s] Level 5:colcon.colcon_core.verb:set package 'control_node' build argument 'cmake_clean_first' from command line to 'False'
[1.514s] Level 5:colcon.colcon_core.verb:set package 'control_node' build argument 'cmake_force_configure' from command line to 'False'
[1.514s] Level 5:colcon.colcon_core.verb:set package 'control_node' build argument 'ament_cmake_args' from command line to 'None'
[1.514s] Level 5:colcon.colcon_core.verb:set package 'control_node' build argument 'catkin_cmake_args' from command line to 'None'
[1.514s] Level 5:colcon.colcon_core.verb:set package 'control_node' build argument 'catkin_skip_building_tests' from command line to 'False'
[1.514s] DEBUG:colcon.colcon_core.verb:Building package 'control_node' with the following arguments: {'ament_cmake_args': None, 'build_base': '/home/orangepi/AUV_ROS2/build/control_node', 'catkin_cmake_args': None, 'catkin_skip_building_tests': False, 'cmake_args': None, 'cmake_clean_cache': False, 'cmake_clean_first': False, 'cmake_force_configure': False, 'cmake_target': None, 'cmake_target_skip_unavailable': False, 'install_base': '/home/orangepi/AUV_ROS2/install/control_node', 'merge_install': False, 'path': '/home/orangepi/AUV_ROS2/src/control_node', 'symlink_install': False, 'test_result_base': None}
[1.531s] Level 5:colcon.colcon_core.verb:set package 'master_node' build argument 'cmake_args' from command line to 'None'
[1.532s] Level 5:colcon.colcon_core.verb:set package 'master_node' build argument 'cmake_target' from command line to 'None'
[1.532s] Level 5:colcon.colcon_core.verb:set package 'master_node' build argument 'cmake_target_skip_unavailable' from command line to 'False'
[1.532s] Level 5:colcon.colcon_core.verb:set package 'master_node' build argument 'cmake_clean_cache' from command line to 'False'
[1.532s] Level 5:colcon.colcon_core.verb:set package 'master_node' build argument 'cmake_clean_first' from command line to 'False'
[1.532s] Level 5:colcon.colcon_core.verb:set package 'master_node' build argument 'cmake_force_configure' from command line to 'False'
[1.532s] Level 5:colcon.colcon_core.verb:set package 'master_node' build argument 'ament_cmake_args' from command line to 'None'
[1.532s] Level 5:colcon.colcon_core.verb:set package 'master_node' build argument 'catkin_cmake_args' from command line to 'None'
[1.532s] Level 5:colcon.colcon_core.verb:set package 'master_node' build argument 'catkin_skip_building_tests' from command line to 'False'
[1.532s] DEBUG:colcon.colcon_core.verb:Building package 'master_node' with the following arguments: {'ament_cmake_args': None, 'build_base': '/home/orangepi/AUV_ROS2/build/master_node', 'catkin_cmake_args': None, 'catkin_skip_building_tests': False, 'cmake_args': None, 'cmake_clean_cache': False, 'cmake_clean_first': False, 'cmake_force_configure': False, 'cmake_target': None, 'cmake_target_skip_unavailable': False, 'install_base': '/home/orangepi/AUV_ROS2/install/master_node', 'merge_install': False, 'path': '/home/orangepi/AUV_ROS2/src/master_node', 'symlink_install': False, 'test_result_base': None}
[1.549s] Level 5:colcon.colcon_core.verb:set package 'remote_node' build argument 'cmake_args' from command line to 'None'
[1.549s] Level 5:colcon.colcon_core.verb:set package 'remote_node' build argument 'cmake_target' from command line to 'None'
[1.549s] Level 5:colcon.colcon_core.verb:set package 'remote_node' build argument 'cmake_target_skip_unavailable' from command line to 'False'
[1.549s] Level 5:colcon.colcon_core.verb:set package 'remote_node' build argument 'cmake_clean_cache' from command line to 'False'
[1.549s] Level 5:colcon.colcon_core.verb:set package 'remote_node' build argument 'cmake_clean_first' from command line to 'False'
[1.549s] Level 5:colcon.colcon_core.verb:set package 'remote_node' build argument 'cmake_force_configure' from command line to 'False'
[1.549s] Level 5:colcon.colcon_core.verb:set package 'remote_node' build argument 'ament_cmake_args' from command line to 'None'
[1.549s] Level 5:colcon.colcon_core.verb:set package 'remote_node' build argument 'catkin_cmake_args' from command line to 'None'
[1.550s] Level 5:colcon.colcon_core.verb:set package 'remote_node' build argument 'catkin_skip_building_tests' from command line to 'False'
[1.550s] DEBUG:colcon.colcon_core.verb:Building package 'remote_node' with the following arguments: {'ament_cmake_args': None, 'build_base': '/home/orangepi/AUV_ROS2/build/remote_node', 'catkin_cmake_args': None, 'catkin_skip_building_tests': False, 'cmake_args': None, 'cmake_clean_cache': False, 'cmake_clean_first': False, 'cmake_force_configure': False, 'cmake_target': None, 'cmake_target_skip_unavailable': False, 'install_base': '/home/orangepi/AUV_ROS2/install/remote_node', 'merge_install': False, 'path': '/home/orangepi/AUV_ROS2/src/remote_node', 'symlink_install': False, 'test_result_base': None}
[1.567s] Level 5:colcon.colcon_core.verb:set package 'start_auv' build argument 'cmake_args' from command line to 'None'
[1.567s] Level 5:colcon.colcon_core.verb:set package 'start_auv' build argument 'cmake_target' from command line to 'None'
[1.567s] Level 5:colcon.colcon_core.verb:set package 'start_auv' build argument 'cmake_target_skip_unavailable' from command line to 'False'
[1.567s] Level 5:colcon.colcon_core.verb:set package 'start_auv' build argument 'cmake_clean_cache' from command line to 'False'
[1.567s] Level 5:colcon.colcon_core.verb:set package 'start_auv' build argument 'cmake_clean_first' from command line to 'False'
[1.567s] Level 5:colcon.colcon_core.verb:set package 'start_auv' build argument 'cmake_force_configure' from command line to 'False'
[1.567s] Level 5:colcon.colcon_core.verb:set package 'start_auv' build argument 'ament_cmake_args' from command line to 'None'
[1.567s] Level 5:colcon.colcon_core.verb:set package 'start_auv' build argument 'catkin_cmake_args' from command line to 'None'
[1.567s] Level 5:colcon.colcon_core.verb:set package 'start_auv' build argument 'catkin_skip_building_tests' from command line to 'False'
[1.567s] DEBUG:colcon.colcon_core.verb:Building package 'start_auv' with the following arguments: {'ament_cmake_args': None, 'build_base': '/home/orangepi/AUV_ROS2/build/start_auv', 'catkin_cmake_args': None, 'catkin_skip_building_tests': False, 'cmake_args': None, 'cmake_clean_cache': False, 'cmake_clean_first': False, 'cmake_force_configure': False, 'cmake_target': None, 'cmake_target_skip_unavailable': False, 'install_base': '/home/orangepi/AUV_ROS2/install/start_auv', 'merge_install': False, 'path': '/home/orangepi/AUV_ROS2/src/start_auv', 'symlink_install': False, 'test_result_base': None}
[1.585s] Level 5:colcon.colcon_core.verb:set package 'task1_node' build argument 'cmake_args' from command line to 'None'
[1.585s] Level 5:colcon.colcon_core.verb:set package 'task1_node' build argument 'cmake_target' from command line to 'None'
[1.585s] Level 5:colcon.colcon_core.verb:set package 'task1_node' build argument 'cmake_target_skip_unavailable' from command line to 'False'
[1.585s] Level 5:colcon.colcon_core.verb:set package 'task1_node' build argument 'cmake_clean_cache' from command line to 'False'
[1.585s] Level 5:colcon.colcon_core.verb:set package 'task1_node' build argument 'cmake_clean_first' from command line to 'False'
[1.585s] Level 5:colcon.colcon_core.verb:set package 'task1_node' build argument 'cmake_force_configure' from command line to 'False'
[1.585s] Level 5:colcon.colcon_core.verb:set package 'task1_node' build argument 'ament_cmake_args' from command line to 'None'
[1.585s] Level 5:colcon.colcon_core.verb:set package 'task1_node' build argument 'catkin_cmake_args' from command line to 'None'
[1.585s] Level 5:colcon.colcon_core.verb:set package 'task1_node' build argument 'catkin_skip_building_tests' from command line to 'False'
[1.585s] DEBUG:colcon.colcon_core.verb:Building package 'task1_node' with the following arguments: {'ament_cmake_args': None, 'build_base': '/home/orangepi/AUV_ROS2/build/task1_node', 'catkin_cmake_args': None, 'catkin_skip_building_tests': False, 'cmake_args': None, 'cmake_clean_cache': False, 'cmake_clean_first': False, 'cmake_force_configure': False, 'cmake_target': None, 'cmake_target_skip_unavailable': False, 'install_base': '/home/orangepi/AUV_ROS2/install/task1_node', 'merge_install': False, 'path': '/home/orangepi/AUV_ROS2/src/task1_node', 'symlink_install': False, 'test_result_base': None}
[1.602s] Level 5:colcon.colcon_core.verb:set package 'task2_node' build argument 'cmake_args' from command line to 'None'
[1.602s] Level 5:colcon.colcon_core.verb:set package 'task2_node' build argument 'cmake_target' from command line to 'None'
[1.602s] Level 5:colcon.colcon_core.verb:set package 'task2_node' build argument 'cmake_target_skip_unavailable' from command line to 'False'
[1.602s] Level 5:colcon.colcon_core.verb:set package 'task2_node' build argument 'cmake_clean_cache' from command line to 'False'
[1.602s] Level 5:colcon.colcon_core.verb:set package 'task2_node' build argument 'cmake_clean_first' from command line to 'False'
[1.603s] Level 5:colcon.colcon_core.verb:set package 'task2_node' build argument 'cmake_force_configure' from command line to 'False'
[1.603s] Level 5:colcon.colcon_core.verb:set package 'task2_node' build argument 'ament_cmake_args' from command line to 'None'
[1.603s] Level 5:colcon.colcon_core.verb:set package 'task2_node' build argument 'catkin_cmake_args' from command line to 'None'
[1.603s] Level 5:colcon.colcon_core.verb:set package 'task2_node' build argument 'catkin_skip_building_tests' from command line to 'False'
[1.603s] DEBUG:colcon.colcon_core.verb:Building package 'task2_node' with the following arguments: {'ament_cmake_args': None, 'build_base': '/home/orangepi/AUV_ROS2/build/task2_node', 'catkin_cmake_args': None, 'catkin_skip_building_tests': False, 'cmake_args': None, 'cmake_clean_cache': False, 'cmake_clean_first': False, 'cmake_force_configure': False, 'cmake_target': None, 'cmake_target_skip_unavailable': False, 'install_base': '/home/orangepi/AUV_ROS2/install/task2_node', 'merge_install': False, 'path': '/home/orangepi/AUV_ROS2/src/task2_node', 'symlink_install': False, 'test_result_base': None}
[1.620s] INFO:colcon.colcon_core.executor:Executing jobs using 'parallel' executor
[1.638s] DEBUG:colcon.colcon_parallel_executor.executor.parallel:run_until_complete
[1.639s] INFO:colcon.colcon_ros.task.ament_python.build:Building ROS package in '/home/orangepi/AUV_ROS2/src/buoyancy_node' with build type 'ament_python'
[1.639s] Level 1:colcon.colcon_core.shell:create_environment_hook('buoyancy_node', 'ament_prefix_path')
[1.661s] INFO:colcon.colcon_core.plugin_system:Skipping extension 'colcon_core.shell.bat': Not used on non-Windows systems
[1.661s] INFO:colcon.colcon_core.shell:Creating environment hook '/home/orangepi/AUV_ROS2/install/buoyancy_node/share/buoyancy_node/hook/ament_prefix_path.ps1'
[1.662s] INFO:colcon.colcon_core.shell:Creating environment descriptor '/home/orangepi/AUV_ROS2/install/buoyancy_node/share/buoyancy_node/hook/ament_prefix_path.dsv'
[1.663s] INFO:colcon.colcon_core.shell:Creating environment hook '/home/orangepi/AUV_ROS2/install/buoyancy_node/share/buoyancy_node/hook/ament_prefix_path.sh'
[1.682s] INFO:colcon.colcon_core.shell:Skip shell extension 'powershell' for command environment: Not usable outside of PowerShell
[1.682s] DEBUG:colcon.colcon_core.shell:Skip shell extension 'dsv' for command environment
[1.758s] INFO:colcon.colcon_ros.task.ament_cmake.build:Building ROS package in '/home/orangepi/AUV_ROS2/src/control_interfaces' with build type 'ament_cmake'
[1.758s] INFO:colcon.colcon_cmake.task.cmake.build:Building CMake package in '/home/orangepi/AUV_ROS2/src/control_interfaces'
[1.777s] INFO:colcon.colcon_core.shell:Skip shell extension 'powershell' for command environment: Not usable outside of PowerShell
[1.777s] DEBUG:colcon.colcon_core.shell:Skip shell extension 'dsv' for command environment
[1.851s] INFO:colcon.colcon_ros.task.ament_python.build:Building ROS package in '/home/orangepi/AUV_ROS2/src/control_node' with build type 'ament_python'
[1.851s] Level 1:colcon.colcon_core.shell:create_environment_hook('control_node', 'ament_prefix_path')
[1.870s] INFO:colcon.colcon_core.shell:Creating environment hook '/home/orangepi/AUV_ROS2/install/control_node/share/control_node/hook/ament_prefix_path.ps1'
[1.871s] INFO:colcon.colcon_core.shell:Creating environment descriptor '/home/orangepi/AUV_ROS2/install/control_node/share/control_node/hook/ament_prefix_path.dsv'
[1.871s] INFO:colcon.colcon_core.shell:Creating environment hook '/home/orangepi/AUV_ROS2/install/control_node/share/control_node/hook/ament_prefix_path.sh'
[1.889s] INFO:colcon.colcon_core.shell:Skip shell extension 'powershell' for command environment: Not usable outside of PowerShell
[1.890s] DEBUG:colcon.colcon_core.shell:Skip shell extension 'dsv' for command environment
[1.963s] INFO:colcon.colcon_ros.task.ament_python.build:Building ROS package in '/home/orangepi/AUV_ROS2/src/master_node' with build type 'ament_python'
[1.963s] Level 1:colcon.colcon_core.shell:create_environment_hook('master_node', 'ament_prefix_path')
[1.982s] INFO:colcon.colcon_core.shell:Creating environment hook '/home/orangepi/AUV_ROS2/install/master_node/share/master_node/hook/ament_prefix_path.ps1'
[1.983s] INFO:colcon.colcon_core.shell:Creating environment descriptor '/home/orangepi/AUV_ROS2/install/master_node/share/master_node/hook/ament_prefix_path.dsv'
[1.984s] INFO:colcon.colcon_core.shell:Creating environment hook '/home/orangepi/AUV_ROS2/install/master_node/share/master_node/hook/ament_prefix_path.sh'
[2.002s] INFO:colcon.colcon_core.shell:Skip shell extension 'powershell' for command environment: Not usable outside of PowerShell
[2.002s] DEBUG:colcon.colcon_core.shell:Skip shell extension 'dsv' for command environment
[2.076s] INFO:colcon.colcon_ros.task.ament_python.build:Building ROS package in '/home/orangepi/AUV_ROS2/src/remote_node' with build type 'ament_python'
[2.076s] Level 1:colcon.colcon_core.shell:create_environment_hook('remote_node', 'ament_prefix_path')
[2.095s] INFO:colcon.colcon_core.shell:Creating environment hook '/home/orangepi/AUV_ROS2/install/remote_node/share/remote_node/hook/ament_prefix_path.ps1'
[2.095s] INFO:colcon.colcon_core.shell:Creating environment descriptor '/home/orangepi/AUV_ROS2/install/remote_node/share/remote_node/hook/ament_prefix_path.dsv'
[2.096s] INFO:colcon.colcon_core.shell:Creating environment hook '/home/orangepi/AUV_ROS2/install/remote_node/share/remote_node/hook/ament_prefix_path.sh'
[2.114s] INFO:colcon.colcon_core.shell:Skip shell extension 'powershell' for command environment: Not usable outside of PowerShell
[2.114s] DEBUG:colcon.colcon_core.shell:Skip shell extension 'dsv' for command environment
[2.188s] INFO:colcon.colcon_ros.task.ament_python.build:Building ROS package in '/home/orangepi/AUV_ROS2/src/start_auv' with build type 'ament_python'
[2.188s] Level 1:colcon.colcon_core.shell:create_environment_hook('start_auv', 'ament_prefix_path')
[2.207s] INFO:colcon.colcon_core.shell:Creating environment hook '/home/orangepi/AUV_ROS2/install/start_auv/share/start_auv/hook/ament_prefix_path.ps1'
[2.208s] INFO:colcon.colcon_core.shell:Creating environment descriptor '/home/orangepi/AUV_ROS2/install/start_auv/share/start_auv/hook/ament_prefix_path.dsv'
[2.208s] INFO:colcon.colcon_core.shell:Creating environment hook '/home/orangepi/AUV_ROS2/install/start_auv/share/start_auv/hook/ament_prefix_path.sh'
[2.226s] INFO:colcon.colcon_core.shell:Skip shell extension 'powershell' for command environment: Not usable outside of PowerShell
[2.226s] DEBUG:colcon.colcon_core.shell:Skip shell extension 'dsv' for command environment
[2.301s] INFO:colcon.colcon_ros.task.ament_python.build:Building ROS package in '/home/orangepi/AUV_ROS2/src/task1_node' with build type 'ament_python'
[2.301s] Level 1:colcon.colcon_core.shell:create_environment_hook('task1_node', 'ament_prefix_path')
[2.319s] INFO:colcon.colcon_core.shell:Creating environment hook '/home/orangepi/AUV_ROS2/install/task1_node/share/task1_node/hook/ament_prefix_path.ps1'
[2.320s] INFO:colcon.colcon_core.shell:Creating environment descriptor '/home/orangepi/AUV_ROS2/install/task1_node/share/task1_node/hook/ament_prefix_path.dsv'
[2.320s] INFO:colcon.colcon_core.shell:Creating environment hook '/home/orangepi/AUV_ROS2/install/task1_node/share/task1_node/hook/ament_prefix_path.sh'
[2.338s] INFO:colcon.colcon_core.shell:Skip shell extension 'powershell' for command environment: Not usable outside of PowerShell
[2.339s] DEBUG:colcon.colcon_core.shell:Skip shell extension 'dsv' for command environment
[2.436s] INFO:colcon.colcon_ros.task.ament_python.build:Building ROS package in '/home/orangepi/AUV_ROS2/src/task2_node' with build type 'ament_python'
[2.436s] Level 1:colcon.colcon_core.shell:create_environment_hook('task2_node', 'ament_prefix_path')
[2.455s] INFO:colcon.colcon_core.shell:Creating environment hook '/home/orangepi/AUV_ROS2/install/task2_node/share/task2_node/hook/ament_prefix_path.ps1'
[2.456s] INFO:colcon.colcon_core.shell:Creating environment descriptor '/home/orangepi/AUV_ROS2/install/task2_node/share/task2_node/hook/ament_prefix_path.dsv'
[2.456s] INFO:colcon.colcon_core.shell:Creating environment hook '/home/orangepi/AUV_ROS2/install/task2_node/share/task2_node/hook/ament_prefix_path.sh'
[2.474s] INFO:colcon.colcon_core.shell:Skip shell extension 'powershell' for command environment: Not usable outside of PowerShell
[2.474s] DEBUG:colcon.colcon_core.shell:Skip shell extension 'dsv' for command environment
[2.918s] INFO:colcon.colcon_core.task.python.build:Building Python package in '/home/orangepi/AUV_ROS2/src/buoyancy_node'
[2.937s] INFO:colcon.colcon_core.shell:Skip shell extension 'powershell' for command environment: Not usable outside of PowerShell
[2.937s] DEBUG:colcon.colcon_core.shell:Skip shell extension 'dsv' for command environment
[3.030s] DEBUG:colcon.colcon_core.event_handler.log_command:Invoking command in '/home/orangepi/AUV_ROS2/build/control_interfaces': CMAKE_PREFIX_PATH=${CMAKE_PREFIX_PATH}:/home/orangepi/AUV_ROS2/install/task2_node:/home/orangepi/AUV_ROS2/install/task1_node:/home/orangepi/AUV_ROS2/install/start_auv:/home/orangepi/AUV_ROS2/install/remote_node:/home/orangepi/AUV_ROS2/install/master_node:/home/orangepi/AUV_ROS2/install/control_node:/home/orangepi/AUV_ROS2/install/buoyancy_node:/home/orangepi/opencv_ws/install/task2_drum_detection:/home/orangepi/opencv_ws/install/task1_gate_detection:/home/orangepi/opencv_ws/install/task1_flare_detection:/home/orangepi/opencv_ws/install/q_gate_detection:/home/orangepi/opencv_ws/install/master_node_simulation:/home/orangepi/opencv_ws/install/facer_input:/opt/ros/humble /usr/bin/cmake --build /home/orangepi/AUV_ROS2/build/control_interfaces -- -j8 -l8
[3.453s] INFO:colcon.colcon_core.task.python.build:Building Python package in '/home/orangepi/AUV_ROS2/src/control_node'
[3.472s] INFO:colcon.colcon_core.shell:Skip shell extension 'powershell' for command environment: Not usable outside of PowerShell
[3.472s] DEBUG:colcon.colcon_core.shell:Skip shell extension 'dsv' for command environment
[3.942s] INFO:colcon.colcon_core.task.python.build:Building Python package in '/home/orangepi/AUV_ROS2/src/master_node'
[3.971s] INFO:colcon.colcon_core.shell:Skip shell extension 'powershell' for command environment: Not usable outside of PowerShell
[3.971s] DEBUG:colcon.colcon_core.shell:Skip shell extension 'dsv' for command environment
[4.435s] INFO:colcon.colcon_core.task.python.build:Building Python package in '/home/orangepi/AUV_ROS2/src/remote_node'
[4.456s] INFO:colcon.colcon_core.shell:Skip shell extension 'powershell' for command environment: Not usable outside of PowerShell
[4.456s] DEBUG:colcon.colcon_core.shell:Skip shell extension 'dsv' for command environment
[4.940s] INFO:colcon.colcon_core.task.python.build:Building Python package in '/home/orangepi/AUV_ROS2/src/start_auv'
[4.960s] INFO:colcon.colcon_core.shell:Skip shell extension 'powershell' for command environment: Not usable outside of PowerShell
[4.960s] DEBUG:colcon.colcon_core.shell:Skip shell extension 'dsv' for command environment
[5.454s] INFO:colcon.colcon_core.task.python.build:Building Python package in '/home/orangepi/AUV_ROS2/src/task1_node'
[5.483s] INFO:colcon.colcon_core.shell:Skip shell extension 'powershell' for command environment: Not usable outside of PowerShell
[5.483s] DEBUG:colcon.colcon_core.shell:Skip shell extension 'dsv' for command environment
[5.955s] INFO:colcon.colcon_core.task.python.build:Building Python package in '/home/orangepi/AUV_ROS2/src/task2_node'
[5.987s] INFO:colcon.colcon_core.shell:Skip shell extension 'powershell' for command environment: Not usable outside of PowerShell
[5.987s] DEBUG:colcon.colcon_core.shell:Skip shell extension 'dsv' for command environment
[6.084s] DEBUG:colcon.colcon_core.event_handler.log_command:Invoked command in '/home/orangepi/AUV_ROS2/build/control_interfaces' returned '0': CMAKE_PREFIX_PATH=${CMAKE_PREFIX_PATH}:/home/orangepi/AUV_ROS2/install/task2_node:/home/orangepi/AUV_ROS2/install/task1_node:/home/orangepi/AUV_ROS2/install/start_auv:/home/orangepi/AUV_ROS2/install/remote_node:/home/orangepi/AUV_ROS2/install/master_node:/home/orangepi/AUV_ROS2/install/control_node:/home/orangepi/AUV_ROS2/install/buoyancy_node:/home/orangepi/opencv_ws/install/task2_drum_detection:/home/orangepi/opencv_ws/install/task1_gate_detection:/home/orangepi/opencv_ws/install/task1_flare_detection:/home/orangepi/opencv_ws/install/q_gate_detection:/home/orangepi/opencv_ws/install/master_node_simulation:/home/orangepi/opencv_ws/install/facer_input:/opt/ros/humble /usr/bin/cmake --build /home/orangepi/AUV_ROS2/build/control_interfaces -- -j8 -l8
[6.716s] DEBUG:colcon.colcon_core.event_handler.log_command:Invoking command in '/home/orangepi/AUV_ROS2/src/master_node': PYTHONPATH=/home/orangepi/AUV_ROS2/build/master_node/prefix_override:/home/orangepi/AUV_ROS2/install/master_node/lib/python3.10/site-packages:${PYTHONPATH} /usr/bin/python3 setup.py egg_info --egg-base ../../build/master_node build --build-base /home/orangepi/AUV_ROS2/build/master_node/build install --record /home/orangepi/AUV_ROS2/build/master_node/install.log --single-version-externally-managed
[6.750s] DEBUG:colcon.colcon_core.event_handler.log_command:Invoking command in '/home/orangepi/AUV_ROS2/src/remote_node': PYTHONPATH=/home/orangepi/AUV_ROS2/build/remote_node/prefix_override:/home/orangepi/AUV_ROS2/install/remote_node/lib/python3.10/site-packages:${PYTHONPATH} /usr/bin/python3 setup.py egg_info --egg-base ../../build/remote_node build --build-base /home/orangepi/AUV_ROS2/build/remote_node/build install --record /home/orangepi/AUV_ROS2/build/remote_node/install.log --single-version-externally-managed
[6.952s] DEBUG:colcon.colcon_core.event_handler.log_command:Invoking command in '/home/orangepi/AUV_ROS2/src/task2_node': PYTHONPATH=/home/orangepi/AUV_ROS2/build/task2_node/prefix_override:/home/orangepi/AUV_ROS2/install/task2_node/lib/python3.10/site-packages:${PYTHONPATH} /usr/bin/python3 setup.py egg_info --egg-base ../../build/task2_node build --build-base /home/orangepi/AUV_ROS2/build/task2_node/build install --record /home/orangepi/AUV_ROS2/build/task2_node/install.log --single-version-externally-managed
[7.035s] DEBUG:colcon.colcon_core.event_handler.log_command:Invoking command in '/home/orangepi/AUV_ROS2/build/control_interfaces': CMAKE_PREFIX_PATH=${CMAKE_PREFIX_PATH}:/home/orangepi/AUV_ROS2/install/task2_node:/home/orangepi/AUV_ROS2/install/task1_node:/home/orangepi/AUV_ROS2/install/start_auv:/home/orangepi/AUV_ROS2/install/remote_node:/home/orangepi/AUV_ROS2/install/master_node:/home/orangepi/AUV_ROS2/install/control_node:/home/orangepi/AUV_ROS2/install/buoyancy_node:/home/orangepi/opencv_ws/install/task2_drum_detection:/home/orangepi/opencv_ws/install/task1_gate_detection:/home/orangepi/opencv_ws/install/task1_flare_detection:/home/orangepi/opencv_ws/install/q_gate_detection:/home/orangepi/opencv_ws/install/master_node_simulation:/home/orangepi/opencv_ws/install/facer_input:/opt/ros/humble /usr/bin/cmake --install /home/orangepi/AUV_ROS2/build/control_interfaces
[7.320s] Level 1:colcon.colcon_core.environment:create_environment_scripts_only(control_interfaces)
[7.332s] DEBUG:colcon.colcon_core.event_handler.log_command:Invoked command in '/home/orangepi/AUV_ROS2/build/control_interfaces' returned '0': CMAKE_PREFIX_PATH=${CMAKE_PREFIX_PATH}:/home/orangepi/AUV_ROS2/install/task2_node:/home/orangepi/AUV_ROS2/install/task1_node:/home/orangepi/AUV_ROS2/install/start_auv:/home/orangepi/AUV_ROS2/install/remote_node:/home/orangepi/AUV_ROS2/install/master_node:/home/orangepi/AUV_ROS2/install/control_node:/home/orangepi/AUV_ROS2/install/buoyancy_node:/home/orangepi/opencv_ws/install/task2_drum_detection:/home/orangepi/opencv_ws/install/task1_gate_detection:/home/orangepi/opencv_ws/install/task1_flare_detection:/home/orangepi/opencv_ws/install/q_gate_detection:/home/orangepi/opencv_ws/install/master_node_simulation:/home/orangepi/opencv_ws/install/facer_input:/opt/ros/humble /usr/bin/cmake --install /home/orangepi/AUV_ROS2/build/control_interfaces
[7.414s] Level 1:colcon.colcon_core.environment:checking '/home/orangepi/AUV_ROS2/install/control_interfaces' for CMake module files
[7.415s] Level 1:colcon.colcon_core.environment:checking '/home/orangepi/AUV_ROS2/install/control_interfaces' for CMake config files
[7.415s] Level 1:colcon.colcon_core.shell:create_environment_hook('control_interfaces', 'cmake_prefix_path')
[7.435s] INFO:colcon.colcon_core.shell:Creating environment hook '/home/orangepi/AUV_ROS2/install/control_interfaces/share/control_interfaces/hook/cmake_prefix_path.ps1'
[7.437s] INFO:colcon.colcon_core.shell:Creating environment descriptor '/home/orangepi/AUV_ROS2/install/control_interfaces/share/control_interfaces/hook/cmake_prefix_path.dsv'
[7.439s] INFO:colcon.colcon_core.shell:Creating environment hook '/home/orangepi/AUV_ROS2/install/control_interfaces/share/control_interfaces/hook/cmake_prefix_path.sh'
[7.441s] Level 1:colcon.colcon_core.environment:checking '/home/orangepi/AUV_ROS2/install/control_interfaces/lib'
[7.442s] Level 1:colcon.colcon_core.shell:create_environment_hook('control_interfaces', 'ld_library_path_lib')
[7.547s] INFO:colcon.colcon_core.shell:Creating environment hook '/home/orangepi/AUV_ROS2/install/control_interfaces/share/control_interfaces/hook/ld_library_path_lib.ps1'
[7.549s] INFO:colcon.colcon_core.shell:Creating environment descriptor '/home/orangepi/AUV_ROS2/install/control_interfaces/share/control_interfaces/hook/ld_library_path_lib.dsv'
[7.551s] INFO:colcon.colcon_core.shell:Creating environment hook '/home/orangepi/AUV_ROS2/install/control_interfaces/share/control_interfaces/hook/ld_library_path_lib.sh'
[7.554s] Level 1:colcon.colcon_core.environment:checking '/home/orangepi/AUV_ROS2/install/control_interfaces/bin'
[7.554s] Level 1:colcon.colcon_core.environment:checking '/home/orangepi/AUV_ROS2/install/control_interfaces/lib/pkgconfig/control_interfaces.pc'
[7.556s] Level 1:colcon.colcon_core.environment:checking '/home/orangepi/AUV_ROS2/install/control_interfaces/lib/python3.10/site-packages'
[7.557s] Level 1:colcon.colcon_core.environment:checking '/home/orangepi/AUV_ROS2/install/control_interfaces/bin'
[7.636s] INFO:colcon.colcon_core.shell:Creating package script '/home/orangepi/AUV_ROS2/install/control_interfaces/share/control_interfaces/package.ps1'
[7.637s] INFO:colcon.colcon_core.shell:Creating package descriptor '/home/orangepi/AUV_ROS2/install/control_interfaces/share/control_interfaces/package.dsv'
[7.638s] INFO:colcon.colcon_core.shell:Creating package script '/home/orangepi/AUV_ROS2/install/control_interfaces/share/control_interfaces/package.sh'
[7.639s] INFO:colcon.colcon_core.shell:Creating package script '/home/orangepi/AUV_ROS2/install/control_interfaces/share/control_interfaces/package.bash'
[7.640s] INFO:colcon.colcon_core.shell:Creating package script '/home/orangepi/AUV_ROS2/install/control_interfaces/share/control_interfaces/package.zsh'
[7.641s] Level 1:colcon.colcon_core.environment:create_file_with_runtime_dependencies(/home/orangepi/AUV_ROS2/install/control_interfaces/share/colcon-core/packages/control_interfaces)
[7.654s] DEBUG:colcon.colcon_core.event_handler.log_command:Invoking command in '/home/orangepi/AUV_ROS2/src/task1_node': PYTHONPATH=/home/orangepi/AUV_ROS2/build/task1_node/prefix_override:/home/orangepi/AUV_ROS2/install/task1_node/lib/python3.10/site-packages:${PYTHONPATH} /usr/bin/python3 setup.py egg_info --egg-base ../../build/task1_node build --build-base /home/orangepi/AUV_ROS2/build/task1_node/build install --record /home/orangepi/AUV_ROS2/build/task1_node/install.log --single-version-externally-managed
[7.657s] DEBUG:colcon.colcon_core.event_handler.log_command:Invoking command in '/home/orangepi/AUV_ROS2/src/buoyancy_node': PYTHONPATH=/home/orangepi/AUV_ROS2/build/buoyancy_node/prefix_override:/home/orangepi/AUV_ROS2/install/buoyancy_node/lib/python3.10/site-packages:${PYTHONPATH} /usr/bin/python3 setup.py egg_info --egg-base ../../build/buoyancy_node build --build-base /home/orangepi/AUV_ROS2/build/buoyancy_node/build install --record /home/orangepi/AUV_ROS2/build/buoyancy_node/install.log --single-version-externally-managed
[7.671s] DEBUG:colcon.colcon_core.event_handler.log_command:Invoked command in '/home/orangepi/AUV_ROS2/src/task2_node' returned '0': PYTHONPATH=/home/orangepi/AUV_ROS2/build/task2_node/prefix_override:/home/orangepi/AUV_ROS2/install/task2_node/lib/python3.10/site-packages:${PYTHONPATH} /usr/bin/python3 setup.py egg_info --egg-base ../../build/task2_node build --build-base /home/orangepi/AUV_ROS2/build/task2_node/build install --record /home/orangepi/AUV_ROS2/build/task2_node/install.log --single-version-externally-managed
[7.719s] Level 1:colcon.colcon_core.environment:checking '/home/orangepi/AUV_ROS2/install/task2_node' for CMake module files
[7.721s] Level 1:colcon.colcon_core.environment:checking '/home/orangepi/AUV_ROS2/install/task2_node' for CMake config files
[7.724s] Level 1:colcon.colcon_core.environment:checking '/home/orangepi/AUV_ROS2/install/task2_node/lib'
[7.724s] Level 1:colcon.colcon_core.environment:checking '/home/orangepi/AUV_ROS2/install/task2_node/bin'
[7.725s] Level 1:colcon.colcon_core.environment:checking '/home/orangepi/AUV_ROS2/install/task2_node/lib/pkgconfig/task2_node.pc'
[7.726s] Level 1:colcon.colcon_core.environment:checking '/home/orangepi/AUV_ROS2/install/task2_node/lib/python3.10/site-packages'
[7.726s] Level 1:colcon.colcon_core.shell:create_environment_hook('task2_node', 'pythonpath')
[7.754s] INFO:colcon.colcon_core.shell:Creating environment hook '/home/orangepi/AUV_ROS2/install/task2_node/share/task2_node/hook/pythonpath.ps1'
[7.755s] INFO:colcon.colcon_core.shell:Creating environment descriptor '/home/orangepi/AUV_ROS2/install/task2_node/share/task2_node/hook/pythonpath.dsv'
[7.755s] INFO:colcon.colcon_core.shell:Creating environment hook '/home/orangepi/AUV_ROS2/install/task2_node/share/task2_node/hook/pythonpath.sh'
[7.756s] Level 1:colcon.colcon_core.environment:checking '/home/orangepi/AUV_ROS2/install/task2_node/bin'
[7.756s] Level 1:colcon.colcon_core.environment:create_environment_scripts_only(task2_node)
[7.775s] INFO:colcon.colcon_core.shell:Creating package script '/home/orangepi/AUV_ROS2/install/task2_node/share/task2_node/package.ps1'
[7.776s] INFO:colcon.colcon_core.shell:Creating package descriptor '/home/orangepi/AUV_ROS2/install/task2_node/share/task2_node/package.dsv'
[7.777s] INFO:colcon.colcon_core.shell:Creating package script '/home/orangepi/AUV_ROS2/install/task2_node/share/task2_node/package.sh'
[7.778s] INFO:colcon.colcon_core.shell:Creating package script '/home/orangepi/AUV_ROS2/install/task2_node/share/task2_node/package.bash'
[7.778s] INFO:colcon.colcon_core.shell:Creating package script '/home/orangepi/AUV_ROS2/install/task2_node/share/task2_node/package.zsh'
[7.779s] Level 1:colcon.colcon_core.environment:create_file_with_runtime_dependencies(/home/orangepi/AUV_ROS2/install/task2_node/share/colcon-core/packages/task2_node)
[7.784s] DEBUG:colcon.colcon_core.event_handler.log_command:Invoked command in '/home/orangepi/AUV_ROS2/src/remote_node' returned '0': PYTHONPATH=/home/orangepi/AUV_ROS2/build/remote_node/prefix_override:/home/orangepi/AUV_ROS2/install/remote_node/lib/python3.10/site-packages:${PYTHONPATH} /usr/bin/python3 setup.py egg_info --egg-base ../../build/remote_node build --build-base /home/orangepi/AUV_ROS2/build/remote_node/build install --record /home/orangepi/AUV_ROS2/build/remote_node/install.log --single-version-externally-managed
[7.802s] Level 1:colcon.colcon_core.environment:checking '/home/orangepi/AUV_ROS2/install/remote_node' for CMake module files
[7.803s] Level 1:colcon.colcon_core.environment:checking '/home/orangepi/AUV_ROS2/install/remote_node' for CMake config files
[7.804s] Level 1:colcon.colcon_core.environment:checking '/home/orangepi/AUV_ROS2/install/remote_node/lib'
[7.804s] Level 1:colcon.colcon_core.environment:checking '/home/orangepi/AUV_ROS2/install/remote_node/bin'
[7.804s] Level 1:colcon.colcon_core.environment:checking '/home/orangepi/AUV_ROS2/install/remote_node/lib/pkgconfig/remote_node.pc'
[7.804s] Level 1:colcon.colcon_core.environment:checking '/home/orangepi/AUV_ROS2/install/remote_node/lib/python3.10/site-packages'
[7.804s] Level 1:colcon.colcon_core.shell:create_environment_hook('remote_node', 'pythonpath')
[7.823s] INFO:colcon.colcon_core.shell:Creating environment hook '/home/orangepi/AUV_ROS2/install/remote_node/share/remote_node/hook/pythonpath.ps1'
[7.824s] INFO:colcon.colcon_core.shell:Creating environment descriptor '/home/orangepi/AUV_ROS2/install/remote_node/share/remote_node/hook/pythonpath.dsv'
[7.824s] INFO:colcon.colcon_core.shell:Creating environment hook '/home/orangepi/AUV_ROS2/install/remote_node/share/remote_node/hook/pythonpath.sh'
[7.825s] Level 1:colcon.colcon_core.environment:checking '/home/orangepi/AUV_ROS2/install/remote_node/bin'
[7.825s] Level 1:colcon.colcon_core.environment:create_environment_scripts_only(remote_node)
[7.845s] INFO:colcon.colcon_core.shell:Creating package script '/home/orangepi/AUV_ROS2/install/remote_node/share/remote_node/package.ps1'
[7.846s] INFO:colcon.colcon_core.shell:Creating package descriptor '/home/orangepi/AUV_ROS2/install/remote_node/share/remote_node/package.dsv'
[7.846s] INFO:colcon.colcon_core.shell:Creating package script '/home/orangepi/AUV_ROS2/install/remote_node/share/remote_node/package.sh'
[7.847s] INFO:colcon.colcon_core.shell:Creating package script '/home/orangepi/AUV_ROS2/install/remote_node/share/remote_node/package.bash'
[7.847s] INFO:colcon.colcon_core.shell:Creating package script '/home/orangepi/AUV_ROS2/install/remote_node/share/remote_node/package.zsh'
[7.848s] Level 1:colcon.colcon_core.environment:create_file_with_runtime_dependencies(/home/orangepi/AUV_ROS2/install/remote_node/share/colcon-core/packages/remote_node)
[7.853s] DEBUG:colcon.colcon_core.event_handler.log_command:Invoked command in '/home/orangepi/AUV_ROS2/src/master_node' returned '0': PYTHONPATH=/home/orangepi/AUV_ROS2/build/master_node/prefix_override:/home/orangepi/AUV_ROS2/install/master_node/lib/python3.10/site-packages:${PYTHONPATH} /usr/bin/python3 setup.py egg_info --egg-base ../../build/master_node build --build-base /home/orangepi/AUV_ROS2/build/master_node/build install --record /home/orangepi/AUV_ROS2/build/master_node/install.log --single-version-externally-managed
[7.870s] Level 1:colcon.colcon_core.environment:checking '/home/orangepi/AUV_ROS2/install/master_node' for CMake module files
[7.871s] Level 1:colcon.colcon_core.environment:checking '/home/orangepi/AUV_ROS2/install/master_node' for CMake config files
[7.872s] Level 1:colcon.colcon_core.environment:checking '/home/orangepi/AUV_ROS2/install/master_node/lib'
[7.872s] Level 1:colcon.colcon_core.environment:checking '/home/orangepi/AUV_ROS2/install/master_node/bin'
[7.872s] Level 1:colcon.colcon_core.environment:checking '/home/orangepi/AUV_ROS2/install/master_node/lib/pkgconfig/master_node.pc'
[7.872s] Level 1:colcon.colcon_core.environment:checking '/home/orangepi/AUV_ROS2/install/master_node/lib/python3.10/site-packages'
[7.872s] Level 1:colcon.colcon_core.shell:create_environment_hook('master_node', 'pythonpath')
[7.892s] INFO:colcon.colcon_core.shell:Creating environment hook '/home/orangepi/AUV_ROS2/install/master_node/share/master_node/hook/pythonpath.ps1'
[7.893s] INFO:colcon.colcon_core.shell:Creating environment descriptor '/home/orangepi/AUV_ROS2/install/master_node/share/master_node/hook/pythonpath.dsv'
[7.894s] INFO:colcon.colcon_core.shell:Creating environment hook '/home/orangepi/AUV_ROS2/install/master_node/share/master_node/hook/pythonpath.sh'
[7.894s] Level 1:colcon.colcon_core.environment:checking '/home/orangepi/AUV_ROS2/install/master_node/bin'
[7.895s] Level 1:colcon.colcon_core.environment:create_environment_scripts_only(master_node)
[7.914s] INFO:colcon.colcon_core.shell:Creating package script '/home/orangepi/AUV_ROS2/install/master_node/share/master_node/package.ps1'
[7.915s] INFO:colcon.colcon_core.shell:Creating package descriptor '/home/orangepi/AUV_ROS2/install/master_node/share/master_node/package.dsv'
[7.916s] INFO:colcon.colcon_core.shell:Creating package script '/home/orangepi/AUV_ROS2/install/master_node/share/master_node/package.sh'
[7.916s] INFO:colcon.colcon_core.shell:Creating package script '/home/orangepi/AUV_ROS2/install/master_node/share/master_node/package.bash'
[7.917s] INFO:colcon.colcon_core.shell:Creating package script '/home/orangepi/AUV_ROS2/install/master_node/share/master_node/package.zsh'
[7.917s] Level 1:colcon.colcon_core.environment:create_file_with_runtime_dependencies(/home/orangepi/AUV_ROS2/install/master_node/share/colcon-core/packages/master_node)
[7.928s] DEBUG:colcon.colcon_core.event_handler.log_command:Invoking command in '/home/orangepi/AUV_ROS2/src/start_auv': PYTHONPATH=/home/orangepi/AUV_ROS2/build/start_auv/prefix_override:/home/orangepi/AUV_ROS2/install/start_auv/lib/python3.10/site-packages:${PYTHONPATH} /usr/bin/python3 setup.py egg_info --egg-base ../../build/start_auv build --build-base /home/orangepi/AUV_ROS2/build/start_auv/build install --record /home/orangepi/AUV_ROS2/build/start_auv/install.log --single-version-externally-managed
[7.929s] DEBUG:colcon.colcon_core.event_handler.log_command:Invoking command in '/home/orangepi/AUV_ROS2/src/control_node': PYTHONPATH=/home/orangepi/AUV_ROS2/build/control_node/prefix_override:/home/orangepi/AUV_ROS2/install/control_node/lib/python3.10/site-packages:${PYTHONPATH} /usr/bin/python3 setup.py egg_info --egg-base ../../build/control_node build --build-base /home/orangepi/AUV_ROS2/build/control_node/build install --record /home/orangepi/AUV_ROS2/build/control_node/install.log --single-version-externally-managed
[7.952s] Level 1:colcon.colcon_core.environment:create_environment_scripts_only(control_interfaces)
[7.971s] Level 1:colcon.colcon_core.environment:checking '/home/orangepi/AUV_ROS2/install/control_interfaces' for CMake module files
[7.972s] Level 1:colcon.colcon_core.environment:checking '/home/orangepi/AUV_ROS2/install/control_interfaces' for CMake config files
[7.973s] Level 1:colcon.colcon_core.shell:create_environment_hook('control_interfaces', 'cmake_prefix_path')
[8.015s] INFO:colcon.colcon_core.shell:Creating environment hook '/home/orangepi/AUV_ROS2/install/control_interfaces/share/control_interfaces/hook/cmake_prefix_path.ps1'
[8.029s] INFO:colcon.colcon_core.shell:Creating environment descriptor '/home/orangepi/AUV_ROS2/install/control_interfaces/share/control_interfaces/hook/cmake_prefix_path.dsv'
[8.031s] INFO:colcon.colcon_core.shell:Creating environment hook '/home/orangepi/AUV_ROS2/install/control_interfaces/share/control_interfaces/hook/cmake_prefix_path.sh'
[8.035s] Level 1:colcon.colcon_core.environment:checking '/home/orangepi/AUV_ROS2/install/control_interfaces/lib'
[8.039s] Level 1:colcon.colcon_core.shell:create_environment_hook('control_interfaces', 'ld_library_path_lib')
[8.157s] INFO:colcon.colcon_core.shell:Creating environment hook '/home/orangepi/AUV_ROS2/install/control_interfaces/share/control_interfaces/hook/ld_library_path_lib.ps1'
[8.159s] INFO:colcon.colcon_core.shell:Creating environment descriptor '/home/orangepi/AUV_ROS2/install/control_interfaces/share/control_interfaces/hook/ld_library_path_lib.dsv'
[8.161s] INFO:colcon.colcon_core.shell:Creating environment hook '/home/orangepi/AUV_ROS2/install/control_interfaces/share/control_interfaces/hook/ld_library_path_lib.sh'
[8.163s] Level 1:colcon.colcon_core.environment:checking '/home/orangepi/AUV_ROS2/install/control_interfaces/bin'
[8.163s] Level 1:colcon.colcon_core.environment:checking '/home/orangepi/AUV_ROS2/install/control_interfaces/lib/pkgconfig/control_interfaces.pc'
[8.164s] Level 1:colcon.colcon_core.environment:checking '/home/orangepi/AUV_ROS2/install/control_interfaces/lib/python3.10/site-packages'
[8.166s] Level 1:colcon.colcon_core.environment:checking '/home/orangepi/AUV_ROS2/install/control_interfaces/bin'
[8.246s] INFO:colcon.colcon_core.shell:Creating package script '/home/orangepi/AUV_ROS2/install/control_interfaces/share/control_interfaces/package.ps1'
[8.249s] INFO:colcon.colcon_core.shell:Creating package descriptor '/home/orangepi/AUV_ROS2/install/control_interfaces/share/control_interfaces/package.dsv'
[8.252s] INFO:colcon.colcon_core.shell:Creating package script '/home/orangepi/AUV_ROS2/install/control_interfaces/share/control_interfaces/package.sh'
[8.254s] INFO:colcon.colcon_core.shell:Creating package script '/home/orangepi/AUV_ROS2/install/control_interfaces/share/control_interfaces/package.bash'
[8.255s] INFO:colcon.colcon_core.shell:Creating package script '/home/orangepi/AUV_ROS2/install/control_interfaces/share/control_interfaces/package.zsh'
[8.257s] Level 1:colcon.colcon_core.environment:create_file_with_runtime_dependencies(/home/orangepi/AUV_ROS2/install/control_interfaces/share/colcon-core/packages/control_interfaces)
[8.264s] DEBUG:colcon.colcon_core.event_handler.log_command:Invoked command in '/home/orangepi/AUV_ROS2/src/buoyancy_node' returned '0': PYTHONPATH=/home/orangepi/AUV_ROS2/build/buoyancy_node/prefix_override:/home/orangepi/AUV_ROS2/install/buoyancy_node/lib/python3.10/site-packages:${PYTHONPATH} /usr/bin/python3 setup.py egg_info --egg-base ../../build/buoyancy_node build --build-base /home/orangepi/AUV_ROS2/build/buoyancy_node/build install --record /home/orangepi/AUV_ROS2/build/buoyancy_node/install.log --single-version-externally-managed
[8.296s] Level 1:colcon.colcon_core.environment:checking '/home/orangepi/AUV_ROS2/install/buoyancy_node' for CMake module files
[8.296s] Level 1:colcon.colcon_core.environment:checking '/home/orangepi/AUV_ROS2/install/buoyancy_node' for CMake config files
[8.297s] Level 1:colcon.colcon_core.environment:checking '/home/orangepi/AUV_ROS2/install/buoyancy_node/lib'
[8.297s] Level 1:colcon.colcon_core.environment:checking '/home/orangepi/AUV_ROS2/install/buoyancy_node/bin'
[8.297s] Level 1:colcon.colcon_core.environment:checking '/home/orangepi/AUV_ROS2/install/buoyancy_node/lib/pkgconfig/buoyancy_node.pc'
[8.298s] Level 1:colcon.colcon_core.environment:checking '/home/orangepi/AUV_ROS2/install/buoyancy_node/lib/python3.10/site-packages'
[8.298s] Level 1:colcon.colcon_core.shell:create_environment_hook('buoyancy_node', 'pythonpath')
[8.316s] INFO:colcon.colcon_core.shell:Creating environment hook '/home/orangepi/AUV_ROS2/install/buoyancy_node/share/buoyancy_node/hook/pythonpath.ps1'
[8.317s] INFO:colcon.colcon_core.shell:Creating environment descriptor '/home/orangepi/AUV_ROS2/install/buoyancy_node/share/buoyancy_node/hook/pythonpath.dsv'
[8.318s] INFO:colcon.colcon_core.shell:Creating environment hook '/home/orangepi/AUV_ROS2/install/buoyancy_node/share/buoyancy_node/hook/pythonpath.sh'
[8.319s] Level 1:colcon.colcon_core.environment:checking '/home/orangepi/AUV_ROS2/install/buoyancy_node/bin'
[8.319s] Level 1:colcon.colcon_core.environment:create_environment_scripts_only(buoyancy_node)
[8.366s] INFO:colcon.colcon_core.shell:Creating package script '/home/orangepi/AUV_ROS2/install/buoyancy_node/share/buoyancy_node/package.ps1'
[8.367s] INFO:colcon.colcon_core.shell:Creating package descriptor '/home/orangepi/AUV_ROS2/install/buoyancy_node/share/buoyancy_node/package.dsv'
[8.368s] INFO:colcon.colcon_core.shell:Creating package script '/home/orangepi/AUV_ROS2/install/buoyancy_node/share/buoyancy_node/package.sh'
[8.369s] INFO:colcon.colcon_core.shell:Creating package script '/home/orangepi/AUV_ROS2/install/buoyancy_node/share/buoyancy_node/package.bash'
[8.369s] INFO:colcon.colcon_core.shell:Creating package script '/home/orangepi/AUV_ROS2/install/buoyancy_node/share/buoyancy_node/package.zsh'
[8.370s] Level 1:colcon.colcon_core.environment:create_file_with_runtime_dependencies(/home/orangepi/AUV_ROS2/install/buoyancy_node/share/colcon-core/packages/buoyancy_node)
[8.376s] DEBUG:colcon.colcon_core.event_handler.log_command:Invoked command in '/home/orangepi/AUV_ROS2/src/task1_node' returned '0': PYTHONPATH=/home/orangepi/AUV_ROS2/build/task1_node/prefix_override:/home/orangepi/AUV_ROS2/install/task1_node/lib/python3.10/site-packages:${PYTHONPATH} /usr/bin/python3 setup.py egg_info --egg-base ../../build/task1_node build --build-base /home/orangepi/AUV_ROS2/build/task1_node/build install --record /home/orangepi/AUV_ROS2/build/task1_node/install.log --single-version-externally-managed
[8.464s] Level 1:colcon.colcon_core.environment:checking '/home/orangepi/AUV_ROS2/install/task1_node' for CMake module files
[8.465s] Level 1:colcon.colcon_core.environment:checking '/home/orangepi/AUV_ROS2/install/task1_node' for CMake config files
[8.466s] Level 1:colcon.colcon_core.environment:checking '/home/orangepi/AUV_ROS2/install/task1_node/lib'
[8.466s] Level 1:colcon.colcon_core.environment:checking '/home/orangepi/AUV_ROS2/install/task1_node/bin'
[8.466s] Level 1:colcon.colcon_core.environment:checking '/home/orangepi/AUV_ROS2/install/task1_node/lib/pkgconfig/task1_node.pc'
[8.466s] Level 1:colcon.colcon_core.environment:checking '/home/orangepi/AUV_ROS2/install/task1_node/lib/python3.10/site-packages'
[8.466s] Level 1:colcon.colcon_core.shell:create_environment_hook('task1_node', 'pythonpath')
[8.486s] INFO:colcon.colcon_core.shell:Creating environment hook '/home/orangepi/AUV_ROS2/install/task1_node/share/task1_node/hook/pythonpath.ps1'
[8.487s] INFO:colcon.colcon_core.shell:Creating environment descriptor '/home/orangepi/AUV_ROS2/install/task1_node/share/task1_node/hook/pythonpath.dsv'
[8.487s] INFO:colcon.colcon_core.shell:Creating environment hook '/home/orangepi/AUV_ROS2/install/task1_node/share/task1_node/hook/pythonpath.sh'
[8.488s] Level 1:colcon.colcon_core.environment:checking '/home/orangepi/AUV_ROS2/install/task1_node/bin'
[8.488s] Level 1:colcon.colcon_core.environment:create_environment_scripts_only(task1_node)
[8.509s] INFO:colcon.colcon_core.shell:Creating package script '/home/orangepi/AUV_ROS2/install/task1_node/share/task1_node/package.ps1'
[8.510s] INFO:colcon.colcon_core.shell:Creating package descriptor '/home/orangepi/AUV_ROS2/install/task1_node/share/task1_node/package.dsv'
[8.510s] INFO:colcon.colcon_core.shell:Creating package script '/home/orangepi/AUV_ROS2/install/task1_node/share/task1_node/package.sh'
[8.511s] INFO:colcon.colcon_core.shell:Creating package script '/home/orangepi/AUV_ROS2/install/task1_node/share/task1_node/package.bash'
[8.511s] INFO:colcon.colcon_core.shell:Creating package script '/home/orangepi/AUV_ROS2/install/task1_node/share/task1_node/package.zsh'
[8.512s] Level 1:colcon.colcon_core.environment:create_file_with_runtime_dependencies(/home/orangepi/AUV_ROS2/install/task1_node/share/colcon-core/packages/task1_node)
[8.517s] DEBUG:colcon.colcon_core.event_handler.log_command:Invoked command in '/home/orangepi/AUV_ROS2/src/start_auv' returned '0': PYTHONPATH=/home/orangepi/AUV_ROS2/build/start_auv/prefix_override:/home/orangepi/AUV_ROS2/install/start_auv/lib/python3.10/site-packages:${PYTHONPATH} /usr/bin/python3 setup.py egg_info --egg-base ../../build/start_auv build --build-base /home/orangepi/AUV_ROS2/build/start_auv/build install --record /home/orangepi/AUV_ROS2/build/start_auv/install.log --single-version-externally-managed
[8.535s] Level 1:colcon.colcon_core.environment:checking '/home/orangepi/AUV_ROS2/install/start_auv' for CMake module files
[8.536s] Level 1:colcon.colcon_core.environment:checking '/home/orangepi/AUV_ROS2/install/start_auv' for CMake config files
[8.537s] Level 1:colcon.colcon_core.environment:checking '/home/orangepi/AUV_ROS2/install/start_auv/lib'
[8.537s] Level 1:colcon.colcon_core.environment:checking '/home/orangepi/AUV_ROS2/install/start_auv/bin'
[8.537s] Level 1:colcon.colcon_core.environment:checking '/home/orangepi/AUV_ROS2/install/start_auv/lib/pkgconfig/start_auv.pc'
[8.537s] Level 1:colcon.colcon_core.environment:checking '/home/orangepi/AUV_ROS2/install/start_auv/lib/python3.10/site-packages'
[8.537s] Level 1:colcon.colcon_core.shell:create_environment_hook('start_auv', 'pythonpath')
[8.556s] INFO:colcon.colcon_core.shell:Creating environment hook '/home/orangepi/AUV_ROS2/install/start_auv/share/start_auv/hook/pythonpath.ps1'
[8.556s] INFO:colcon.colcon_core.shell:Creating environment descriptor '/home/orangepi/AUV_ROS2/install/start_auv/share/start_auv/hook/pythonpath.dsv'
[8.557s] INFO:colcon.colcon_core.shell:Creating environment hook '/home/orangepi/AUV_ROS2/install/start_auv/share/start_auv/hook/pythonpath.sh'
[8.558s] Level 1:colcon.colcon_core.environment:checking '/home/orangepi/AUV_ROS2/install/start_auv/bin'
[8.558s] Level 1:colcon.colcon_core.environment:create_environment_scripts_only(start_auv)
[8.577s] INFO:colcon.colcon_core.shell:Creating package script '/home/orangepi/AUV_ROS2/install/start_auv/share/start_auv/package.ps1'
[8.578s] INFO:colcon.colcon_core.shell:Creating package descriptor '/home/orangepi/AUV_ROS2/install/start_auv/share/start_auv/package.dsv'
[8.578s] INFO:colcon.colcon_core.shell:Creating package script '/home/orangepi/AUV_ROS2/install/start_auv/share/start_auv/package.sh'
[8.579s] INFO:colcon.colcon_core.shell:Creating package script '/home/orangepi/AUV_ROS2/install/start_auv/share/start_auv/package.bash'
[8.580s] INFO:colcon.colcon_core.shell:Creating package script '/home/orangepi/AUV_ROS2/install/start_auv/share/start_auv/package.zsh'
[8.580s] Level 1:colcon.colcon_core.environment:create_file_with_runtime_dependencies(/home/orangepi/AUV_ROS2/install/start_auv/share/colcon-core/packages/start_auv)
[8.586s] DEBUG:colcon.colcon_core.event_handler.log_command:Invoked command in '/home/orangepi/AUV_ROS2/src/control_node' returned '0': PYTHONPATH=/home/orangepi/AUV_ROS2/build/control_node/prefix_override:/home/orangepi/AUV_ROS2/install/control_node/lib/python3.10/site-packages:${PYTHONPATH} /usr/bin/python3 setup.py egg_info --egg-base ../../build/control_node build --build-base /home/orangepi/AUV_ROS2/build/control_node/build install --record /home/orangepi/AUV_ROS2/build/control_node/install.log --single-version-externally-managed
[8.607s] Level 1:colcon.colcon_core.environment:checking '/home/orangepi/AUV_ROS2/install/control_node' for CMake module files
[8.608s] Level 1:colcon.colcon_core.environment:checking '/home/orangepi/AUV_ROS2/install/control_node' for CMake config files
[8.609s] Level 1:colcon.colcon_core.environment:checking '/home/orangepi/AUV_ROS2/install/control_node/lib'
[8.609s] Level 1:colcon.colcon_core.environment:checking '/home/orangepi/AUV_ROS2/install/control_node/bin'
[8.609s] Level 1:colcon.colcon_core.environment:checking '/home/orangepi/AUV_ROS2/install/control_node/lib/pkgconfig/control_node.pc'
[8.609s] Level 1:colcon.colcon_core.environment:checking '/home/orangepi/AUV_ROS2/install/control_node/lib/python3.10/site-packages'
[8.609s] Level 1:colcon.colcon_core.shell:create_environment_hook('control_node', 'pythonpath')
[8.629s] INFO:colcon.colcon_core.shell:Creating environment hook '/home/orangepi/AUV_ROS2/install/control_node/share/control_node/hook/pythonpath.ps1'
[8.630s] INFO:colcon.colcon_core.shell:Creating environment descriptor '/home/orangepi/AUV_ROS2/install/control_node/share/control_node/hook/pythonpath.dsv'
[8.630s] INFO:colcon.colcon_core.shell:Creating environment hook '/home/orangepi/AUV_ROS2/install/control_node/share/control_node/hook/pythonpath.sh'
[8.631s] Level 1:colcon.colcon_core.environment:checking '/home/orangepi/AUV_ROS2/install/control_node/bin'
[8.631s] Level 1:colcon.colcon_core.environment:create_environment_scripts_only(control_node)
[8.650s] INFO:colcon.colcon_core.shell:Creating package script '/home/orangepi/AUV_ROS2/install/control_node/share/control_node/package.ps1'
[8.651s] INFO:colcon.colcon_core.shell:Creating package descriptor '/home/orangepi/AUV_ROS2/install/control_node/share/control_node/package.dsv'
[8.652s] INFO:colcon.colcon_core.shell:Creating package script '/home/orangepi/AUV_ROS2/install/control_node/share/control_node/package.sh'
[8.653s] INFO:colcon.colcon_core.shell:Creating package script '/home/orangepi/AUV_ROS2/install/control_node/share/control_node/package.bash'
[8.653s] INFO:colcon.colcon_core.shell:Creating package script '/home/orangepi/AUV_ROS2/install/control_node/share/control_node/package.zsh'
[8.654s] Level 1:colcon.colcon_core.environment:create_file_with_runtime_dependencies(/home/orangepi/AUV_ROS2/install/control_node/share/colcon-core/packages/control_node)
[8.655s] DEBUG:colcon.colcon_parallel_executor.executor.parallel:closing loop
[8.655s] DEBUG:colcon.colcon_parallel_executor.executor.parallel:loop closed
[8.655s] DEBUG:colcon.colcon_parallel_executor.executor.parallel:run_until_complete finished with '0'
[8.655s] DEBUG:colcon.colcon_core.event_reactor:joining thread
[8.683s] INFO:colcon.colcon_core.plugin_system:Skipping extension 'colcon_notification.desktop_notification.terminal_notifier': Not used on non-Darwin systems
[8.683s] INFO:colcon.colcon_core.plugin_system:Skipping extension 'colcon_notification.desktop_notification.win32': Not used on non-Windows systems
[8.683s] INFO:colcon.colcon_notification.desktop_notification:Sending desktop notification using 'notify2'
[8.725s] DEBUG:colcon.colcon_core.event_reactor:joined thread
[8.744s] INFO:colcon.colcon_core.shell:Creating prefix script '/home/orangepi/AUV_ROS2/install/local_setup.ps1'
[8.746s] INFO:colcon.colcon_core.shell:Creating prefix util module '/home/orangepi/AUV_ROS2/install/_local_setup_util_ps1.py'
[8.748s] INFO:colcon.colcon_core.shell:Creating prefix chain script '/home/orangepi/AUV_ROS2/install/setup.ps1'
[8.769s] INFO:colcon.colcon_core.shell:Creating prefix script '/home/orangepi/AUV_ROS2/install/local_setup.sh'
[8.770s] INFO:colcon.colcon_core.shell:Creating prefix util module '/home/orangepi/AUV_ROS2/install/_local_setup_util_sh.py'
[8.771s] INFO:colcon.colcon_core.shell:Creating prefix chain script '/home/orangepi/AUV_ROS2/install/setup.sh'
[8.791s] INFO:colcon.colcon_core.shell:Creating prefix script '/home/orangepi/AUV_ROS2/install/local_setup.bash'
[8.792s] INFO:colcon.colcon_core.shell:Creating prefix chain script '/home/orangepi/AUV_ROS2/install/setup.bash'
[8.812s] INFO:colcon.colcon_core.shell:Creating prefix script '/home/orangepi/AUV_ROS2/install/local_setup.zsh'
[8.813s] INFO:colcon.colcon_core.shell:Creating prefix chain script '/home/orangepi/AUV_ROS2/install/setup.zsh'
