[4.983s] Invoking command in '/home/orangepi/AUV_ROS2/src/control_node': PYTHONPATH=/home/orangepi/AUV_ROS2/build/control_node/prefix_override:/home/orangepi/AUV_ROS2/install/control_node/lib/python3.10/site-packages:${PYTHONPATH} /usr/bin/python3 setup.py egg_info --egg-base ../../build/control_node build --build-base /home/orangepi/AUV_ROS2/build/control_node/build install --record /home/orangepi/AUV_ROS2/build/control_node/install.log --single-version-externally-managed
[5.637s] running egg_info
[5.647s] writing ../../build/control_node/control_node.egg-info/PKG-INFO
[5.647s] writing dependency_links to ../../build/control_node/control_node.egg-info/dependency_links.txt
[5.647s] writing entry points to ../../build/control_node/control_node.egg-info/entry_points.txt
[5.647s] writing requirements to ../../build/control_node/control_node.egg-info/requires.txt
[5.647s] writing top-level names to ../../build/control_node/control_node.egg-info/top_level.txt
[5.647s] package init file 'control_node/submodules/__init__.py' not found (or not a regular file)
[5.647s] reading manifest file '../../build/control_node/control_node.egg-info/SOURCES.txt'
[5.648s] adding license file 'LICENSE'
[5.648s] writing manifest file '../../build/control_node/control_node.egg-info/SOURCES.txt'
[5.648s] running build
[5.648s] running build_py
[5.648s] copying control_node/control_node.py -> /home/orangepi/AUV_ROS2/build/control_node/build/lib/control_node
[5.649s] copying control_node/submodules/auv_control_function.py -> /home/orangepi/AUV_ROS2/build/control_node/build/lib/control_node/submodules
[5.650s] running install
[5.651s] /usr/lib/python3/dist-packages/setuptools/command/install.py:34: SetuptoolsDeprecationWarning: setup.py install is deprecated. Use build and pip and other standards-based tools.
[5.651s]   warnings.warn(
[5.652s] running install_lib
[5.654s] copying /home/orangepi/AUV_ROS2/build/control_node/build/lib/control_node/control_node.py -> /home/orangepi/AUV_ROS2/install/control_node/lib/python3.10/site-packages/control_node
[5.655s] copying /home/orangepi/AUV_ROS2/build/control_node/build/lib/control_node/submodules/auv_control_function.py -> /home/orangepi/AUV_ROS2/install/control_node/lib/python3.10/site-packages/control_node/submodules
[5.663s] byte-compiling /home/orangepi/AUV_ROS2/install/control_node/lib/python3.10/site-packages/control_node/control_node.py to control_node.cpython-310.pyc
[5.667s] byte-compiling /home/orangepi/AUV_ROS2/install/control_node/lib/python3.10/site-packages/control_node/submodules/auv_control_function.py to auv_control_function.cpython-310.pyc
[5.681s] running install_data
[5.681s] running install_egg_info
[5.682s] removing '/home/orangepi/AUV_ROS2/install/control_node/lib/python3.10/site-packages/control_node-0.0.0-py3.10.egg-info' (and everything under it)
[5.705s] Copying ../../build/control_node/control_node.egg-info to /home/orangepi/AUV_ROS2/install/control_node/lib/python3.10/site-packages/control_node-0.0.0-py3.10.egg-info
[5.707s] running install_scripts
[5.760s] Installing control_node script to /home/orangepi/AUV_ROS2/install/control_node/lib/control_node
[5.763s] writing list of installed files to '/home/orangepi/AUV_ROS2/build/control_node/install.log'
[7.411s] Invoked command in '/home/orangepi/AUV_ROS2/src/control_node' returned '0': PYTHONPATH=/home/orangepi/AUV_ROS2/build/control_node/prefix_override:/home/orangepi/AUV_ROS2/install/control_node/lib/python3.10/site-packages:${PYTHONPATH} /usr/bin/python3 setup.py egg_info --egg-base ../../build/control_node build --build-base /home/orangepi/AUV_ROS2/build/control_node/build install --record /home/orangepi/AUV_ROS2/build/control_node/install.log --single-version-externally-managed
