[4.053s] Invoking command in '/home/orangepi/AUV_ROS2/src/status_node': PYTHONPATH=/home/orangepi/AUV_ROS2/build/status_node/prefix_override:/home/orangepi/AUV_ROS2/install/status_node/lib/python3.10/site-packages:${PYTHONPATH} /usr/bin/python3 -W ignore:setup.py install is deprecated setup.py egg_info --egg-base ../../build/status_node build --build-base /home/orangepi/AUV_ROS2/build/status_node/build install --record /home/orangepi/AUV_ROS2/build/status_node/install.log --single-version-externally-managed install_data
[4.417s] running egg_info
[4.421s] writing ../../build/status_node/status_node.egg-info/PKG-INFO
[4.421s] writing dependency_links to ../../build/status_node/status_node.egg-info/dependency_links.txt
[4.421s] writing entry points to ../../build/status_node/status_node.egg-info/entry_points.txt
[4.422s] writing requirements to ../../build/status_node/status_node.egg-info/requires.txt
[4.422s] writing top-level names to ../../build/status_node/status_node.egg-info/top_level.txt
[4.428s] reading manifest file '../../build/status_node/status_node.egg-info/SOURCES.txt'
[4.429s] writing manifest file '../../build/status_node/status_node.egg-info/SOURCES.txt'
[4.429s] running build
[4.429s] running build_py
[4.435s] running install
[4.435s] running install_lib
[4.438s] running install_data
[4.438s] running install_egg_info
[4.444s] removing '/home/orangepi/AUV_ROS2/install/status_node/lib/python3.10/site-packages/status_node-0.0.0-py3.10.egg-info' (and everything under it)
[4.470s] Copying ../../build/status_node/status_node.egg-info to /home/orangepi/AUV_ROS2/install/status_node/lib/python3.10/site-packages/status_node-0.0.0-py3.10.egg-info
[4.486s] running install_scripts
[4.538s] Installing status_node script to /home/orangepi/AUV_ROS2/install/status_node/lib/status_node
[4.539s] writing list of installed files to '/home/orangepi/AUV_ROS2/build/status_node/install.log'
[5.093s] Invoked command in '/home/orangepi/AUV_ROS2/src/status_node' returned '0': PYTHONPATH=/home/orangepi/AUV_ROS2/build/status_node/prefix_override:/home/orangepi/AUV_ROS2/install/status_node/lib/python3.10/site-packages:${PYTHONPATH} /usr/bin/python3 -W ignore:setup.py install is deprecated setup.py egg_info --egg-base ../../build/status_node build --build-base /home/orangepi/AUV_ROS2/build/status_node/build install --record /home/orangepi/AUV_ROS2/build/status_node/install.log --single-version-externally-managed install_data
