[3.464s] Invoking command in '/home/orangepi/AUV_ROS2/src/remote_node': PYTHONPATH=/home/orangepi/AUV_ROS2/build/remote_node/prefix_override:/home/orangepi/AUV_ROS2/install/remote_node/lib/python3.10/site-packages:${PYTHONPATH} /usr/bin/python3 -W ignore:setup.py install is deprecated setup.py egg_info --egg-base ../../build/remote_node build --build-base /home/orangepi/AUV_ROS2/build/remote_node/build install --record /home/orangepi/AUV_ROS2/build/remote_node/install.log --single-version-externally-managed install_data
[3.946s] running egg_info
[3.964s] writing ../../build/remote_node/remote_node.egg-info/PKG-INFO
[3.965s] writing dependency_links to ../../build/remote_node/remote_node.egg-info/dependency_links.txt
[3.965s] writing entry points to ../../build/remote_node/remote_node.egg-info/entry_points.txt
[3.966s] writing requirements to ../../build/remote_node/remote_node.egg-info/requires.txt
[3.966s] writing top-level names to ../../build/remote_node/remote_node.egg-info/top_level.txt
[3.976s] reading manifest file '../../build/remote_node/remote_node.egg-info/SOURCES.txt'
[3.993s] writing manifest file '../../build/remote_node/remote_node.egg-info/SOURCES.txt'
[3.994s] running build
[3.994s] running build_py
[3.995s] running install
[3.996s] running install_lib
[4.003s] running install_data
[4.017s] running install_egg_info
[4.027s] removing '/home/orangepi/AUV_ROS2/install/remote_node/lib/python3.10/site-packages/remote_node-0.0.0-py3.10.egg-info' (and everything under it)
[4.053s] Copying ../../build/remote_node/remote_node.egg-info to /home/orangepi/AUV_ROS2/install/remote_node/lib/python3.10/site-packages/remote_node-0.0.0-py3.10.egg-info
[4.058s] running install_scripts
[4.150s] writing list of installed files to '/home/orangepi/AUV_ROS2/build/remote_node/install.log'
[4.459s] Invoked command in '/home/orangepi/AUV_ROS2/src/remote_node' returned '0': PYTHONPATH=/home/orangepi/AUV_ROS2/build/remote_node/prefix_override:/home/orangepi/AUV_ROS2/install/remote_node/lib/python3.10/site-packages:${PYTHONPATH} /usr/bin/python3 -W ignore:setup.py install is deprecated setup.py egg_info --egg-base ../../build/remote_node build --build-base /home/orangepi/AUV_ROS2/build/remote_node/build install --record /home/orangepi/AUV_ROS2/build/remote_node/install.log --single-version-externally-managed install_data
