[4.696s] Invoking command in '/home/orangepi/AUV_ROS2/src/q_gate_detection': PYTHONPATH=/home/orangepi/AUV_ROS2/build/q_gate_detection/prefix_override:/home/orangepi/AUV_ROS2/install/q_gate_detection/lib/python3.10/site-packages:${PYTHONPATH} /usr/bin/python3 setup.py egg_info --egg-base ../../build/q_gate_detection build --build-base /home/orangepi/AUV_ROS2/build/q_gate_detection/build install --record /home/orangepi/AUV_ROS2/build/q_gate_detection/install.log --single-version-externally-managed
[6.022s] running egg_info
[6.024s] writing ../../build/q_gate_detection/q_gate_detection.egg-info/PKG-INFO
[6.025s] writing dependency_links to ../../build/q_gate_detection/q_gate_detection.egg-info/dependency_links.txt
[6.027s] writing entry points to ../../build/q_gate_detection/q_gate_detection.egg-info/entry_points.txt
[6.029s] writing requirements to ../../build/q_gate_detection/q_gate_detection.egg-info/requires.txt
[6.030s] writing top-level names to ../../build/q_gate_detection/q_gate_detection.egg-info/top_level.txt
[6.034s] reading manifest file '../../build/q_gate_detection/q_gate_detection.egg-info/SOURCES.txt'
[6.035s] writing manifest file '../../build/q_gate_detection/q_gate_detection.egg-info/SOURCES.txt'
[6.036s] running build
[6.036s] running build_py
[6.037s] /usr/lib/python3/dist-packages/setuptools/command/install.py:34: SetuptoolsDeprecationWarning: setup.py install is deprecated. Use build and pip and other standards-based tools.
[6.038s]   warnings.warn(
[6.040s] running install
[6.041s] running install_lib
[6.047s] running install_data
[6.048s] running install_egg_info
[6.070s] removing '/home/orangepi/AUV_ROS2/install/q_gate_detection/lib/python3.10/site-packages/q_gate_detection-0.0.0-py3.10.egg-info' (and everything under it)
[6.073s] Copying ../../build/q_gate_detection/q_gate_detection.egg-info to /home/orangepi/AUV_ROS2/install/q_gate_detection/lib/python3.10/site-packages/q_gate_detection-0.0.0-py3.10.egg-info
[6.076s] running install_scripts
[6.083s] Installing q_gate_detect script to /home/orangepi/AUV_ROS2/install/q_gate_detection/lib/q_gate_detection
[6.085s] writing list of installed files to '/home/orangepi/AUV_ROS2/build/q_gate_detection/install.log'
[6.188s] Invoked command in '/home/orangepi/AUV_ROS2/src/q_gate_detection' returned '0': PYTHONPATH=/home/orangepi/AUV_ROS2/build/q_gate_detection/prefix_override:/home/orangepi/AUV_ROS2/install/q_gate_detection/lib/python3.10/site-packages:${PYTHONPATH} /usr/bin/python3 setup.py egg_info --egg-base ../../build/q_gate_detection build --build-base /home/orangepi/AUV_ROS2/build/q_gate_detection/build install --record /home/orangepi/AUV_ROS2/build/q_gate_detection/install.log --single-version-externally-managed
