[6.405s] Invoking command in '/home/orangepi/AUV_ROS2/src/master_node': PYTHONPATH=/home/orangepi/AUV_ROS2/build/master_node/prefix_override:/home/orangepi/AUV_ROS2/install/master_node/lib/python3.10/site-packages:${PYTHONPATH} /usr/bin/python3 setup.py egg_info --egg-base ../../build/master_node build --build-base /home/orangepi/AUV_ROS2/build/master_node/build install --record /home/orangepi/AUV_ROS2/build/master_node/install.log --single-version-externally-managed
[8.157s] running egg_info
[8.160s] writing ../../build/master_node/master_node.egg-info/PKG-INFO
[8.161s] writing dependency_links to ../../build/master_node/master_node.egg-info/dependency_links.txt
[8.162s] writing entry points to ../../build/master_node/master_node.egg-info/entry_points.txt
[8.163s] writing requirements to ../../build/master_node/master_node.egg-info/requires.txt
[8.163s] writing top-level names to ../../build/master_node/master_node.egg-info/top_level.txt
[8.173s] reading manifest file '../../build/master_node/master_node.egg-info/SOURCES.txt'
[8.175s] adding license file 'LICENSE'
[8.179s] writing manifest file '../../build/master_node/master_node.egg-info/SOURCES.txt'
[8.186s] running build
[8.187s] running build_py
[8.187s] copying master_node/master_node.py -> /home/orangepi/AUV_ROS2/build/master_node/build/lib/master_node
[8.187s] running install
[8.187s] /usr/lib/python3/dist-packages/setuptools/command/install.py:34: SetuptoolsDeprecationWarning: setup.py install is deprecated. Use build and pip and other standards-based tools.
[8.187s]   warnings.warn(
[8.187s] running install_lib
[8.191s] copying /home/orangepi/AUV_ROS2/build/master_node/build/lib/master_node/master_node.py -> /home/orangepi/AUV_ROS2/install/master_node/lib/python3.10/site-packages/master_node
[8.194s] byte-compiling /home/orangepi/AUV_ROS2/install/master_node/lib/python3.10/site-packages/master_node/master_node.py to master_node.cpython-310.pyc
[8.202s] running install_data
[8.206s] running install_egg_info
[8.219s] removing '/home/orangepi/AUV_ROS2/install/master_node/lib/python3.10/site-packages/master_node-0.0.0-py3.10.egg-info' (and everything under it)
[8.219s] Copying ../../build/master_node/master_node.egg-info to /home/orangepi/AUV_ROS2/install/master_node/lib/python3.10/site-packages/master_node-0.0.0-py3.10.egg-info
[8.220s] running install_scripts
[8.327s] Installing master_node script to /home/orangepi/AUV_ROS2/install/master_node/lib/master_node
[8.328s] writing list of installed files to '/home/orangepi/AUV_ROS2/build/master_node/install.log'
[8.468s] Invoked command in '/home/orangepi/AUV_ROS2/src/master_node' returned '0': PYTHONPATH=/home/orangepi/AUV_ROS2/build/master_node/prefix_override:/home/orangepi/AUV_ROS2/install/master_node/lib/python3.10/site-packages:${PYTHONPATH} /usr/bin/python3 setup.py egg_info --egg-base ../../build/master_node build --build-base /home/orangepi/AUV_ROS2/build/master_node/build install --record /home/orangepi/AUV_ROS2/build/master_node/install.log --single-version-externally-managed
