[3.650s] Invoking command in '/home/orangepi/AUV_ROS2/src/facer_input': PYTHONPATH=/home/orangepi/AUV_ROS2/build/facer_input/prefix_override:/home/orangepi/AUV_ROS2/install/facer_input/lib/python3.10/site-packages:${PYTHONPATH} /usr/bin/python3 -W ignore:setup.py install is deprecated setup.py egg_info --egg-base ../../build/facer_input build --build-base /home/orangepi/AUV_ROS2/build/facer_input/build install --record /home/orangepi/AUV_ROS2/build/facer_input/install.log --single-version-externally-managed install_data
[4.516s] running egg_info
[4.518s] writing ../../build/facer_input/facer_input.egg-info/PKG-INFO
[4.518s] writing dependency_links to ../../build/facer_input/facer_input.egg-info/dependency_links.txt
[4.519s] writing entry points to ../../build/facer_input/facer_input.egg-info/entry_points.txt
[4.520s] writing requirements to ../../build/facer_input/facer_input.egg-info/requires.txt
[4.521s] writing top-level names to ../../build/facer_input/facer_input.egg-info/top_level.txt
[4.521s] reading manifest file '../../build/facer_input/facer_input.egg-info/SOURCES.txt'
[4.523s] writing manifest file '../../build/facer_input/facer_input.egg-info/SOURCES.txt'
[4.524s] running build
[4.524s] running build_py
[4.525s] running install
[4.525s] running install_lib
[4.527s] running install_data
[4.527s] running install_egg_info
[4.531s] removing '/home/orangepi/AUV_ROS2/install/facer_input/lib/python3.10/site-packages/facer_input-0.0.0-py3.10.egg-info' (and everything under it)
[4.531s] Copying ../../build/facer_input/facer_input.egg-info to /home/orangepi/AUV_ROS2/install/facer_input/lib/python3.10/site-packages/facer_input-0.0.0-py3.10.egg-info
[4.532s] running install_scripts
[4.577s] Installing capture_image script to /home/orangepi/AUV_ROS2/install/facer_input/lib/facer_input
[4.577s] writing list of installed files to '/home/orangepi/AUV_ROS2/build/facer_input/install.log'
[4.671s] Invoked command in '/home/orangepi/AUV_ROS2/src/facer_input' returned '0': PYTHONPATH=/home/orangepi/AUV_ROS2/build/facer_input/prefix_override:/home/orangepi/AUV_ROS2/install/facer_input/lib/python3.10/site-packages:${PYTHONPATH} /usr/bin/python3 -W ignore:setup.py install is deprecated setup.py egg_info --egg-base ../../build/facer_input build --build-base /home/orangepi/AUV_ROS2/build/facer_input/build install --record /home/orangepi/AUV_ROS2/build/facer_input/install.log --single-version-externally-managed install_data
