/home/orangepi/AUV_ROS2/install/control_node/lib/python3.10/site-packages/control_node/control_node_flask.py
/home/orangepi/AUV_ROS2/install/control_node/lib/python3.10/site-packages/control_node/control_node.py
/home/orangepi/AUV_ROS2/install/control_node/lib/python3.10/site-packages/control_node/__init__.py
/home/orangepi/AUV_ROS2/install/control_node/lib/python3.10/site-packages/control_node/control_node 21-3-2024.py
/home/orangepi/AUV_ROS2/install/control_node/lib/python3.10/site-packages/control_node/control_node_test_only.py
/home/orangepi/AUV_ROS2/install/control_node/lib/python3.10/site-packages/control_node/submodules/auv_control_function.py
/home/orangepi/AUV_ROS2/install/control_node/lib/python3.10/site-packages/control_node/__pycache__/control_node_flask.cpython-310.pyc
/home/orangepi/AUV_ROS2/install/control_node/lib/python3.10/site-packages/control_node/__pycache__/control_node.cpython-310.pyc
/home/orangepi/AUV_ROS2/install/control_node/lib/python3.10/site-packages/control_node/__pycache__/__init__.cpython-310.pyc
/home/orangepi/AUV_ROS2/install/control_node/lib/python3.10/site-packages/control_node/__pycache__/control_node 21-3-2024.cpython-310.pyc
/home/orangepi/AUV_ROS2/install/control_node/lib/python3.10/site-packages/control_node/__pycache__/control_node_test_only.cpython-310.pyc
/home/orangepi/AUV_ROS2/install/control_node/lib/python3.10/site-packages/control_node/submodules/__pycache__/auv_control_function.cpython-310.pyc
/home/orangepi/AUV_ROS2/install/control_node/share/ament_index/resource_index/packages/control_node
/home/orangepi/AUV_ROS2/install/control_node/share/control_node/package.xml
/home/orangepi/AUV_ROS2/install/control_node/lib/python3.10/site-packages/control_node-0.0.0-py3.10.egg-info/SOURCES.txt
/home/orangepi/AUV_ROS2/install/control_node/lib/python3.10/site-packages/control_node-0.0.0-py3.10.egg-info/top_level.txt
/home/orangepi/AUV_ROS2/install/control_node/lib/python3.10/site-packages/control_node-0.0.0-py3.10.egg-info/dependency_links.txt
/home/orangepi/AUV_ROS2/install/control_node/lib/python3.10/site-packages/control_node-0.0.0-py3.10.egg-info/zip-safe
/home/orangepi/AUV_ROS2/install/control_node/lib/python3.10/site-packages/control_node-0.0.0-py3.10.egg-info/entry_points.txt
/home/orangepi/AUV_ROS2/install/control_node/lib/python3.10/site-packages/control_node-0.0.0-py3.10.egg-info/requires.txt
/home/orangepi/AUV_ROS2/install/control_node/lib/python3.10/site-packages/control_node-0.0.0-py3.10.egg-info/PKG-INFO
/home/orangepi/AUV_ROS2/install/control_node/lib/control_node/control_node
