[5.696s] Invoking command in '/home/orangepi/AUV_ROS2/src/task2_node': PYTHONPATH=/home/orangepi/AUV_ROS2/build/task2_node/prefix_override:/home/orangepi/AUV_ROS2/install/task2_node/lib/python3.10/site-packages:${PYTHONPATH} /usr/bin/python3 setup.py egg_info --egg-base ../../build/task2_node build --build-base /home/orangepi/AUV_ROS2/build/task2_node/build install --record /home/orangepi/AUV_ROS2/build/task2_node/install.log --single-version-externally-managed
[6.196s] running egg_info
[6.197s] writing ../../build/task2_node/task2_node.egg-info/PKG-INFO
[6.198s] writing dependency_links to ../../build/task2_node/task2_node.egg-info/dependency_links.txt
[6.198s] writing entry points to ../../build/task2_node/task2_node.egg-info/entry_points.txt
[6.199s] writing requirements to ../../build/task2_node/task2_node.egg-info/requires.txt
[6.199s] writing top-level names to ../../build/task2_node/task2_node.egg-info/top_level.txt
[6.201s] reading manifest file '../../build/task2_node/task2_node.egg-info/SOURCES.txt'
[6.202s] adding license file 'LICENSE'
[6.203s] writing manifest file '../../build/task2_node/task2_node.egg-info/SOURCES.txt'
[6.203s] running build
[6.203s] running build_py
[6.203s] running install
[6.204s] /usr/lib/python3/dist-packages/setuptools/command/install.py:34: SetuptoolsDeprecationWarning: setup.py install is deprecated. Use build and pip and other standards-based tools.
[6.204s]   warnings.warn(
[6.204s] running install_lib
[6.207s] running install_data
[6.208s] running install_egg_info
[6.212s] removing '/home/orangepi/AUV_ROS2/install/task2_node/lib/python3.10/site-packages/task2_node-0.0.0-py3.10.egg-info' (and everything under it)
[6.213s] Copying ../../build/task2_node/task2_node.egg-info to /home/orangepi/AUV_ROS2/install/task2_node/lib/python3.10/site-packages/task2_node-0.0.0-py3.10.egg-info
[6.214s] running install_scripts
[6.255s] Installing task2_node script to /home/orangepi/AUV_ROS2/install/task2_node/lib/task2_node
[6.256s] writing list of installed files to '/home/orangepi/AUV_ROS2/build/task2_node/install.log'
[6.344s] Invoked command in '/home/orangepi/AUV_ROS2/src/task2_node' returned '0': PYTHONPATH=/home/orangepi/AUV_ROS2/build/task2_node/prefix_override:/home/orangepi/AUV_ROS2/install/task2_node/lib/python3.10/site-packages:${PYTHONPATH} /usr/bin/python3 setup.py egg_info --egg-base ../../build/task2_node build --build-base /home/orangepi/AUV_ROS2/build/task2_node/build install --record /home/orangepi/AUV_ROS2/build/task2_node/install.log --single-version-externally-managed
