running egg_info
writing ../../build/control_node/control_node.egg-info/PKG-INFO
writing dependency_links to ../../build/control_node/control_node.egg-info/dependency_links.txt
writing entry points to ../../build/control_node/control_node.egg-info/entry_points.txt
writing requirements to ../../build/control_node/control_node.egg-info/requires.txt
writing top-level names to ../../build/control_node/control_node.egg-info/top_level.txt
reading manifest file '../../build/control_node/control_node.egg-info/SOURCES.txt'
adding license file 'LICENSE'
writing manifest file '../../build/control_node/control_node.egg-info/SOURCES.txt'
running build
running build_py
copying control_node/auv.py -> /home/orangepi/AUV_ROS2/build/control_node/build/lib/control_node
running install
/usr/lib/python3/dist-packages/setuptools/command/install.py:34: SetuptoolsDeprecationWarning: setup.py install is deprecated. Use build and pip and other standards-based tools.
  warnings.warn(
running install_lib
copying /home/orangepi/AUV_ROS2/build/control_node/build/lib/control_node/auv.py -> /home/orangepi/AUV_ROS2/install/control_node/lib/python3.10/site-packages/control_node
byte-compiling /home/orangepi/AUV_ROS2/install/control_node/lib/python3.10/site-packages/control_node/auv.py to auv.cpython-310.pyc
/home/orangepi/AUV_ROS2/install/control_node/lib/python3.10/site-packages/control_node/auv.py:73: SyntaxWarning: "is" with a literal. Did you mean "=="?
  if thruster is "left":
/home/orangepi/AUV_ROS2/install/control_node/lib/python3.10/site-packages/control_node/auv.py:75: SyntaxWarning: "is" with a literal. Did you mean "=="?
  elif thruster is "right":
/home/orangepi/AUV_ROS2/install/control_node/lib/python3.10/site-packages/control_node/auv.py:77: SyntaxWarning: "is" with a literal. Did you mean "=="?
  elif thruster is "all":
/home/orangepi/AUV_ROS2/install/control_node/lib/python3.10/site-packages/control_node/auv.py:92: SyntaxWarning: "is" with a literal. Did you mean "=="?
  if type is "all":
/home/orangepi/AUV_ROS2/install/control_node/lib/python3.10/site-packages/control_node/auv.py:110: SyntaxWarning: "is" with a literal. Did you mean "=="?
  elif type is "left" or type is "right":
/home/orangepi/AUV_ROS2/install/control_node/lib/python3.10/site-packages/control_node/auv.py:110: SyntaxWarning: "is" with a literal. Did you mean "=="?
  elif type is "left" or type is "right":
/home/orangepi/AUV_ROS2/install/control_node/lib/python3.10/site-packages/control_node/auv.py:129: SyntaxWarning: "is" with a literal. Did you mean "=="?
  elif type is "water_pump":
/home/orangepi/AUV_ROS2/install/control_node/lib/python3.10/site-packages/control_node/auv.py:170: SyntaxWarning: "is not" with a literal. Did you mean "!="?
  if t is not 0:
running install_data
running install_egg_info
removing '/home/orangepi/AUV_ROS2/install/control_node/lib/python3.10/site-packages/control_node-0.0.0-py3.10.egg-info' (and everything under it)
Copying ../../build/control_node/control_node.egg-info to /home/orangepi/AUV_ROS2/install/control_node/lib/python3.10/site-packages/control_node-0.0.0-py3.10.egg-info
running install_scripts
Installing control_node script to /home/orangepi/AUV_ROS2/install/control_node/lib/control_node
writing list of installed files to '/home/orangepi/AUV_ROS2/build/control_node/install.log'
