[3.841s] Invoking command in '/home/orangepi/AUV_ROS2/src/master_node': PYTHONPATH=/home/orangepi/AUV_ROS2/build/master_node/prefix_override:/home/orangepi/AUV_ROS2/install/master_node/lib/python3.10/site-packages:${PYTHONPATH} /usr/bin/python3 -W ignore:setup.py install is deprecated setup.py egg_info --egg-base ../../build/master_node build --build-base /home/orangepi/AUV_ROS2/build/master_node/build install --record /home/orangepi/AUV_ROS2/build/master_node/install.log --single-version-externally-managed install_data
[4.223s] running egg_info
[4.223s] writing ../../build/master_node/master_node.egg-info/PKG-INFO
[4.223s] writing dependency_links to ../../build/master_node/master_node.egg-info/dependency_links.txt
[4.223s] writing entry points to ../../build/master_node/master_node.egg-info/entry_points.txt
[4.223s] writing requirements to ../../build/master_node/master_node.egg-info/requires.txt
[4.224s] writing top-level names to ../../build/master_node/master_node.egg-info/top_level.txt
[4.241s] reading manifest file '../../build/master_node/master_node.egg-info/SOURCES.txt'
[4.241s] adding license file 'LICENSE'
[4.243s] writing manifest file '../../build/master_node/master_node.egg-info/SOURCES.txt'
[4.243s] running build
[4.244s] running build_py
[4.245s] running install
[4.246s] running install_lib
[4.254s] running install_data
[4.254s] running install_egg_info
[4.259s] removing '/home/orangepi/AUV_ROS2/install/master_node/lib/python3.10/site-packages/master_node-0.0.0-py3.10.egg-info' (and everything under it)
[4.264s] Copying ../../build/master_node/master_node.egg-info to /home/orangepi/AUV_ROS2/install/master_node/lib/python3.10/site-packages/master_node-0.0.0-py3.10.egg-info
[4.265s] running install_scripts
[4.305s] Installing master_node script to /home/orangepi/AUV_ROS2/install/master_node/lib/master_node
[4.306s] writing list of installed files to '/home/orangepi/AUV_ROS2/build/master_node/install.log'
[4.765s] Invoked command in '/home/orangepi/AUV_ROS2/src/master_node' returned '0': PYTHONPATH=/home/orangepi/AUV_ROS2/build/master_node/prefix_override:/home/orangepi/AUV_ROS2/install/master_node/lib/python3.10/site-packages:${PYTHONPATH} /usr/bin/python3 -W ignore:setup.py install is deprecated setup.py egg_info --egg-base ../../build/master_node build --build-base /home/orangepi/AUV_ROS2/build/master_node/build install --record /home/orangepi/AUV_ROS2/build/master_node/install.log --single-version-externally-managed install_data
