[4.307s] Invoking command in '/home/orangepi/AUV_ROS2/src/remote_node': PYTHONPATH=/home/orangepi/AUV_ROS2/build/remote_node/prefix_override:/home/orangepi/AUV_ROS2/install/remote_node/lib/python3.10/site-packages:${PYTHONPATH} /usr/bin/python3 setup.py egg_info --egg-base ../../build/remote_node build --build-base /home/orangepi/AUV_ROS2/build/remote_node/build install --record /home/orangepi/AUV_ROS2/build/remote_node/install.log --single-version-externally-managed
[4.859s] running egg_info
[4.860s] writing ../../build/remote_node/remote_node.egg-info/PKG-INFO
[4.861s] writing dependency_links to ../../build/remote_node/remote_node.egg-info/dependency_links.txt
[4.861s] writing entry points to ../../build/remote_node/remote_node.egg-info/entry_points.txt
[4.862s] writing requirements to ../../build/remote_node/remote_node.egg-info/requires.txt
[4.862s] writing top-level names to ../../build/remote_node/remote_node.egg-info/top_level.txt
[4.864s] reading manifest file '../../build/remote_node/remote_node.egg-info/SOURCES.txt'
[4.866s] writing manifest file '../../build/remote_node/remote_node.egg-info/SOURCES.txt'
[4.866s] running build
[4.867s] running build_py
[4.867s] running install
[4.868s] /usr/lib/python3/dist-packages/setuptools/command/install.py:34: SetuptoolsDeprecationWarning: setup.py install is deprecated. Use build and pip and other standards-based tools.
[4.868s]   warnings.warn(
[4.869s] running install_lib
[4.869s] running install_data
[4.870s] running install_egg_info
[4.873s] removing '/home/orangepi/AUV_ROS2/install/remote_node/lib/python3.10/site-packages/remote_node-0.0.0-py3.10.egg-info' (and everything under it)
[4.873s] Copying ../../build/remote_node/remote_node.egg-info to /home/orangepi/AUV_ROS2/install/remote_node/lib/python3.10/site-packages/remote_node-0.0.0-py3.10.egg-info
[4.874s] running install_scripts
[4.912s] writing list of installed files to '/home/orangepi/AUV_ROS2/build/remote_node/install.log'
[5.075s] Invoked command in '/home/orangepi/AUV_ROS2/src/remote_node' returned '0': PYTHONPATH=/home/orangepi/AUV_ROS2/build/remote_node/prefix_override:/home/orangepi/AUV_ROS2/install/remote_node/lib/python3.10/site-packages:${PYTHONPATH} /usr/bin/python3 setup.py egg_info --egg-base ../../build/remote_node build --build-base /home/orangepi/AUV_ROS2/build/remote_node/build install --record /home/orangepi/AUV_ROS2/build/remote_node/install.log --single-version-externally-managed
