[7.584s] Invoking command in '/home/orangepi/AUV_ROS2/src/facer_input': PYTHONPATH=/home/orangepi/AUV_ROS2/build/facer_input/prefix_override:/home/orangepi/AUV_ROS2/install/facer_input/lib/python3.10/site-packages:${PYTHONPATH} /usr/bin/python3 setup.py egg_info --egg-base ../../build/facer_input build --build-base /home/orangepi/AUV_ROS2/build/facer_input/build install --record /home/orangepi/AUV_ROS2/build/facer_input/install.log --single-version-externally-managed
[9.090s] running egg_info
[9.092s] writing ../../build/facer_input/facer_input.egg-info/PKG-INFO
[9.093s] writing dependency_links to ../../build/facer_input/facer_input.egg-info/dependency_links.txt
[9.093s] writing entry points to ../../build/facer_input/facer_input.egg-info/entry_points.txt
[9.093s] writing requirements to ../../build/facer_input/facer_input.egg-info/requires.txt
[9.093s] writing top-level names to ../../build/facer_input/facer_input.egg-info/top_level.txt
[9.097s] reading manifest file '../../build/facer_input/facer_input.egg-info/SOURCES.txt'
[9.099s] writing manifest file '../../build/facer_input/facer_input.egg-info/SOURCES.txt'
[9.100s] running build
[9.100s] running build_py
[9.100s] running install
[9.100s] running install_lib
[9.101s] /usr/lib/python3/dist-packages/setuptools/command/install.py:34: SetuptoolsDeprecationWarning: setup.py install is deprecated. Use build and pip and other standards-based tools.
[9.101s]   warnings.warn(
[9.102s] running install_data
[9.103s] running install_egg_info
[9.106s] removing '/home/orangepi/AUV_ROS2/install/facer_input/lib/python3.10/site-packages/facer_input-0.0.0-py3.10.egg-info' (and everything under it)
[9.106s] Copying ../../build/facer_input/facer_input.egg-info to /home/orangepi/AUV_ROS2/install/facer_input/lib/python3.10/site-packages/facer_input-0.0.0-py3.10.egg-info
[9.107s] running install_scripts
[9.148s] Installing capture_image script to /home/orangepi/AUV_ROS2/install/facer_input/lib/facer_input
[9.148s] writing list of installed files to '/home/orangepi/AUV_ROS2/build/facer_input/install.log'
[9.407s] Invoked command in '/home/orangepi/AUV_ROS2/src/facer_input' returned '0': PYTHONPATH=/home/orangepi/AUV_ROS2/build/facer_input/prefix_override:/home/orangepi/AUV_ROS2/install/facer_input/lib/python3.10/site-packages:${PYTHONPATH} /usr/bin/python3 setup.py egg_info --egg-base ../../build/facer_input build --build-base /home/orangepi/AUV_ROS2/build/facer_input/build install --record /home/orangepi/AUV_ROS2/build/facer_input/install.log --single-version-externally-managed
