[4.372s] Invoking command in '/home/orangepi/AUV_ROS2/src/task2_node': PYTHONPATH=/home/orangepi/AUV_ROS2/build/task2_node/prefix_override:/home/orangepi/AUV_ROS2/install/task2_node/lib/python3.10/site-packages:${PYTHONPATH} /usr/bin/python3 setup.py egg_info --egg-base ../../build/task2_node build --build-base /home/orangepi/AUV_ROS2/build/task2_node/build install --record /home/orangepi/AUV_ROS2/build/task2_node/install.log --single-version-externally-managed
[5.253s] running egg_info
[5.256s] writing ../../build/task2_node/task2_node.egg-info/PKG-INFO
[5.258s] writing dependency_links to ../../build/task2_node/task2_node.egg-info/dependency_links.txt
[5.261s] writing entry points to ../../build/task2_node/task2_node.egg-info/entry_points.txt
[5.262s] writing requirements to ../../build/task2_node/task2_node.egg-info/requires.txt
[5.273s] writing top-level names to ../../build/task2_node/task2_node.egg-info/top_level.txt
[5.275s] reading manifest file '../../build/task2_node/task2_node.egg-info/SOURCES.txt'
[5.278s] adding license file 'LICENSE'
[5.283s] writing manifest file '../../build/task2_node/task2_node.egg-info/SOURCES.txt'
[5.287s] running build
[5.290s] running build_py
[5.290s] running install
[5.291s] /usr/lib/python3/dist-packages/setuptools/command/install.py:34: SetuptoolsDeprecationWarning: setup.py install is deprecated. Use build and pip and other standards-based tools.
[5.291s]   warnings.warn(
[5.292s] running install_lib
[5.292s] running install_data
[5.293s] running install_egg_info
[5.294s] removing '/home/orangepi/AUV_ROS2/install/task2_node/lib/python3.10/site-packages/task2_node-0.0.0-py3.10.egg-info' (and everything under it)
[5.294s] Copying ../../build/task2_node/task2_node.egg-info to /home/orangepi/AUV_ROS2/install/task2_node/lib/python3.10/site-packages/task2_node-0.0.0-py3.10.egg-info
[5.295s] running install_scripts
[5.356s] Installing task2_node script to /home/orangepi/AUV_ROS2/install/task2_node/lib/task2_node
[5.363s] writing list of installed files to '/home/orangepi/AUV_ROS2/build/task2_node/install.log'
[5.600s] Invoked command in '/home/orangepi/AUV_ROS2/src/task2_node' returned '0': PYTHONPATH=/home/orangepi/AUV_ROS2/build/task2_node/prefix_override:/home/orangepi/AUV_ROS2/install/task2_node/lib/python3.10/site-packages:${PYTHONPATH} /usr/bin/python3 setup.py egg_info --egg-base ../../build/task2_node build --build-base /home/orangepi/AUV_ROS2/build/task2_node/build install --record /home/orangepi/AUV_ROS2/build/task2_node/install.log --single-version-externally-managed
