[4.414s] Invoking command in '/home/orangepi/AUV_ROS2/src/task1_node': PYTHONPATH=/home/orangepi/AUV_ROS2/build/task1_node/prefix_override:/home/orangepi/AUV_ROS2/install/task1_node/lib/python3.10/site-packages:${PYTHONPATH} /usr/bin/python3 setup.py egg_info --egg-base ../../build/task1_node build --build-base /home/orangepi/AUV_ROS2/build/task1_node/build install --record /home/orangepi/AUV_ROS2/build/task1_node/install.log --single-version-externally-managed
[4.804s] running egg_info
[4.807s] writing ../../build/task1_node/task1_node.egg-info/PKG-INFO
[4.808s] writing dependency_links to ../../build/task1_node/task1_node.egg-info/dependency_links.txt
[4.810s] writing entry points to ../../build/task1_node/task1_node.egg-info/entry_points.txt
[4.810s] writing requirements to ../../build/task1_node/task1_node.egg-info/requires.txt
[4.811s] writing top-level names to ../../build/task1_node/task1_node.egg-info/top_level.txt
[4.817s] reading manifest file '../../build/task1_node/task1_node.egg-info/SOURCES.txt'
[4.818s] adding license file 'LICENSE'
[4.822s] writing manifest file '../../build/task1_node/task1_node.egg-info/SOURCES.txt'
[4.822s] running build
[4.822s] running build_py
[4.823s] running install
[4.823s] /usr/lib/python3/dist-packages/setuptools/command/install.py:34: SetuptoolsDeprecationWarning: setup.py install is deprecated. Use build and pip and other standards-based tools.
[4.823s]   warnings.warn(
[4.823s] running install_lib
[4.825s] running install_data
[4.832s] running install_egg_info
[4.841s] removing '/home/orangepi/AUV_ROS2/install/task1_node/lib/python3.10/site-packages/task1_node-0.0.0-py3.10.egg-info' (and everything under it)
[4.842s] Copying ../../build/task1_node/task1_node.egg-info to /home/orangepi/AUV_ROS2/install/task1_node/lib/python3.10/site-packages/task1_node-0.0.0-py3.10.egg-info
[4.843s] running install_scripts
[4.952s] Installing task1_node script to /home/orangepi/AUV_ROS2/install/task1_node/lib/task1_node
[4.952s] writing list of installed files to '/home/orangepi/AUV_ROS2/build/task1_node/install.log'
[5.365s] Invoked command in '/home/orangepi/AUV_ROS2/src/task1_node' returned '0': PYTHONPATH=/home/orangepi/AUV_ROS2/build/task1_node/prefix_override:/home/orangepi/AUV_ROS2/install/task1_node/lib/python3.10/site-packages:${PYTHONPATH} /usr/bin/python3 setup.py egg_info --egg-base ../../build/task1_node build --build-base /home/orangepi/AUV_ROS2/build/task1_node/build install --record /home/orangepi/AUV_ROS2/build/task1_node/install.log --single-version-externally-managed
