[5.975s] Invoking command in '/home/orangepi/AUV_ROS2/src/remote_node': PYTHONPATH=/home/orangepi/AUV_ROS2/build/remote_node/prefix_override:/home/orangepi/AUV_ROS2/install/remote_node/lib/python3.10/site-packages:${PYTHONPATH} /usr/bin/python3 setup.py egg_info --egg-base ../../build/remote_node build --build-base /home/orangepi/AUV_ROS2/build/remote_node/build install --record /home/orangepi/AUV_ROS2/build/remote_node/install.log --single-version-externally-managed
[6.331s] running egg_info
[6.332s] writing ../../build/remote_node/remote_node.egg-info/PKG-INFO
[6.332s] writing dependency_links to ../../build/remote_node/remote_node.egg-info/dependency_links.txt
[6.333s] writing entry points to ../../build/remote_node/remote_node.egg-info/entry_points.txt
[6.334s] writing requirements to ../../build/remote_node/remote_node.egg-info/requires.txt
[6.334s] writing top-level names to ../../build/remote_node/remote_node.egg-info/top_level.txt
[6.336s] reading manifest file '../../build/remote_node/remote_node.egg-info/SOURCES.txt'
[6.337s] writing manifest file '../../build/remote_node/remote_node.egg-info/SOURCES.txt'
[6.338s] running build
[6.338s] running build_py
[6.339s] running install
[6.339s] /usr/lib/python3/dist-packages/setuptools/command/install.py:34: SetuptoolsDeprecationWarning: setup.py install is deprecated. Use build and pip and other standards-based tools.
[6.340s]   warnings.warn(
[6.340s] running install_lib
[6.341s] running install_data
[6.342s] running install_egg_info
[6.344s] removing '/home/orangepi/AUV_ROS2/install/remote_node/lib/python3.10/site-packages/remote_node-0.0.0-py3.10.egg-info' (and everything under it)
[6.347s] Copying ../../build/remote_node/remote_node.egg-info to /home/orangepi/AUV_ROS2/install/remote_node/lib/python3.10/site-packages/remote_node-0.0.0-py3.10.egg-info
[6.347s] running install_scripts
[6.384s] writing list of installed files to '/home/orangepi/AUV_ROS2/build/remote_node/install.log'
[6.580s] Invoked command in '/home/orangepi/AUV_ROS2/src/remote_node' returned '0': PYTHONPATH=/home/orangepi/AUV_ROS2/build/remote_node/prefix_override:/home/orangepi/AUV_ROS2/install/remote_node/lib/python3.10/site-packages:${PYTHONPATH} /usr/bin/python3 setup.py egg_info --egg-base ../../build/remote_node build --build-base /home/orangepi/AUV_ROS2/build/remote_node/build install --record /home/orangepi/AUV_ROS2/build/remote_node/install.log --single-version-externally-managed
