[6.795s] Invoking command in '/home/orangepi/AUV_ROS2/src/master_node': PYTHONPATH=/home/orangepi/AUV_ROS2/build/master_node/prefix_override:/home/orangepi/AUV_ROS2/install/master_node/lib/python3.10/site-packages:${PYTHONPATH} /usr/bin/python3 setup.py egg_info --egg-base ../../build/master_node build --build-base /home/orangepi/AUV_ROS2/build/master_node/build install --record /home/orangepi/AUV_ROS2/build/master_node/install.log --single-version-externally-managed
[7.346s] running egg_info
[7.346s] writing ../../build/master_node/master_node.egg-info/PKG-INFO
[7.347s] writing dependency_links to ../../build/master_node/master_node.egg-info/dependency_links.txt
[7.348s] writing entry points to ../../build/master_node/master_node.egg-info/entry_points.txt
[7.349s] writing requirements to ../../build/master_node/master_node.egg-info/requires.txt
[7.349s] writing top-level names to ../../build/master_node/master_node.egg-info/top_level.txt
[7.349s] reading manifest file '../../build/master_node/master_node.egg-info/SOURCES.txt'
[7.350s] adding license file 'LICENSE'
[7.351s] writing manifest file '../../build/master_node/master_node.egg-info/SOURCES.txt'
[7.352s] running build
[7.353s] running build_py
[7.355s] running install
[7.355s] running install_lib
[7.356s] running install_data
[7.357s] running install_egg_info
[7.358s] removing '/home/orangepi/AUV_ROS2/install/master_node/lib/python3.10/site-packages/master_node-0.0.0-py3.10.egg-info' (and everything under it)
[7.359s] Copying ../../build/master_node/master_node.egg-info to /home/orangepi/AUV_ROS2/install/master_node/lib/python3.10/site-packages/master_node-0.0.0-py3.10.egg-info
[7.360s] running install_scripts
[7.362s] Installing master_node script to /home/orangepi/AUV_ROS2/install/master_node/lib/master_node
[7.363s] writing list of installed files to '/home/orangepi/AUV_ROS2/build/master_node/install.log'
[7.365s] /usr/lib/python3/dist-packages/setuptools/command/install.py:34: SetuptoolsDeprecationWarning: setup.py install is deprecated. Use build and pip and other standards-based tools.
[7.366s]   warnings.warn(
[8.727s] Invoked command in '/home/orangepi/AUV_ROS2/src/master_node' returned '0': PYTHONPATH=/home/orangepi/AUV_ROS2/build/master_node/prefix_override:/home/orangepi/AUV_ROS2/install/master_node/lib/python3.10/site-packages:${PYTHONPATH} /usr/bin/python3 setup.py egg_info --egg-base ../../build/master_node build --build-base /home/orangepi/AUV_ROS2/build/master_node/build install --record /home/orangepi/AUV_ROS2/build/master_node/install.log --single-version-externally-managed
