running egg_info
creating ../../build/q_gate_detection/q_gate_detection.egg-info
writing ../../build/q_gate_detection/q_gate_detection.egg-info/PKG-INFO
writing dependency_links to ../../build/q_gate_detection/q_gate_detection.egg-info/dependency_links.txt
writing entry points to ../../build/q_gate_detection/q_gate_detection.egg-info/entry_points.txt
writing requirements to ../../build/q_gate_detection/q_gate_detection.egg-info/requires.txt
writing top-level names to ../../build/q_gate_detection/q_gate_detection.egg-info/top_level.txt
writing manifest file '../../build/q_gate_detection/q_gate_detection.egg-info/SOURCES.txt'
reading manifest file '../../build/q_gate_detection/q_gate_detection.egg-info/SOURCES.txt'
writing manifest file '../../build/q_gate_detection/q_gate_detection.egg-info/SOURCES.txt'
running build
running build_py
creating /home/orangepi/AUV_ROS2/build/q_gate_detection/build
creating /home/orangepi/AUV_ROS2/build/q_gate_detection/build/lib
creating /home/orangepi/AUV_ROS2/build/q_gate_detection/build/lib/q_gate_detection
copying q_gate_detection/q_gate_detect_functions.py -> /home/orangepi/AUV_ROS2/build/q_gate_detection/build/lib/q_gate_detection
copying q_gate_detection/__init__.py -> /home/orangepi/AUV_ROS2/build/q_gate_detection/build/lib/q_gate_detection
copying q_gate_detection/q_gate_detect.py -> /home/orangepi/AUV_ROS2/build/q_gate_detection/build/lib/q_gate_detection
running install
/usr/lib/python3/dist-packages/setuptools/command/install.py:34: SetuptoolsDeprecationWarning: setup.py install is deprecated. Use build and pip and other standards-based tools.
  warnings.warn(
running install_lib
creating /home/orangepi/AUV_ROS2/install/q_gate_detection/lib/python3.10/site-packages/q_gate_detection
copying /home/orangepi/AUV_ROS2/build/q_gate_detection/build/lib/q_gate_detection/q_gate_detect_functions.py -> /home/orangepi/AUV_ROS2/install/q_gate_detection/lib/python3.10/site-packages/q_gate_detection
copying /home/orangepi/AUV_ROS2/build/q_gate_detection/build/lib/q_gate_detection/__init__.py -> /home/orangepi/AUV_ROS2/install/q_gate_detection/lib/python3.10/site-packages/q_gate_detection
copying /home/orangepi/AUV_ROS2/build/q_gate_detection/build/lib/q_gate_detection/q_gate_detect.py -> /home/orangepi/AUV_ROS2/install/q_gate_detection/lib/python3.10/site-packages/q_gate_detection
byte-compiling /home/orangepi/AUV_ROS2/install/q_gate_detection/lib/python3.10/site-packages/q_gate_detection/q_gate_detect_functions.py to q_gate_detect_functions.cpython-310.pyc
byte-compiling /home/orangepi/AUV_ROS2/install/q_gate_detection/lib/python3.10/site-packages/q_gate_detection/__init__.py to __init__.cpython-310.pyc
byte-compiling /home/orangepi/AUV_ROS2/install/q_gate_detection/lib/python3.10/site-packages/q_gate_detection/q_gate_detect.py to q_gate_detect.cpython-310.pyc
running install_data
creating /home/orangepi/AUV_ROS2/install/q_gate_detection/share/ament_index
creating /home/orangepi/AUV_ROS2/install/q_gate_detection/share/ament_index/resource_index
creating /home/orangepi/AUV_ROS2/install/q_gate_detection/share/ament_index/resource_index/packages
copying resource/q_gate_detection -> /home/orangepi/AUV_ROS2/install/q_gate_detection/share/ament_index/resource_index/packages
copying package.xml -> /home/orangepi/AUV_ROS2/install/q_gate_detection/share/q_gate_detection
running install_egg_info
Copying ../../build/q_gate_detection/q_gate_detection.egg-info to /home/orangepi/AUV_ROS2/install/q_gate_detection/lib/python3.10/site-packages/q_gate_detection-0.0.0-py3.10.egg-info
running install_scripts
Installing q_gate_detect script to /home/orangepi/AUV_ROS2/install/q_gate_detection/lib/q_gate_detection
writing list of installed files to '/home/orangepi/AUV_ROS2/build/q_gate_detection/install.log'
